[2024-10-06T02:37:33.366+0000] {processor.py:186} INFO - Started process (PID=32) to work on /opt/airflow/dags/crawl_to_kafka.py
[2024-10-06T02:37:33.368+0000] {processor.py:914} INFO - Processing file /opt/airflow/dags/crawl_to_kafka.py for tasks to queue
[2024-10-06T02:37:33.372+0000] {logging_mixin.py:190} INFO - [2024-10-06T02:37:33.372+0000] {dagbag.py:588} INFO - Filling up the DagBag from /opt/airflow/dags/crawl_to_kafka.py
[2024-10-06T02:37:35.881+0000] {processor.py:925} INFO - DAG(s) 'crawl_to_kafka' retrieved from /opt/airflow/dags/crawl_to_kafka.py
[2024-10-06T02:37:36.248+0000] {logging_mixin.py:190} WARNING - [2024-10-06 02:37:36] - airflow.models.dag - INFO      - bulk_write_to_db - line 3239 - Sync 1 DAGs
[2024-10-06T02:37:36.310+0000] {logging_mixin.py:190} WARNING - [2024-10-06 02:37:36] - airflow.models.dag - INFO      - calculate_dagrun_date_fields - line 4180 - Setting next_dagrun for crawl_to_kafka to 2024-10-05 00:00:00+00:00, run_after=2024-10-06 00:00:00+00:00
[2024-10-06T02:37:36.362+0000] {processor.py:208} INFO - Processing /opt/airflow/dags/crawl_to_kafka.py took 3.011 seconds
[2024-10-06T02:38:06.669+0000] {processor.py:186} INFO - Started process (PID=44) to work on /opt/airflow/dags/crawl_to_kafka.py
[2024-10-06T02:38:06.671+0000] {processor.py:914} INFO - Processing file /opt/airflow/dags/crawl_to_kafka.py for tasks to queue
[2024-10-06T02:38:06.678+0000] {logging_mixin.py:190} INFO - [2024-10-06T02:38:06.677+0000] {dagbag.py:588} INFO - Filling up the DagBag from /opt/airflow/dags/crawl_to_kafka.py
[2024-10-06T02:38:07.574+0000] {processor.py:925} INFO - DAG(s) 'crawl_to_kafka' retrieved from /opt/airflow/dags/crawl_to_kafka.py
[2024-10-06T02:38:07.608+0000] {logging_mixin.py:190} WARNING - [2024-10-06 02:38:07] - airflow.models.dag - INFO      - bulk_write_to_db - line 3239 - Sync 1 DAGs
[2024-10-06T02:38:07.641+0000] {logging_mixin.py:190} WARNING - [2024-10-06 02:38:07] - airflow.models.dag - INFO      - calculate_dagrun_date_fields - line 4180 - Setting next_dagrun for crawl_to_kafka to 2024-10-05 00:00:00+00:00, run_after=2024-10-06 00:00:00+00:00
[2024-10-06T02:38:07.663+0000] {processor.py:208} INFO - Processing /opt/airflow/dags/crawl_to_kafka.py took 1.015 seconds
[2024-10-06T02:38:38.151+0000] {processor.py:186} INFO - Started process (PID=63) to work on /opt/airflow/dags/crawl_to_kafka.py
[2024-10-06T02:38:38.153+0000] {processor.py:914} INFO - Processing file /opt/airflow/dags/crawl_to_kafka.py for tasks to queue
[2024-10-06T02:38:38.156+0000] {logging_mixin.py:190} INFO - [2024-10-06T02:38:38.155+0000] {dagbag.py:588} INFO - Filling up the DagBag from /opt/airflow/dags/crawl_to_kafka.py
[2024-10-06T02:38:38.881+0000] {processor.py:925} INFO - DAG(s) 'crawl_to_kafka' retrieved from /opt/airflow/dags/crawl_to_kafka.py
[2024-10-06T02:38:38.919+0000] {logging_mixin.py:190} WARNING - [2024-10-06 02:38:38] - airflow.models.dag - INFO      - bulk_write_to_db - line 3239 - Sync 1 DAGs
[2024-10-06T02:38:38.944+0000] {logging_mixin.py:190} WARNING - [2024-10-06 02:38:38] - airflow.models.dag - INFO      - calculate_dagrun_date_fields - line 4180 - Setting next_dagrun for crawl_to_kafka to 2024-10-05 00:00:00+00:00, run_after=2024-10-06 00:00:00+00:00
[2024-10-06T02:38:38.969+0000] {processor.py:208} INFO - Processing /opt/airflow/dags/crawl_to_kafka.py took 0.828 seconds
[2024-10-06T02:39:09.467+0000] {processor.py:186} INFO - Started process (PID=75) to work on /opt/airflow/dags/crawl_to_kafka.py
[2024-10-06T02:39:09.469+0000] {processor.py:914} INFO - Processing file /opt/airflow/dags/crawl_to_kafka.py for tasks to queue
[2024-10-06T02:39:09.473+0000] {logging_mixin.py:190} INFO - [2024-10-06T02:39:09.472+0000] {dagbag.py:588} INFO - Filling up the DagBag from /opt/airflow/dags/crawl_to_kafka.py
[2024-10-06T02:39:10.256+0000] {processor.py:925} INFO - DAG(s) 'crawl_to_kafka' retrieved from /opt/airflow/dags/crawl_to_kafka.py
[2024-10-06T02:39:10.290+0000] {logging_mixin.py:190} WARNING - [2024-10-06 02:39:10] - airflow.models.dag - INFO      - bulk_write_to_db - line 3239 - Sync 1 DAGs
[2024-10-06T02:39:10.316+0000] {logging_mixin.py:190} WARNING - [2024-10-06 02:39:10] - airflow.models.dag - INFO      - calculate_dagrun_date_fields - line 4180 - Setting next_dagrun for crawl_to_kafka to 2024-10-05 00:00:00+00:00, run_after=2024-10-06 00:00:00+00:00
[2024-10-06T02:39:10.336+0000] {processor.py:208} INFO - Processing /opt/airflow/dags/crawl_to_kafka.py took 0.878 seconds
[2024-10-06T02:39:41.031+0000] {processor.py:186} INFO - Started process (PID=87) to work on /opt/airflow/dags/crawl_to_kafka.py
[2024-10-06T02:39:41.033+0000] {processor.py:914} INFO - Processing file /opt/airflow/dags/crawl_to_kafka.py for tasks to queue
[2024-10-06T02:39:41.037+0000] {logging_mixin.py:190} INFO - [2024-10-06T02:39:41.036+0000] {dagbag.py:588} INFO - Filling up the DagBag from /opt/airflow/dags/crawl_to_kafka.py
[2024-10-06T02:39:41.800+0000] {processor.py:925} INFO - DAG(s) 'crawl_to_kafka' retrieved from /opt/airflow/dags/crawl_to_kafka.py
[2024-10-06T02:39:41.833+0000] {logging_mixin.py:190} WARNING - [2024-10-06 02:39:41] - airflow.models.dag - INFO      - bulk_write_to_db - line 3239 - Sync 1 DAGs
[2024-10-06T02:39:41.858+0000] {logging_mixin.py:190} WARNING - [2024-10-06 02:39:41] - airflow.models.dag - INFO      - calculate_dagrun_date_fields - line 4180 - Setting next_dagrun for crawl_to_kafka to 2024-10-05 00:00:00+00:00, run_after=2024-10-06 00:00:00+00:00
[2024-10-06T02:39:41.879+0000] {processor.py:208} INFO - Processing /opt/airflow/dags/crawl_to_kafka.py took 0.859 seconds
[2024-10-06T02:40:12.535+0000] {processor.py:186} INFO - Started process (PID=99) to work on /opt/airflow/dags/crawl_to_kafka.py
[2024-10-06T02:40:12.537+0000] {processor.py:914} INFO - Processing file /opt/airflow/dags/crawl_to_kafka.py for tasks to queue
[2024-10-06T02:40:12.546+0000] {logging_mixin.py:190} INFO - [2024-10-06T02:40:12.546+0000] {dagbag.py:588} INFO - Filling up the DagBag from /opt/airflow/dags/crawl_to_kafka.py
[2024-10-06T02:40:13.961+0000] {processor.py:925} INFO - DAG(s) 'crawl_to_kafka' retrieved from /opt/airflow/dags/crawl_to_kafka.py
[2024-10-06T02:40:14.010+0000] {logging_mixin.py:190} WARNING - [2024-10-06 02:40:14] - airflow.models.dag - INFO      - bulk_write_to_db - line 3239 - Sync 1 DAGs
[2024-10-06T02:40:14.048+0000] {logging_mixin.py:190} WARNING - [2024-10-06 02:40:14] - airflow.models.dag - INFO      - calculate_dagrun_date_fields - line 4180 - Setting next_dagrun for crawl_to_kafka to 2024-10-05 00:00:00+00:00, run_after=2024-10-06 00:00:00+00:00
[2024-10-06T02:40:14.078+0000] {processor.py:208} INFO - Processing /opt/airflow/dags/crawl_to_kafka.py took 1.585 seconds
[2024-10-06T02:40:44.935+0000] {processor.py:186} INFO - Started process (PID=111) to work on /opt/airflow/dags/crawl_to_kafka.py
[2024-10-06T02:40:44.941+0000] {processor.py:914} INFO - Processing file /opt/airflow/dags/crawl_to_kafka.py for tasks to queue
[2024-10-06T02:40:44.957+0000] {logging_mixin.py:190} INFO - [2024-10-06T02:40:44.955+0000] {dagbag.py:588} INFO - Filling up the DagBag from /opt/airflow/dags/crawl_to_kafka.py
[2024-10-06T02:40:47.200+0000] {processor.py:925} INFO - DAG(s) 'crawl_to_kafka' retrieved from /opt/airflow/dags/crawl_to_kafka.py
[2024-10-06T02:40:47.247+0000] {logging_mixin.py:190} WARNING - [2024-10-06 02:40:47] - airflow.models.dag - INFO      - bulk_write_to_db - line 3239 - Sync 1 DAGs
[2024-10-06T02:40:47.286+0000] {logging_mixin.py:190} WARNING - [2024-10-06 02:40:47] - airflow.models.dag - INFO      - calculate_dagrun_date_fields - line 4180 - Setting next_dagrun for crawl_to_kafka to 2024-10-05 00:00:00+00:00, run_after=2024-10-06 00:00:00+00:00
[2024-10-06T02:40:47.320+0000] {processor.py:208} INFO - Processing /opt/airflow/dags/crawl_to_kafka.py took 2.432 seconds
[2024-10-06T02:41:17.809+0000] {processor.py:186} INFO - Started process (PID=123) to work on /opt/airflow/dags/crawl_to_kafka.py
[2024-10-06T02:41:17.817+0000] {processor.py:914} INFO - Processing file /opt/airflow/dags/crawl_to_kafka.py for tasks to queue
[2024-10-06T02:41:17.827+0000] {logging_mixin.py:190} INFO - [2024-10-06T02:41:17.826+0000] {dagbag.py:588} INFO - Filling up the DagBag from /opt/airflow/dags/crawl_to_kafka.py
[2024-10-06T02:41:19.166+0000] {processor.py:925} INFO - DAG(s) 'crawl_to_kafka' retrieved from /opt/airflow/dags/crawl_to_kafka.py
[2024-10-06T02:41:19.289+0000] {logging_mixin.py:190} WARNING - [2024-10-06 02:41:19] - airflow.models.dag - INFO      - bulk_write_to_db - line 3239 - Sync 1 DAGs
[2024-10-06T02:41:19.353+0000] {logging_mixin.py:190} WARNING - [2024-10-06 02:41:19] - airflow.models.dag - INFO      - calculate_dagrun_date_fields - line 4180 - Setting next_dagrun for crawl_to_kafka to 2024-10-05 00:00:00+00:00, run_after=2024-10-06 00:00:00+00:00
[2024-10-06T02:41:19.420+0000] {processor.py:208} INFO - Processing /opt/airflow/dags/crawl_to_kafka.py took 1.650 seconds
[2024-10-06T02:41:49.726+0000] {processor.py:186} INFO - Started process (PID=135) to work on /opt/airflow/dags/crawl_to_kafka.py
[2024-10-06T02:41:49.728+0000] {processor.py:914} INFO - Processing file /opt/airflow/dags/crawl_to_kafka.py for tasks to queue
[2024-10-06T02:41:49.731+0000] {logging_mixin.py:190} INFO - [2024-10-06T02:41:49.731+0000] {dagbag.py:588} INFO - Filling up the DagBag from /opt/airflow/dags/crawl_to_kafka.py
[2024-10-06T02:41:50.433+0000] {processor.py:925} INFO - DAG(s) 'crawl_to_kafka' retrieved from /opt/airflow/dags/crawl_to_kafka.py
[2024-10-06T02:41:50.465+0000] {logging_mixin.py:190} WARNING - [2024-10-06 02:41:50] - airflow.models.dag - INFO      - bulk_write_to_db - line 3239 - Sync 1 DAGs
[2024-10-06T02:41:50.489+0000] {logging_mixin.py:190} WARNING - [2024-10-06 02:41:50] - airflow.models.dag - INFO      - calculate_dagrun_date_fields - line 4180 - Setting next_dagrun for crawl_to_kafka to 2024-10-05 00:00:00+00:00, run_after=2024-10-06 00:00:00+00:00
[2024-10-06T02:41:50.511+0000] {processor.py:208} INFO - Processing /opt/airflow/dags/crawl_to_kafka.py took 0.795 seconds
[2024-10-06T02:42:20.625+0000] {processor.py:186} INFO - Started process (PID=147) to work on /opt/airflow/dags/crawl_to_kafka.py
[2024-10-06T02:42:20.628+0000] {processor.py:914} INFO - Processing file /opt/airflow/dags/crawl_to_kafka.py for tasks to queue
[2024-10-06T02:42:20.632+0000] {logging_mixin.py:190} INFO - [2024-10-06T02:42:20.631+0000] {dagbag.py:588} INFO - Filling up the DagBag from /opt/airflow/dags/crawl_to_kafka.py
[2024-10-06T02:42:21.410+0000] {processor.py:925} INFO - DAG(s) 'crawl_to_kafka' retrieved from /opt/airflow/dags/crawl_to_kafka.py
[2024-10-06T02:42:21.442+0000] {logging_mixin.py:190} WARNING - [2024-10-06 02:42:21] - airflow.models.dag - INFO      - bulk_write_to_db - line 3239 - Sync 1 DAGs
[2024-10-06T02:42:21.469+0000] {logging_mixin.py:190} WARNING - [2024-10-06 02:42:21] - airflow.models.dag - INFO      - calculate_dagrun_date_fields - line 4180 - Setting next_dagrun for crawl_to_kafka to 2024-10-05 00:00:00+00:00, run_after=2024-10-06 00:00:00+00:00
[2024-10-06T02:42:21.489+0000] {processor.py:208} INFO - Processing /opt/airflow/dags/crawl_to_kafka.py took 0.877 seconds
[2024-10-06T02:42:51.765+0000] {processor.py:186} INFO - Started process (PID=159) to work on /opt/airflow/dags/crawl_to_kafka.py
[2024-10-06T02:42:51.767+0000] {processor.py:914} INFO - Processing file /opt/airflow/dags/crawl_to_kafka.py for tasks to queue
[2024-10-06T02:42:51.770+0000] {logging_mixin.py:190} INFO - [2024-10-06T02:42:51.770+0000] {dagbag.py:588} INFO - Filling up the DagBag from /opt/airflow/dags/crawl_to_kafka.py
[2024-10-06T02:42:52.483+0000] {processor.py:925} INFO - DAG(s) 'crawl_to_kafka' retrieved from /opt/airflow/dags/crawl_to_kafka.py
[2024-10-06T02:42:52.517+0000] {logging_mixin.py:190} WARNING - [2024-10-06 02:42:52] - airflow.models.dag - INFO      - bulk_write_to_db - line 3239 - Sync 1 DAGs
[2024-10-06T02:42:52.541+0000] {logging_mixin.py:190} WARNING - [2024-10-06 02:42:52] - airflow.models.dag - INFO      - calculate_dagrun_date_fields - line 4180 - Setting next_dagrun for crawl_to_kafka to 2024-10-05 00:00:00+00:00, run_after=2024-10-06 00:00:00+00:00
[2024-10-06T02:42:52.565+0000] {processor.py:208} INFO - Processing /opt/airflow/dags/crawl_to_kafka.py took 0.810 seconds
[2024-10-06T02:43:22.689+0000] {processor.py:186} INFO - Started process (PID=171) to work on /opt/airflow/dags/crawl_to_kafka.py
[2024-10-06T02:43:22.692+0000] {processor.py:914} INFO - Processing file /opt/airflow/dags/crawl_to_kafka.py for tasks to queue
[2024-10-06T02:43:22.696+0000] {logging_mixin.py:190} INFO - [2024-10-06T02:43:22.696+0000] {dagbag.py:588} INFO - Filling up the DagBag from /opt/airflow/dags/crawl_to_kafka.py
[2024-10-06T02:43:23.478+0000] {processor.py:925} INFO - DAG(s) 'crawl_to_kafka' retrieved from /opt/airflow/dags/crawl_to_kafka.py
[2024-10-06T02:43:23.510+0000] {logging_mixin.py:190} WARNING - [2024-10-06 02:43:23] - airflow.models.dag - INFO      - bulk_write_to_db - line 3239 - Sync 1 DAGs
[2024-10-06T02:43:23.536+0000] {logging_mixin.py:190} WARNING - [2024-10-06 02:43:23] - airflow.models.dag - INFO      - calculate_dagrun_date_fields - line 4180 - Setting next_dagrun for crawl_to_kafka to 2024-10-05 00:00:00+00:00, run_after=2024-10-06 00:00:00+00:00
[2024-10-06T02:43:23.572+0000] {processor.py:208} INFO - Processing /opt/airflow/dags/crawl_to_kafka.py took 0.897 seconds
[2024-10-06T02:43:54.052+0000] {processor.py:186} INFO - Started process (PID=183) to work on /opt/airflow/dags/crawl_to_kafka.py
[2024-10-06T02:43:54.056+0000] {processor.py:914} INFO - Processing file /opt/airflow/dags/crawl_to_kafka.py for tasks to queue
[2024-10-06T02:43:54.060+0000] {logging_mixin.py:190} INFO - [2024-10-06T02:43:54.059+0000] {dagbag.py:588} INFO - Filling up the DagBag from /opt/airflow/dags/crawl_to_kafka.py
[2024-10-06T02:43:54.789+0000] {processor.py:925} INFO - DAG(s) 'crawl_to_kafka' retrieved from /opt/airflow/dags/crawl_to_kafka.py
[2024-10-06T02:43:54.821+0000] {logging_mixin.py:190} WARNING - [2024-10-06 02:43:54] - airflow.models.dag - INFO      - bulk_write_to_db - line 3239 - Sync 1 DAGs
[2024-10-06T02:43:54.848+0000] {logging_mixin.py:190} WARNING - [2024-10-06 02:43:54] - airflow.models.dag - INFO      - calculate_dagrun_date_fields - line 4180 - Setting next_dagrun for crawl_to_kafka to 2024-10-05 00:00:00+00:00, run_after=2024-10-06 00:00:00+00:00
[2024-10-06T02:43:54.869+0000] {processor.py:208} INFO - Processing /opt/airflow/dags/crawl_to_kafka.py took 0.830 seconds
[2024-10-06T02:44:24.964+0000] {processor.py:186} INFO - Started process (PID=195) to work on /opt/airflow/dags/crawl_to_kafka.py
[2024-10-06T02:44:24.966+0000] {processor.py:914} INFO - Processing file /opt/airflow/dags/crawl_to_kafka.py for tasks to queue
[2024-10-06T02:44:24.970+0000] {logging_mixin.py:190} INFO - [2024-10-06T02:44:24.970+0000] {dagbag.py:588} INFO - Filling up the DagBag from /opt/airflow/dags/crawl_to_kafka.py
[2024-10-06T02:44:25.916+0000] {processor.py:925} INFO - DAG(s) 'crawl_to_kafka' retrieved from /opt/airflow/dags/crawl_to_kafka.py
[2024-10-06T02:44:25.949+0000] {logging_mixin.py:190} WARNING - [2024-10-06 02:44:25] - airflow.models.dag - INFO      - bulk_write_to_db - line 3239 - Sync 1 DAGs
[2024-10-06T02:44:25.974+0000] {logging_mixin.py:190} WARNING - [2024-10-06 02:44:25] - airflow.models.dag - INFO      - calculate_dagrun_date_fields - line 4180 - Setting next_dagrun for crawl_to_kafka to 2024-10-05 00:00:00+00:00, run_after=2024-10-06 00:00:00+00:00
[2024-10-06T02:44:25.996+0000] {processor.py:208} INFO - Processing /opt/airflow/dags/crawl_to_kafka.py took 1.045 seconds
[2024-10-06T02:44:56.222+0000] {processor.py:186} INFO - Started process (PID=206) to work on /opt/airflow/dags/crawl_to_kafka.py
[2024-10-06T02:44:56.233+0000] {processor.py:914} INFO - Processing file /opt/airflow/dags/crawl_to_kafka.py for tasks to queue
[2024-10-06T02:44:56.245+0000] {logging_mixin.py:190} INFO - [2024-10-06T02:44:56.245+0000] {dagbag.py:588} INFO - Filling up the DagBag from /opt/airflow/dags/crawl_to_kafka.py
[2024-10-06T02:44:59.172+0000] {processor.py:925} INFO - DAG(s) 'crawl_to_kafka' retrieved from /opt/airflow/dags/crawl_to_kafka.py
[2024-10-06T02:44:59.310+0000] {logging_mixin.py:190} WARNING - [2024-10-06 02:44:59] - airflow.models.dag - INFO      - bulk_write_to_db - line 3239 - Sync 1 DAGs
[2024-10-06T02:44:59.371+0000] {logging_mixin.py:190} WARNING - [2024-10-06 02:44:59] - airflow.models.dag - INFO      - calculate_dagrun_date_fields - line 4180 - Setting next_dagrun for crawl_to_kafka to 2024-10-05 00:00:00+00:00, run_after=2024-10-06 00:00:00+00:00
[2024-10-06T02:44:59.433+0000] {processor.py:208} INFO - Processing /opt/airflow/dags/crawl_to_kafka.py took 3.276 seconds
[2024-10-06T02:45:29.867+0000] {processor.py:186} INFO - Started process (PID=218) to work on /opt/airflow/dags/crawl_to_kafka.py
[2024-10-06T02:45:29.873+0000] {processor.py:914} INFO - Processing file /opt/airflow/dags/crawl_to_kafka.py for tasks to queue
[2024-10-06T02:45:29.880+0000] {logging_mixin.py:190} INFO - [2024-10-06T02:45:29.879+0000] {dagbag.py:588} INFO - Filling up the DagBag from /opt/airflow/dags/crawl_to_kafka.py
[2024-10-06T02:45:33.218+0000] {processor.py:925} INFO - DAG(s) 'crawl_to_kafka' retrieved from /opt/airflow/dags/crawl_to_kafka.py
[2024-10-06T02:45:33.399+0000] {logging_mixin.py:190} WARNING - [2024-10-06 02:45:33] - airflow.models.dag - INFO      - bulk_write_to_db - line 3239 - Sync 1 DAGs
[2024-10-06T02:45:33.518+0000] {logging_mixin.py:190} WARNING - [2024-10-06 02:45:33] - airflow.models.dag - INFO      - calculate_dagrun_date_fields - line 4180 - Setting next_dagrun for crawl_to_kafka to 2024-10-05 00:00:00+00:00, run_after=2024-10-06 00:00:00+00:00
[2024-10-06T02:45:33.601+0000] {processor.py:208} INFO - Processing /opt/airflow/dags/crawl_to_kafka.py took 3.755 seconds
[2024-10-06T02:46:04.077+0000] {processor.py:186} INFO - Started process (PID=230) to work on /opt/airflow/dags/crawl_to_kafka.py
[2024-10-06T02:46:04.079+0000] {processor.py:914} INFO - Processing file /opt/airflow/dags/crawl_to_kafka.py for tasks to queue
[2024-10-06T02:46:04.084+0000] {logging_mixin.py:190} INFO - [2024-10-06T02:46:04.083+0000] {dagbag.py:588} INFO - Filling up the DagBag from /opt/airflow/dags/crawl_to_kafka.py
[2024-10-06T02:46:06.282+0000] {processor.py:925} INFO - DAG(s) 'crawl_to_kafka' retrieved from /opt/airflow/dags/crawl_to_kafka.py
[2024-10-06T02:46:06.367+0000] {logging_mixin.py:190} WARNING - [2024-10-06 02:46:06] - airflow.models.dag - INFO      - bulk_write_to_db - line 3239 - Sync 1 DAGs
[2024-10-06T02:46:06.441+0000] {logging_mixin.py:190} WARNING - [2024-10-06 02:46:06] - airflow.models.dag - INFO      - calculate_dagrun_date_fields - line 4180 - Setting next_dagrun for crawl_to_kafka to 2024-10-05 00:00:00+00:00, run_after=2024-10-06 00:00:00+00:00
[2024-10-06T02:46:06.485+0000] {processor.py:208} INFO - Processing /opt/airflow/dags/crawl_to_kafka.py took 2.422 seconds
[2024-10-06T02:46:36.850+0000] {processor.py:186} INFO - Started process (PID=242) to work on /opt/airflow/dags/crawl_to_kafka.py
[2024-10-06T02:46:36.853+0000] {processor.py:914} INFO - Processing file /opt/airflow/dags/crawl_to_kafka.py for tasks to queue
[2024-10-06T02:46:36.857+0000] {logging_mixin.py:190} INFO - [2024-10-06T02:46:36.857+0000] {dagbag.py:588} INFO - Filling up the DagBag from /opt/airflow/dags/crawl_to_kafka.py
[2024-10-06T02:46:38.005+0000] {processor.py:925} INFO - DAG(s) 'crawl_to_kafka' retrieved from /opt/airflow/dags/crawl_to_kafka.py
[2024-10-06T02:46:38.055+0000] {logging_mixin.py:190} WARNING - [2024-10-06 02:46:38] - airflow.models.dag - INFO      - bulk_write_to_db - line 3239 - Sync 1 DAGs
[2024-10-06T02:46:38.088+0000] {logging_mixin.py:190} WARNING - [2024-10-06 02:46:38] - airflow.models.dag - INFO      - calculate_dagrun_date_fields - line 4180 - Setting next_dagrun for crawl_to_kafka to 2024-10-05 00:00:00+00:00, run_after=2024-10-06 00:00:00+00:00
[2024-10-06T02:46:38.108+0000] {processor.py:208} INFO - Processing /opt/airflow/dags/crawl_to_kafka.py took 1.272 seconds
[2024-10-06T02:47:08.549+0000] {processor.py:186} INFO - Started process (PID=255) to work on /opt/airflow/dags/crawl_to_kafka.py
[2024-10-06T02:47:08.551+0000] {processor.py:914} INFO - Processing file /opt/airflow/dags/crawl_to_kafka.py for tasks to queue
[2024-10-06T02:47:08.556+0000] {logging_mixin.py:190} INFO - [2024-10-06T02:47:08.555+0000] {dagbag.py:588} INFO - Filling up the DagBag from /opt/airflow/dags/crawl_to_kafka.py
[2024-10-06T02:47:09.720+0000] {processor.py:925} INFO - DAG(s) 'crawl_to_kafka' retrieved from /opt/airflow/dags/crawl_to_kafka.py
[2024-10-06T02:47:09.766+0000] {logging_mixin.py:190} WARNING - [2024-10-06 02:47:09] - airflow.models.dag - INFO      - bulk_write_to_db - line 3239 - Sync 1 DAGs
[2024-10-06T02:47:09.805+0000] {logging_mixin.py:190} WARNING - [2024-10-06 02:47:09] - airflow.models.dag - INFO      - calculate_dagrun_date_fields - line 4180 - Setting next_dagrun for crawl_to_kafka to 2024-10-05 00:00:00+00:00, run_after=2024-10-06 00:00:00+00:00
[2024-10-06T02:47:09.832+0000] {processor.py:208} INFO - Processing /opt/airflow/dags/crawl_to_kafka.py took 1.297 seconds
[2024-10-06T02:47:40.573+0000] {processor.py:186} INFO - Started process (PID=272) to work on /opt/airflow/dags/crawl_to_kafka.py
[2024-10-06T02:47:40.576+0000] {processor.py:914} INFO - Processing file /opt/airflow/dags/crawl_to_kafka.py for tasks to queue
[2024-10-06T02:47:40.581+0000] {logging_mixin.py:190} INFO - [2024-10-06T02:47:40.580+0000] {dagbag.py:588} INFO - Filling up the DagBag from /opt/airflow/dags/crawl_to_kafka.py
[2024-10-06T02:47:41.711+0000] {processor.py:925} INFO - DAG(s) 'crawl_to_kafka' retrieved from /opt/airflow/dags/crawl_to_kafka.py
[2024-10-06T02:47:41.759+0000] {logging_mixin.py:190} WARNING - [2024-10-06 02:47:41] - airflow.models.dag - INFO      - bulk_write_to_db - line 3239 - Sync 1 DAGs
[2024-10-06T02:47:41.794+0000] {logging_mixin.py:190} WARNING - [2024-10-06 02:47:41] - airflow.models.dag - INFO      - calculate_dagrun_date_fields - line 4180 - Setting next_dagrun for crawl_to_kafka to 2024-10-05 00:00:00+00:00, run_after=2024-10-06 00:00:00+00:00
[2024-10-06T02:47:41.820+0000] {processor.py:208} INFO - Processing /opt/airflow/dags/crawl_to_kafka.py took 1.276 seconds
[2024-10-06T02:48:11.962+0000] {processor.py:186} INFO - Started process (PID=284) to work on /opt/airflow/dags/crawl_to_kafka.py
[2024-10-06T02:48:11.964+0000] {processor.py:914} INFO - Processing file /opt/airflow/dags/crawl_to_kafka.py for tasks to queue
[2024-10-06T02:48:11.968+0000] {logging_mixin.py:190} INFO - [2024-10-06T02:48:11.968+0000] {dagbag.py:588} INFO - Filling up the DagBag from /opt/airflow/dags/crawl_to_kafka.py
[2024-10-06T02:48:13.170+0000] {processor.py:925} INFO - DAG(s) 'crawl_to_kafka' retrieved from /opt/airflow/dags/crawl_to_kafka.py
[2024-10-06T02:48:13.215+0000] {logging_mixin.py:190} WARNING - [2024-10-06 02:48:13] - airflow.models.dag - INFO      - bulk_write_to_db - line 3239 - Sync 1 DAGs
[2024-10-06T02:48:13.244+0000] {logging_mixin.py:190} WARNING - [2024-10-06 02:48:13] - airflow.models.dag - INFO      - calculate_dagrun_date_fields - line 4180 - Setting next_dagrun for crawl_to_kafka to 2024-10-05 00:00:00+00:00, run_after=2024-10-06 00:00:00+00:00
[2024-10-06T02:48:13.265+0000] {processor.py:208} INFO - Processing /opt/airflow/dags/crawl_to_kafka.py took 1.317 seconds
[2024-10-06T02:48:43.599+0000] {processor.py:186} INFO - Started process (PID=296) to work on /opt/airflow/dags/crawl_to_kafka.py
[2024-10-06T02:48:43.603+0000] {processor.py:914} INFO - Processing file /opt/airflow/dags/crawl_to_kafka.py for tasks to queue
[2024-10-06T02:48:43.610+0000] {logging_mixin.py:190} INFO - [2024-10-06T02:48:43.609+0000] {dagbag.py:588} INFO - Filling up the DagBag from /opt/airflow/dags/crawl_to_kafka.py
[2024-10-06T02:48:44.716+0000] {processor.py:925} INFO - DAG(s) 'crawl_to_kafka' retrieved from /opt/airflow/dags/crawl_to_kafka.py
[2024-10-06T02:48:44.774+0000] {logging_mixin.py:190} WARNING - [2024-10-06 02:48:44] - airflow.models.dag - INFO      - bulk_write_to_db - line 3239 - Sync 1 DAGs
[2024-10-06T02:48:44.810+0000] {logging_mixin.py:190} WARNING - [2024-10-06 02:48:44] - airflow.models.dag - INFO      - calculate_dagrun_date_fields - line 4180 - Setting next_dagrun for crawl_to_kafka to 2024-10-05 00:00:00+00:00, run_after=2024-10-06 00:00:00+00:00
[2024-10-06T02:48:44.836+0000] {processor.py:208} INFO - Processing /opt/airflow/dags/crawl_to_kafka.py took 1.257 seconds
[2024-10-06T02:49:15.210+0000] {processor.py:186} INFO - Started process (PID=308) to work on /opt/airflow/dags/crawl_to_kafka.py
[2024-10-06T02:49:15.212+0000] {processor.py:914} INFO - Processing file /opt/airflow/dags/crawl_to_kafka.py for tasks to queue
[2024-10-06T02:49:15.217+0000] {logging_mixin.py:190} INFO - [2024-10-06T02:49:15.216+0000] {dagbag.py:588} INFO - Filling up the DagBag from /opt/airflow/dags/crawl_to_kafka.py
[2024-10-06T02:49:16.336+0000] {processor.py:925} INFO - DAG(s) 'crawl_to_kafka' retrieved from /opt/airflow/dags/crawl_to_kafka.py
[2024-10-06T02:49:16.382+0000] {logging_mixin.py:190} WARNING - [2024-10-06 02:49:16] - airflow.models.dag - INFO      - bulk_write_to_db - line 3239 - Sync 1 DAGs
[2024-10-06T02:49:16.417+0000] {logging_mixin.py:190} WARNING - [2024-10-06 02:49:16] - airflow.models.dag - INFO      - calculate_dagrun_date_fields - line 4180 - Setting next_dagrun for crawl_to_kafka to 2024-10-05 00:00:00+00:00, run_after=2024-10-06 00:00:00+00:00
[2024-10-06T02:49:16.439+0000] {processor.py:208} INFO - Processing /opt/airflow/dags/crawl_to_kafka.py took 1.243 seconds
[2024-10-06T02:49:46.794+0000] {processor.py:186} INFO - Started process (PID=320) to work on /opt/airflow/dags/crawl_to_kafka.py
[2024-10-06T02:49:46.796+0000] {processor.py:914} INFO - Processing file /opt/airflow/dags/crawl_to_kafka.py for tasks to queue
[2024-10-06T02:49:46.801+0000] {logging_mixin.py:190} INFO - [2024-10-06T02:49:46.800+0000] {dagbag.py:588} INFO - Filling up the DagBag from /opt/airflow/dags/crawl_to_kafka.py
[2024-10-06T02:49:47.868+0000] {processor.py:925} INFO - DAG(s) 'crawl_to_kafka' retrieved from /opt/airflow/dags/crawl_to_kafka.py
[2024-10-06T02:49:47.918+0000] {logging_mixin.py:190} WARNING - [2024-10-06 02:49:47] - airflow.models.dag - INFO      - bulk_write_to_db - line 3239 - Sync 1 DAGs
[2024-10-06T02:49:47.959+0000] {logging_mixin.py:190} WARNING - [2024-10-06 02:49:47] - airflow.models.dag - INFO      - calculate_dagrun_date_fields - line 4180 - Setting next_dagrun for crawl_to_kafka to 2024-10-05 00:00:00+00:00, run_after=2024-10-06 00:00:00+00:00
[2024-10-06T02:49:47.989+0000] {processor.py:208} INFO - Processing /opt/airflow/dags/crawl_to_kafka.py took 1.209 seconds
[2024-10-06T02:50:18.397+0000] {processor.py:186} INFO - Started process (PID=332) to work on /opt/airflow/dags/crawl_to_kafka.py
[2024-10-06T02:50:18.399+0000] {processor.py:914} INFO - Processing file /opt/airflow/dags/crawl_to_kafka.py for tasks to queue
[2024-10-06T02:50:18.404+0000] {logging_mixin.py:190} INFO - [2024-10-06T02:50:18.403+0000] {dagbag.py:588} INFO - Filling up the DagBag from /opt/airflow/dags/crawl_to_kafka.py
[2024-10-06T02:50:19.617+0000] {processor.py:925} INFO - DAG(s) 'crawl_to_kafka' retrieved from /opt/airflow/dags/crawl_to_kafka.py
[2024-10-06T02:50:19.667+0000] {logging_mixin.py:190} WARNING - [2024-10-06 02:50:19] - airflow.models.dag - INFO      - bulk_write_to_db - line 3239 - Sync 1 DAGs
[2024-10-06T02:50:19.706+0000] {logging_mixin.py:190} WARNING - [2024-10-06 02:50:19] - airflow.models.dag - INFO      - calculate_dagrun_date_fields - line 4180 - Setting next_dagrun for crawl_to_kafka to 2024-10-05 00:00:00+00:00, run_after=2024-10-06 00:00:00+00:00
[2024-10-06T02:50:19.733+0000] {processor.py:208} INFO - Processing /opt/airflow/dags/crawl_to_kafka.py took 1.351 seconds
[2024-10-06T02:50:50.213+0000] {processor.py:186} INFO - Started process (PID=345) to work on /opt/airflow/dags/crawl_to_kafka.py
[2024-10-06T02:50:50.216+0000] {processor.py:914} INFO - Processing file /opt/airflow/dags/crawl_to_kafka.py for tasks to queue
[2024-10-06T02:50:50.220+0000] {logging_mixin.py:190} INFO - [2024-10-06T02:50:50.219+0000] {dagbag.py:588} INFO - Filling up the DagBag from /opt/airflow/dags/crawl_to_kafka.py
[2024-10-06T02:50:51.288+0000] {processor.py:925} INFO - DAG(s) 'crawl_to_kafka' retrieved from /opt/airflow/dags/crawl_to_kafka.py
[2024-10-06T02:50:51.338+0000] {logging_mixin.py:190} WARNING - [2024-10-06 02:50:51] - airflow.models.dag - INFO      - bulk_write_to_db - line 3239 - Sync 1 DAGs
[2024-10-06T02:50:51.376+0000] {logging_mixin.py:190} WARNING - [2024-10-06 02:50:51] - airflow.models.dag - INFO      - calculate_dagrun_date_fields - line 4180 - Setting next_dagrun for crawl_to_kafka to 2024-10-05 00:00:00+00:00, run_after=2024-10-06 00:00:00+00:00
[2024-10-06T02:50:51.407+0000] {processor.py:208} INFO - Processing /opt/airflow/dags/crawl_to_kafka.py took 1.208 seconds
[2024-10-06T02:51:21.842+0000] {processor.py:186} INFO - Started process (PID=357) to work on /opt/airflow/dags/crawl_to_kafka.py
[2024-10-06T02:51:21.844+0000] {processor.py:914} INFO - Processing file /opt/airflow/dags/crawl_to_kafka.py for tasks to queue
[2024-10-06T02:51:21.848+0000] {logging_mixin.py:190} INFO - [2024-10-06T02:51:21.848+0000] {dagbag.py:588} INFO - Filling up the DagBag from /opt/airflow/dags/crawl_to_kafka.py
[2024-10-06T02:51:23.026+0000] {processor.py:925} INFO - DAG(s) 'crawl_to_kafka' retrieved from /opt/airflow/dags/crawl_to_kafka.py
[2024-10-06T02:51:23.075+0000] {logging_mixin.py:190} WARNING - [2024-10-06 02:51:23] - airflow.models.dag - INFO      - bulk_write_to_db - line 3239 - Sync 1 DAGs
[2024-10-06T02:51:23.114+0000] {logging_mixin.py:190} WARNING - [2024-10-06 02:51:23] - airflow.models.dag - INFO      - calculate_dagrun_date_fields - line 4180 - Setting next_dagrun for crawl_to_kafka to 2024-10-05 00:00:00+00:00, run_after=2024-10-06 00:00:00+00:00
[2024-10-06T02:51:23.143+0000] {processor.py:208} INFO - Processing /opt/airflow/dags/crawl_to_kafka.py took 1.315 seconds
[2024-10-06T02:51:53.627+0000] {processor.py:186} INFO - Started process (PID=369) to work on /opt/airflow/dags/crawl_to_kafka.py
[2024-10-06T02:51:53.635+0000] {processor.py:914} INFO - Processing file /opt/airflow/dags/crawl_to_kafka.py for tasks to queue
[2024-10-06T02:51:53.644+0000] {logging_mixin.py:190} INFO - [2024-10-06T02:51:53.644+0000] {dagbag.py:588} INFO - Filling up the DagBag from /opt/airflow/dags/crawl_to_kafka.py
[2024-10-06T02:51:57.151+0000] {processor.py:925} INFO - DAG(s) 'crawl_to_kafka' retrieved from /opt/airflow/dags/crawl_to_kafka.py
[2024-10-06T02:51:57.230+0000] {logging_mixin.py:190} WARNING - [2024-10-06 02:51:57] - airflow.models.dag - INFO      - bulk_write_to_db - line 3239 - Sync 1 DAGs
[2024-10-06T02:51:57.285+0000] {logging_mixin.py:190} WARNING - [2024-10-06 02:51:57] - airflow.models.dag - INFO      - calculate_dagrun_date_fields - line 4180 - Setting next_dagrun for crawl_to_kafka to 2024-10-05 00:00:00+00:00, run_after=2024-10-06 00:00:00+00:00
[2024-10-06T02:51:57.345+0000] {processor.py:208} INFO - Processing /opt/airflow/dags/crawl_to_kafka.py took 3.758 seconds
[2024-10-06T02:52:27.924+0000] {processor.py:186} INFO - Started process (PID=382) to work on /opt/airflow/dags/crawl_to_kafka.py
[2024-10-06T02:52:27.929+0000] {processor.py:914} INFO - Processing file /opt/airflow/dags/crawl_to_kafka.py for tasks to queue
[2024-10-06T02:52:27.939+0000] {logging_mixin.py:190} INFO - [2024-10-06T02:52:27.938+0000] {dagbag.py:588} INFO - Filling up the DagBag from /opt/airflow/dags/crawl_to_kafka.py
[2024-10-06T02:52:30.654+0000] {processor.py:925} INFO - DAG(s) 'crawl_to_kafka' retrieved from /opt/airflow/dags/crawl_to_kafka.py
[2024-10-06T02:52:30.762+0000] {logging_mixin.py:190} WARNING - [2024-10-06 02:52:30] - airflow.models.dag - INFO      - bulk_write_to_db - line 3239 - Sync 1 DAGs
[2024-10-06T02:52:30.853+0000] {logging_mixin.py:190} WARNING - [2024-10-06 02:52:30] - airflow.models.dag - INFO      - calculate_dagrun_date_fields - line 4180 - Setting next_dagrun for crawl_to_kafka to 2024-10-05 00:00:00+00:00, run_after=2024-10-06 00:00:00+00:00
[2024-10-06T02:52:30.951+0000] {processor.py:208} INFO - Processing /opt/airflow/dags/crawl_to_kafka.py took 3.063 seconds
[2024-10-06T02:53:01.293+0000] {processor.py:186} INFO - Started process (PID=392) to work on /opt/airflow/dags/crawl_to_kafka.py
[2024-10-06T02:53:01.297+0000] {processor.py:914} INFO - Processing file /opt/airflow/dags/crawl_to_kafka.py for tasks to queue
[2024-10-06T02:53:01.303+0000] {logging_mixin.py:190} INFO - [2024-10-06T02:53:01.302+0000] {dagbag.py:588} INFO - Filling up the DagBag from /opt/airflow/dags/crawl_to_kafka.py
[2024-10-06T02:53:02.521+0000] {processor.py:925} INFO - DAG(s) 'crawl_to_kafka' retrieved from /opt/airflow/dags/crawl_to_kafka.py
[2024-10-06T02:53:02.573+0000] {logging_mixin.py:190} WARNING - [2024-10-06 02:53:02] - airflow.models.dag - INFO      - bulk_write_to_db - line 3239 - Sync 1 DAGs
[2024-10-06T02:53:02.613+0000] {logging_mixin.py:190} WARNING - [2024-10-06 02:53:02] - airflow.models.dag - INFO      - calculate_dagrun_date_fields - line 4180 - Setting next_dagrun for crawl_to_kafka to 2024-10-05 00:00:00+00:00, run_after=2024-10-06 00:00:00+00:00
[2024-10-06T02:53:02.642+0000] {processor.py:208} INFO - Processing /opt/airflow/dags/crawl_to_kafka.py took 1.364 seconds
[2024-10-06T02:53:33.143+0000] {processor.py:186} INFO - Started process (PID=404) to work on /opt/airflow/dags/crawl_to_kafka.py
[2024-10-06T02:53:33.145+0000] {processor.py:914} INFO - Processing file /opt/airflow/dags/crawl_to_kafka.py for tasks to queue
[2024-10-06T02:53:33.150+0000] {logging_mixin.py:190} INFO - [2024-10-06T02:53:33.149+0000] {dagbag.py:588} INFO - Filling up the DagBag from /opt/airflow/dags/crawl_to_kafka.py
[2024-10-06T02:53:34.290+0000] {processor.py:925} INFO - DAG(s) 'crawl_to_kafka' retrieved from /opt/airflow/dags/crawl_to_kafka.py
[2024-10-06T02:53:34.339+0000] {logging_mixin.py:190} WARNING - [2024-10-06 02:53:34] - airflow.models.dag - INFO      - bulk_write_to_db - line 3239 - Sync 1 DAGs
[2024-10-06T02:53:34.377+0000] {logging_mixin.py:190} WARNING - [2024-10-06 02:53:34] - airflow.models.dag - INFO      - calculate_dagrun_date_fields - line 4180 - Setting next_dagrun for crawl_to_kafka to 2024-10-05 00:00:00+00:00, run_after=2024-10-06 00:00:00+00:00
[2024-10-06T02:53:34.410+0000] {processor.py:208} INFO - Processing /opt/airflow/dags/crawl_to_kafka.py took 1.282 seconds
[2024-10-06T02:54:04.874+0000] {processor.py:186} INFO - Started process (PID=416) to work on /opt/airflow/dags/crawl_to_kafka.py
[2024-10-06T02:54:04.878+0000] {processor.py:914} INFO - Processing file /opt/airflow/dags/crawl_to_kafka.py for tasks to queue
[2024-10-06T02:54:04.891+0000] {logging_mixin.py:190} INFO - [2024-10-06T02:54:04.890+0000] {dagbag.py:588} INFO - Filling up the DagBag from /opt/airflow/dags/crawl_to_kafka.py
[2024-10-06T02:54:07.333+0000] {processor.py:925} INFO - DAG(s) 'crawl_to_kafka' retrieved from /opt/airflow/dags/crawl_to_kafka.py
[2024-10-06T02:54:07.381+0000] {logging_mixin.py:190} WARNING - [2024-10-06 02:54:07] - airflow.models.dag - INFO      - bulk_write_to_db - line 3239 - Sync 1 DAGs
[2024-10-06T02:54:07.445+0000] {logging_mixin.py:190} WARNING - [2024-10-06 02:54:07] - airflow.models.dag - INFO      - calculate_dagrun_date_fields - line 4180 - Setting next_dagrun for crawl_to_kafka to 2024-10-05 00:00:00+00:00, run_after=2024-10-06 00:00:00+00:00
[2024-10-06T02:54:07.475+0000] {processor.py:208} INFO - Processing /opt/airflow/dags/crawl_to_kafka.py took 2.628 seconds
[2024-10-06T02:54:37.935+0000] {processor.py:186} INFO - Started process (PID=428) to work on /opt/airflow/dags/crawl_to_kafka.py
[2024-10-06T02:54:37.941+0000] {processor.py:914} INFO - Processing file /opt/airflow/dags/crawl_to_kafka.py for tasks to queue
[2024-10-06T02:54:37.950+0000] {logging_mixin.py:190} INFO - [2024-10-06T02:54:37.949+0000] {dagbag.py:588} INFO - Filling up the DagBag from /opt/airflow/dags/crawl_to_kafka.py
[2024-10-06T02:54:40.273+0000] {processor.py:925} INFO - DAG(s) 'crawl_to_kafka' retrieved from /opt/airflow/dags/crawl_to_kafka.py
[2024-10-06T02:54:40.388+0000] {logging_mixin.py:190} WARNING - [2024-10-06 02:54:40] - airflow.models.dag - INFO      - bulk_write_to_db - line 3239 - Sync 1 DAGs
[2024-10-06T02:54:40.498+0000] {logging_mixin.py:190} WARNING - [2024-10-06 02:54:40] - airflow.models.dag - INFO      - calculate_dagrun_date_fields - line 4180 - Setting next_dagrun for crawl_to_kafka to 2024-10-05 00:00:00+00:00, run_after=2024-10-06 00:00:00+00:00
[2024-10-06T02:54:40.605+0000] {processor.py:208} INFO - Processing /opt/airflow/dags/crawl_to_kafka.py took 2.703 seconds
[2024-10-06T02:55:11.196+0000] {processor.py:186} INFO - Started process (PID=440) to work on /opt/airflow/dags/crawl_to_kafka.py
[2024-10-06T02:55:11.200+0000] {processor.py:914} INFO - Processing file /opt/airflow/dags/crawl_to_kafka.py for tasks to queue
[2024-10-06T02:55:11.215+0000] {logging_mixin.py:190} INFO - [2024-10-06T02:55:11.214+0000] {dagbag.py:588} INFO - Filling up the DagBag from /opt/airflow/dags/crawl_to_kafka.py
[2024-10-06T02:55:12.481+0000] {processor.py:925} INFO - DAG(s) 'crawl_to_kafka' retrieved from /opt/airflow/dags/crawl_to_kafka.py
[2024-10-06T02:55:12.552+0000] {logging_mixin.py:190} WARNING - [2024-10-06 02:55:12] - airflow.models.dag - INFO      - bulk_write_to_db - line 3239 - Sync 1 DAGs
[2024-10-06T02:55:12.601+0000] {logging_mixin.py:190} WARNING - [2024-10-06 02:55:12] - airflow.models.dag - INFO      - calculate_dagrun_date_fields - line 4180 - Setting next_dagrun for crawl_to_kafka to 2024-10-05 00:00:00+00:00, run_after=2024-10-06 00:00:00+00:00
[2024-10-06T02:55:12.670+0000] {processor.py:208} INFO - Processing /opt/airflow/dags/crawl_to_kafka.py took 1.508 seconds
[2024-10-06T02:55:42.976+0000] {processor.py:186} INFO - Started process (PID=458) to work on /opt/airflow/dags/crawl_to_kafka.py
[2024-10-06T02:55:42.979+0000] {processor.py:914} INFO - Processing file /opt/airflow/dags/crawl_to_kafka.py for tasks to queue
[2024-10-06T02:55:42.984+0000] {logging_mixin.py:190} INFO - [2024-10-06T02:55:42.984+0000] {dagbag.py:588} INFO - Filling up the DagBag from /opt/airflow/dags/crawl_to_kafka.py
[2024-10-06T02:55:44.307+0000] {processor.py:925} INFO - DAG(s) 'crawl_to_kafka' retrieved from /opt/airflow/dags/crawl_to_kafka.py
[2024-10-06T02:55:44.358+0000] {logging_mixin.py:190} WARNING - [2024-10-06 02:55:44] - airflow.models.dag - INFO      - bulk_write_to_db - line 3239 - Sync 1 DAGs
[2024-10-06T02:55:44.401+0000] {logging_mixin.py:190} WARNING - [2024-10-06 02:55:44] - airflow.models.dag - INFO      - calculate_dagrun_date_fields - line 4180 - Setting next_dagrun for crawl_to_kafka to 2024-10-05 00:00:00+00:00, run_after=2024-10-06 00:00:00+00:00
[2024-10-06T02:55:44.430+0000] {processor.py:208} INFO - Processing /opt/airflow/dags/crawl_to_kafka.py took 1.474 seconds
[2024-10-06T02:56:14.879+0000] {processor.py:186} INFO - Started process (PID=469) to work on /opt/airflow/dags/crawl_to_kafka.py
[2024-10-06T02:56:14.882+0000] {processor.py:914} INFO - Processing file /opt/airflow/dags/crawl_to_kafka.py for tasks to queue
[2024-10-06T02:56:14.886+0000] {logging_mixin.py:190} INFO - [2024-10-06T02:56:14.886+0000] {dagbag.py:588} INFO - Filling up the DagBag from /opt/airflow/dags/crawl_to_kafka.py
[2024-10-06T02:56:16.016+0000] {processor.py:925} INFO - DAG(s) 'crawl_to_kafka' retrieved from /opt/airflow/dags/crawl_to_kafka.py
[2024-10-06T02:56:16.065+0000] {logging_mixin.py:190} WARNING - [2024-10-06 02:56:16] - airflow.models.dag - INFO      - bulk_write_to_db - line 3239 - Sync 1 DAGs
[2024-10-06T02:56:16.107+0000] {logging_mixin.py:190} WARNING - [2024-10-06 02:56:16] - airflow.models.dag - INFO      - calculate_dagrun_date_fields - line 4180 - Setting next_dagrun for crawl_to_kafka to 2024-10-05 00:00:00+00:00, run_after=2024-10-06 00:00:00+00:00
[2024-10-06T02:56:16.137+0000] {processor.py:208} INFO - Processing /opt/airflow/dags/crawl_to_kafka.py took 1.272 seconds
[2024-10-06T02:56:46.578+0000] {processor.py:186} INFO - Started process (PID=481) to work on /opt/airflow/dags/crawl_to_kafka.py
[2024-10-06T02:56:46.581+0000] {processor.py:914} INFO - Processing file /opt/airflow/dags/crawl_to_kafka.py for tasks to queue
[2024-10-06T02:56:46.585+0000] {logging_mixin.py:190} INFO - [2024-10-06T02:56:46.585+0000] {dagbag.py:588} INFO - Filling up the DagBag from /opt/airflow/dags/crawl_to_kafka.py
[2024-10-06T02:56:47.906+0000] {processor.py:925} INFO - DAG(s) 'crawl_to_kafka' retrieved from /opt/airflow/dags/crawl_to_kafka.py
[2024-10-06T02:56:47.956+0000] {logging_mixin.py:190} WARNING - [2024-10-06 02:56:47] - airflow.models.dag - INFO      - bulk_write_to_db - line 3239 - Sync 1 DAGs
[2024-10-06T02:56:47.994+0000] {logging_mixin.py:190} WARNING - [2024-10-06 02:56:47] - airflow.models.dag - INFO      - calculate_dagrun_date_fields - line 4180 - Setting next_dagrun for crawl_to_kafka to 2024-10-05 00:00:00+00:00, run_after=2024-10-06 00:00:00+00:00
[2024-10-06T02:56:48.030+0000] {processor.py:208} INFO - Processing /opt/airflow/dags/crawl_to_kafka.py took 1.466 seconds
[2024-10-06T02:57:18.435+0000] {processor.py:186} INFO - Started process (PID=493) to work on /opt/airflow/dags/crawl_to_kafka.py
[2024-10-06T02:57:18.439+0000] {processor.py:914} INFO - Processing file /opt/airflow/dags/crawl_to_kafka.py for tasks to queue
[2024-10-06T02:57:18.444+0000] {logging_mixin.py:190} INFO - [2024-10-06T02:57:18.443+0000] {dagbag.py:588} INFO - Filling up the DagBag from /opt/airflow/dags/crawl_to_kafka.py
[2024-10-06T02:57:19.578+0000] {processor.py:925} INFO - DAG(s) 'crawl_to_kafka' retrieved from /opt/airflow/dags/crawl_to_kafka.py
[2024-10-06T02:57:19.632+0000] {logging_mixin.py:190} WARNING - [2024-10-06 02:57:19] - airflow.models.dag - INFO      - bulk_write_to_db - line 3239 - Sync 1 DAGs
[2024-10-06T02:57:19.675+0000] {logging_mixin.py:190} WARNING - [2024-10-06 02:57:19] - airflow.models.dag - INFO      - calculate_dagrun_date_fields - line 4180 - Setting next_dagrun for crawl_to_kafka to 2024-10-05 00:00:00+00:00, run_after=2024-10-06 00:00:00+00:00
[2024-10-06T02:57:19.703+0000] {processor.py:208} INFO - Processing /opt/airflow/dags/crawl_to_kafka.py took 1.282 seconds
[2024-10-06T02:57:50.159+0000] {processor.py:186} INFO - Started process (PID=504) to work on /opt/airflow/dags/crawl_to_kafka.py
[2024-10-06T02:57:50.162+0000] {processor.py:914} INFO - Processing file /opt/airflow/dags/crawl_to_kafka.py for tasks to queue
[2024-10-06T02:57:50.166+0000] {logging_mixin.py:190} INFO - [2024-10-06T02:57:50.166+0000] {dagbag.py:588} INFO - Filling up the DagBag from /opt/airflow/dags/crawl_to_kafka.py
[2024-10-06T02:57:51.291+0000] {processor.py:925} INFO - DAG(s) 'crawl_to_kafka' retrieved from /opt/airflow/dags/crawl_to_kafka.py
[2024-10-06T02:57:51.343+0000] {logging_mixin.py:190} WARNING - [2024-10-06 02:57:51] - airflow.models.dag - INFO      - bulk_write_to_db - line 3239 - Sync 1 DAGs
[2024-10-06T02:57:51.381+0000] {logging_mixin.py:190} WARNING - [2024-10-06 02:57:51] - airflow.models.dag - INFO      - calculate_dagrun_date_fields - line 4180 - Setting next_dagrun for crawl_to_kafka to 2024-10-05 00:00:00+00:00, run_after=2024-10-06 00:00:00+00:00
[2024-10-06T02:57:51.410+0000] {processor.py:208} INFO - Processing /opt/airflow/dags/crawl_to_kafka.py took 1.266 seconds
[2024-10-06T02:58:21.823+0000] {processor.py:186} INFO - Started process (PID=516) to work on /opt/airflow/dags/crawl_to_kafka.py
[2024-10-06T02:58:21.826+0000] {processor.py:914} INFO - Processing file /opt/airflow/dags/crawl_to_kafka.py for tasks to queue
[2024-10-06T02:58:21.830+0000] {logging_mixin.py:190} INFO - [2024-10-06T02:58:21.829+0000] {dagbag.py:588} INFO - Filling up the DagBag from /opt/airflow/dags/crawl_to_kafka.py
[2024-10-06T02:58:22.966+0000] {processor.py:925} INFO - DAG(s) 'crawl_to_kafka' retrieved from /opt/airflow/dags/crawl_to_kafka.py
[2024-10-06T02:58:23.020+0000] {logging_mixin.py:190} WARNING - [2024-10-06 02:58:23] - airflow.models.dag - INFO      - bulk_write_to_db - line 3239 - Sync 1 DAGs
[2024-10-06T02:58:23.065+0000] {logging_mixin.py:190} WARNING - [2024-10-06 02:58:23] - airflow.models.dag - INFO      - calculate_dagrun_date_fields - line 4180 - Setting next_dagrun for crawl_to_kafka to 2024-10-05 00:00:00+00:00, run_after=2024-10-06 00:00:00+00:00
[2024-10-06T02:58:23.097+0000] {processor.py:208} INFO - Processing /opt/airflow/dags/crawl_to_kafka.py took 1.289 seconds
[2024-10-06T02:58:53.547+0000] {processor.py:186} INFO - Started process (PID=528) to work on /opt/airflow/dags/crawl_to_kafka.py
[2024-10-06T02:58:53.550+0000] {processor.py:914} INFO - Processing file /opt/airflow/dags/crawl_to_kafka.py for tasks to queue
[2024-10-06T02:58:53.554+0000] {logging_mixin.py:190} INFO - [2024-10-06T02:58:53.554+0000] {dagbag.py:588} INFO - Filling up the DagBag from /opt/airflow/dags/crawl_to_kafka.py
[2024-10-06T02:58:54.668+0000] {processor.py:925} INFO - DAG(s) 'crawl_to_kafka' retrieved from /opt/airflow/dags/crawl_to_kafka.py
[2024-10-06T02:58:54.717+0000] {logging_mixin.py:190} WARNING - [2024-10-06 02:58:54] - airflow.models.dag - INFO      - bulk_write_to_db - line 3239 - Sync 1 DAGs
[2024-10-06T02:58:54.759+0000] {logging_mixin.py:190} WARNING - [2024-10-06 02:58:54] - airflow.models.dag - INFO      - calculate_dagrun_date_fields - line 4180 - Setting next_dagrun for crawl_to_kafka to 2024-10-05 00:00:00+00:00, run_after=2024-10-06 00:00:00+00:00
[2024-10-06T02:58:54.787+0000] {processor.py:208} INFO - Processing /opt/airflow/dags/crawl_to_kafka.py took 1.271 seconds
[2024-10-06T02:59:25.287+0000] {processor.py:186} INFO - Started process (PID=540) to work on /opt/airflow/dags/crawl_to_kafka.py
[2024-10-06T02:59:25.289+0000] {processor.py:914} INFO - Processing file /opt/airflow/dags/crawl_to_kafka.py for tasks to queue
[2024-10-06T02:59:25.299+0000] {logging_mixin.py:190} INFO - [2024-10-06T02:59:25.297+0000] {dagbag.py:588} INFO - Filling up the DagBag from /opt/airflow/dags/crawl_to_kafka.py
[2024-10-06T02:59:27.238+0000] {processor.py:925} INFO - DAG(s) 'crawl_to_kafka' retrieved from /opt/airflow/dags/crawl_to_kafka.py
[2024-10-06T02:59:27.288+0000] {logging_mixin.py:190} WARNING - [2024-10-06 02:59:27] - airflow.models.dag - INFO      - bulk_write_to_db - line 3239 - Sync 1 DAGs
[2024-10-06T02:59:27.327+0000] {logging_mixin.py:190} WARNING - [2024-10-06 02:59:27] - airflow.models.dag - INFO      - calculate_dagrun_date_fields - line 4180 - Setting next_dagrun for crawl_to_kafka to 2024-10-05 00:00:00+00:00, run_after=2024-10-06 00:00:00+00:00
[2024-10-06T02:59:27.357+0000] {processor.py:208} INFO - Processing /opt/airflow/dags/crawl_to_kafka.py took 2.103 seconds
[2024-10-06T02:59:57.867+0000] {processor.py:186} INFO - Started process (PID=551) to work on /opt/airflow/dags/crawl_to_kafka.py
[2024-10-06T02:59:57.872+0000] {processor.py:914} INFO - Processing file /opt/airflow/dags/crawl_to_kafka.py for tasks to queue
[2024-10-06T02:59:57.883+0000] {logging_mixin.py:190} INFO - [2024-10-06T02:59:57.880+0000] {dagbag.py:588} INFO - Filling up the DagBag from /opt/airflow/dags/crawl_to_kafka.py
[2024-10-06T03:00:00.369+0000] {processor.py:925} INFO - DAG(s) 'crawl_to_kafka' retrieved from /opt/airflow/dags/crawl_to_kafka.py
[2024-10-06T03:00:00.474+0000] {logging_mixin.py:190} WARNING - [2024-10-06 03:00:00] - airflow.models.dag - INFO      - bulk_write_to_db - line 3239 - Sync 1 DAGs
[2024-10-06T03:00:00.557+0000] {logging_mixin.py:190} WARNING - [2024-10-06 03:00:00] - airflow.models.dag - INFO      - calculate_dagrun_date_fields - line 4180 - Setting next_dagrun for crawl_to_kafka to 2024-10-05 00:00:00+00:00, run_after=2024-10-06 00:00:00+00:00
[2024-10-06T03:00:00.634+0000] {processor.py:208} INFO - Processing /opt/airflow/dags/crawl_to_kafka.py took 2.798 seconds
[2024-10-06T03:00:31.113+0000] {processor.py:186} INFO - Started process (PID=563) to work on /opt/airflow/dags/crawl_to_kafka.py
[2024-10-06T03:00:31.121+0000] {processor.py:914} INFO - Processing file /opt/airflow/dags/crawl_to_kafka.py for tasks to queue
[2024-10-06T03:00:31.137+0000] {logging_mixin.py:190} INFO - [2024-10-06T03:00:31.136+0000] {dagbag.py:588} INFO - Filling up the DagBag from /opt/airflow/dags/crawl_to_kafka.py
[2024-10-06T03:00:34.605+0000] {processor.py:925} INFO - DAG(s) 'crawl_to_kafka' retrieved from /opt/airflow/dags/crawl_to_kafka.py
[2024-10-06T03:00:34.830+0000] {logging_mixin.py:190} WARNING - [2024-10-06 03:00:34] - airflow.models.dag - INFO      - bulk_write_to_db - line 3239 - Sync 1 DAGs
[2024-10-06T03:00:35.099+0000] {logging_mixin.py:190} WARNING - [2024-10-06 03:00:35] - airflow.models.dag - INFO      - calculate_dagrun_date_fields - line 4180 - Setting next_dagrun for crawl_to_kafka to 2024-10-05 00:00:00+00:00, run_after=2024-10-06 00:00:00+00:00
[2024-10-06T03:00:35.153+0000] {processor.py:208} INFO - Processing /opt/airflow/dags/crawl_to_kafka.py took 4.104 seconds
[2024-10-06T03:01:05.691+0000] {processor.py:186} INFO - Started process (PID=575) to work on /opt/airflow/dags/crawl_to_kafka.py
[2024-10-06T03:01:05.693+0000] {processor.py:914} INFO - Processing file /opt/airflow/dags/crawl_to_kafka.py for tasks to queue
[2024-10-06T03:01:05.698+0000] {logging_mixin.py:190} INFO - [2024-10-06T03:01:05.698+0000] {dagbag.py:588} INFO - Filling up the DagBag from /opt/airflow/dags/crawl_to_kafka.py
[2024-10-06T03:01:06.826+0000] {processor.py:925} INFO - DAG(s) 'crawl_to_kafka' retrieved from /opt/airflow/dags/crawl_to_kafka.py
[2024-10-06T03:01:06.874+0000] {logging_mixin.py:190} WARNING - [2024-10-06 03:01:06] - airflow.models.dag - INFO      - bulk_write_to_db - line 3239 - Sync 1 DAGs
[2024-10-06T03:01:06.930+0000] {logging_mixin.py:190} WARNING - [2024-10-06 03:01:06] - airflow.models.dag - INFO      - calculate_dagrun_date_fields - line 4180 - Setting next_dagrun for crawl_to_kafka to 2024-10-05 00:00:00+00:00, run_after=2024-10-06 00:00:00+00:00
[2024-10-06T03:01:06.957+0000] {processor.py:208} INFO - Processing /opt/airflow/dags/crawl_to_kafka.py took 1.280 seconds
[2024-10-06T03:01:37.386+0000] {processor.py:186} INFO - Started process (PID=587) to work on /opt/airflow/dags/crawl_to_kafka.py
[2024-10-06T03:01:37.389+0000] {processor.py:914} INFO - Processing file /opt/airflow/dags/crawl_to_kafka.py for tasks to queue
[2024-10-06T03:01:37.393+0000] {logging_mixin.py:190} INFO - [2024-10-06T03:01:37.392+0000] {dagbag.py:588} INFO - Filling up the DagBag from /opt/airflow/dags/crawl_to_kafka.py
[2024-10-06T03:01:38.556+0000] {processor.py:925} INFO - DAG(s) 'crawl_to_kafka' retrieved from /opt/airflow/dags/crawl_to_kafka.py
[2024-10-06T03:01:38.616+0000] {logging_mixin.py:190} WARNING - [2024-10-06 03:01:38] - airflow.models.dag - INFO      - bulk_write_to_db - line 3239 - Sync 1 DAGs
[2024-10-06T03:01:38.686+0000] {logging_mixin.py:190} WARNING - [2024-10-06 03:01:38] - airflow.models.dag - INFO      - calculate_dagrun_date_fields - line 4180 - Setting next_dagrun for crawl_to_kafka to 2024-10-05 00:00:00+00:00, run_after=2024-10-06 00:00:00+00:00
[2024-10-06T03:01:38.746+0000] {processor.py:208} INFO - Processing /opt/airflow/dags/crawl_to_kafka.py took 1.375 seconds
[2024-10-06T03:02:09.207+0000] {processor.py:186} INFO - Started process (PID=599) to work on /opt/airflow/dags/crawl_to_kafka.py
[2024-10-06T03:02:09.210+0000] {processor.py:914} INFO - Processing file /opt/airflow/dags/crawl_to_kafka.py for tasks to queue
[2024-10-06T03:02:09.220+0000] {logging_mixin.py:190} INFO - [2024-10-06T03:02:09.220+0000] {dagbag.py:588} INFO - Filling up the DagBag from /opt/airflow/dags/crawl_to_kafka.py
[2024-10-06T03:02:10.569+0000] {processor.py:925} INFO - DAG(s) 'crawl_to_kafka' retrieved from /opt/airflow/dags/crawl_to_kafka.py
[2024-10-06T03:02:10.623+0000] {logging_mixin.py:190} WARNING - [2024-10-06 03:02:10] - airflow.models.dag - INFO      - bulk_write_to_db - line 3239 - Sync 1 DAGs
[2024-10-06T03:02:10.662+0000] {logging_mixin.py:190} WARNING - [2024-10-06 03:02:10] - airflow.models.dag - INFO      - calculate_dagrun_date_fields - line 4180 - Setting next_dagrun for crawl_to_kafka to 2024-10-05 00:00:00+00:00, run_after=2024-10-06 00:00:00+00:00
[2024-10-06T03:02:10.692+0000] {processor.py:208} INFO - Processing /opt/airflow/dags/crawl_to_kafka.py took 1.506 seconds
[2024-10-06T03:02:41.066+0000] {processor.py:186} INFO - Started process (PID=611) to work on /opt/airflow/dags/crawl_to_kafka.py
[2024-10-06T03:02:41.069+0000] {processor.py:914} INFO - Processing file /opt/airflow/dags/crawl_to_kafka.py for tasks to queue
[2024-10-06T03:02:41.073+0000] {logging_mixin.py:190} INFO - [2024-10-06T03:02:41.073+0000] {dagbag.py:588} INFO - Filling up the DagBag from /opt/airflow/dags/crawl_to_kafka.py
[2024-10-06T03:02:42.217+0000] {processor.py:925} INFO - DAG(s) 'crawl_to_kafka' retrieved from /opt/airflow/dags/crawl_to_kafka.py
[2024-10-06T03:02:42.268+0000] {logging_mixin.py:190} WARNING - [2024-10-06 03:02:42] - airflow.models.dag - INFO      - bulk_write_to_db - line 3239 - Sync 1 DAGs
[2024-10-06T03:02:42.308+0000] {logging_mixin.py:190} WARNING - [2024-10-06 03:02:42] - airflow.models.dag - INFO      - calculate_dagrun_date_fields - line 4180 - Setting next_dagrun for crawl_to_kafka to 2024-10-05 00:00:00+00:00, run_after=2024-10-06 00:00:00+00:00
[2024-10-06T03:02:42.339+0000] {processor.py:208} INFO - Processing /opt/airflow/dags/crawl_to_kafka.py took 1.287 seconds
[2024-10-06T03:03:12.774+0000] {processor.py:186} INFO - Started process (PID=623) to work on /opt/airflow/dags/crawl_to_kafka.py
[2024-10-06T03:03:12.775+0000] {processor.py:914} INFO - Processing file /opt/airflow/dags/crawl_to_kafka.py for tasks to queue
[2024-10-06T03:03:12.780+0000] {logging_mixin.py:190} INFO - [2024-10-06T03:03:12.779+0000] {dagbag.py:588} INFO - Filling up the DagBag from /opt/airflow/dags/crawl_to_kafka.py
[2024-10-06T03:03:14.093+0000] {processor.py:925} INFO - DAG(s) 'crawl_to_kafka' retrieved from /opt/airflow/dags/crawl_to_kafka.py
[2024-10-06T03:03:14.159+0000] {logging_mixin.py:190} WARNING - [2024-10-06 03:03:14] - airflow.models.dag - INFO      - bulk_write_to_db - line 3239 - Sync 1 DAGs
[2024-10-06T03:03:14.203+0000] {logging_mixin.py:190} WARNING - [2024-10-06 03:03:14] - airflow.models.dag - INFO      - calculate_dagrun_date_fields - line 4180 - Setting next_dagrun for crawl_to_kafka to 2024-10-05 00:00:00+00:00, run_after=2024-10-06 00:00:00+00:00
[2024-10-06T03:03:14.236+0000] {processor.py:208} INFO - Processing /opt/airflow/dags/crawl_to_kafka.py took 1.476 seconds
[2024-10-06T03:03:44.681+0000] {processor.py:186} INFO - Started process (PID=642) to work on /opt/airflow/dags/crawl_to_kafka.py
[2024-10-06T03:03:44.685+0000] {processor.py:914} INFO - Processing file /opt/airflow/dags/crawl_to_kafka.py for tasks to queue
[2024-10-06T03:03:44.689+0000] {logging_mixin.py:190} INFO - [2024-10-06T03:03:44.689+0000] {dagbag.py:588} INFO - Filling up the DagBag from /opt/airflow/dags/crawl_to_kafka.py
[2024-10-06T03:03:45.495+0000] {processor.py:925} INFO - DAG(s) 'crawl_to_kafka' retrieved from /opt/airflow/dags/crawl_to_kafka.py
[2024-10-06T03:03:45.530+0000] {logging_mixin.py:190} WARNING - [2024-10-06 03:03:45] - airflow.models.dag - INFO      - bulk_write_to_db - line 3239 - Sync 1 DAGs
[2024-10-06T03:03:45.557+0000] {logging_mixin.py:190} WARNING - [2024-10-06 03:03:45] - airflow.models.dag - INFO      - calculate_dagrun_date_fields - line 4180 - Setting next_dagrun for crawl_to_kafka to 2024-10-05 00:00:00+00:00, run_after=2024-10-06 00:00:00+00:00
[2024-10-06T03:03:45.580+0000] {processor.py:208} INFO - Processing /opt/airflow/dags/crawl_to_kafka.py took 0.913 seconds
[2024-10-06T03:04:15.923+0000] {processor.py:186} INFO - Started process (PID=654) to work on /opt/airflow/dags/crawl_to_kafka.py
[2024-10-06T03:04:15.924+0000] {processor.py:914} INFO - Processing file /opt/airflow/dags/crawl_to_kafka.py for tasks to queue
[2024-10-06T03:04:15.928+0000] {logging_mixin.py:190} INFO - [2024-10-06T03:04:15.927+0000] {dagbag.py:588} INFO - Filling up the DagBag from /opt/airflow/dags/crawl_to_kafka.py
[2024-10-06T03:04:16.686+0000] {processor.py:925} INFO - DAG(s) 'crawl_to_kafka' retrieved from /opt/airflow/dags/crawl_to_kafka.py
[2024-10-06T03:04:16.721+0000] {logging_mixin.py:190} WARNING - [2024-10-06 03:04:16] - airflow.models.dag - INFO      - bulk_write_to_db - line 3239 - Sync 1 DAGs
[2024-10-06T03:04:16.748+0000] {logging_mixin.py:190} WARNING - [2024-10-06 03:04:16] - airflow.models.dag - INFO      - calculate_dagrun_date_fields - line 4180 - Setting next_dagrun for crawl_to_kafka to 2024-10-05 00:00:00+00:00, run_after=2024-10-06 00:00:00+00:00
[2024-10-06T03:04:16.773+0000] {processor.py:208} INFO - Processing /opt/airflow/dags/crawl_to_kafka.py took 0.861 seconds
[2024-10-06T03:04:47.155+0000] {processor.py:186} INFO - Started process (PID=666) to work on /opt/airflow/dags/crawl_to_kafka.py
[2024-10-06T03:04:47.158+0000] {processor.py:914} INFO - Processing file /opt/airflow/dags/crawl_to_kafka.py for tasks to queue
[2024-10-06T03:04:47.163+0000] {logging_mixin.py:190} INFO - [2024-10-06T03:04:47.162+0000] {dagbag.py:588} INFO - Filling up the DagBag from /opt/airflow/dags/crawl_to_kafka.py
[2024-10-06T03:04:48.419+0000] {processor.py:925} INFO - DAG(s) 'crawl_to_kafka' retrieved from /opt/airflow/dags/crawl_to_kafka.py
[2024-10-06T03:04:48.561+0000] {logging_mixin.py:190} WARNING - [2024-10-06 03:04:48] - airflow.models.dag - INFO      - bulk_write_to_db - line 3239 - Sync 1 DAGs
[2024-10-06T03:04:48.649+0000] {logging_mixin.py:190} WARNING - [2024-10-06 03:04:48] - airflow.models.dag - INFO      - calculate_dagrun_date_fields - line 4180 - Setting next_dagrun for crawl_to_kafka to 2024-10-05 00:00:00+00:00, run_after=2024-10-06 00:00:00+00:00
[2024-10-06T03:04:48.713+0000] {processor.py:208} INFO - Processing /opt/airflow/dags/crawl_to_kafka.py took 1.574 seconds
[2024-10-06T03:05:19.395+0000] {processor.py:186} INFO - Started process (PID=678) to work on /opt/airflow/dags/crawl_to_kafka.py
[2024-10-06T03:05:19.397+0000] {processor.py:914} INFO - Processing file /opt/airflow/dags/crawl_to_kafka.py for tasks to queue
[2024-10-06T03:05:19.401+0000] {logging_mixin.py:190} INFO - [2024-10-06T03:05:19.400+0000] {dagbag.py:588} INFO - Filling up the DagBag from /opt/airflow/dags/crawl_to_kafka.py
[2024-10-06T03:05:20.503+0000] {processor.py:925} INFO - DAG(s) 'crawl_to_kafka' retrieved from /opt/airflow/dags/crawl_to_kafka.py
[2024-10-06T03:05:20.622+0000] {logging_mixin.py:190} WARNING - [2024-10-06 03:05:20] - airflow.models.dag - INFO      - bulk_write_to_db - line 3239 - Sync 1 DAGs
[2024-10-06T03:05:20.750+0000] {logging_mixin.py:190} WARNING - [2024-10-06 03:05:20] - airflow.models.dag - INFO      - calculate_dagrun_date_fields - line 4180 - Setting next_dagrun for crawl_to_kafka to 2024-10-05 00:00:00+00:00, run_after=2024-10-06 00:00:00+00:00
[2024-10-06T03:05:20.854+0000] {processor.py:208} INFO - Processing /opt/airflow/dags/crawl_to_kafka.py took 1.469 seconds
[2024-10-06T03:05:51.170+0000] {processor.py:186} INFO - Started process (PID=690) to work on /opt/airflow/dags/crawl_to_kafka.py
[2024-10-06T03:05:51.172+0000] {processor.py:914} INFO - Processing file /opt/airflow/dags/crawl_to_kafka.py for tasks to queue
[2024-10-06T03:05:51.175+0000] {logging_mixin.py:190} INFO - [2024-10-06T03:05:51.175+0000] {dagbag.py:588} INFO - Filling up the DagBag from /opt/airflow/dags/crawl_to_kafka.py
[2024-10-06T03:05:51.959+0000] {processor.py:925} INFO - DAG(s) 'crawl_to_kafka' retrieved from /opt/airflow/dags/crawl_to_kafka.py
[2024-10-06T03:05:51.993+0000] {logging_mixin.py:190} WARNING - [2024-10-06 03:05:51] - airflow.models.dag - INFO      - bulk_write_to_db - line 3239 - Sync 1 DAGs
[2024-10-06T03:05:52.019+0000] {logging_mixin.py:190} WARNING - [2024-10-06 03:05:52] - airflow.models.dag - INFO      - calculate_dagrun_date_fields - line 4180 - Setting next_dagrun for crawl_to_kafka to 2024-10-05 00:00:00+00:00, run_after=2024-10-06 00:00:00+00:00
[2024-10-06T03:05:52.042+0000] {processor.py:208} INFO - Processing /opt/airflow/dags/crawl_to_kafka.py took 0.887 seconds
[2024-10-06T03:06:22.374+0000] {processor.py:186} INFO - Started process (PID=702) to work on /opt/airflow/dags/crawl_to_kafka.py
[2024-10-06T03:06:22.375+0000] {processor.py:914} INFO - Processing file /opt/airflow/dags/crawl_to_kafka.py for tasks to queue
[2024-10-06T03:06:22.378+0000] {logging_mixin.py:190} INFO - [2024-10-06T03:06:22.378+0000] {dagbag.py:588} INFO - Filling up the DagBag from /opt/airflow/dags/crawl_to_kafka.py
[2024-10-06T03:06:23.243+0000] {processor.py:925} INFO - DAG(s) 'crawl_to_kafka' retrieved from /opt/airflow/dags/crawl_to_kafka.py
[2024-10-06T03:06:23.278+0000] {logging_mixin.py:190} WARNING - [2024-10-06 03:06:23] - airflow.models.dag - INFO      - bulk_write_to_db - line 3239 - Sync 1 DAGs
[2024-10-06T03:06:23.306+0000] {logging_mixin.py:190} WARNING - [2024-10-06 03:06:23] - airflow.models.dag - INFO      - calculate_dagrun_date_fields - line 4180 - Setting next_dagrun for crawl_to_kafka to 2024-10-05 00:00:00+00:00, run_after=2024-10-06 00:00:00+00:00
[2024-10-06T03:06:23.327+0000] {processor.py:208} INFO - Processing /opt/airflow/dags/crawl_to_kafka.py took 0.964 seconds
[2024-10-06T03:06:53.693+0000] {processor.py:186} INFO - Started process (PID=714) to work on /opt/airflow/dags/crawl_to_kafka.py
[2024-10-06T03:06:53.698+0000] {processor.py:914} INFO - Processing file /opt/airflow/dags/crawl_to_kafka.py for tasks to queue
[2024-10-06T03:06:53.703+0000] {logging_mixin.py:190} INFO - [2024-10-06T03:06:53.702+0000] {dagbag.py:588} INFO - Filling up the DagBag from /opt/airflow/dags/crawl_to_kafka.py
[2024-10-06T03:06:54.860+0000] {processor.py:925} INFO - DAG(s) 'crawl_to_kafka' retrieved from /opt/airflow/dags/crawl_to_kafka.py
[2024-10-06T03:06:54.909+0000] {logging_mixin.py:190} WARNING - [2024-10-06 03:06:54] - airflow.models.dag - INFO      - bulk_write_to_db - line 3239 - Sync 1 DAGs
[2024-10-06T03:06:54.948+0000] {logging_mixin.py:190} WARNING - [2024-10-06 03:06:54] - airflow.models.dag - INFO      - calculate_dagrun_date_fields - line 4180 - Setting next_dagrun for crawl_to_kafka to 2024-10-05 00:00:00+00:00, run_after=2024-10-06 00:00:00+00:00
[2024-10-06T03:06:54.977+0000] {processor.py:208} INFO - Processing /opt/airflow/dags/crawl_to_kafka.py took 1.297 seconds
[2024-10-06T03:07:25.834+0000] {processor.py:186} INFO - Started process (PID=726) to work on /opt/airflow/dags/crawl_to_kafka.py
[2024-10-06T03:07:25.835+0000] {processor.py:914} INFO - Processing file /opt/airflow/dags/crawl_to_kafka.py for tasks to queue
[2024-10-06T03:07:25.838+0000] {logging_mixin.py:190} INFO - [2024-10-06T03:07:25.838+0000] {dagbag.py:588} INFO - Filling up the DagBag from /opt/airflow/dags/crawl_to_kafka.py
[2024-10-06T03:07:26.562+0000] {processor.py:925} INFO - DAG(s) 'crawl_to_kafka' retrieved from /opt/airflow/dags/crawl_to_kafka.py
[2024-10-06T03:07:26.596+0000] {logging_mixin.py:190} WARNING - [2024-10-06 03:07:26] - airflow.models.dag - INFO      - bulk_write_to_db - line 3239 - Sync 1 DAGs
[2024-10-06T03:07:26.622+0000] {logging_mixin.py:190} WARNING - [2024-10-06 03:07:26] - airflow.models.dag - INFO      - calculate_dagrun_date_fields - line 4180 - Setting next_dagrun for crawl_to_kafka to 2024-10-05 00:00:00+00:00, run_after=2024-10-06 00:00:00+00:00
[2024-10-06T03:07:26.647+0000] {processor.py:208} INFO - Processing /opt/airflow/dags/crawl_to_kafka.py took 0.824 seconds
[2024-10-06T03:07:57.074+0000] {processor.py:186} INFO - Started process (PID=739) to work on /opt/airflow/dags/crawl_to_kafka.py
[2024-10-06T03:07:57.076+0000] {processor.py:914} INFO - Processing file /opt/airflow/dags/crawl_to_kafka.py for tasks to queue
[2024-10-06T03:07:57.080+0000] {logging_mixin.py:190} INFO - [2024-10-06T03:07:57.079+0000] {dagbag.py:588} INFO - Filling up the DagBag from /opt/airflow/dags/crawl_to_kafka.py
[2024-10-06T03:07:57.831+0000] {processor.py:925} INFO - DAG(s) 'crawl_to_kafka' retrieved from /opt/airflow/dags/crawl_to_kafka.py
[2024-10-06T03:07:57.866+0000] {logging_mixin.py:190} WARNING - [2024-10-06 03:07:57] - airflow.models.dag - INFO      - bulk_write_to_db - line 3239 - Sync 1 DAGs
[2024-10-06T03:07:57.894+0000] {logging_mixin.py:190} WARNING - [2024-10-06 03:07:57] - airflow.models.dag - INFO      - calculate_dagrun_date_fields - line 4180 - Setting next_dagrun for crawl_to_kafka to 2024-10-05 00:00:00+00:00, run_after=2024-10-06 00:00:00+00:00
[2024-10-06T03:07:57.916+0000] {processor.py:208} INFO - Processing /opt/airflow/dags/crawl_to_kafka.py took 0.853 seconds
[2024-10-06T03:08:28.544+0000] {processor.py:186} INFO - Started process (PID=751) to work on /opt/airflow/dags/crawl_to_kafka.py
[2024-10-06T03:08:28.546+0000] {processor.py:914} INFO - Processing file /opt/airflow/dags/crawl_to_kafka.py for tasks to queue
[2024-10-06T03:08:28.549+0000] {logging_mixin.py:190} INFO - [2024-10-06T03:08:28.549+0000] {dagbag.py:588} INFO - Filling up the DagBag from /opt/airflow/dags/crawl_to_kafka.py
[2024-10-06T03:08:29.292+0000] {processor.py:925} INFO - DAG(s) 'crawl_to_kafka' retrieved from /opt/airflow/dags/crawl_to_kafka.py
[2024-10-06T03:08:29.327+0000] {logging_mixin.py:190} WARNING - [2024-10-06 03:08:29] - airflow.models.dag - INFO      - bulk_write_to_db - line 3239 - Sync 1 DAGs
[2024-10-06T03:08:29.353+0000] {logging_mixin.py:190} WARNING - [2024-10-06 03:08:29] - airflow.models.dag - INFO      - calculate_dagrun_date_fields - line 4180 - Setting next_dagrun for crawl_to_kafka to 2024-10-05 00:00:00+00:00, run_after=2024-10-06 00:00:00+00:00
[2024-10-06T03:08:29.375+0000] {processor.py:208} INFO - Processing /opt/airflow/dags/crawl_to_kafka.py took 0.843 seconds
[2024-10-06T03:08:59.873+0000] {processor.py:186} INFO - Started process (PID=762) to work on /opt/airflow/dags/crawl_to_kafka.py
[2024-10-06T03:08:59.875+0000] {processor.py:914} INFO - Processing file /opt/airflow/dags/crawl_to_kafka.py for tasks to queue
[2024-10-06T03:08:59.879+0000] {logging_mixin.py:190} INFO - [2024-10-06T03:08:59.878+0000] {dagbag.py:588} INFO - Filling up the DagBag from /opt/airflow/dags/crawl_to_kafka.py
[2024-10-06T03:09:00.638+0000] {processor.py:925} INFO - DAG(s) 'crawl_to_kafka' retrieved from /opt/airflow/dags/crawl_to_kafka.py
[2024-10-06T03:09:00.672+0000] {logging_mixin.py:190} WARNING - [2024-10-06 03:09:00] - airflow.models.dag - INFO      - bulk_write_to_db - line 3239 - Sync 1 DAGs
[2024-10-06T03:09:00.701+0000] {logging_mixin.py:190} WARNING - [2024-10-06 03:09:00] - airflow.models.dag - INFO      - calculate_dagrun_date_fields - line 4180 - Setting next_dagrun for crawl_to_kafka to 2024-10-05 00:00:00+00:00, run_after=2024-10-06 00:00:00+00:00
[2024-10-06T03:09:00.724+0000] {processor.py:208} INFO - Processing /opt/airflow/dags/crawl_to_kafka.py took 0.862 seconds
[2024-10-06T03:09:31.184+0000] {processor.py:186} INFO - Started process (PID=774) to work on /opt/airflow/dags/crawl_to_kafka.py
[2024-10-06T03:09:31.187+0000] {processor.py:914} INFO - Processing file /opt/airflow/dags/crawl_to_kafka.py for tasks to queue
[2024-10-06T03:09:31.191+0000] {logging_mixin.py:190} INFO - [2024-10-06T03:09:31.190+0000] {dagbag.py:588} INFO - Filling up the DagBag from /opt/airflow/dags/crawl_to_kafka.py
[2024-10-06T03:09:31.940+0000] {processor.py:925} INFO - DAG(s) 'crawl_to_kafka' retrieved from /opt/airflow/dags/crawl_to_kafka.py
[2024-10-06T03:09:31.973+0000] {logging_mixin.py:190} WARNING - [2024-10-06 03:09:31] - airflow.models.dag - INFO      - bulk_write_to_db - line 3239 - Sync 1 DAGs
[2024-10-06T03:09:32.001+0000] {logging_mixin.py:190} WARNING - [2024-10-06 03:09:32] - airflow.models.dag - INFO      - calculate_dagrun_date_fields - line 4180 - Setting next_dagrun for crawl_to_kafka to 2024-10-05 00:00:00+00:00, run_after=2024-10-06 00:00:00+00:00
[2024-10-06T03:09:32.023+0000] {processor.py:208} INFO - Processing /opt/airflow/dags/crawl_to_kafka.py took 0.850 seconds
[2024-10-06T03:10:02.467+0000] {processor.py:186} INFO - Started process (PID=786) to work on /opt/airflow/dags/crawl_to_kafka.py
[2024-10-06T03:10:02.468+0000] {processor.py:914} INFO - Processing file /opt/airflow/dags/crawl_to_kafka.py for tasks to queue
[2024-10-06T03:10:02.471+0000] {logging_mixin.py:190} INFO - [2024-10-06T03:10:02.471+0000] {dagbag.py:588} INFO - Filling up the DagBag from /opt/airflow/dags/crawl_to_kafka.py
[2024-10-06T03:10:03.540+0000] {processor.py:925} INFO - DAG(s) 'crawl_to_kafka' retrieved from /opt/airflow/dags/crawl_to_kafka.py
[2024-10-06T03:10:03.576+0000] {logging_mixin.py:190} WARNING - [2024-10-06 03:10:03] - airflow.models.dag - INFO      - bulk_write_to_db - line 3239 - Sync 1 DAGs
[2024-10-06T03:10:03.602+0000] {logging_mixin.py:190} WARNING - [2024-10-06 03:10:03] - airflow.models.dag - INFO      - calculate_dagrun_date_fields - line 4180 - Setting next_dagrun for crawl_to_kafka to 2024-10-05 00:00:00+00:00, run_after=2024-10-06 00:00:00+00:00
[2024-10-06T03:10:03.624+0000] {processor.py:208} INFO - Processing /opt/airflow/dags/crawl_to_kafka.py took 1.168 seconds
[2024-10-06T03:10:33.944+0000] {processor.py:186} INFO - Started process (PID=799) to work on /opt/airflow/dags/crawl_to_kafka.py
[2024-10-06T03:10:33.954+0000] {processor.py:914} INFO - Processing file /opt/airflow/dags/crawl_to_kafka.py for tasks to queue
[2024-10-06T03:10:33.967+0000] {logging_mixin.py:190} INFO - [2024-10-06T03:10:33.966+0000] {dagbag.py:588} INFO - Filling up the DagBag from /opt/airflow/dags/crawl_to_kafka.py
[2024-10-06T03:10:35.865+0000] {processor.py:925} INFO - DAG(s) 'crawl_to_kafka' retrieved from /opt/airflow/dags/crawl_to_kafka.py
[2024-10-06T03:10:35.911+0000] {logging_mixin.py:190} WARNING - [2024-10-06 03:10:35] - airflow.models.dag - INFO      - bulk_write_to_db - line 3239 - Sync 1 DAGs
[2024-10-06T03:10:35.955+0000] {logging_mixin.py:190} WARNING - [2024-10-06 03:10:35] - airflow.models.dag - INFO      - calculate_dagrun_date_fields - line 4180 - Setting next_dagrun for crawl_to_kafka to 2024-10-05 00:00:00+00:00, run_after=2024-10-06 00:00:00+00:00
[2024-10-06T03:10:35.985+0000] {processor.py:208} INFO - Processing /opt/airflow/dags/crawl_to_kafka.py took 2.069 seconds
[2024-10-06T03:11:06.105+0000] {processor.py:186} INFO - Started process (PID=811) to work on /opt/airflow/dags/crawl_to_kafka.py
[2024-10-06T03:11:06.107+0000] {processor.py:914} INFO - Processing file /opt/airflow/dags/crawl_to_kafka.py for tasks to queue
[2024-10-06T03:11:06.110+0000] {logging_mixin.py:190} INFO - [2024-10-06T03:11:06.110+0000] {dagbag.py:588} INFO - Filling up the DagBag from /opt/airflow/dags/crawl_to_kafka.py
[2024-10-06T03:11:07.700+0000] {processor.py:925} INFO - DAG(s) 'crawl_to_kafka' retrieved from /opt/airflow/dags/crawl_to_kafka.py
[2024-10-06T03:11:07.765+0000] {logging_mixin.py:190} WARNING - [2024-10-06 03:11:07] - airflow.models.dag - INFO      - bulk_write_to_db - line 3239 - Sync 1 DAGs
[2024-10-06T03:11:07.855+0000] {logging_mixin.py:190} WARNING - [2024-10-06 03:11:07] - airflow.models.dag - INFO      - calculate_dagrun_date_fields - line 4180 - Setting next_dagrun for crawl_to_kafka to 2024-10-05 00:00:00+00:00, run_after=2024-10-06 00:00:00+00:00
[2024-10-06T03:11:07.943+0000] {processor.py:208} INFO - Processing /opt/airflow/dags/crawl_to_kafka.py took 1.849 seconds
[2024-10-06T03:11:38.093+0000] {processor.py:186} INFO - Started process (PID=823) to work on /opt/airflow/dags/crawl_to_kafka.py
[2024-10-06T03:11:38.096+0000] {processor.py:914} INFO - Processing file /opt/airflow/dags/crawl_to_kafka.py for tasks to queue
[2024-10-06T03:11:38.101+0000] {logging_mixin.py:190} INFO - [2024-10-06T03:11:38.101+0000] {dagbag.py:588} INFO - Filling up the DagBag from /opt/airflow/dags/crawl_to_kafka.py
[2024-10-06T03:11:40.011+0000] {processor.py:925} INFO - DAG(s) 'crawl_to_kafka' retrieved from /opt/airflow/dags/crawl_to_kafka.py
[2024-10-06T03:11:40.134+0000] {logging_mixin.py:190} WARNING - [2024-10-06 03:11:40] - airflow.models.dag - INFO      - bulk_write_to_db - line 3239 - Sync 1 DAGs
[2024-10-06T03:11:40.236+0000] {logging_mixin.py:190} WARNING - [2024-10-06 03:11:40] - airflow.models.dag - INFO      - calculate_dagrun_date_fields - line 4180 - Setting next_dagrun for crawl_to_kafka to 2024-10-05 00:00:00+00:00, run_after=2024-10-06 00:00:00+00:00
[2024-10-06T03:11:40.303+0000] {processor.py:208} INFO - Processing /opt/airflow/dags/crawl_to_kafka.py took 2.234 seconds
[2024-10-06T03:12:10.497+0000] {processor.py:186} INFO - Started process (PID=835) to work on /opt/airflow/dags/crawl_to_kafka.py
[2024-10-06T03:12:10.499+0000] {processor.py:914} INFO - Processing file /opt/airflow/dags/crawl_to_kafka.py for tasks to queue
[2024-10-06T03:12:10.503+0000] {logging_mixin.py:190} INFO - [2024-10-06T03:12:10.502+0000] {dagbag.py:588} INFO - Filling up the DagBag from /opt/airflow/dags/crawl_to_kafka.py
[2024-10-06T03:12:11.224+0000] {processor.py:925} INFO - DAG(s) 'crawl_to_kafka' retrieved from /opt/airflow/dags/crawl_to_kafka.py
[2024-10-06T03:12:11.258+0000] {logging_mixin.py:190} WARNING - [2024-10-06 03:12:11] - airflow.models.dag - INFO      - bulk_write_to_db - line 3239 - Sync 1 DAGs
[2024-10-06T03:12:11.286+0000] {logging_mixin.py:190} WARNING - [2024-10-06 03:12:11] - airflow.models.dag - INFO      - calculate_dagrun_date_fields - line 4180 - Setting next_dagrun for crawl_to_kafka to 2024-10-05 00:00:00+00:00, run_after=2024-10-06 00:00:00+00:00
[2024-10-06T03:12:11.309+0000] {processor.py:208} INFO - Processing /opt/airflow/dags/crawl_to_kafka.py took 0.822 seconds
[2024-10-06T03:12:41.619+0000] {processor.py:186} INFO - Started process (PID=846) to work on /opt/airflow/dags/crawl_to_kafka.py
[2024-10-06T03:12:41.623+0000] {processor.py:914} INFO - Processing file /opt/airflow/dags/crawl_to_kafka.py for tasks to queue
[2024-10-06T03:12:41.631+0000] {logging_mixin.py:190} INFO - [2024-10-06T03:12:41.630+0000] {dagbag.py:588} INFO - Filling up the DagBag from /opt/airflow/dags/crawl_to_kafka.py
[2024-10-06T03:12:42.670+0000] {processor.py:925} INFO - DAG(s) 'crawl_to_kafka' retrieved from /opt/airflow/dags/crawl_to_kafka.py
[2024-10-06T03:12:42.705+0000] {logging_mixin.py:190} WARNING - [2024-10-06 03:12:42] - airflow.models.dag - INFO      - bulk_write_to_db - line 3239 - Sync 1 DAGs
[2024-10-06T03:12:42.731+0000] {logging_mixin.py:190} WARNING - [2024-10-06 03:12:42] - airflow.models.dag - INFO      - calculate_dagrun_date_fields - line 4180 - Setting next_dagrun for crawl_to_kafka to 2024-10-05 00:00:00+00:00, run_after=2024-10-06 00:00:00+00:00
[2024-10-06T03:12:42.751+0000] {processor.py:208} INFO - Processing /opt/airflow/dags/crawl_to_kafka.py took 1.152 seconds
[2024-10-06T03:13:13.222+0000] {processor.py:186} INFO - Started process (PID=858) to work on /opt/airflow/dags/crawl_to_kafka.py
[2024-10-06T03:13:13.225+0000] {processor.py:914} INFO - Processing file /opt/airflow/dags/crawl_to_kafka.py for tasks to queue
[2024-10-06T03:13:13.229+0000] {logging_mixin.py:190} INFO - [2024-10-06T03:13:13.229+0000] {dagbag.py:588} INFO - Filling up the DagBag from /opt/airflow/dags/crawl_to_kafka.py
[2024-10-06T03:13:14.680+0000] {processor.py:925} INFO - DAG(s) 'crawl_to_kafka' retrieved from /opt/airflow/dags/crawl_to_kafka.py
[2024-10-06T03:13:14.820+0000] {logging_mixin.py:190} WARNING - [2024-10-06 03:13:14] - airflow.models.dag - INFO      - bulk_write_to_db - line 3239 - Sync 1 DAGs
[2024-10-06T03:13:14.906+0000] {logging_mixin.py:190} WARNING - [2024-10-06 03:13:14] - airflow.models.dag - INFO      - calculate_dagrun_date_fields - line 4180 - Setting next_dagrun for crawl_to_kafka to 2024-10-05 00:00:00+00:00, run_after=2024-10-06 00:00:00+00:00
[2024-10-06T03:13:14.972+0000] {processor.py:208} INFO - Processing /opt/airflow/dags/crawl_to_kafka.py took 1.764 seconds
[2024-10-06T03:13:45.420+0000] {processor.py:186} INFO - Started process (PID=876) to work on /opt/airflow/dags/crawl_to_kafka.py
[2024-10-06T03:13:45.424+0000] {processor.py:914} INFO - Processing file /opt/airflow/dags/crawl_to_kafka.py for tasks to queue
[2024-10-06T03:13:45.428+0000] {logging_mixin.py:190} INFO - [2024-10-06T03:13:45.427+0000] {dagbag.py:588} INFO - Filling up the DagBag from /opt/airflow/dags/crawl_to_kafka.py
[2024-10-06T03:13:46.206+0000] {processor.py:925} INFO - DAG(s) 'crawl_to_kafka' retrieved from /opt/airflow/dags/crawl_to_kafka.py
[2024-10-06T03:13:46.241+0000] {logging_mixin.py:190} WARNING - [2024-10-06 03:13:46] - airflow.models.dag - INFO      - bulk_write_to_db - line 3239 - Sync 1 DAGs
[2024-10-06T03:13:46.269+0000] {logging_mixin.py:190} WARNING - [2024-10-06 03:13:46] - airflow.models.dag - INFO      - calculate_dagrun_date_fields - line 4180 - Setting next_dagrun for crawl_to_kafka to 2024-10-05 00:00:00+00:00, run_after=2024-10-06 00:00:00+00:00
[2024-10-06T03:13:46.292+0000] {processor.py:208} INFO - Processing /opt/airflow/dags/crawl_to_kafka.py took 0.882 seconds
[2024-10-06T03:14:16.366+0000] {processor.py:186} INFO - Started process (PID=888) to work on /opt/airflow/dags/crawl_to_kafka.py
[2024-10-06T03:14:16.368+0000] {processor.py:914} INFO - Processing file /opt/airflow/dags/crawl_to_kafka.py for tasks to queue
[2024-10-06T03:14:16.372+0000] {logging_mixin.py:190} INFO - [2024-10-06T03:14:16.371+0000] {dagbag.py:588} INFO - Filling up the DagBag from /opt/airflow/dags/crawl_to_kafka.py
[2024-10-06T03:14:17.136+0000] {processor.py:925} INFO - DAG(s) 'crawl_to_kafka' retrieved from /opt/airflow/dags/crawl_to_kafka.py
[2024-10-06T03:14:17.181+0000] {logging_mixin.py:190} WARNING - [2024-10-06 03:14:17] - airflow.models.dag - INFO      - bulk_write_to_db - line 3239 - Sync 1 DAGs
[2024-10-06T03:14:17.208+0000] {logging_mixin.py:190} WARNING - [2024-10-06 03:14:17] - airflow.models.dag - INFO      - calculate_dagrun_date_fields - line 4180 - Setting next_dagrun for crawl_to_kafka to 2024-10-05 00:00:00+00:00, run_after=2024-10-06 00:00:00+00:00
[2024-10-06T03:14:17.230+0000] {processor.py:208} INFO - Processing /opt/airflow/dags/crawl_to_kafka.py took 0.874 seconds
[2024-10-06T03:14:47.282+0000] {processor.py:186} INFO - Started process (PID=900) to work on /opt/airflow/dags/crawl_to_kafka.py
[2024-10-06T03:14:47.283+0000] {processor.py:914} INFO - Processing file /opt/airflow/dags/crawl_to_kafka.py for tasks to queue
[2024-10-06T03:14:47.287+0000] {logging_mixin.py:190} INFO - [2024-10-06T03:14:47.286+0000] {dagbag.py:588} INFO - Filling up the DagBag from /opt/airflow/dags/crawl_to_kafka.py
[2024-10-06T03:14:48.029+0000] {processor.py:925} INFO - DAG(s) 'crawl_to_kafka' retrieved from /opt/airflow/dags/crawl_to_kafka.py
[2024-10-06T03:14:48.063+0000] {logging_mixin.py:190} WARNING - [2024-10-06 03:14:48] - airflow.models.dag - INFO      - bulk_write_to_db - line 3239 - Sync 1 DAGs
[2024-10-06T03:14:48.090+0000] {logging_mixin.py:190} WARNING - [2024-10-06 03:14:48] - airflow.models.dag - INFO      - calculate_dagrun_date_fields - line 4180 - Setting next_dagrun for crawl_to_kafka to 2024-10-05 00:00:00+00:00, run_after=2024-10-06 00:00:00+00:00
[2024-10-06T03:14:48.113+0000] {processor.py:208} INFO - Processing /opt/airflow/dags/crawl_to_kafka.py took 0.842 seconds
[2024-10-06T03:15:18.376+0000] {processor.py:186} INFO - Started process (PID=912) to work on /opt/airflow/dags/crawl_to_kafka.py
[2024-10-06T03:15:18.378+0000] {processor.py:914} INFO - Processing file /opt/airflow/dags/crawl_to_kafka.py for tasks to queue
[2024-10-06T03:15:18.382+0000] {logging_mixin.py:190} INFO - [2024-10-06T03:15:18.382+0000] {dagbag.py:588} INFO - Filling up the DagBag from /opt/airflow/dags/crawl_to_kafka.py
[2024-10-06T03:15:19.153+0000] {processor.py:925} INFO - DAG(s) 'crawl_to_kafka' retrieved from /opt/airflow/dags/crawl_to_kafka.py
[2024-10-06T03:15:19.188+0000] {logging_mixin.py:190} WARNING - [2024-10-06 03:15:19] - airflow.models.dag - INFO      - bulk_write_to_db - line 3239 - Sync 1 DAGs
[2024-10-06T03:15:19.216+0000] {logging_mixin.py:190} WARNING - [2024-10-06 03:15:19] - airflow.models.dag - INFO      - calculate_dagrun_date_fields - line 4180 - Setting next_dagrun for crawl_to_kafka to 2024-10-05 00:00:00+00:00, run_after=2024-10-06 00:00:00+00:00
[2024-10-06T03:15:19.238+0000] {processor.py:208} INFO - Processing /opt/airflow/dags/crawl_to_kafka.py took 0.876 seconds
[2024-10-06T03:15:49.574+0000] {processor.py:186} INFO - Started process (PID=924) to work on /opt/airflow/dags/crawl_to_kafka.py
[2024-10-06T03:15:49.576+0000] {processor.py:914} INFO - Processing file /opt/airflow/dags/crawl_to_kafka.py for tasks to queue
[2024-10-06T03:15:49.579+0000] {logging_mixin.py:190} INFO - [2024-10-06T03:15:49.579+0000] {dagbag.py:588} INFO - Filling up the DagBag from /opt/airflow/dags/crawl_to_kafka.py
[2024-10-06T03:15:50.375+0000] {processor.py:925} INFO - DAG(s) 'crawl_to_kafka' retrieved from /opt/airflow/dags/crawl_to_kafka.py
[2024-10-06T03:15:50.415+0000] {logging_mixin.py:190} WARNING - [2024-10-06 03:15:50] - airflow.models.dag - INFO      - bulk_write_to_db - line 3239 - Sync 1 DAGs
[2024-10-06T03:15:50.452+0000] {logging_mixin.py:190} WARNING - [2024-10-06 03:15:50] - airflow.models.dag - INFO      - calculate_dagrun_date_fields - line 4180 - Setting next_dagrun for crawl_to_kafka to 2024-10-05 00:00:00+00:00, run_after=2024-10-06 00:00:00+00:00
[2024-10-06T03:15:50.473+0000] {processor.py:208} INFO - Processing /opt/airflow/dags/crawl_to_kafka.py took 0.910 seconds
[2024-10-06T03:16:20.991+0000] {processor.py:186} INFO - Started process (PID=936) to work on /opt/airflow/dags/crawl_to_kafka.py
[2024-10-06T03:16:20.994+0000] {processor.py:914} INFO - Processing file /opt/airflow/dags/crawl_to_kafka.py for tasks to queue
[2024-10-06T03:16:20.997+0000] {logging_mixin.py:190} INFO - [2024-10-06T03:16:20.997+0000] {dagbag.py:588} INFO - Filling up the DagBag from /opt/airflow/dags/crawl_to_kafka.py
[2024-10-06T03:16:21.795+0000] {processor.py:925} INFO - DAG(s) 'crawl_to_kafka' retrieved from /opt/airflow/dags/crawl_to_kafka.py
[2024-10-06T03:16:21.828+0000] {logging_mixin.py:190} WARNING - [2024-10-06 03:16:21] - airflow.models.dag - INFO      - bulk_write_to_db - line 3239 - Sync 1 DAGs
[2024-10-06T03:16:21.854+0000] {logging_mixin.py:190} WARNING - [2024-10-06 03:16:21] - airflow.models.dag - INFO      - calculate_dagrun_date_fields - line 4180 - Setting next_dagrun for crawl_to_kafka to 2024-10-05 00:00:00+00:00, run_after=2024-10-06 00:00:00+00:00
[2024-10-06T03:16:21.874+0000] {processor.py:208} INFO - Processing /opt/airflow/dags/crawl_to_kafka.py took 0.894 seconds
[2024-10-06T03:16:52.240+0000] {processor.py:186} INFO - Started process (PID=948) to work on /opt/airflow/dags/crawl_to_kafka.py
[2024-10-06T03:16:52.242+0000] {processor.py:914} INFO - Processing file /opt/airflow/dags/crawl_to_kafka.py for tasks to queue
[2024-10-06T03:16:52.246+0000] {logging_mixin.py:190} INFO - [2024-10-06T03:16:52.246+0000] {dagbag.py:588} INFO - Filling up the DagBag from /opt/airflow/dags/crawl_to_kafka.py
[2024-10-06T03:16:52.957+0000] {processor.py:925} INFO - DAG(s) 'crawl_to_kafka' retrieved from /opt/airflow/dags/crawl_to_kafka.py
[2024-10-06T03:16:52.990+0000] {logging_mixin.py:190} WARNING - [2024-10-06 03:16:52] - airflow.models.dag - INFO      - bulk_write_to_db - line 3239 - Sync 1 DAGs
[2024-10-06T03:16:53.019+0000] {logging_mixin.py:190} WARNING - [2024-10-06 03:16:53] - airflow.models.dag - INFO      - calculate_dagrun_date_fields - line 4180 - Setting next_dagrun for crawl_to_kafka to 2024-10-05 00:00:00+00:00, run_after=2024-10-06 00:00:00+00:00
[2024-10-06T03:16:53.041+0000] {processor.py:208} INFO - Processing /opt/airflow/dags/crawl_to_kafka.py took 0.813 seconds
[2024-10-06T03:17:23.197+0000] {processor.py:186} INFO - Started process (PID=959) to work on /opt/airflow/dags/crawl_to_kafka.py
[2024-10-06T03:17:23.201+0000] {processor.py:914} INFO - Processing file /opt/airflow/dags/crawl_to_kafka.py for tasks to queue
[2024-10-06T03:17:23.204+0000] {logging_mixin.py:190} INFO - [2024-10-06T03:17:23.204+0000] {dagbag.py:588} INFO - Filling up the DagBag from /opt/airflow/dags/crawl_to_kafka.py
[2024-10-06T03:17:23.964+0000] {processor.py:925} INFO - DAG(s) 'crawl_to_kafka' retrieved from /opt/airflow/dags/crawl_to_kafka.py
[2024-10-06T03:17:24.001+0000] {logging_mixin.py:190} WARNING - [2024-10-06 03:17:24] - airflow.models.dag - INFO      - bulk_write_to_db - line 3239 - Sync 1 DAGs
[2024-10-06T03:17:24.027+0000] {logging_mixin.py:190} WARNING - [2024-10-06 03:17:24] - airflow.models.dag - INFO      - calculate_dagrun_date_fields - line 4180 - Setting next_dagrun for crawl_to_kafka to 2024-10-05 00:00:00+00:00, run_after=2024-10-06 00:00:00+00:00
[2024-10-06T03:17:24.050+0000] {processor.py:208} INFO - Processing /opt/airflow/dags/crawl_to_kafka.py took 0.864 seconds
[2024-10-06T03:17:54.240+0000] {processor.py:186} INFO - Started process (PID=971) to work on /opt/airflow/dags/crawl_to_kafka.py
[2024-10-06T03:17:54.244+0000] {processor.py:914} INFO - Processing file /opt/airflow/dags/crawl_to_kafka.py for tasks to queue
[2024-10-06T03:17:54.248+0000] {logging_mixin.py:190} INFO - [2024-10-06T03:17:54.248+0000] {dagbag.py:588} INFO - Filling up the DagBag from /opt/airflow/dags/crawl_to_kafka.py
[2024-10-06T03:17:55.432+0000] {processor.py:925} INFO - DAG(s) 'crawl_to_kafka' retrieved from /opt/airflow/dags/crawl_to_kafka.py
[2024-10-06T03:17:55.499+0000] {logging_mixin.py:190} WARNING - [2024-10-06 03:17:55] - airflow.models.dag - INFO      - bulk_write_to_db - line 3239 - Sync 1 DAGs
[2024-10-06T03:17:55.539+0000] {logging_mixin.py:190} WARNING - [2024-10-06 03:17:55] - airflow.models.dag - INFO      - calculate_dagrun_date_fields - line 4180 - Setting next_dagrun for crawl_to_kafka to 2024-10-05 00:00:00+00:00, run_after=2024-10-06 00:00:00+00:00
[2024-10-06T03:17:55.593+0000] {processor.py:208} INFO - Processing /opt/airflow/dags/crawl_to_kafka.py took 1.368 seconds
[2024-10-06T03:18:26.184+0000] {processor.py:186} INFO - Started process (PID=983) to work on /opt/airflow/dags/crawl_to_kafka.py
[2024-10-06T03:18:26.185+0000] {processor.py:914} INFO - Processing file /opt/airflow/dags/crawl_to_kafka.py for tasks to queue
[2024-10-06T03:18:26.189+0000] {logging_mixin.py:190} INFO - [2024-10-06T03:18:26.188+0000] {dagbag.py:588} INFO - Filling up the DagBag from /opt/airflow/dags/crawl_to_kafka.py
[2024-10-06T03:18:26.930+0000] {processor.py:925} INFO - DAG(s) 'crawl_to_kafka' retrieved from /opt/airflow/dags/crawl_to_kafka.py
[2024-10-06T03:18:26.962+0000] {logging_mixin.py:190} WARNING - [2024-10-06 03:18:26] - airflow.models.dag - INFO      - bulk_write_to_db - line 3239 - Sync 1 DAGs
[2024-10-06T03:18:26.990+0000] {logging_mixin.py:190} WARNING - [2024-10-06 03:18:26] - airflow.models.dag - INFO      - calculate_dagrun_date_fields - line 4180 - Setting next_dagrun for crawl_to_kafka to 2024-10-05 00:00:00+00:00, run_after=2024-10-06 00:00:00+00:00
[2024-10-06T03:18:27.013+0000] {processor.py:208} INFO - Processing /opt/airflow/dags/crawl_to_kafka.py took 0.841 seconds
[2024-10-06T03:18:57.797+0000] {processor.py:186} INFO - Started process (PID=995) to work on /opt/airflow/dags/crawl_to_kafka.py
[2024-10-06T03:18:57.798+0000] {processor.py:914} INFO - Processing file /opt/airflow/dags/crawl_to_kafka.py for tasks to queue
[2024-10-06T03:18:57.803+0000] {logging_mixin.py:190} INFO - [2024-10-06T03:18:57.802+0000] {dagbag.py:588} INFO - Filling up the DagBag from /opt/airflow/dags/crawl_to_kafka.py
[2024-10-06T03:18:59.629+0000] {processor.py:925} INFO - DAG(s) 'crawl_to_kafka' retrieved from /opt/airflow/dags/crawl_to_kafka.py
[2024-10-06T03:18:59.734+0000] {logging_mixin.py:190} WARNING - [2024-10-06 03:18:59] - airflow.models.dag - INFO      - bulk_write_to_db - line 3239 - Sync 1 DAGs
[2024-10-06T03:18:59.773+0000] {logging_mixin.py:190} WARNING - [2024-10-06 03:18:59] - airflow.models.dag - INFO      - calculate_dagrun_date_fields - line 4180 - Setting next_dagrun for crawl_to_kafka to 2024-10-05 00:00:00+00:00, run_after=2024-10-06 00:00:00+00:00
[2024-10-06T03:18:59.807+0000] {processor.py:208} INFO - Processing /opt/airflow/dags/crawl_to_kafka.py took 2.033 seconds
[2024-10-06T03:19:30.607+0000] {processor.py:186} INFO - Started process (PID=1009) to work on /opt/airflow/dags/crawl_to_kafka.py
[2024-10-06T03:19:30.611+0000] {processor.py:914} INFO - Processing file /opt/airflow/dags/crawl_to_kafka.py for tasks to queue
[2024-10-06T03:19:30.623+0000] {logging_mixin.py:190} INFO - [2024-10-06T03:19:30.623+0000] {dagbag.py:588} INFO - Filling up the DagBag from /opt/airflow/dags/crawl_to_kafka.py
[2024-10-06T03:19:32.959+0000] {processor.py:925} INFO - DAG(s) 'crawl_to_kafka' retrieved from /opt/airflow/dags/crawl_to_kafka.py
[2024-10-06T03:19:33.009+0000] {logging_mixin.py:190} WARNING - [2024-10-06 03:19:33] - airflow.models.dag - INFO      - bulk_write_to_db - line 3239 - Sync 1 DAGs
[2024-10-06T03:19:33.047+0000] {logging_mixin.py:190} WARNING - [2024-10-06 03:19:33] - airflow.models.dag - INFO      - calculate_dagrun_date_fields - line 4180 - Setting next_dagrun for crawl_to_kafka to 2024-10-05 00:00:00+00:00, run_after=2024-10-06 00:00:00+00:00
[2024-10-06T03:19:33.078+0000] {processor.py:208} INFO - Processing /opt/airflow/dags/crawl_to_kafka.py took 2.502 seconds
[2024-10-06T03:20:03.663+0000] {processor.py:186} INFO - Started process (PID=1021) to work on /opt/airflow/dags/crawl_to_kafka.py
[2024-10-06T03:20:03.665+0000] {processor.py:914} INFO - Processing file /opt/airflow/dags/crawl_to_kafka.py for tasks to queue
[2024-10-06T03:20:03.672+0000] {logging_mixin.py:190} INFO - [2024-10-06T03:20:03.672+0000] {dagbag.py:588} INFO - Filling up the DagBag from /opt/airflow/dags/crawl_to_kafka.py
[2024-10-06T03:20:05.082+0000] {processor.py:925} INFO - DAG(s) 'crawl_to_kafka' retrieved from /opt/airflow/dags/crawl_to_kafka.py
[2024-10-06T03:20:05.180+0000] {logging_mixin.py:190} WARNING - [2024-10-06 03:20:05] - airflow.models.dag - INFO      - bulk_write_to_db - line 3239 - Sync 1 DAGs
[2024-10-06T03:20:05.274+0000] {logging_mixin.py:190} WARNING - [2024-10-06 03:20:05] - airflow.models.dag - INFO      - calculate_dagrun_date_fields - line 4180 - Setting next_dagrun for crawl_to_kafka to 2024-10-05 00:00:00+00:00, run_after=2024-10-06 00:00:00+00:00
[2024-10-06T03:20:05.319+0000] {processor.py:208} INFO - Processing /opt/airflow/dags/crawl_to_kafka.py took 1.671 seconds
[2024-10-06T03:20:36.005+0000] {processor.py:186} INFO - Started process (PID=1034) to work on /opt/airflow/dags/crawl_to_kafka.py
[2024-10-06T03:20:36.007+0000] {processor.py:914} INFO - Processing file /opt/airflow/dags/crawl_to_kafka.py for tasks to queue
[2024-10-06T03:20:36.011+0000] {logging_mixin.py:190} INFO - [2024-10-06T03:20:36.011+0000] {dagbag.py:588} INFO - Filling up the DagBag from /opt/airflow/dags/crawl_to_kafka.py
[2024-10-06T03:20:36.797+0000] {processor.py:925} INFO - DAG(s) 'crawl_to_kafka' retrieved from /opt/airflow/dags/crawl_to_kafka.py
[2024-10-06T03:20:36.830+0000] {logging_mixin.py:190} WARNING - [2024-10-06 03:20:36] - airflow.models.dag - INFO      - bulk_write_to_db - line 3239 - Sync 1 DAGs
[2024-10-06T03:20:36.856+0000] {logging_mixin.py:190} WARNING - [2024-10-06 03:20:36] - airflow.models.dag - INFO      - calculate_dagrun_date_fields - line 4180 - Setting next_dagrun for crawl_to_kafka to 2024-10-05 00:00:00+00:00, run_after=2024-10-06 00:00:00+00:00
[2024-10-06T03:20:36.879+0000] {processor.py:208} INFO - Processing /opt/airflow/dags/crawl_to_kafka.py took 0.888 seconds
[2024-10-06T03:21:07.082+0000] {processor.py:186} INFO - Started process (PID=1046) to work on /opt/airflow/dags/crawl_to_kafka.py
[2024-10-06T03:21:07.085+0000] {processor.py:914} INFO - Processing file /opt/airflow/dags/crawl_to_kafka.py for tasks to queue
[2024-10-06T03:21:07.088+0000] {logging_mixin.py:190} INFO - [2024-10-06T03:21:07.087+0000] {dagbag.py:588} INFO - Filling up the DagBag from /opt/airflow/dags/crawl_to_kafka.py
[2024-10-06T03:21:07.620+0000] {processor.py:925} INFO - DAG(s) 'crawl_to_kafka' retrieved from /opt/airflow/dags/crawl_to_kafka.py
[2024-10-06T03:21:07.661+0000] {logging_mixin.py:190} WARNING - [2024-10-06 03:21:07] - airflow.models.dag - INFO      - bulk_write_to_db - line 3239 - Sync 1 DAGs
[2024-10-06T03:21:07.693+0000] {logging_mixin.py:190} WARNING - [2024-10-06 03:21:07] - airflow.models.dag - INFO      - calculate_dagrun_date_fields - line 4180 - Setting next_dagrun for crawl_to_kafka to 2024-10-05 00:00:00+00:00, run_after=2024-10-06 00:00:00+00:00
[2024-10-06T03:21:07.716+0000] {processor.py:208} INFO - Processing /opt/airflow/dags/crawl_to_kafka.py took 0.645 seconds
[2024-10-06T03:21:37.799+0000] {processor.py:186} INFO - Started process (PID=1057) to work on /opt/airflow/dags/crawl_to_kafka.py
[2024-10-06T03:21:37.800+0000] {processor.py:914} INFO - Processing file /opt/airflow/dags/crawl_to_kafka.py for tasks to queue
[2024-10-06T03:21:37.804+0000] {logging_mixin.py:190} INFO - [2024-10-06T03:21:37.803+0000] {dagbag.py:588} INFO - Filling up the DagBag from /opt/airflow/dags/crawl_to_kafka.py
[2024-10-06T03:21:38.330+0000] {processor.py:925} INFO - DAG(s) 'crawl_to_kafka' retrieved from /opt/airflow/dags/crawl_to_kafka.py
[2024-10-06T03:21:38.367+0000] {logging_mixin.py:190} WARNING - [2024-10-06 03:21:38] - airflow.models.dag - INFO      - bulk_write_to_db - line 3239 - Sync 1 DAGs
[2024-10-06T03:21:38.397+0000] {logging_mixin.py:190} WARNING - [2024-10-06 03:21:38] - airflow.models.dag - INFO      - calculate_dagrun_date_fields - line 4180 - Setting next_dagrun for crawl_to_kafka to 2024-10-05 00:00:00+00:00, run_after=2024-10-06 00:00:00+00:00
[2024-10-06T03:21:38.424+0000] {processor.py:208} INFO - Processing /opt/airflow/dags/crawl_to_kafka.py took 0.637 seconds
[2024-10-06T03:22:08.703+0000] {processor.py:186} INFO - Started process (PID=1068) to work on /opt/airflow/dags/crawl_to_kafka.py
[2024-10-06T03:22:08.705+0000] {processor.py:914} INFO - Processing file /opt/airflow/dags/crawl_to_kafka.py for tasks to queue
[2024-10-06T03:22:08.708+0000] {logging_mixin.py:190} INFO - [2024-10-06T03:22:08.707+0000] {dagbag.py:588} INFO - Filling up the DagBag from /opt/airflow/dags/crawl_to_kafka.py
[2024-10-06T03:22:09.240+0000] {processor.py:925} INFO - DAG(s) 'crawl_to_kafka' retrieved from /opt/airflow/dags/crawl_to_kafka.py
[2024-10-06T03:22:09.279+0000] {logging_mixin.py:190} WARNING - [2024-10-06 03:22:09] - airflow.models.dag - INFO      - bulk_write_to_db - line 3239 - Sync 1 DAGs
[2024-10-06T03:22:09.311+0000] {logging_mixin.py:190} WARNING - [2024-10-06 03:22:09] - airflow.models.dag - INFO      - calculate_dagrun_date_fields - line 4180 - Setting next_dagrun for crawl_to_kafka to 2024-10-05 00:00:00+00:00, run_after=2024-10-06 00:00:00+00:00
[2024-10-06T03:22:09.336+0000] {processor.py:208} INFO - Processing /opt/airflow/dags/crawl_to_kafka.py took 0.644 seconds
[2024-10-06T03:22:39.401+0000] {processor.py:186} INFO - Started process (PID=1079) to work on /opt/airflow/dags/crawl_to_kafka.py
[2024-10-06T03:22:39.403+0000] {processor.py:914} INFO - Processing file /opt/airflow/dags/crawl_to_kafka.py for tasks to queue
[2024-10-06T03:22:39.408+0000] {logging_mixin.py:190} INFO - [2024-10-06T03:22:39.407+0000] {dagbag.py:588} INFO - Filling up the DagBag from /opt/airflow/dags/crawl_to_kafka.py
[2024-10-06T03:22:40.280+0000] {processor.py:925} INFO - DAG(s) 'crawl_to_kafka' retrieved from /opt/airflow/dags/crawl_to_kafka.py
[2024-10-06T03:22:40.330+0000] {logging_mixin.py:190} WARNING - [2024-10-06 03:22:40] - airflow.models.dag - INFO      - bulk_write_to_db - line 3239 - Sync 1 DAGs
[2024-10-06T03:22:40.360+0000] {logging_mixin.py:190} WARNING - [2024-10-06 03:22:40] - airflow.models.dag - INFO      - calculate_dagrun_date_fields - line 4180 - Setting next_dagrun for crawl_to_kafka to 2024-10-05 00:00:00+00:00, run_after=2024-10-06 00:00:00+00:00
[2024-10-06T03:22:40.384+0000] {processor.py:208} INFO - Processing /opt/airflow/dags/crawl_to_kafka.py took 0.997 seconds
