[2024-10-06T02:37:29.934+0000] {processor.py:186} INFO - Started process (PID=30) to work on /opt/airflow/dags/kafka_to_minio.py
[2024-10-06T02:37:29.940+0000] {processor.py:914} INFO - Processing file /opt/airflow/dags/kafka_to_minio.py for tasks to queue
[2024-10-06T02:37:29.965+0000] {logging_mixin.py:190} INFO - [2024-10-06T02:37:29.952+0000] {dagbag.py:588} INFO - Filling up the DagBag from /opt/airflow/dags/kafka_to_minio.py
[2024-10-06T02:37:31.133+0000] {processor.py:925} INFO - DAG(s) 'kafka_to_minio' retrieved from /opt/airflow/dags/kafka_to_minio.py
[2024-10-06T02:37:32.979+0000] {logging_mixin.py:190} INFO - [2024-10-06T02:37:32.979+0000] {dag.py:3239} INFO - Sync 1 DAGs
[2024-10-06T02:37:33.154+0000] {logging_mixin.py:190} INFO - [2024-10-06T02:37:33.153+0000] {dag.py:4180} INFO - Setting next_dagrun for kafka_to_minio to 2024-10-06 01:00:00+00:00, run_after=2024-10-06 02:00:00+00:00
[2024-10-06T02:37:33.259+0000] {processor.py:208} INFO - Processing /opt/airflow/dags/kafka_to_minio.py took 3.389 seconds
[2024-10-06T02:38:03.366+0000] {processor.py:186} INFO - Started process (PID=41) to work on /opt/airflow/dags/kafka_to_minio.py
[2024-10-06T02:38:03.368+0000] {processor.py:914} INFO - Processing file /opt/airflow/dags/kafka_to_minio.py for tasks to queue
[2024-10-06T02:38:03.371+0000] {logging_mixin.py:190} INFO - [2024-10-06T02:38:03.371+0000] {dagbag.py:588} INFO - Filling up the DagBag from /opt/airflow/dags/kafka_to_minio.py
[2024-10-06T02:38:03.528+0000] {processor.py:925} INFO - DAG(s) 'kafka_to_minio' retrieved from /opt/airflow/dags/kafka_to_minio.py
[2024-10-06T02:38:03.775+0000] {logging_mixin.py:190} INFO - [2024-10-06T02:38:03.774+0000] {dag.py:3239} INFO - Sync 1 DAGs
[2024-10-06T02:38:03.802+0000] {logging_mixin.py:190} INFO - [2024-10-06T02:38:03.802+0000] {dag.py:4180} INFO - Setting next_dagrun for kafka_to_minio to 2024-10-06 01:00:00+00:00, run_after=2024-10-06 02:00:00+00:00
[2024-10-06T02:38:03.824+0000] {processor.py:208} INFO - Processing /opt/airflow/dags/kafka_to_minio.py took 0.468 seconds
[2024-10-06T02:38:33.884+0000] {processor.py:186} INFO - Started process (PID=53) to work on /opt/airflow/dags/kafka_to_minio.py
[2024-10-06T02:38:33.887+0000] {processor.py:914} INFO - Processing file /opt/airflow/dags/kafka_to_minio.py for tasks to queue
[2024-10-06T02:38:33.890+0000] {logging_mixin.py:190} INFO - [2024-10-06T02:38:33.890+0000] {dagbag.py:588} INFO - Filling up the DagBag from /opt/airflow/dags/kafka_to_minio.py
[2024-10-06T02:38:34.248+0000] {processor.py:925} INFO - DAG(s) 'kafka_to_minio' retrieved from /opt/airflow/dags/kafka_to_minio.py
[2024-10-06T02:38:34.274+0000] {logging_mixin.py:190} INFO - [2024-10-06T02:38:34.273+0000] {dag.py:3239} INFO - Sync 1 DAGs
[2024-10-06T02:38:34.301+0000] {logging_mixin.py:190} INFO - [2024-10-06T02:38:34.300+0000] {dag.py:4180} INFO - Setting next_dagrun for kafka_to_minio to 2024-10-06 01:00:00+00:00, run_after=2024-10-06 02:00:00+00:00
[2024-10-06T02:38:34.321+0000] {processor.py:208} INFO - Processing /opt/airflow/dags/kafka_to_minio.py took 0.447 seconds
[2024-10-06T02:39:04.575+0000] {processor.py:186} INFO - Started process (PID=65) to work on /opt/airflow/dags/kafka_to_minio.py
[2024-10-06T02:39:04.577+0000] {processor.py:914} INFO - Processing file /opt/airflow/dags/kafka_to_minio.py for tasks to queue
[2024-10-06T02:39:04.580+0000] {logging_mixin.py:190} INFO - [2024-10-06T02:39:04.580+0000] {dagbag.py:588} INFO - Filling up the DagBag from /opt/airflow/dags/kafka_to_minio.py
[2024-10-06T02:39:04.931+0000] {processor.py:925} INFO - DAG(s) 'kafka_to_minio' retrieved from /opt/airflow/dags/kafka_to_minio.py
[2024-10-06T02:39:04.957+0000] {logging_mixin.py:190} INFO - [2024-10-06T02:39:04.957+0000] {dag.py:3239} INFO - Sync 1 DAGs
[2024-10-06T02:39:04.986+0000] {logging_mixin.py:190} INFO - [2024-10-06T02:39:04.986+0000] {dag.py:4180} INFO - Setting next_dagrun for kafka_to_minio to 2024-10-06 01:00:00+00:00, run_after=2024-10-06 02:00:00+00:00
[2024-10-06T02:39:05.007+0000] {processor.py:208} INFO - Processing /opt/airflow/dags/kafka_to_minio.py took 0.443 seconds
[2024-10-06T02:39:35.593+0000] {processor.py:186} INFO - Started process (PID=77) to work on /opt/airflow/dags/kafka_to_minio.py
[2024-10-06T02:39:35.597+0000] {processor.py:914} INFO - Processing file /opt/airflow/dags/kafka_to_minio.py for tasks to queue
[2024-10-06T02:39:35.607+0000] {logging_mixin.py:190} INFO - [2024-10-06T02:39:35.607+0000] {dagbag.py:588} INFO - Filling up the DagBag from /opt/airflow/dags/kafka_to_minio.py
[2024-10-06T02:39:36.039+0000] {processor.py:925} INFO - DAG(s) 'kafka_to_minio' retrieved from /opt/airflow/dags/kafka_to_minio.py
[2024-10-06T02:39:36.081+0000] {logging_mixin.py:190} INFO - [2024-10-06T02:39:36.081+0000] {dag.py:3239} INFO - Sync 1 DAGs
[2024-10-06T02:39:36.402+0000] {logging_mixin.py:190} INFO - [2024-10-06T02:39:36.402+0000] {dag.py:4180} INFO - Setting next_dagrun for kafka_to_minio to 2024-10-06 01:00:00+00:00, run_after=2024-10-06 02:00:00+00:00
[2024-10-06T02:39:36.432+0000] {processor.py:208} INFO - Processing /opt/airflow/dags/kafka_to_minio.py took 0.864 seconds
[2024-10-06T02:40:07.100+0000] {processor.py:186} INFO - Started process (PID=89) to work on /opt/airflow/dags/kafka_to_minio.py
[2024-10-06T02:40:07.102+0000] {processor.py:914} INFO - Processing file /opt/airflow/dags/kafka_to_minio.py for tasks to queue
[2024-10-06T02:40:07.107+0000] {logging_mixin.py:190} INFO - [2024-10-06T02:40:07.106+0000] {dagbag.py:588} INFO - Filling up the DagBag from /opt/airflow/dags/kafka_to_minio.py
[2024-10-06T02:40:07.794+0000] {processor.py:925} INFO - DAG(s) 'kafka_to_minio' retrieved from /opt/airflow/dags/kafka_to_minio.py
[2024-10-06T02:40:07.842+0000] {logging_mixin.py:190} INFO - [2024-10-06T02:40:07.842+0000] {dag.py:3239} INFO - Sync 1 DAGs
[2024-10-06T02:40:07.883+0000] {logging_mixin.py:190} INFO - [2024-10-06T02:40:07.882+0000] {dag.py:4180} INFO - Setting next_dagrun for kafka_to_minio to 2024-10-06 01:00:00+00:00, run_after=2024-10-06 02:00:00+00:00
[2024-10-06T02:40:07.910+0000] {processor.py:208} INFO - Processing /opt/airflow/dags/kafka_to_minio.py took 0.824 seconds
[2024-10-06T02:40:38.268+0000] {processor.py:186} INFO - Started process (PID=107) to work on /opt/airflow/dags/kafka_to_minio.py
[2024-10-06T02:40:38.270+0000] {processor.py:914} INFO - Processing file /opt/airflow/dags/kafka_to_minio.py for tasks to queue
[2024-10-06T02:40:38.274+0000] {logging_mixin.py:190} INFO - [2024-10-06T02:40:38.273+0000] {dagbag.py:588} INFO - Filling up the DagBag from /opt/airflow/dags/kafka_to_minio.py
[2024-10-06T02:40:38.632+0000] {processor.py:925} INFO - DAG(s) 'kafka_to_minio' retrieved from /opt/airflow/dags/kafka_to_minio.py
[2024-10-06T02:40:38.659+0000] {logging_mixin.py:190} INFO - [2024-10-06T02:40:38.658+0000] {dag.py:3239} INFO - Sync 1 DAGs
[2024-10-06T02:40:38.688+0000] {logging_mixin.py:190} INFO - [2024-10-06T02:40:38.687+0000] {dag.py:4180} INFO - Setting next_dagrun for kafka_to_minio to 2024-10-06 01:00:00+00:00, run_after=2024-10-06 02:00:00+00:00
[2024-10-06T02:40:38.709+0000] {processor.py:208} INFO - Processing /opt/airflow/dags/kafka_to_minio.py took 0.451 seconds
[2024-10-06T02:41:09.479+0000] {processor.py:186} INFO - Started process (PID=119) to work on /opt/airflow/dags/kafka_to_minio.py
[2024-10-06T02:41:09.484+0000] {processor.py:914} INFO - Processing file /opt/airflow/dags/kafka_to_minio.py for tasks to queue
[2024-10-06T02:41:09.492+0000] {logging_mixin.py:190} INFO - [2024-10-06T02:41:09.492+0000] {dagbag.py:588} INFO - Filling up the DagBag from /opt/airflow/dags/kafka_to_minio.py
[2024-10-06T02:41:09.682+0000] {processor.py:925} INFO - DAG(s) 'kafka_to_minio' retrieved from /opt/airflow/dags/kafka_to_minio.py
[2024-10-06T02:41:09.714+0000] {logging_mixin.py:190} INFO - [2024-10-06T02:41:09.714+0000] {dag.py:3239} INFO - Sync 1 DAGs
[2024-10-06T02:41:09.956+0000] {logging_mixin.py:190} INFO - [2024-10-06T02:41:09.956+0000] {dag.py:4180} INFO - Setting next_dagrun for kafka_to_minio to 2024-10-06 01:00:00+00:00, run_after=2024-10-06 02:00:00+00:00
[2024-10-06T02:41:09.978+0000] {processor.py:208} INFO - Processing /opt/airflow/dags/kafka_to_minio.py took 0.511 seconds
[2024-10-06T02:41:40.464+0000] {processor.py:186} INFO - Started process (PID=131) to work on /opt/airflow/dags/kafka_to_minio.py
[2024-10-06T02:41:40.466+0000] {processor.py:914} INFO - Processing file /opt/airflow/dags/kafka_to_minio.py for tasks to queue
[2024-10-06T02:41:40.470+0000] {logging_mixin.py:190} INFO - [2024-10-06T02:41:40.470+0000] {dagbag.py:588} INFO - Filling up the DagBag from /opt/airflow/dags/kafka_to_minio.py
[2024-10-06T02:41:41.000+0000] {processor.py:925} INFO - DAG(s) 'kafka_to_minio' retrieved from /opt/airflow/dags/kafka_to_minio.py
[2024-10-06T02:41:41.029+0000] {logging_mixin.py:190} INFO - [2024-10-06T02:41:41.028+0000] {dag.py:3239} INFO - Sync 1 DAGs
[2024-10-06T02:41:41.062+0000] {logging_mixin.py:190} INFO - [2024-10-06T02:41:41.061+0000] {dag.py:4180} INFO - Setting next_dagrun for kafka_to_minio to 2024-10-06 01:00:00+00:00, run_after=2024-10-06 02:00:00+00:00
[2024-10-06T02:41:41.084+0000] {processor.py:208} INFO - Processing /opt/airflow/dags/kafka_to_minio.py took 0.646 seconds
[2024-10-06T02:42:11.330+0000] {processor.py:186} INFO - Started process (PID=143) to work on /opt/airflow/dags/kafka_to_minio.py
[2024-10-06T02:42:11.334+0000] {processor.py:914} INFO - Processing file /opt/airflow/dags/kafka_to_minio.py for tasks to queue
[2024-10-06T02:42:11.338+0000] {logging_mixin.py:190} INFO - [2024-10-06T02:42:11.338+0000] {dagbag.py:588} INFO - Filling up the DagBag from /opt/airflow/dags/kafka_to_minio.py
[2024-10-06T02:42:11.768+0000] {processor.py:925} INFO - DAG(s) 'kafka_to_minio' retrieved from /opt/airflow/dags/kafka_to_minio.py
[2024-10-06T02:42:11.795+0000] {logging_mixin.py:190} INFO - [2024-10-06T02:42:11.795+0000] {dag.py:3239} INFO - Sync 1 DAGs
[2024-10-06T02:42:11.826+0000] {logging_mixin.py:190} INFO - [2024-10-06T02:42:11.825+0000] {dag.py:4180} INFO - Setting next_dagrun for kafka_to_minio to 2024-10-06 01:00:00+00:00, run_after=2024-10-06 02:00:00+00:00
[2024-10-06T02:42:11.848+0000] {processor.py:208} INFO - Processing /opt/airflow/dags/kafka_to_minio.py took 0.530 seconds
[2024-10-06T02:42:42.723+0000] {processor.py:186} INFO - Started process (PID=156) to work on /opt/airflow/dags/kafka_to_minio.py
[2024-10-06T02:42:42.725+0000] {processor.py:914} INFO - Processing file /opt/airflow/dags/kafka_to_minio.py for tasks to queue
[2024-10-06T02:42:42.729+0000] {logging_mixin.py:190} INFO - [2024-10-06T02:42:42.728+0000] {dagbag.py:588} INFO - Filling up the DagBag from /opt/airflow/dags/kafka_to_minio.py
[2024-10-06T02:42:42.881+0000] {processor.py:925} INFO - DAG(s) 'kafka_to_minio' retrieved from /opt/airflow/dags/kafka_to_minio.py
[2024-10-06T02:42:42.913+0000] {logging_mixin.py:190} INFO - [2024-10-06T02:42:42.913+0000] {dag.py:3239} INFO - Sync 1 DAGs
[2024-10-06T02:42:43.179+0000] {logging_mixin.py:190} INFO - [2024-10-06T02:42:43.179+0000] {dag.py:4180} INFO - Setting next_dagrun for kafka_to_minio to 2024-10-06 01:00:00+00:00, run_after=2024-10-06 02:00:00+00:00
[2024-10-06T02:42:43.210+0000] {processor.py:208} INFO - Processing /opt/airflow/dags/kafka_to_minio.py took 0.497 seconds
[2024-10-06T02:43:13.502+0000] {processor.py:186} INFO - Started process (PID=168) to work on /opt/airflow/dags/kafka_to_minio.py
[2024-10-06T02:43:13.504+0000] {processor.py:914} INFO - Processing file /opt/airflow/dags/kafka_to_minio.py for tasks to queue
[2024-10-06T02:43:13.509+0000] {logging_mixin.py:190} INFO - [2024-10-06T02:43:13.508+0000] {dagbag.py:588} INFO - Filling up the DagBag from /opt/airflow/dags/kafka_to_minio.py
[2024-10-06T02:43:13.663+0000] {processor.py:925} INFO - DAG(s) 'kafka_to_minio' retrieved from /opt/airflow/dags/kafka_to_minio.py
[2024-10-06T02:43:13.895+0000] {logging_mixin.py:190} INFO - [2024-10-06T02:43:13.895+0000] {dag.py:3239} INFO - Sync 1 DAGs
[2024-10-06T02:43:13.923+0000] {logging_mixin.py:190} INFO - [2024-10-06T02:43:13.923+0000] {dag.py:4180} INFO - Setting next_dagrun for kafka_to_minio to 2024-10-06 01:00:00+00:00, run_after=2024-10-06 02:00:00+00:00
[2024-10-06T02:43:13.944+0000] {processor.py:208} INFO - Processing /opt/airflow/dags/kafka_to_minio.py took 0.456 seconds
[2024-10-06T02:43:44.145+0000] {processor.py:186} INFO - Started process (PID=180) to work on /opt/airflow/dags/kafka_to_minio.py
[2024-10-06T02:43:44.148+0000] {processor.py:914} INFO - Processing file /opt/airflow/dags/kafka_to_minio.py for tasks to queue
[2024-10-06T02:43:44.157+0000] {logging_mixin.py:190} INFO - [2024-10-06T02:43:44.157+0000] {dagbag.py:588} INFO - Filling up the DagBag from /opt/airflow/dags/kafka_to_minio.py
[2024-10-06T02:43:44.981+0000] {processor.py:925} INFO - DAG(s) 'kafka_to_minio' retrieved from /opt/airflow/dags/kafka_to_minio.py
[2024-10-06T02:43:45.046+0000] {logging_mixin.py:190} INFO - [2024-10-06T02:43:45.046+0000] {dag.py:3239} INFO - Sync 1 DAGs
[2024-10-06T02:43:45.088+0000] {logging_mixin.py:190} INFO - [2024-10-06T02:43:45.087+0000] {dag.py:4180} INFO - Setting next_dagrun for kafka_to_minio to 2024-10-06 01:00:00+00:00, run_after=2024-10-06 02:00:00+00:00
[2024-10-06T02:43:45.135+0000] {processor.py:208} INFO - Processing /opt/airflow/dags/kafka_to_minio.py took 1.026 seconds
[2024-10-06T02:44:15.414+0000] {processor.py:186} INFO - Started process (PID=192) to work on /opt/airflow/dags/kafka_to_minio.py
[2024-10-06T02:44:15.418+0000] {processor.py:914} INFO - Processing file /opt/airflow/dags/kafka_to_minio.py for tasks to queue
[2024-10-06T02:44:15.422+0000] {logging_mixin.py:190} INFO - [2024-10-06T02:44:15.421+0000] {dagbag.py:588} INFO - Filling up the DagBag from /opt/airflow/dags/kafka_to_minio.py
[2024-10-06T02:44:15.758+0000] {processor.py:925} INFO - DAG(s) 'kafka_to_minio' retrieved from /opt/airflow/dags/kafka_to_minio.py
[2024-10-06T02:44:15.784+0000] {logging_mixin.py:190} INFO - [2024-10-06T02:44:15.783+0000] {dag.py:3239} INFO - Sync 1 DAGs
[2024-10-06T02:44:15.812+0000] {logging_mixin.py:190} INFO - [2024-10-06T02:44:15.812+0000] {dag.py:4180} INFO - Setting next_dagrun for kafka_to_minio to 2024-10-06 01:00:00+00:00, run_after=2024-10-06 02:00:00+00:00
[2024-10-06T02:44:15.832+0000] {processor.py:208} INFO - Processing /opt/airflow/dags/kafka_to_minio.py took 0.428 seconds
[2024-10-06T02:44:45.979+0000] {processor.py:186} INFO - Started process (PID=204) to work on /opt/airflow/dags/kafka_to_minio.py
[2024-10-06T02:44:45.981+0000] {processor.py:914} INFO - Processing file /opt/airflow/dags/kafka_to_minio.py for tasks to queue
[2024-10-06T02:44:45.985+0000] {logging_mixin.py:190} INFO - [2024-10-06T02:44:45.984+0000] {dagbag.py:588} INFO - Filling up the DagBag from /opt/airflow/dags/kafka_to_minio.py
[2024-10-06T02:44:46.124+0000] {processor.py:925} INFO - DAG(s) 'kafka_to_minio' retrieved from /opt/airflow/dags/kafka_to_minio.py
[2024-10-06T02:44:46.369+0000] {logging_mixin.py:190} INFO - [2024-10-06T02:44:46.369+0000] {dag.py:3239} INFO - Sync 1 DAGs
[2024-10-06T02:44:46.396+0000] {logging_mixin.py:190} INFO - [2024-10-06T02:44:46.396+0000] {dag.py:4180} INFO - Setting next_dagrun for kafka_to_minio to 2024-10-06 01:00:00+00:00, run_after=2024-10-06 02:00:00+00:00
[2024-10-06T02:44:46.417+0000] {processor.py:208} INFO - Processing /opt/airflow/dags/kafka_to_minio.py took 0.448 seconds
[2024-10-06T02:45:16.671+0000] {processor.py:186} INFO - Started process (PID=216) to work on /opt/airflow/dags/kafka_to_minio.py
[2024-10-06T02:45:16.673+0000] {processor.py:914} INFO - Processing file /opt/airflow/dags/kafka_to_minio.py for tasks to queue
[2024-10-06T02:45:16.676+0000] {logging_mixin.py:190} INFO - [2024-10-06T02:45:16.675+0000] {dagbag.py:588} INFO - Filling up the DagBag from /opt/airflow/dags/kafka_to_minio.py
[2024-10-06T02:45:17.018+0000] {processor.py:925} INFO - DAG(s) 'kafka_to_minio' retrieved from /opt/airflow/dags/kafka_to_minio.py
[2024-10-06T02:45:17.045+0000] {logging_mixin.py:190} INFO - [2024-10-06T02:45:17.044+0000] {dag.py:3239} INFO - Sync 1 DAGs
[2024-10-06T02:45:17.073+0000] {logging_mixin.py:190} INFO - [2024-10-06T02:45:17.073+0000] {dag.py:4180} INFO - Setting next_dagrun for kafka_to_minio to 2024-10-06 01:00:00+00:00, run_after=2024-10-06 02:00:00+00:00
[2024-10-06T02:45:17.094+0000] {processor.py:208} INFO - Processing /opt/airflow/dags/kafka_to_minio.py took 0.433 seconds
[2024-10-06T02:45:47.877+0000] {processor.py:186} INFO - Started process (PID=228) to work on /opt/airflow/dags/kafka_to_minio.py
[2024-10-06T02:45:47.879+0000] {processor.py:914} INFO - Processing file /opt/airflow/dags/kafka_to_minio.py for tasks to queue
[2024-10-06T02:45:47.882+0000] {logging_mixin.py:190} INFO - [2024-10-06T02:45:47.882+0000] {dagbag.py:588} INFO - Filling up the DagBag from /opt/airflow/dags/kafka_to_minio.py
[2024-10-06T02:45:48.024+0000] {processor.py:925} INFO - DAG(s) 'kafka_to_minio' retrieved from /opt/airflow/dags/kafka_to_minio.py
[2024-10-06T02:45:48.258+0000] {logging_mixin.py:190} INFO - [2024-10-06T02:45:48.257+0000] {dag.py:3239} INFO - Sync 1 DAGs
[2024-10-06T02:45:48.289+0000] {logging_mixin.py:190} INFO - [2024-10-06T02:45:48.289+0000] {dag.py:4180} INFO - Setting next_dagrun for kafka_to_minio to 2024-10-06 01:00:00+00:00, run_after=2024-10-06 02:00:00+00:00
[2024-10-06T02:45:48.310+0000] {processor.py:208} INFO - Processing /opt/airflow/dags/kafka_to_minio.py took 0.443 seconds
[2024-10-06T02:46:18.659+0000] {processor.py:186} INFO - Started process (PID=240) to work on /opt/airflow/dags/kafka_to_minio.py
[2024-10-06T02:46:18.661+0000] {processor.py:914} INFO - Processing file /opt/airflow/dags/kafka_to_minio.py for tasks to queue
[2024-10-06T02:46:18.664+0000] {logging_mixin.py:190} INFO - [2024-10-06T02:46:18.663+0000] {dagbag.py:588} INFO - Filling up the DagBag from /opt/airflow/dags/kafka_to_minio.py
[2024-10-06T02:46:19.015+0000] {processor.py:925} INFO - DAG(s) 'kafka_to_minio' retrieved from /opt/airflow/dags/kafka_to_minio.py
[2024-10-06T02:46:19.041+0000] {logging_mixin.py:190} INFO - [2024-10-06T02:46:19.041+0000] {dag.py:3239} INFO - Sync 1 DAGs
[2024-10-06T02:46:19.069+0000] {logging_mixin.py:190} INFO - [2024-10-06T02:46:19.068+0000] {dag.py:4180} INFO - Setting next_dagrun for kafka_to_minio to 2024-10-06 01:00:00+00:00, run_after=2024-10-06 02:00:00+00:00
[2024-10-06T02:46:19.089+0000] {processor.py:208} INFO - Processing /opt/airflow/dags/kafka_to_minio.py took 0.440 seconds
[2024-10-06T02:46:49.281+0000] {processor.py:186} INFO - Started process (PID=253) to work on /opt/airflow/dags/kafka_to_minio.py
[2024-10-06T02:46:49.282+0000] {processor.py:914} INFO - Processing file /opt/airflow/dags/kafka_to_minio.py for tasks to queue
[2024-10-06T02:46:49.285+0000] {logging_mixin.py:190} INFO - [2024-10-06T02:46:49.285+0000] {dagbag.py:588} INFO - Filling up the DagBag from /opt/airflow/dags/kafka_to_minio.py
[2024-10-06T02:46:49.631+0000] {processor.py:925} INFO - DAG(s) 'kafka_to_minio' retrieved from /opt/airflow/dags/kafka_to_minio.py
[2024-10-06T02:46:49.658+0000] {logging_mixin.py:190} INFO - [2024-10-06T02:46:49.658+0000] {dag.py:3239} INFO - Sync 1 DAGs
[2024-10-06T02:46:49.688+0000] {logging_mixin.py:190} INFO - [2024-10-06T02:46:49.688+0000] {dag.py:4180} INFO - Setting next_dagrun for kafka_to_minio to 2024-10-06 01:00:00+00:00, run_after=2024-10-06 02:00:00+00:00
[2024-10-06T02:46:49.709+0000] {processor.py:208} INFO - Processing /opt/airflow/dags/kafka_to_minio.py took 0.438 seconds
[2024-10-06T02:47:20.032+0000] {processor.py:186} INFO - Started process (PID=265) to work on /opt/airflow/dags/kafka_to_minio.py
[2024-10-06T02:47:20.037+0000] {processor.py:914} INFO - Processing file /opt/airflow/dags/kafka_to_minio.py for tasks to queue
[2024-10-06T02:47:20.041+0000] {logging_mixin.py:190} INFO - [2024-10-06T02:47:20.040+0000] {dagbag.py:588} INFO - Filling up the DagBag from /opt/airflow/dags/kafka_to_minio.py
[2024-10-06T02:47:20.542+0000] {processor.py:925} INFO - DAG(s) 'kafka_to_minio' retrieved from /opt/airflow/dags/kafka_to_minio.py
[2024-10-06T02:47:20.580+0000] {logging_mixin.py:190} INFO - [2024-10-06T02:47:20.580+0000] {dag.py:3239} INFO - Sync 1 DAGs
[2024-10-06T02:47:20.626+0000] {logging_mixin.py:190} INFO - [2024-10-06T02:47:20.622+0000] {dag.py:4180} INFO - Setting next_dagrun for kafka_to_minio to 2024-10-06 01:00:00+00:00, run_after=2024-10-06 02:00:00+00:00
[2024-10-06T02:47:20.684+0000] {processor.py:208} INFO - Processing /opt/airflow/dags/kafka_to_minio.py took 0.668 seconds
[2024-10-06T02:47:50.799+0000] {processor.py:186} INFO - Started process (PID=276) to work on /opt/airflow/dags/kafka_to_minio.py
[2024-10-06T02:47:50.801+0000] {processor.py:914} INFO - Processing file /opt/airflow/dags/kafka_to_minio.py for tasks to queue
[2024-10-06T02:47:50.805+0000] {logging_mixin.py:190} INFO - [2024-10-06T02:47:50.804+0000] {dagbag.py:588} INFO - Filling up the DagBag from /opt/airflow/dags/kafka_to_minio.py
[2024-10-06T02:47:51.323+0000] {processor.py:925} INFO - DAG(s) 'kafka_to_minio' retrieved from /opt/airflow/dags/kafka_to_minio.py
[2024-10-06T02:47:51.358+0000] {logging_mixin.py:190} INFO - [2024-10-06T02:47:51.358+0000] {dag.py:3239} INFO - Sync 1 DAGs
[2024-10-06T02:47:51.399+0000] {logging_mixin.py:190} INFO - [2024-10-06T02:47:51.399+0000] {dag.py:4180} INFO - Setting next_dagrun for kafka_to_minio to 2024-10-06 01:00:00+00:00, run_after=2024-10-06 02:00:00+00:00
[2024-10-06T02:47:51.426+0000] {processor.py:208} INFO - Processing /opt/airflow/dags/kafka_to_minio.py took 0.642 seconds
[2024-10-06T02:48:22.374+0000] {processor.py:186} INFO - Started process (PID=288) to work on /opt/airflow/dags/kafka_to_minio.py
[2024-10-06T02:48:22.379+0000] {processor.py:914} INFO - Processing file /opt/airflow/dags/kafka_to_minio.py for tasks to queue
[2024-10-06T02:48:22.383+0000] {logging_mixin.py:190} INFO - [2024-10-06T02:48:22.382+0000] {dagbag.py:588} INFO - Filling up the DagBag from /opt/airflow/dags/kafka_to_minio.py
[2024-10-06T02:48:22.869+0000] {processor.py:925} INFO - DAG(s) 'kafka_to_minio' retrieved from /opt/airflow/dags/kafka_to_minio.py
[2024-10-06T02:48:22.930+0000] {logging_mixin.py:190} INFO - [2024-10-06T02:48:22.930+0000] {dag.py:3239} INFO - Sync 1 DAGs
[2024-10-06T02:48:22.987+0000] {logging_mixin.py:190} INFO - [2024-10-06T02:48:22.986+0000] {dag.py:4180} INFO - Setting next_dagrun for kafka_to_minio to 2024-10-06 01:00:00+00:00, run_after=2024-10-06 02:00:00+00:00
[2024-10-06T02:48:23.026+0000] {processor.py:208} INFO - Processing /opt/airflow/dags/kafka_to_minio.py took 0.666 seconds
[2024-10-06T02:48:53.942+0000] {processor.py:186} INFO - Started process (PID=300) to work on /opt/airflow/dags/kafka_to_minio.py
[2024-10-06T02:48:53.944+0000] {processor.py:914} INFO - Processing file /opt/airflow/dags/kafka_to_minio.py for tasks to queue
[2024-10-06T02:48:53.947+0000] {logging_mixin.py:190} INFO - [2024-10-06T02:48:53.947+0000] {dagbag.py:588} INFO - Filling up the DagBag from /opt/airflow/dags/kafka_to_minio.py
[2024-10-06T02:48:54.294+0000] {processor.py:925} INFO - DAG(s) 'kafka_to_minio' retrieved from /opt/airflow/dags/kafka_to_minio.py
[2024-10-06T02:48:54.321+0000] {logging_mixin.py:190} INFO - [2024-10-06T02:48:54.321+0000] {dag.py:3239} INFO - Sync 1 DAGs
[2024-10-06T02:48:54.348+0000] {logging_mixin.py:190} INFO - [2024-10-06T02:48:54.348+0000] {dag.py:4180} INFO - Setting next_dagrun for kafka_to_minio to 2024-10-06 01:00:00+00:00, run_after=2024-10-06 02:00:00+00:00
[2024-10-06T02:48:54.369+0000] {processor.py:208} INFO - Processing /opt/airflow/dags/kafka_to_minio.py took 0.438 seconds
[2024-10-06T02:49:24.534+0000] {processor.py:186} INFO - Started process (PID=312) to work on /opt/airflow/dags/kafka_to_minio.py
[2024-10-06T02:49:24.536+0000] {processor.py:914} INFO - Processing file /opt/airflow/dags/kafka_to_minio.py for tasks to queue
[2024-10-06T02:49:24.539+0000] {logging_mixin.py:190} INFO - [2024-10-06T02:49:24.538+0000] {dagbag.py:588} INFO - Filling up the DagBag from /opt/airflow/dags/kafka_to_minio.py
[2024-10-06T02:49:24.892+0000] {processor.py:925} INFO - DAG(s) 'kafka_to_minio' retrieved from /opt/airflow/dags/kafka_to_minio.py
[2024-10-06T02:49:24.919+0000] {logging_mixin.py:190} INFO - [2024-10-06T02:49:24.919+0000] {dag.py:3239} INFO - Sync 1 DAGs
[2024-10-06T02:49:24.947+0000] {logging_mixin.py:190} INFO - [2024-10-06T02:49:24.947+0000] {dag.py:4180} INFO - Setting next_dagrun for kafka_to_minio to 2024-10-06 01:00:00+00:00, run_after=2024-10-06 02:00:00+00:00
[2024-10-06T02:49:24.968+0000] {processor.py:208} INFO - Processing /opt/airflow/dags/kafka_to_minio.py took 0.444 seconds
[2024-10-06T02:49:55.119+0000] {processor.py:186} INFO - Started process (PID=324) to work on /opt/airflow/dags/kafka_to_minio.py
[2024-10-06T02:49:55.123+0000] {processor.py:914} INFO - Processing file /opt/airflow/dags/kafka_to_minio.py for tasks to queue
[2024-10-06T02:49:55.127+0000] {logging_mixin.py:190} INFO - [2024-10-06T02:49:55.126+0000] {dagbag.py:588} INFO - Filling up the DagBag from /opt/airflow/dags/kafka_to_minio.py
[2024-10-06T02:49:55.484+0000] {processor.py:925} INFO - DAG(s) 'kafka_to_minio' retrieved from /opt/airflow/dags/kafka_to_minio.py
[2024-10-06T02:49:55.512+0000] {logging_mixin.py:190} INFO - [2024-10-06T02:49:55.512+0000] {dag.py:3239} INFO - Sync 1 DAGs
[2024-10-06T02:49:55.543+0000] {logging_mixin.py:190} INFO - [2024-10-06T02:49:55.543+0000] {dag.py:4180} INFO - Setting next_dagrun for kafka_to_minio to 2024-10-06 01:00:00+00:00, run_after=2024-10-06 02:00:00+00:00
[2024-10-06T02:49:55.566+0000] {processor.py:208} INFO - Processing /opt/airflow/dags/kafka_to_minio.py took 0.458 seconds
[2024-10-06T02:50:25.825+0000] {processor.py:186} INFO - Started process (PID=336) to work on /opt/airflow/dags/kafka_to_minio.py
[2024-10-06T02:50:25.827+0000] {processor.py:914} INFO - Processing file /opt/airflow/dags/kafka_to_minio.py for tasks to queue
[2024-10-06T02:50:25.831+0000] {logging_mixin.py:190} INFO - [2024-10-06T02:50:25.830+0000] {dagbag.py:588} INFO - Filling up the DagBag from /opt/airflow/dags/kafka_to_minio.py
[2024-10-06T02:50:26.253+0000] {processor.py:925} INFO - DAG(s) 'kafka_to_minio' retrieved from /opt/airflow/dags/kafka_to_minio.py
[2024-10-06T02:50:26.292+0000] {logging_mixin.py:190} INFO - [2024-10-06T02:50:26.292+0000] {dag.py:3239} INFO - Sync 1 DAGs
[2024-10-06T02:50:26.334+0000] {logging_mixin.py:190} INFO - [2024-10-06T02:50:26.333+0000] {dag.py:4180} INFO - Setting next_dagrun for kafka_to_minio to 2024-10-06 01:00:00+00:00, run_after=2024-10-06 02:00:00+00:00
[2024-10-06T02:50:26.361+0000] {processor.py:208} INFO - Processing /opt/airflow/dags/kafka_to_minio.py took 0.548 seconds
[2024-10-06T02:50:56.563+0000] {processor.py:186} INFO - Started process (PID=349) to work on /opt/airflow/dags/kafka_to_minio.py
[2024-10-06T02:50:56.565+0000] {processor.py:914} INFO - Processing file /opt/airflow/dags/kafka_to_minio.py for tasks to queue
[2024-10-06T02:50:56.568+0000] {logging_mixin.py:190} INFO - [2024-10-06T02:50:56.568+0000] {dagbag.py:588} INFO - Filling up the DagBag from /opt/airflow/dags/kafka_to_minio.py
[2024-10-06T02:50:56.925+0000] {processor.py:925} INFO - DAG(s) 'kafka_to_minio' retrieved from /opt/airflow/dags/kafka_to_minio.py
[2024-10-06T02:50:56.951+0000] {logging_mixin.py:190} INFO - [2024-10-06T02:50:56.951+0000] {dag.py:3239} INFO - Sync 1 DAGs
[2024-10-06T02:50:56.980+0000] {logging_mixin.py:190} INFO - [2024-10-06T02:50:56.980+0000] {dag.py:4180} INFO - Setting next_dagrun for kafka_to_minio to 2024-10-06 01:00:00+00:00, run_after=2024-10-06 02:00:00+00:00
[2024-10-06T02:50:57.004+0000] {processor.py:208} INFO - Processing /opt/airflow/dags/kafka_to_minio.py took 0.452 seconds
[2024-10-06T02:51:27.303+0000] {processor.py:186} INFO - Started process (PID=361) to work on /opt/airflow/dags/kafka_to_minio.py
[2024-10-06T02:51:27.305+0000] {processor.py:914} INFO - Processing file /opt/airflow/dags/kafka_to_minio.py for tasks to queue
[2024-10-06T02:51:27.310+0000] {logging_mixin.py:190} INFO - [2024-10-06T02:51:27.309+0000] {dagbag.py:588} INFO - Filling up the DagBag from /opt/airflow/dags/kafka_to_minio.py
[2024-10-06T02:51:27.687+0000] {processor.py:925} INFO - DAG(s) 'kafka_to_minio' retrieved from /opt/airflow/dags/kafka_to_minio.py
[2024-10-06T02:51:27.716+0000] {logging_mixin.py:190} INFO - [2024-10-06T02:51:27.715+0000] {dag.py:3239} INFO - Sync 1 DAGs
[2024-10-06T02:51:27.751+0000] {logging_mixin.py:190} INFO - [2024-10-06T02:51:27.751+0000] {dag.py:4180} INFO - Setting next_dagrun for kafka_to_minio to 2024-10-06 01:00:00+00:00, run_after=2024-10-06 02:00:00+00:00
[2024-10-06T02:51:27.774+0000] {processor.py:208} INFO - Processing /opt/airflow/dags/kafka_to_minio.py took 0.485 seconds
[2024-10-06T02:51:58.422+0000] {processor.py:186} INFO - Started process (PID=373) to work on /opt/airflow/dags/kafka_to_minio.py
[2024-10-06T02:51:58.424+0000] {processor.py:914} INFO - Processing file /opt/airflow/dags/kafka_to_minio.py for tasks to queue
[2024-10-06T02:51:58.429+0000] {logging_mixin.py:190} INFO - [2024-10-06T02:51:58.428+0000] {dagbag.py:588} INFO - Filling up the DagBag from /opt/airflow/dags/kafka_to_minio.py
[2024-10-06T02:51:58.827+0000] {processor.py:925} INFO - DAG(s) 'kafka_to_minio' retrieved from /opt/airflow/dags/kafka_to_minio.py
[2024-10-06T02:51:58.858+0000] {logging_mixin.py:190} INFO - [2024-10-06T02:51:58.858+0000] {dag.py:3239} INFO - Sync 1 DAGs
[2024-10-06T02:51:58.900+0000] {logging_mixin.py:190} INFO - [2024-10-06T02:51:58.899+0000] {dag.py:4180} INFO - Setting next_dagrun for kafka_to_minio to 2024-10-06 01:00:00+00:00, run_after=2024-10-06 02:00:00+00:00
[2024-10-06T02:51:58.928+0000] {processor.py:208} INFO - Processing /opt/airflow/dags/kafka_to_minio.py took 0.519 seconds
[2024-10-06T02:52:31.328+0000] {processor.py:186} INFO - Started process (PID=385) to work on /opt/airflow/dags/kafka_to_minio.py
[2024-10-06T02:52:31.332+0000] {processor.py:914} INFO - Processing file /opt/airflow/dags/kafka_to_minio.py for tasks to queue
[2024-10-06T02:52:31.340+0000] {logging_mixin.py:190} INFO - [2024-10-06T02:52:31.339+0000] {dagbag.py:588} INFO - Filling up the DagBag from /opt/airflow/dags/kafka_to_minio.py
[2024-10-06T02:52:31.946+0000] {processor.py:925} INFO - DAG(s) 'kafka_to_minio' retrieved from /opt/airflow/dags/kafka_to_minio.py
[2024-10-06T02:52:31.983+0000] {logging_mixin.py:190} INFO - [2024-10-06T02:52:31.983+0000] {dag.py:3239} INFO - Sync 1 DAGs
[2024-10-06T02:52:32.035+0000] {logging_mixin.py:190} INFO - [2024-10-06T02:52:32.035+0000] {dag.py:4180} INFO - Setting next_dagrun for kafka_to_minio to 2024-10-06 01:00:00+00:00, run_after=2024-10-06 02:00:00+00:00
[2024-10-06T02:52:32.064+0000] {processor.py:208} INFO - Processing /opt/airflow/dags/kafka_to_minio.py took 0.752 seconds
[2024-10-06T02:53:02.805+0000] {processor.py:186} INFO - Started process (PID=396) to work on /opt/airflow/dags/kafka_to_minio.py
[2024-10-06T02:53:02.809+0000] {processor.py:914} INFO - Processing file /opt/airflow/dags/kafka_to_minio.py for tasks to queue
[2024-10-06T02:53:02.816+0000] {logging_mixin.py:190} INFO - [2024-10-06T02:53:02.815+0000] {dagbag.py:588} INFO - Filling up the DagBag from /opt/airflow/dags/kafka_to_minio.py
[2024-10-06T02:53:03.209+0000] {processor.py:925} INFO - DAG(s) 'kafka_to_minio' retrieved from /opt/airflow/dags/kafka_to_minio.py
[2024-10-06T02:53:03.245+0000] {logging_mixin.py:190} INFO - [2024-10-06T02:53:03.245+0000] {dag.py:3239} INFO - Sync 1 DAGs
[2024-10-06T02:53:03.292+0000] {logging_mixin.py:190} INFO - [2024-10-06T02:53:03.292+0000] {dag.py:4180} INFO - Setting next_dagrun for kafka_to_minio to 2024-10-06 01:00:00+00:00, run_after=2024-10-06 02:00:00+00:00
[2024-10-06T02:53:03.325+0000] {processor.py:208} INFO - Processing /opt/airflow/dags/kafka_to_minio.py took 0.533 seconds
[2024-10-06T02:53:34.481+0000] {processor.py:186} INFO - Started process (PID=408) to work on /opt/airflow/dags/kafka_to_minio.py
[2024-10-06T02:53:34.484+0000] {processor.py:914} INFO - Processing file /opt/airflow/dags/kafka_to_minio.py for tasks to queue
[2024-10-06T02:53:34.488+0000] {logging_mixin.py:190} INFO - [2024-10-06T02:53:34.488+0000] {dagbag.py:588} INFO - Filling up the DagBag from /opt/airflow/dags/kafka_to_minio.py
[2024-10-06T02:53:34.869+0000] {processor.py:925} INFO - DAG(s) 'kafka_to_minio' retrieved from /opt/airflow/dags/kafka_to_minio.py
[2024-10-06T02:53:34.897+0000] {logging_mixin.py:190} INFO - [2024-10-06T02:53:34.897+0000] {dag.py:3239} INFO - Sync 1 DAGs
[2024-10-06T02:53:34.928+0000] {logging_mixin.py:190} INFO - [2024-10-06T02:53:34.927+0000] {dag.py:4180} INFO - Setting next_dagrun for kafka_to_minio to 2024-10-06 01:00:00+00:00, run_after=2024-10-06 02:00:00+00:00
[2024-10-06T02:53:34.951+0000] {processor.py:208} INFO - Processing /opt/airflow/dags/kafka_to_minio.py took 0.485 seconds
[2024-10-06T02:54:07.545+0000] {processor.py:186} INFO - Started process (PID=420) to work on /opt/airflow/dags/kafka_to_minio.py
[2024-10-06T02:54:07.548+0000] {processor.py:914} INFO - Processing file /opt/airflow/dags/kafka_to_minio.py for tasks to queue
[2024-10-06T02:54:07.553+0000] {logging_mixin.py:190} INFO - [2024-10-06T02:54:07.552+0000] {dagbag.py:588} INFO - Filling up the DagBag from /opt/airflow/dags/kafka_to_minio.py
[2024-10-06T02:54:07.965+0000] {processor.py:925} INFO - DAG(s) 'kafka_to_minio' retrieved from /opt/airflow/dags/kafka_to_minio.py
[2024-10-06T02:54:07.992+0000] {logging_mixin.py:190} INFO - [2024-10-06T02:54:07.991+0000] {dag.py:3239} INFO - Sync 1 DAGs
[2024-10-06T02:54:08.022+0000] {logging_mixin.py:190} INFO - [2024-10-06T02:54:08.022+0000] {dag.py:4180} INFO - Setting next_dagrun for kafka_to_minio to 2024-10-06 01:00:00+00:00, run_after=2024-10-06 02:00:00+00:00
[2024-10-06T02:54:08.044+0000] {processor.py:208} INFO - Processing /opt/airflow/dags/kafka_to_minio.py took 0.512 seconds
[2024-10-06T02:54:40.976+0000] {processor.py:186} INFO - Started process (PID=438) to work on /opt/airflow/dags/kafka_to_minio.py
[2024-10-06T02:54:40.986+0000] {processor.py:914} INFO - Processing file /opt/airflow/dags/kafka_to_minio.py for tasks to queue
[2024-10-06T02:54:41.024+0000] {logging_mixin.py:190} INFO - [2024-10-06T02:54:41.005+0000] {dagbag.py:588} INFO - Filling up the DagBag from /opt/airflow/dags/kafka_to_minio.py
[2024-10-06T02:54:41.868+0000] {processor.py:925} INFO - DAG(s) 'kafka_to_minio' retrieved from /opt/airflow/dags/kafka_to_minio.py
[2024-10-06T02:54:41.909+0000] {logging_mixin.py:190} INFO - [2024-10-06T02:54:41.908+0000] {dag.py:3239} INFO - Sync 1 DAGs
[2024-10-06T02:54:41.956+0000] {logging_mixin.py:190} INFO - [2024-10-06T02:54:41.956+0000] {dag.py:4180} INFO - Setting next_dagrun for kafka_to_minio to 2024-10-06 01:00:00+00:00, run_after=2024-10-06 02:00:00+00:00
[2024-10-06T02:54:41.986+0000] {processor.py:208} INFO - Processing /opt/airflow/dags/kafka_to_minio.py took 1.058 seconds
[2024-10-06T02:55:12.658+0000] {processor.py:186} INFO - Started process (PID=449) to work on /opt/airflow/dags/kafka_to_minio.py
[2024-10-06T02:55:12.662+0000] {processor.py:914} INFO - Processing file /opt/airflow/dags/kafka_to_minio.py for tasks to queue
[2024-10-06T02:55:12.676+0000] {logging_mixin.py:190} INFO - [2024-10-06T02:55:12.676+0000] {dagbag.py:588} INFO - Filling up the DagBag from /opt/airflow/dags/kafka_to_minio.py
[2024-10-06T02:55:13.535+0000] {processor.py:925} INFO - DAG(s) 'kafka_to_minio' retrieved from /opt/airflow/dags/kafka_to_minio.py
[2024-10-06T02:55:13.574+0000] {logging_mixin.py:190} INFO - [2024-10-06T02:55:13.573+0000] {dag.py:3239} INFO - Sync 1 DAGs
[2024-10-06T02:55:13.616+0000] {logging_mixin.py:190} INFO - [2024-10-06T02:55:13.615+0000] {dag.py:4180} INFO - Setting next_dagrun for kafka_to_minio to 2024-10-06 01:00:00+00:00, run_after=2024-10-06 02:00:00+00:00
[2024-10-06T02:55:13.677+0000] {processor.py:208} INFO - Processing /opt/airflow/dags/kafka_to_minio.py took 1.043 seconds
[2024-10-06T02:55:44.524+0000] {processor.py:186} INFO - Started process (PID=462) to work on /opt/airflow/dags/kafka_to_minio.py
[2024-10-06T02:55:44.526+0000] {processor.py:914} INFO - Processing file /opt/airflow/dags/kafka_to_minio.py for tasks to queue
[2024-10-06T02:55:44.531+0000] {logging_mixin.py:190} INFO - [2024-10-06T02:55:44.530+0000] {dagbag.py:588} INFO - Filling up the DagBag from /opt/airflow/dags/kafka_to_minio.py
[2024-10-06T02:55:44.943+0000] {processor.py:925} INFO - DAG(s) 'kafka_to_minio' retrieved from /opt/airflow/dags/kafka_to_minio.py
[2024-10-06T02:55:44.970+0000] {logging_mixin.py:190} INFO - [2024-10-06T02:55:44.970+0000] {dag.py:3239} INFO - Sync 1 DAGs
[2024-10-06T02:55:45.000+0000] {logging_mixin.py:190} INFO - [2024-10-06T02:55:45.000+0000] {dag.py:4180} INFO - Setting next_dagrun for kafka_to_minio to 2024-10-06 01:00:00+00:00, run_after=2024-10-06 02:00:00+00:00
[2024-10-06T02:55:45.024+0000] {processor.py:208} INFO - Processing /opt/airflow/dags/kafka_to_minio.py took 0.515 seconds
[2024-10-06T02:56:16.208+0000] {processor.py:186} INFO - Started process (PID=473) to work on /opt/airflow/dags/kafka_to_minio.py
[2024-10-06T02:56:16.211+0000] {processor.py:914} INFO - Processing file /opt/airflow/dags/kafka_to_minio.py for tasks to queue
[2024-10-06T02:56:16.215+0000] {logging_mixin.py:190} INFO - [2024-10-06T02:56:16.215+0000] {dagbag.py:588} INFO - Filling up the DagBag from /opt/airflow/dags/kafka_to_minio.py
[2024-10-06T02:56:16.606+0000] {processor.py:925} INFO - DAG(s) 'kafka_to_minio' retrieved from /opt/airflow/dags/kafka_to_minio.py
[2024-10-06T02:56:16.635+0000] {logging_mixin.py:190} INFO - [2024-10-06T02:56:16.635+0000] {dag.py:3239} INFO - Sync 1 DAGs
[2024-10-06T02:56:16.666+0000] {logging_mixin.py:190} INFO - [2024-10-06T02:56:16.666+0000] {dag.py:4180} INFO - Setting next_dagrun for kafka_to_minio to 2024-10-06 01:00:00+00:00, run_after=2024-10-06 02:00:00+00:00
[2024-10-06T02:56:16.691+0000] {processor.py:208} INFO - Processing /opt/airflow/dags/kafka_to_minio.py took 0.497 seconds
[2024-10-06T02:56:48.102+0000] {processor.py:186} INFO - Started process (PID=485) to work on /opt/airflow/dags/kafka_to_minio.py
[2024-10-06T02:56:48.105+0000] {processor.py:914} INFO - Processing file /opt/airflow/dags/kafka_to_minio.py for tasks to queue
[2024-10-06T02:56:48.109+0000] {logging_mixin.py:190} INFO - [2024-10-06T02:56:48.108+0000] {dagbag.py:588} INFO - Filling up the DagBag from /opt/airflow/dags/kafka_to_minio.py
[2024-10-06T02:56:48.507+0000] {processor.py:925} INFO - DAG(s) 'kafka_to_minio' retrieved from /opt/airflow/dags/kafka_to_minio.py
[2024-10-06T02:56:48.535+0000] {logging_mixin.py:190} INFO - [2024-10-06T02:56:48.534+0000] {dag.py:3239} INFO - Sync 1 DAGs
[2024-10-06T02:56:48.567+0000] {logging_mixin.py:190} INFO - [2024-10-06T02:56:48.566+0000] {dag.py:4180} INFO - Setting next_dagrun for kafka_to_minio to 2024-10-06 01:00:00+00:00, run_after=2024-10-06 02:00:00+00:00
[2024-10-06T02:56:48.591+0000] {processor.py:208} INFO - Processing /opt/airflow/dags/kafka_to_minio.py took 0.503 seconds
[2024-10-06T02:57:19.774+0000] {processor.py:186} INFO - Started process (PID=497) to work on /opt/airflow/dags/kafka_to_minio.py
[2024-10-06T02:57:19.777+0000] {processor.py:914} INFO - Processing file /opt/airflow/dags/kafka_to_minio.py for tasks to queue
[2024-10-06T02:57:19.781+0000] {logging_mixin.py:190} INFO - [2024-10-06T02:57:19.780+0000] {dagbag.py:588} INFO - Filling up the DagBag from /opt/airflow/dags/kafka_to_minio.py
[2024-10-06T02:57:20.178+0000] {processor.py:925} INFO - DAG(s) 'kafka_to_minio' retrieved from /opt/airflow/dags/kafka_to_minio.py
[2024-10-06T02:57:20.205+0000] {logging_mixin.py:190} INFO - [2024-10-06T02:57:20.205+0000] {dag.py:3239} INFO - Sync 1 DAGs
[2024-10-06T02:57:20.235+0000] {logging_mixin.py:190} INFO - [2024-10-06T02:57:20.235+0000] {dag.py:4180} INFO - Setting next_dagrun for kafka_to_minio to 2024-10-06 01:00:00+00:00, run_after=2024-10-06 02:00:00+00:00
[2024-10-06T02:57:20.259+0000] {processor.py:208} INFO - Processing /opt/airflow/dags/kafka_to_minio.py took 0.499 seconds
[2024-10-06T02:57:51.593+0000] {processor.py:186} INFO - Started process (PID=508) to work on /opt/airflow/dags/kafka_to_minio.py
[2024-10-06T02:57:51.595+0000] {processor.py:914} INFO - Processing file /opt/airflow/dags/kafka_to_minio.py for tasks to queue
[2024-10-06T02:57:51.598+0000] {logging_mixin.py:190} INFO - [2024-10-06T02:57:51.598+0000] {dagbag.py:588} INFO - Filling up the DagBag from /opt/airflow/dags/kafka_to_minio.py
[2024-10-06T02:57:51.971+0000] {processor.py:925} INFO - DAG(s) 'kafka_to_minio' retrieved from /opt/airflow/dags/kafka_to_minio.py
[2024-10-06T02:57:52.001+0000] {logging_mixin.py:190} INFO - [2024-10-06T02:57:52.000+0000] {dag.py:3239} INFO - Sync 1 DAGs
[2024-10-06T02:57:52.030+0000] {logging_mixin.py:190} INFO - [2024-10-06T02:57:52.029+0000] {dag.py:4180} INFO - Setting next_dagrun for kafka_to_minio to 2024-10-06 01:00:00+00:00, run_after=2024-10-06 02:00:00+00:00
[2024-10-06T02:57:52.051+0000] {processor.py:208} INFO - Processing /opt/airflow/dags/kafka_to_minio.py took 0.469 seconds
[2024-10-06T02:58:23.171+0000] {processor.py:186} INFO - Started process (PID=520) to work on /opt/airflow/dags/kafka_to_minio.py
[2024-10-06T02:58:23.173+0000] {processor.py:914} INFO - Processing file /opt/airflow/dags/kafka_to_minio.py for tasks to queue
[2024-10-06T02:58:23.178+0000] {logging_mixin.py:190} INFO - [2024-10-06T02:58:23.177+0000] {dagbag.py:588} INFO - Filling up the DagBag from /opt/airflow/dags/kafka_to_minio.py
[2024-10-06T02:58:23.580+0000] {processor.py:925} INFO - DAG(s) 'kafka_to_minio' retrieved from /opt/airflow/dags/kafka_to_minio.py
[2024-10-06T02:58:23.608+0000] {logging_mixin.py:190} INFO - [2024-10-06T02:58:23.607+0000] {dag.py:3239} INFO - Sync 1 DAGs
[2024-10-06T02:58:23.636+0000] {logging_mixin.py:190} INFO - [2024-10-06T02:58:23.636+0000] {dag.py:4180} INFO - Setting next_dagrun for kafka_to_minio to 2024-10-06 01:00:00+00:00, run_after=2024-10-06 02:00:00+00:00
[2024-10-06T02:58:23.659+0000] {processor.py:208} INFO - Processing /opt/airflow/dags/kafka_to_minio.py took 0.504 seconds
[2024-10-06T02:58:54.865+0000] {processor.py:186} INFO - Started process (PID=532) to work on /opt/airflow/dags/kafka_to_minio.py
[2024-10-06T02:58:54.867+0000] {processor.py:914} INFO - Processing file /opt/airflow/dags/kafka_to_minio.py for tasks to queue
[2024-10-06T02:58:54.871+0000] {logging_mixin.py:190} INFO - [2024-10-06T02:58:54.871+0000] {dagbag.py:588} INFO - Filling up the DagBag from /opt/airflow/dags/kafka_to_minio.py
[2024-10-06T02:58:55.268+0000] {processor.py:925} INFO - DAG(s) 'kafka_to_minio' retrieved from /opt/airflow/dags/kafka_to_minio.py
[2024-10-06T02:58:55.295+0000] {logging_mixin.py:190} INFO - [2024-10-06T02:58:55.295+0000] {dag.py:3239} INFO - Sync 1 DAGs
[2024-10-06T02:58:55.325+0000] {logging_mixin.py:190} INFO - [2024-10-06T02:58:55.325+0000] {dag.py:4180} INFO - Setting next_dagrun for kafka_to_minio to 2024-10-06 01:00:00+00:00, run_after=2024-10-06 02:00:00+00:00
[2024-10-06T02:58:55.347+0000] {processor.py:208} INFO - Processing /opt/airflow/dags/kafka_to_minio.py took 0.496 seconds
[2024-10-06T02:59:27.607+0000] {processor.py:186} INFO - Started process (PID=544) to work on /opt/airflow/dags/kafka_to_minio.py
[2024-10-06T02:59:27.609+0000] {processor.py:914} INFO - Processing file /opt/airflow/dags/kafka_to_minio.py for tasks to queue
[2024-10-06T02:59:27.613+0000] {logging_mixin.py:190} INFO - [2024-10-06T02:59:27.612+0000] {dagbag.py:588} INFO - Filling up the DagBag from /opt/airflow/dags/kafka_to_minio.py
[2024-10-06T02:59:27.977+0000] {processor.py:925} INFO - DAG(s) 'kafka_to_minio' retrieved from /opt/airflow/dags/kafka_to_minio.py
[2024-10-06T02:59:28.006+0000] {logging_mixin.py:190} INFO - [2024-10-06T02:59:28.006+0000] {dag.py:3239} INFO - Sync 1 DAGs
[2024-10-06T02:59:28.035+0000] {logging_mixin.py:190} INFO - [2024-10-06T02:59:28.034+0000] {dag.py:4180} INFO - Setting next_dagrun for kafka_to_minio to 2024-10-06 01:00:00+00:00, run_after=2024-10-06 02:00:00+00:00
[2024-10-06T02:59:28.056+0000] {processor.py:208} INFO - Processing /opt/airflow/dags/kafka_to_minio.py took 0.459 seconds
[2024-10-06T03:00:00.780+0000] {processor.py:186} INFO - Started process (PID=555) to work on /opt/airflow/dags/kafka_to_minio.py
[2024-10-06T03:00:00.783+0000] {processor.py:914} INFO - Processing file /opt/airflow/dags/kafka_to_minio.py for tasks to queue
[2024-10-06T03:00:00.787+0000] {logging_mixin.py:190} INFO - [2024-10-06T03:00:00.786+0000] {dagbag.py:588} INFO - Filling up the DagBag from /opt/airflow/dags/kafka_to_minio.py
[2024-10-06T03:00:01.325+0000] {processor.py:925} INFO - DAG(s) 'kafka_to_minio' retrieved from /opt/airflow/dags/kafka_to_minio.py
[2024-10-06T03:00:01.361+0000] {logging_mixin.py:190} INFO - [2024-10-06T03:00:01.361+0000] {dag.py:3239} INFO - Sync 1 DAGs
[2024-10-06T03:00:01.403+0000] {logging_mixin.py:190} INFO - [2024-10-06T03:00:01.403+0000] {dag.py:4180} INFO - Setting next_dagrun for kafka_to_minio to 2024-10-06 02:00:00+00:00, run_after=2024-10-06 03:00:00+00:00
[2024-10-06T03:00:01.436+0000] {processor.py:208} INFO - Processing /opt/airflow/dags/kafka_to_minio.py took 0.683 seconds
[2024-10-06T03:00:35.462+0000] {processor.py:186} INFO - Started process (PID=567) to work on /opt/airflow/dags/kafka_to_minio.py
[2024-10-06T03:00:35.467+0000] {processor.py:914} INFO - Processing file /opt/airflow/dags/kafka_to_minio.py for tasks to queue
[2024-10-06T03:00:35.478+0000] {logging_mixin.py:190} INFO - [2024-10-06T03:00:35.478+0000] {dagbag.py:588} INFO - Filling up the DagBag from /opt/airflow/dags/kafka_to_minio.py
[2024-10-06T03:00:36.434+0000] {processor.py:925} INFO - DAG(s) 'kafka_to_minio' retrieved from /opt/airflow/dags/kafka_to_minio.py
[2024-10-06T03:00:36.494+0000] {logging_mixin.py:190} INFO - [2024-10-06T03:00:36.493+0000] {dag.py:3239} INFO - Sync 1 DAGs
[2024-10-06T03:00:36.586+0000] {logging_mixin.py:190} INFO - [2024-10-06T03:00:36.583+0000] {dag.py:4180} INFO - Setting next_dagrun for kafka_to_minio to 2024-10-06 02:00:00+00:00, run_after=2024-10-06 03:00:00+00:00
[2024-10-06T03:00:36.658+0000] {processor.py:208} INFO - Processing /opt/airflow/dags/kafka_to_minio.py took 1.236 seconds
[2024-10-06T03:01:07.154+0000] {processor.py:186} INFO - Started process (PID=579) to work on /opt/airflow/dags/kafka_to_minio.py
[2024-10-06T03:01:07.156+0000] {processor.py:914} INFO - Processing file /opt/airflow/dags/kafka_to_minio.py for tasks to queue
[2024-10-06T03:01:07.160+0000] {logging_mixin.py:190} INFO - [2024-10-06T03:01:07.159+0000] {dagbag.py:588} INFO - Filling up the DagBag from /opt/airflow/dags/kafka_to_minio.py
[2024-10-06T03:01:07.532+0000] {processor.py:925} INFO - DAG(s) 'kafka_to_minio' retrieved from /opt/airflow/dags/kafka_to_minio.py
[2024-10-06T03:01:07.561+0000] {logging_mixin.py:190} INFO - [2024-10-06T03:01:07.561+0000] {dag.py:3239} INFO - Sync 1 DAGs
[2024-10-06T03:01:07.590+0000] {logging_mixin.py:190} INFO - [2024-10-06T03:01:07.589+0000] {dag.py:4180} INFO - Setting next_dagrun for kafka_to_minio to 2024-10-06 02:00:00+00:00, run_after=2024-10-06 03:00:00+00:00
[2024-10-06T03:01:07.611+0000] {processor.py:208} INFO - Processing /opt/airflow/dags/kafka_to_minio.py took 0.467 seconds
[2024-10-06T03:01:38.839+0000] {processor.py:186} INFO - Started process (PID=591) to work on /opt/airflow/dags/kafka_to_minio.py
[2024-10-06T03:01:38.841+0000] {processor.py:914} INFO - Processing file /opt/airflow/dags/kafka_to_minio.py for tasks to queue
[2024-10-06T03:01:38.845+0000] {logging_mixin.py:190} INFO - [2024-10-06T03:01:38.845+0000] {dagbag.py:588} INFO - Filling up the DagBag from /opt/airflow/dags/kafka_to_minio.py
[2024-10-06T03:01:39.254+0000] {processor.py:925} INFO - DAG(s) 'kafka_to_minio' retrieved from /opt/airflow/dags/kafka_to_minio.py
[2024-10-06T03:01:39.281+0000] {logging_mixin.py:190} INFO - [2024-10-06T03:01:39.281+0000] {dag.py:3239} INFO - Sync 1 DAGs
[2024-10-06T03:01:39.312+0000] {logging_mixin.py:190} INFO - [2024-10-06T03:01:39.311+0000] {dag.py:4180} INFO - Setting next_dagrun for kafka_to_minio to 2024-10-06 02:00:00+00:00, run_after=2024-10-06 03:00:00+00:00
[2024-10-06T03:01:39.334+0000] {processor.py:208} INFO - Processing /opt/airflow/dags/kafka_to_minio.py took 0.511 seconds
[2024-10-06T03:02:10.763+0000] {processor.py:186} INFO - Started process (PID=603) to work on /opt/airflow/dags/kafka_to_minio.py
[2024-10-06T03:02:10.765+0000] {processor.py:914} INFO - Processing file /opt/airflow/dags/kafka_to_minio.py for tasks to queue
[2024-10-06T03:02:10.770+0000] {logging_mixin.py:190} INFO - [2024-10-06T03:02:10.769+0000] {dagbag.py:588} INFO - Filling up the DagBag from /opt/airflow/dags/kafka_to_minio.py
[2024-10-06T03:02:11.142+0000] {processor.py:925} INFO - DAG(s) 'kafka_to_minio' retrieved from /opt/airflow/dags/kafka_to_minio.py
[2024-10-06T03:02:11.170+0000] {logging_mixin.py:190} INFO - [2024-10-06T03:02:11.170+0000] {dag.py:3239} INFO - Sync 1 DAGs
[2024-10-06T03:02:11.206+0000] {logging_mixin.py:190} INFO - [2024-10-06T03:02:11.205+0000] {dag.py:4180} INFO - Setting next_dagrun for kafka_to_minio to 2024-10-06 02:00:00+00:00, run_after=2024-10-06 03:00:00+00:00
[2024-10-06T03:02:11.236+0000] {processor.py:208} INFO - Processing /opt/airflow/dags/kafka_to_minio.py took 0.487 seconds
[2024-10-06T03:02:42.571+0000] {processor.py:186} INFO - Started process (PID=615) to work on /opt/airflow/dags/kafka_to_minio.py
[2024-10-06T03:02:42.572+0000] {processor.py:914} INFO - Processing file /opt/airflow/dags/kafka_to_minio.py for tasks to queue
[2024-10-06T03:02:42.575+0000] {logging_mixin.py:190} INFO - [2024-10-06T03:02:42.575+0000] {dagbag.py:588} INFO - Filling up the DagBag from /opt/airflow/dags/kafka_to_minio.py
[2024-10-06T03:02:42.994+0000] {processor.py:925} INFO - DAG(s) 'kafka_to_minio' retrieved from /opt/airflow/dags/kafka_to_minio.py
[2024-10-06T03:02:43.030+0000] {logging_mixin.py:190} INFO - [2024-10-06T03:02:43.029+0000] {dag.py:3239} INFO - Sync 1 DAGs
[2024-10-06T03:02:43.058+0000] {logging_mixin.py:190} INFO - [2024-10-06T03:02:43.058+0000] {dag.py:4180} INFO - Setting next_dagrun for kafka_to_minio to 2024-10-06 02:00:00+00:00, run_after=2024-10-06 03:00:00+00:00
[2024-10-06T03:02:43.079+0000] {processor.py:208} INFO - Processing /opt/airflow/dags/kafka_to_minio.py took 0.525 seconds
[2024-10-06T03:03:14.432+0000] {processor.py:186} INFO - Started process (PID=634) to work on /opt/airflow/dags/kafka_to_minio.py
[2024-10-06T03:03:14.435+0000] {processor.py:914} INFO - Processing file /opt/airflow/dags/kafka_to_minio.py for tasks to queue
[2024-10-06T03:03:14.439+0000] {logging_mixin.py:190} INFO - [2024-10-06T03:03:14.439+0000] {dagbag.py:588} INFO - Filling up the DagBag from /opt/airflow/dags/kafka_to_minio.py
[2024-10-06T03:03:14.955+0000] {processor.py:925} INFO - DAG(s) 'kafka_to_minio' retrieved from /opt/airflow/dags/kafka_to_minio.py
[2024-10-06T03:03:14.992+0000] {logging_mixin.py:190} INFO - [2024-10-06T03:03:14.991+0000] {dag.py:3239} INFO - Sync 1 DAGs
[2024-10-06T03:03:15.038+0000] {logging_mixin.py:190} INFO - [2024-10-06T03:03:15.037+0000] {dag.py:4180} INFO - Setting next_dagrun for kafka_to_minio to 2024-10-06 02:00:00+00:00, run_after=2024-10-06 03:00:00+00:00
[2024-10-06T03:03:15.067+0000] {processor.py:208} INFO - Processing /opt/airflow/dags/kafka_to_minio.py took 0.649 seconds
[2024-10-06T03:03:45.648+0000] {processor.py:186} INFO - Started process (PID=646) to work on /opt/airflow/dags/kafka_to_minio.py
[2024-10-06T03:03:45.649+0000] {processor.py:914} INFO - Processing file /opt/airflow/dags/kafka_to_minio.py for tasks to queue
[2024-10-06T03:03:45.654+0000] {logging_mixin.py:190} INFO - [2024-10-06T03:03:45.653+0000] {dagbag.py:588} INFO - Filling up the DagBag from /opt/airflow/dags/kafka_to_minio.py
[2024-10-06T03:03:46.248+0000] {processor.py:925} INFO - DAG(s) 'kafka_to_minio' retrieved from /opt/airflow/dags/kafka_to_minio.py
[2024-10-06T03:03:46.287+0000] {logging_mixin.py:190} INFO - [2024-10-06T03:03:46.287+0000] {dag.py:3239} INFO - Sync 1 DAGs
[2024-10-06T03:03:46.330+0000] {logging_mixin.py:190} INFO - [2024-10-06T03:03:46.330+0000] {dag.py:4180} INFO - Setting next_dagrun for kafka_to_minio to 2024-10-06 02:00:00+00:00, run_after=2024-10-06 03:00:00+00:00
[2024-10-06T03:03:46.358+0000] {processor.py:208} INFO - Processing /opt/airflow/dags/kafka_to_minio.py took 0.725 seconds
[2024-10-06T03:04:16.842+0000] {processor.py:186} INFO - Started process (PID=657) to work on /opt/airflow/dags/kafka_to_minio.py
[2024-10-06T03:04:16.844+0000] {processor.py:914} INFO - Processing file /opt/airflow/dags/kafka_to_minio.py for tasks to queue
[2024-10-06T03:04:16.848+0000] {logging_mixin.py:190} INFO - [2024-10-06T03:04:16.848+0000] {dagbag.py:588} INFO - Filling up the DagBag from /opt/airflow/dags/kafka_to_minio.py
[2024-10-06T03:04:17.409+0000] {processor.py:925} INFO - DAG(s) 'kafka_to_minio' retrieved from /opt/airflow/dags/kafka_to_minio.py
[2024-10-06T03:04:17.451+0000] {logging_mixin.py:190} INFO - [2024-10-06T03:04:17.450+0000] {dag.py:3239} INFO - Sync 1 DAGs
[2024-10-06T03:04:17.499+0000] {logging_mixin.py:190} INFO - [2024-10-06T03:04:17.499+0000] {dag.py:4180} INFO - Setting next_dagrun for kafka_to_minio to 2024-10-06 02:00:00+00:00, run_after=2024-10-06 03:00:00+00:00
[2024-10-06T03:04:17.531+0000] {processor.py:208} INFO - Processing /opt/airflow/dags/kafka_to_minio.py took 0.704 seconds
[2024-10-06T03:04:48.878+0000] {processor.py:186} INFO - Started process (PID=670) to work on /opt/airflow/dags/kafka_to_minio.py
[2024-10-06T03:04:48.889+0000] {processor.py:914} INFO - Processing file /opt/airflow/dags/kafka_to_minio.py for tasks to queue
[2024-10-06T03:04:48.905+0000] {logging_mixin.py:190} INFO - [2024-10-06T03:04:48.900+0000] {dagbag.py:588} INFO - Filling up the DagBag from /opt/airflow/dags/kafka_to_minio.py
[2024-10-06T03:04:49.854+0000] {processor.py:925} INFO - DAG(s) 'kafka_to_minio' retrieved from /opt/airflow/dags/kafka_to_minio.py
[2024-10-06T03:04:49.890+0000] {logging_mixin.py:190} INFO - [2024-10-06T03:04:49.889+0000] {dag.py:3239} INFO - Sync 1 DAGs
[2024-10-06T03:04:49.935+0000] {logging_mixin.py:190} INFO - [2024-10-06T03:04:49.935+0000] {dag.py:4180} INFO - Setting next_dagrun for kafka_to_minio to 2024-10-06 02:00:00+00:00, run_after=2024-10-06 03:00:00+00:00
[2024-10-06T03:04:49.964+0000] {processor.py:208} INFO - Processing /opt/airflow/dags/kafka_to_minio.py took 1.138 seconds
[2024-10-06T03:05:21.039+0000] {processor.py:186} INFO - Started process (PID=682) to work on /opt/airflow/dags/kafka_to_minio.py
[2024-10-06T03:05:21.047+0000] {processor.py:914} INFO - Processing file /opt/airflow/dags/kafka_to_minio.py for tasks to queue
[2024-10-06T03:05:21.060+0000] {logging_mixin.py:190} INFO - [2024-10-06T03:05:21.059+0000] {dagbag.py:588} INFO - Filling up the DagBag from /opt/airflow/dags/kafka_to_minio.py
[2024-10-06T03:05:22.462+0000] {processor.py:925} INFO - DAG(s) 'kafka_to_minio' retrieved from /opt/airflow/dags/kafka_to_minio.py
[2024-10-06T03:05:22.532+0000] {logging_mixin.py:190} INFO - [2024-10-06T03:05:22.532+0000] {dag.py:3239} INFO - Sync 1 DAGs
[2024-10-06T03:05:22.587+0000] {logging_mixin.py:190} INFO - [2024-10-06T03:05:22.586+0000] {dag.py:4180} INFO - Setting next_dagrun for kafka_to_minio to 2024-10-06 02:00:00+00:00, run_after=2024-10-06 03:00:00+00:00
[2024-10-06T03:05:22.635+0000] {processor.py:208} INFO - Processing /opt/airflow/dags/kafka_to_minio.py took 1.645 seconds
[2024-10-06T03:05:53.118+0000] {processor.py:186} INFO - Started process (PID=693) to work on /opt/airflow/dags/kafka_to_minio.py
[2024-10-06T03:05:53.120+0000] {processor.py:914} INFO - Processing file /opt/airflow/dags/kafka_to_minio.py for tasks to queue
[2024-10-06T03:05:53.124+0000] {logging_mixin.py:190} INFO - [2024-10-06T03:05:53.123+0000] {dagbag.py:588} INFO - Filling up the DagBag from /opt/airflow/dags/kafka_to_minio.py
[2024-10-06T03:05:53.664+0000] {processor.py:925} INFO - DAG(s) 'kafka_to_minio' retrieved from /opt/airflow/dags/kafka_to_minio.py
[2024-10-06T03:05:53.704+0000] {logging_mixin.py:190} INFO - [2024-10-06T03:05:53.703+0000] {dag.py:3239} INFO - Sync 1 DAGs
[2024-10-06T03:05:53.748+0000] {logging_mixin.py:190} INFO - [2024-10-06T03:05:53.748+0000] {dag.py:4180} INFO - Setting next_dagrun for kafka_to_minio to 2024-10-06 02:00:00+00:00, run_after=2024-10-06 03:00:00+00:00
[2024-10-06T03:05:53.784+0000] {processor.py:208} INFO - Processing /opt/airflow/dags/kafka_to_minio.py took 0.681 seconds
[2024-10-06T03:06:24.401+0000] {processor.py:186} INFO - Started process (PID=705) to work on /opt/airflow/dags/kafka_to_minio.py
[2024-10-06T03:06:24.403+0000] {processor.py:914} INFO - Processing file /opt/airflow/dags/kafka_to_minio.py for tasks to queue
[2024-10-06T03:06:24.408+0000] {logging_mixin.py:190} INFO - [2024-10-06T03:06:24.407+0000] {dagbag.py:588} INFO - Filling up the DagBag from /opt/airflow/dags/kafka_to_minio.py
[2024-10-06T03:06:24.932+0000] {processor.py:925} INFO - DAG(s) 'kafka_to_minio' retrieved from /opt/airflow/dags/kafka_to_minio.py
[2024-10-06T03:06:24.971+0000] {logging_mixin.py:190} INFO - [2024-10-06T03:06:24.970+0000] {dag.py:3239} INFO - Sync 1 DAGs
[2024-10-06T03:06:25.018+0000] {logging_mixin.py:190} INFO - [2024-10-06T03:06:25.017+0000] {dag.py:4180} INFO - Setting next_dagrun for kafka_to_minio to 2024-10-06 02:00:00+00:00, run_after=2024-10-06 03:00:00+00:00
[2024-10-06T03:06:25.050+0000] {processor.py:208} INFO - Processing /opt/airflow/dags/kafka_to_minio.py took 0.663 seconds
[2024-10-06T03:06:55.910+0000] {processor.py:186} INFO - Started process (PID=717) to work on /opt/airflow/dags/kafka_to_minio.py
[2024-10-06T03:06:55.912+0000] {processor.py:914} INFO - Processing file /opt/airflow/dags/kafka_to_minio.py for tasks to queue
[2024-10-06T03:06:55.924+0000] {logging_mixin.py:190} INFO - [2024-10-06T03:06:55.922+0000] {dagbag.py:588} INFO - Filling up the DagBag from /opt/airflow/dags/kafka_to_minio.py
[2024-10-06T03:06:56.749+0000] {processor.py:925} INFO - DAG(s) 'kafka_to_minio' retrieved from /opt/airflow/dags/kafka_to_minio.py
[2024-10-06T03:06:56.832+0000] {logging_mixin.py:190} INFO - [2024-10-06T03:06:56.831+0000] {dag.py:3239} INFO - Sync 1 DAGs
[2024-10-06T03:06:56.927+0000] {logging_mixin.py:190} INFO - [2024-10-06T03:06:56.926+0000] {dag.py:4180} INFO - Setting next_dagrun for kafka_to_minio to 2024-10-06 02:00:00+00:00, run_after=2024-10-06 03:00:00+00:00
[2024-10-06T03:06:56.991+0000] {processor.py:208} INFO - Processing /opt/airflow/dags/kafka_to_minio.py took 1.110 seconds
[2024-10-06T03:07:27.763+0000] {processor.py:186} INFO - Started process (PID=729) to work on /opt/airflow/dags/kafka_to_minio.py
[2024-10-06T03:07:27.771+0000] {processor.py:914} INFO - Processing file /opt/airflow/dags/kafka_to_minio.py for tasks to queue
[2024-10-06T03:07:27.780+0000] {logging_mixin.py:190} INFO - [2024-10-06T03:07:27.779+0000] {dagbag.py:588} INFO - Filling up the DagBag from /opt/airflow/dags/kafka_to_minio.py
[2024-10-06T03:07:28.850+0000] {processor.py:925} INFO - DAG(s) 'kafka_to_minio' retrieved from /opt/airflow/dags/kafka_to_minio.py
[2024-10-06T03:07:28.939+0000] {logging_mixin.py:190} INFO - [2024-10-06T03:07:28.937+0000] {dag.py:3239} INFO - Sync 1 DAGs
[2024-10-06T03:07:29.035+0000] {logging_mixin.py:190} INFO - [2024-10-06T03:07:29.034+0000] {dag.py:4180} INFO - Setting next_dagrun for kafka_to_minio to 2024-10-06 02:00:00+00:00, run_after=2024-10-06 03:00:00+00:00
[2024-10-06T03:07:29.110+0000] {processor.py:208} INFO - Processing /opt/airflow/dags/kafka_to_minio.py took 1.375 seconds
[2024-10-06T03:07:59.327+0000] {processor.py:186} INFO - Started process (PID=741) to work on /opt/airflow/dags/kafka_to_minio.py
[2024-10-06T03:07:59.329+0000] {processor.py:914} INFO - Processing file /opt/airflow/dags/kafka_to_minio.py for tasks to queue
[2024-10-06T03:07:59.332+0000] {logging_mixin.py:190} INFO - [2024-10-06T03:07:59.332+0000] {dagbag.py:588} INFO - Filling up the DagBag from /opt/airflow/dags/kafka_to_minio.py
[2024-10-06T03:07:59.711+0000] {processor.py:925} INFO - DAG(s) 'kafka_to_minio' retrieved from /opt/airflow/dags/kafka_to_minio.py
[2024-10-06T03:07:59.739+0000] {logging_mixin.py:190} INFO - [2024-10-06T03:07:59.738+0000] {dag.py:3239} INFO - Sync 1 DAGs
[2024-10-06T03:07:59.769+0000] {logging_mixin.py:190} INFO - [2024-10-06T03:07:59.769+0000] {dag.py:4180} INFO - Setting next_dagrun for kafka_to_minio to 2024-10-06 02:00:00+00:00, run_after=2024-10-06 03:00:00+00:00
[2024-10-06T03:07:59.791+0000] {processor.py:208} INFO - Processing /opt/airflow/dags/kafka_to_minio.py took 0.474 seconds
[2024-10-06T03:08:30.426+0000] {processor.py:186} INFO - Started process (PID=753) to work on /opt/airflow/dags/kafka_to_minio.py
[2024-10-06T03:08:30.428+0000] {processor.py:914} INFO - Processing file /opt/airflow/dags/kafka_to_minio.py for tasks to queue
[2024-10-06T03:08:30.431+0000] {logging_mixin.py:190} INFO - [2024-10-06T03:08:30.430+0000] {dagbag.py:588} INFO - Filling up the DagBag from /opt/airflow/dags/kafka_to_minio.py
[2024-10-06T03:08:30.821+0000] {processor.py:925} INFO - DAG(s) 'kafka_to_minio' retrieved from /opt/airflow/dags/kafka_to_minio.py
[2024-10-06T03:08:30.862+0000] {logging_mixin.py:190} INFO - [2024-10-06T03:08:30.862+0000] {dag.py:3239} INFO - Sync 1 DAGs
[2024-10-06T03:08:30.904+0000] {logging_mixin.py:190} INFO - [2024-10-06T03:08:30.904+0000] {dag.py:4180} INFO - Setting next_dagrun for kafka_to_minio to 2024-10-06 02:00:00+00:00, run_after=2024-10-06 03:00:00+00:00
[2024-10-06T03:08:30.933+0000] {processor.py:208} INFO - Processing /opt/airflow/dags/kafka_to_minio.py took 0.518 seconds
[2024-10-06T03:09:01.007+0000] {processor.py:186} INFO - Started process (PID=764) to work on /opt/airflow/dags/kafka_to_minio.py
[2024-10-06T03:09:01.009+0000] {processor.py:914} INFO - Processing file /opt/airflow/dags/kafka_to_minio.py for tasks to queue
[2024-10-06T03:09:01.012+0000] {logging_mixin.py:190} INFO - [2024-10-06T03:09:01.011+0000] {dagbag.py:588} INFO - Filling up the DagBag from /opt/airflow/dags/kafka_to_minio.py
[2024-10-06T03:09:01.366+0000] {processor.py:925} INFO - DAG(s) 'kafka_to_minio' retrieved from /opt/airflow/dags/kafka_to_minio.py
[2024-10-06T03:09:01.394+0000] {logging_mixin.py:190} INFO - [2024-10-06T03:09:01.394+0000] {dag.py:3239} INFO - Sync 1 DAGs
[2024-10-06T03:09:01.423+0000] {logging_mixin.py:190} INFO - [2024-10-06T03:09:01.422+0000] {dag.py:4180} INFO - Setting next_dagrun for kafka_to_minio to 2024-10-06 02:00:00+00:00, run_after=2024-10-06 03:00:00+00:00
[2024-10-06T03:09:01.449+0000] {processor.py:208} INFO - Processing /opt/airflow/dags/kafka_to_minio.py took 0.453 seconds
[2024-10-06T03:09:32.067+0000] {processor.py:186} INFO - Started process (PID=776) to work on /opt/airflow/dags/kafka_to_minio.py
[2024-10-06T03:09:32.069+0000] {processor.py:914} INFO - Processing file /opt/airflow/dags/kafka_to_minio.py for tasks to queue
[2024-10-06T03:09:32.072+0000] {logging_mixin.py:190} INFO - [2024-10-06T03:09:32.072+0000] {dagbag.py:588} INFO - Filling up the DagBag from /opt/airflow/dags/kafka_to_minio.py
[2024-10-06T03:09:32.498+0000] {processor.py:925} INFO - DAG(s) 'kafka_to_minio' retrieved from /opt/airflow/dags/kafka_to_minio.py
[2024-10-06T03:09:32.532+0000] {logging_mixin.py:190} INFO - [2024-10-06T03:09:32.532+0000] {dag.py:3239} INFO - Sync 1 DAGs
[2024-10-06T03:09:32.571+0000] {logging_mixin.py:190} INFO - [2024-10-06T03:09:32.571+0000] {dag.py:4180} INFO - Setting next_dagrun for kafka_to_minio to 2024-10-06 02:00:00+00:00, run_after=2024-10-06 03:00:00+00:00
[2024-10-06T03:09:32.594+0000] {processor.py:208} INFO - Processing /opt/airflow/dags/kafka_to_minio.py took 0.536 seconds
[2024-10-06T03:10:02.654+0000] {processor.py:186} INFO - Started process (PID=788) to work on /opt/airflow/dags/kafka_to_minio.py
[2024-10-06T03:10:02.657+0000] {processor.py:914} INFO - Processing file /opt/airflow/dags/kafka_to_minio.py for tasks to queue
[2024-10-06T03:10:02.669+0000] {logging_mixin.py:190} INFO - [2024-10-06T03:10:02.668+0000] {dagbag.py:588} INFO - Filling up the DagBag from /opt/airflow/dags/kafka_to_minio.py
[2024-10-06T03:10:03.237+0000] {processor.py:925} INFO - DAG(s) 'kafka_to_minio' retrieved from /opt/airflow/dags/kafka_to_minio.py
[2024-10-06T03:10:03.318+0000] {logging_mixin.py:190} INFO - [2024-10-06T03:10:03.317+0000] {dag.py:3239} INFO - Sync 1 DAGs
[2024-10-06T03:10:03.374+0000] {logging_mixin.py:190} INFO - [2024-10-06T03:10:03.374+0000] {dag.py:4180} INFO - Setting next_dagrun for kafka_to_minio to 2024-10-06 02:00:00+00:00, run_after=2024-10-06 03:00:00+00:00
[2024-10-06T03:10:03.403+0000] {processor.py:208} INFO - Processing /opt/airflow/dags/kafka_to_minio.py took 0.764 seconds
[2024-10-06T03:10:33.912+0000] {processor.py:186} INFO - Started process (PID=798) to work on /opt/airflow/dags/kafka_to_minio.py
[2024-10-06T03:10:33.917+0000] {processor.py:914} INFO - Processing file /opt/airflow/dags/kafka_to_minio.py for tasks to queue
[2024-10-06T03:10:33.927+0000] {logging_mixin.py:190} INFO - [2024-10-06T03:10:33.926+0000] {dagbag.py:588} INFO - Filling up the DagBag from /opt/airflow/dags/kafka_to_minio.py
[2024-10-06T03:10:35.109+0000] {processor.py:925} INFO - DAG(s) 'kafka_to_minio' retrieved from /opt/airflow/dags/kafka_to_minio.py
[2024-10-06T03:10:35.193+0000] {logging_mixin.py:190} INFO - [2024-10-06T03:10:35.190+0000] {dag.py:3239} INFO - Sync 1 DAGs
[2024-10-06T03:10:35.296+0000] {logging_mixin.py:190} INFO - [2024-10-06T03:10:35.296+0000] {dag.py:4180} INFO - Setting next_dagrun for kafka_to_minio to 2024-10-06 02:00:00+00:00, run_after=2024-10-06 03:00:00+00:00
[2024-10-06T03:10:35.370+0000] {processor.py:208} INFO - Processing /opt/airflow/dags/kafka_to_minio.py took 1.490 seconds
[2024-10-06T03:11:05.601+0000] {processor.py:186} INFO - Started process (PID=810) to work on /opt/airflow/dags/kafka_to_minio.py
[2024-10-06T03:11:05.608+0000] {processor.py:914} INFO - Processing file /opt/airflow/dags/kafka_to_minio.py for tasks to queue
[2024-10-06T03:11:05.611+0000] {logging_mixin.py:190} INFO - [2024-10-06T03:11:05.611+0000] {dagbag.py:588} INFO - Filling up the DagBag from /opt/airflow/dags/kafka_to_minio.py
[2024-10-06T03:11:05.981+0000] {processor.py:925} INFO - DAG(s) 'kafka_to_minio' retrieved from /opt/airflow/dags/kafka_to_minio.py
[2024-10-06T03:11:06.009+0000] {logging_mixin.py:190} INFO - [2024-10-06T03:11:06.009+0000] {dag.py:3239} INFO - Sync 1 DAGs
[2024-10-06T03:11:06.039+0000] {logging_mixin.py:190} INFO - [2024-10-06T03:11:06.039+0000] {dag.py:4180} INFO - Setting next_dagrun for kafka_to_minio to 2024-10-06 02:00:00+00:00, run_after=2024-10-06 03:00:00+00:00
[2024-10-06T03:11:06.061+0000] {processor.py:208} INFO - Processing /opt/airflow/dags/kafka_to_minio.py took 0.471 seconds
[2024-10-06T03:11:36.933+0000] {processor.py:186} INFO - Started process (PID=822) to work on /opt/airflow/dags/kafka_to_minio.py
[2024-10-06T03:11:36.937+0000] {processor.py:914} INFO - Processing file /opt/airflow/dags/kafka_to_minio.py for tasks to queue
[2024-10-06T03:11:36.942+0000] {logging_mixin.py:190} INFO - [2024-10-06T03:11:36.942+0000] {dagbag.py:588} INFO - Filling up the DagBag from /opt/airflow/dags/kafka_to_minio.py
[2024-10-06T03:11:37.699+0000] {processor.py:925} INFO - DAG(s) 'kafka_to_minio' retrieved from /opt/airflow/dags/kafka_to_minio.py
[2024-10-06T03:11:37.803+0000] {logging_mixin.py:190} INFO - [2024-10-06T03:11:37.802+0000] {dag.py:3239} INFO - Sync 1 DAGs
[2024-10-06T03:11:37.904+0000] {logging_mixin.py:190} INFO - [2024-10-06T03:11:37.902+0000] {dag.py:4180} INFO - Setting next_dagrun for kafka_to_minio to 2024-10-06 02:00:00+00:00, run_after=2024-10-06 03:00:00+00:00
[2024-10-06T03:11:37.978+0000] {processor.py:208} INFO - Processing /opt/airflow/dags/kafka_to_minio.py took 1.058 seconds
[2024-10-06T03:12:08.367+0000] {processor.py:186} INFO - Started process (PID=834) to work on /opt/airflow/dags/kafka_to_minio.py
[2024-10-06T03:12:08.368+0000] {processor.py:914} INFO - Processing file /opt/airflow/dags/kafka_to_minio.py for tasks to queue
[2024-10-06T03:12:08.371+0000] {logging_mixin.py:190} INFO - [2024-10-06T03:12:08.371+0000] {dagbag.py:588} INFO - Filling up the DagBag from /opt/airflow/dags/kafka_to_minio.py
[2024-10-06T03:12:08.725+0000] {processor.py:925} INFO - DAG(s) 'kafka_to_minio' retrieved from /opt/airflow/dags/kafka_to_minio.py
[2024-10-06T03:12:08.753+0000] {logging_mixin.py:190} INFO - [2024-10-06T03:12:08.753+0000] {dag.py:3239} INFO - Sync 1 DAGs
[2024-10-06T03:12:08.782+0000] {logging_mixin.py:190} INFO - [2024-10-06T03:12:08.782+0000] {dag.py:4180} INFO - Setting next_dagrun for kafka_to_minio to 2024-10-06 02:00:00+00:00, run_after=2024-10-06 03:00:00+00:00
[2024-10-06T03:12:08.807+0000] {processor.py:208} INFO - Processing /opt/airflow/dags/kafka_to_minio.py took 0.451 seconds
[2024-10-06T03:12:38.929+0000] {processor.py:186} INFO - Started process (PID=845) to work on /opt/airflow/dags/kafka_to_minio.py
[2024-10-06T03:12:38.932+0000] {processor.py:914} INFO - Processing file /opt/airflow/dags/kafka_to_minio.py for tasks to queue
[2024-10-06T03:12:38.936+0000] {logging_mixin.py:190} INFO - [2024-10-06T03:12:38.936+0000] {dagbag.py:588} INFO - Filling up the DagBag from /opt/airflow/dags/kafka_to_minio.py
[2024-10-06T03:12:39.450+0000] {processor.py:925} INFO - DAG(s) 'kafka_to_minio' retrieved from /opt/airflow/dags/kafka_to_minio.py
[2024-10-06T03:12:39.488+0000] {logging_mixin.py:190} INFO - [2024-10-06T03:12:39.488+0000] {dag.py:3239} INFO - Sync 1 DAGs
[2024-10-06T03:12:39.533+0000] {logging_mixin.py:190} INFO - [2024-10-06T03:12:39.533+0000] {dag.py:4180} INFO - Setting next_dagrun for kafka_to_minio to 2024-10-06 02:00:00+00:00, run_after=2024-10-06 03:00:00+00:00
[2024-10-06T03:12:39.565+0000] {processor.py:208} INFO - Processing /opt/airflow/dags/kafka_to_minio.py took 0.650 seconds
[2024-10-06T03:13:09.998+0000] {processor.py:186} INFO - Started process (PID=857) to work on /opt/airflow/dags/kafka_to_minio.py
[2024-10-06T03:13:10.000+0000] {processor.py:914} INFO - Processing file /opt/airflow/dags/kafka_to_minio.py for tasks to queue
[2024-10-06T03:13:10.003+0000] {logging_mixin.py:190} INFO - [2024-10-06T03:13:10.003+0000] {dagbag.py:588} INFO - Filling up the DagBag from /opt/airflow/dags/kafka_to_minio.py
[2024-10-06T03:13:10.376+0000] {processor.py:925} INFO - DAG(s) 'kafka_to_minio' retrieved from /opt/airflow/dags/kafka_to_minio.py
[2024-10-06T03:13:10.404+0000] {logging_mixin.py:190} INFO - [2024-10-06T03:13:10.404+0000] {dag.py:3239} INFO - Sync 1 DAGs
[2024-10-06T03:13:10.434+0000] {logging_mixin.py:190} INFO - [2024-10-06T03:13:10.433+0000] {dag.py:4180} INFO - Setting next_dagrun for kafka_to_minio to 2024-10-06 02:00:00+00:00, run_after=2024-10-06 03:00:00+00:00
[2024-10-06T03:13:10.456+0000] {processor.py:208} INFO - Processing /opt/airflow/dags/kafka_to_minio.py took 0.468 seconds
[2024-10-06T03:13:41.269+0000] {processor.py:186} INFO - Started process (PID=869) to work on /opt/airflow/dags/kafka_to_minio.py
[2024-10-06T03:13:41.271+0000] {processor.py:914} INFO - Processing file /opt/airflow/dags/kafka_to_minio.py for tasks to queue
[2024-10-06T03:13:41.275+0000] {logging_mixin.py:190} INFO - [2024-10-06T03:13:41.275+0000] {dagbag.py:588} INFO - Filling up the DagBag from /opt/airflow/dags/kafka_to_minio.py
[2024-10-06T03:13:41.637+0000] {processor.py:925} INFO - DAG(s) 'kafka_to_minio' retrieved from /opt/airflow/dags/kafka_to_minio.py
[2024-10-06T03:13:41.666+0000] {logging_mixin.py:190} INFO - [2024-10-06T03:13:41.665+0000] {dag.py:3239} INFO - Sync 1 DAGs
[2024-10-06T03:13:41.709+0000] {logging_mixin.py:190} INFO - [2024-10-06T03:13:41.708+0000] {dag.py:4180} INFO - Setting next_dagrun for kafka_to_minio to 2024-10-06 02:00:00+00:00, run_after=2024-10-06 03:00:00+00:00
[2024-10-06T03:13:41.730+0000] {processor.py:208} INFO - Processing /opt/airflow/dags/kafka_to_minio.py took 0.472 seconds
[2024-10-06T03:14:11.850+0000] {processor.py:186} INFO - Started process (PID=881) to work on /opt/airflow/dags/kafka_to_minio.py
[2024-10-06T03:14:11.851+0000] {processor.py:914} INFO - Processing file /opt/airflow/dags/kafka_to_minio.py for tasks to queue
[2024-10-06T03:14:11.855+0000] {logging_mixin.py:190} INFO - [2024-10-06T03:14:11.854+0000] {dagbag.py:588} INFO - Filling up the DagBag from /opt/airflow/dags/kafka_to_minio.py
[2024-10-06T03:14:12.220+0000] {processor.py:925} INFO - DAG(s) 'kafka_to_minio' retrieved from /opt/airflow/dags/kafka_to_minio.py
[2024-10-06T03:14:12.250+0000] {logging_mixin.py:190} INFO - [2024-10-06T03:14:12.249+0000] {dag.py:3239} INFO - Sync 1 DAGs
[2024-10-06T03:14:12.279+0000] {logging_mixin.py:190} INFO - [2024-10-06T03:14:12.279+0000] {dag.py:4180} INFO - Setting next_dagrun for kafka_to_minio to 2024-10-06 02:00:00+00:00, run_after=2024-10-06 03:00:00+00:00
[2024-10-06T03:14:12.301+0000] {processor.py:208} INFO - Processing /opt/airflow/dags/kafka_to_minio.py took 0.463 seconds
[2024-10-06T03:14:43.099+0000] {processor.py:186} INFO - Started process (PID=893) to work on /opt/airflow/dags/kafka_to_minio.py
[2024-10-06T03:14:43.101+0000] {processor.py:914} INFO - Processing file /opt/airflow/dags/kafka_to_minio.py for tasks to queue
[2024-10-06T03:14:43.105+0000] {logging_mixin.py:190} INFO - [2024-10-06T03:14:43.104+0000] {dagbag.py:588} INFO - Filling up the DagBag from /opt/airflow/dags/kafka_to_minio.py
[2024-10-06T03:14:43.461+0000] {processor.py:925} INFO - DAG(s) 'kafka_to_minio' retrieved from /opt/airflow/dags/kafka_to_minio.py
[2024-10-06T03:14:43.489+0000] {logging_mixin.py:190} INFO - [2024-10-06T03:14:43.489+0000] {dag.py:3239} INFO - Sync 1 DAGs
[2024-10-06T03:14:43.530+0000] {logging_mixin.py:190} INFO - [2024-10-06T03:14:43.530+0000] {dag.py:4180} INFO - Setting next_dagrun for kafka_to_minio to 2024-10-06 02:00:00+00:00, run_after=2024-10-06 03:00:00+00:00
[2024-10-06T03:14:43.555+0000] {processor.py:208} INFO - Processing /opt/airflow/dags/kafka_to_minio.py took 0.466 seconds
[2024-10-06T03:15:13.825+0000] {processor.py:186} INFO - Started process (PID=905) to work on /opt/airflow/dags/kafka_to_minio.py
[2024-10-06T03:15:13.827+0000] {processor.py:914} INFO - Processing file /opt/airflow/dags/kafka_to_minio.py for tasks to queue
[2024-10-06T03:15:13.831+0000] {logging_mixin.py:190} INFO - [2024-10-06T03:15:13.830+0000] {dagbag.py:588} INFO - Filling up the DagBag from /opt/airflow/dags/kafka_to_minio.py
[2024-10-06T03:15:14.208+0000] {processor.py:925} INFO - DAG(s) 'kafka_to_minio' retrieved from /opt/airflow/dags/kafka_to_minio.py
[2024-10-06T03:15:14.236+0000] {logging_mixin.py:190} INFO - [2024-10-06T03:15:14.236+0000] {dag.py:3239} INFO - Sync 1 DAGs
[2024-10-06T03:15:14.267+0000] {logging_mixin.py:190} INFO - [2024-10-06T03:15:14.267+0000] {dag.py:4180} INFO - Setting next_dagrun for kafka_to_minio to 2024-10-06 02:00:00+00:00, run_after=2024-10-06 03:00:00+00:00
[2024-10-06T03:15:14.291+0000] {processor.py:208} INFO - Processing /opt/airflow/dags/kafka_to_minio.py took 0.476 seconds
[2024-10-06T03:15:44.531+0000] {processor.py:186} INFO - Started process (PID=917) to work on /opt/airflow/dags/kafka_to_minio.py
[2024-10-06T03:15:44.533+0000] {processor.py:914} INFO - Processing file /opt/airflow/dags/kafka_to_minio.py for tasks to queue
[2024-10-06T03:15:44.536+0000] {logging_mixin.py:190} INFO - [2024-10-06T03:15:44.536+0000] {dagbag.py:588} INFO - Filling up the DagBag from /opt/airflow/dags/kafka_to_minio.py
[2024-10-06T03:15:44.885+0000] {processor.py:925} INFO - DAG(s) 'kafka_to_minio' retrieved from /opt/airflow/dags/kafka_to_minio.py
[2024-10-06T03:15:44.918+0000] {logging_mixin.py:190} INFO - [2024-10-06T03:15:44.918+0000] {dag.py:3239} INFO - Sync 1 DAGs
[2024-10-06T03:15:44.947+0000] {logging_mixin.py:190} INFO - [2024-10-06T03:15:44.946+0000] {dag.py:4180} INFO - Setting next_dagrun for kafka_to_minio to 2024-10-06 02:00:00+00:00, run_after=2024-10-06 03:00:00+00:00
[2024-10-06T03:15:44.969+0000] {processor.py:208} INFO - Processing /opt/airflow/dags/kafka_to_minio.py took 0.449 seconds
[2024-10-06T03:16:15.632+0000] {processor.py:186} INFO - Started process (PID=929) to work on /opt/airflow/dags/kafka_to_minio.py
[2024-10-06T03:16:15.634+0000] {processor.py:914} INFO - Processing file /opt/airflow/dags/kafka_to_minio.py for tasks to queue
[2024-10-06T03:16:15.638+0000] {logging_mixin.py:190} INFO - [2024-10-06T03:16:15.638+0000] {dagbag.py:588} INFO - Filling up the DagBag from /opt/airflow/dags/kafka_to_minio.py
[2024-10-06T03:16:16.077+0000] {processor.py:925} INFO - DAG(s) 'kafka_to_minio' retrieved from /opt/airflow/dags/kafka_to_minio.py
[2024-10-06T03:16:16.121+0000] {logging_mixin.py:190} INFO - [2024-10-06T03:16:16.120+0000] {dag.py:3239} INFO - Sync 1 DAGs
[2024-10-06T03:16:16.169+0000] {logging_mixin.py:190} INFO - [2024-10-06T03:16:16.168+0000] {dag.py:4180} INFO - Setting next_dagrun for kafka_to_minio to 2024-10-06 02:00:00+00:00, run_after=2024-10-06 03:00:00+00:00
[2024-10-06T03:16:16.191+0000] {processor.py:208} INFO - Processing /opt/airflow/dags/kafka_to_minio.py took 0.569 seconds
[2024-10-06T03:16:46.463+0000] {processor.py:186} INFO - Started process (PID=947) to work on /opt/airflow/dags/kafka_to_minio.py
[2024-10-06T03:16:46.465+0000] {processor.py:914} INFO - Processing file /opt/airflow/dags/kafka_to_minio.py for tasks to queue
[2024-10-06T03:16:46.470+0000] {logging_mixin.py:190} INFO - [2024-10-06T03:16:46.469+0000] {dagbag.py:588} INFO - Filling up the DagBag from /opt/airflow/dags/kafka_to_minio.py
[2024-10-06T03:16:46.964+0000] {processor.py:925} INFO - DAG(s) 'kafka_to_minio' retrieved from /opt/airflow/dags/kafka_to_minio.py
[2024-10-06T03:16:47.023+0000] {logging_mixin.py:190} INFO - [2024-10-06T03:16:47.022+0000] {dag.py:3239} INFO - Sync 1 DAGs
[2024-10-06T03:16:47.088+0000] {logging_mixin.py:190} INFO - [2024-10-06T03:16:47.088+0000] {dag.py:4180} INFO - Setting next_dagrun for kafka_to_minio to 2024-10-06 02:00:00+00:00, run_after=2024-10-06 03:00:00+00:00
[2024-10-06T03:16:47.136+0000] {processor.py:208} INFO - Processing /opt/airflow/dags/kafka_to_minio.py took 0.687 seconds
[2024-10-06T03:17:18.115+0000] {processor.py:186} INFO - Started process (PID=958) to work on /opt/airflow/dags/kafka_to_minio.py
[2024-10-06T03:17:18.118+0000] {processor.py:914} INFO - Processing file /opt/airflow/dags/kafka_to_minio.py for tasks to queue
[2024-10-06T03:17:18.123+0000] {logging_mixin.py:190} INFO - [2024-10-06T03:17:18.122+0000] {dagbag.py:588} INFO - Filling up the DagBag from /opt/airflow/dags/kafka_to_minio.py
[2024-10-06T03:17:18.483+0000] {processor.py:925} INFO - DAG(s) 'kafka_to_minio' retrieved from /opt/airflow/dags/kafka_to_minio.py
[2024-10-06T03:17:18.517+0000] {logging_mixin.py:190} INFO - [2024-10-06T03:17:18.517+0000] {dag.py:3239} INFO - Sync 1 DAGs
[2024-10-06T03:17:18.546+0000] {logging_mixin.py:190} INFO - [2024-10-06T03:17:18.546+0000] {dag.py:4180} INFO - Setting next_dagrun for kafka_to_minio to 2024-10-06 02:00:00+00:00, run_after=2024-10-06 03:00:00+00:00
[2024-10-06T03:17:18.571+0000] {processor.py:208} INFO - Processing /opt/airflow/dags/kafka_to_minio.py took 0.468 seconds
[2024-10-06T03:17:49.179+0000] {processor.py:186} INFO - Started process (PID=970) to work on /opt/airflow/dags/kafka_to_minio.py
[2024-10-06T03:17:49.181+0000] {processor.py:914} INFO - Processing file /opt/airflow/dags/kafka_to_minio.py for tasks to queue
[2024-10-06T03:17:49.186+0000] {logging_mixin.py:190} INFO - [2024-10-06T03:17:49.186+0000] {dagbag.py:588} INFO - Filling up the DagBag from /opt/airflow/dags/kafka_to_minio.py
[2024-10-06T03:17:49.679+0000] {processor.py:925} INFO - DAG(s) 'kafka_to_minio' retrieved from /opt/airflow/dags/kafka_to_minio.py
[2024-10-06T03:17:49.716+0000] {logging_mixin.py:190} INFO - [2024-10-06T03:17:49.715+0000] {dag.py:3239} INFO - Sync 1 DAGs
[2024-10-06T03:17:49.758+0000] {logging_mixin.py:190} INFO - [2024-10-06T03:17:49.758+0000] {dag.py:4180} INFO - Setting next_dagrun for kafka_to_minio to 2024-10-06 02:00:00+00:00, run_after=2024-10-06 03:00:00+00:00
[2024-10-06T03:17:49.787+0000] {processor.py:208} INFO - Processing /opt/airflow/dags/kafka_to_minio.py took 0.632 seconds
[2024-10-06T03:18:19.903+0000] {processor.py:186} INFO - Started process (PID=982) to work on /opt/airflow/dags/kafka_to_minio.py
[2024-10-06T03:18:19.905+0000] {processor.py:914} INFO - Processing file /opt/airflow/dags/kafka_to_minio.py for tasks to queue
[2024-10-06T03:18:19.909+0000] {logging_mixin.py:190} INFO - [2024-10-06T03:18:19.908+0000] {dagbag.py:588} INFO - Filling up the DagBag from /opt/airflow/dags/kafka_to_minio.py
[2024-10-06T03:18:20.280+0000] {processor.py:925} INFO - DAG(s) 'kafka_to_minio' retrieved from /opt/airflow/dags/kafka_to_minio.py
[2024-10-06T03:18:20.307+0000] {logging_mixin.py:190} INFO - [2024-10-06T03:18:20.307+0000] {dag.py:3239} INFO - Sync 1 DAGs
[2024-10-06T03:18:20.337+0000] {logging_mixin.py:190} INFO - [2024-10-06T03:18:20.337+0000] {dag.py:4180} INFO - Setting next_dagrun for kafka_to_minio to 2024-10-06 02:00:00+00:00, run_after=2024-10-06 03:00:00+00:00
[2024-10-06T03:18:20.359+0000] {processor.py:208} INFO - Processing /opt/airflow/dags/kafka_to_minio.py took 0.467 seconds
[2024-10-06T03:18:50.457+0000] {processor.py:186} INFO - Started process (PID=994) to work on /opt/airflow/dags/kafka_to_minio.py
[2024-10-06T03:18:50.458+0000] {processor.py:914} INFO - Processing file /opt/airflow/dags/kafka_to_minio.py for tasks to queue
[2024-10-06T03:18:50.461+0000] {logging_mixin.py:190} INFO - [2024-10-06T03:18:50.461+0000] {dagbag.py:588} INFO - Filling up the DagBag from /opt/airflow/dags/kafka_to_minio.py
[2024-10-06T03:18:50.813+0000] {processor.py:925} INFO - DAG(s) 'kafka_to_minio' retrieved from /opt/airflow/dags/kafka_to_minio.py
[2024-10-06T03:18:50.841+0000] {logging_mixin.py:190} INFO - [2024-10-06T03:18:50.840+0000] {dag.py:3239} INFO - Sync 1 DAGs
[2024-10-06T03:18:50.868+0000] {logging_mixin.py:190} INFO - [2024-10-06T03:18:50.868+0000] {dag.py:4180} INFO - Setting next_dagrun for kafka_to_minio to 2024-10-06 02:00:00+00:00, run_after=2024-10-06 03:00:00+00:00
[2024-10-06T03:18:50.889+0000] {processor.py:208} INFO - Processing /opt/airflow/dags/kafka_to_minio.py took 0.443 seconds
[2024-10-06T03:19:20.997+0000] {processor.py:186} INFO - Started process (PID=1006) to work on /opt/airflow/dags/kafka_to_minio.py
[2024-10-06T03:19:21.000+0000] {processor.py:914} INFO - Processing file /opt/airflow/dags/kafka_to_minio.py for tasks to queue
[2024-10-06T03:19:21.003+0000] {logging_mixin.py:190} INFO - [2024-10-06T03:19:21.003+0000] {dagbag.py:588} INFO - Filling up the DagBag from /opt/airflow/dags/kafka_to_minio.py
[2024-10-06T03:19:21.355+0000] {processor.py:925} INFO - DAG(s) 'kafka_to_minio' retrieved from /opt/airflow/dags/kafka_to_minio.py
[2024-10-06T03:19:21.383+0000] {logging_mixin.py:190} INFO - [2024-10-06T03:19:21.382+0000] {dag.py:3239} INFO - Sync 1 DAGs
[2024-10-06T03:19:21.411+0000] {logging_mixin.py:190} INFO - [2024-10-06T03:19:21.411+0000] {dag.py:4180} INFO - Setting next_dagrun for kafka_to_minio to 2024-10-06 02:00:00+00:00, run_after=2024-10-06 03:00:00+00:00
[2024-10-06T03:19:21.434+0000] {processor.py:208} INFO - Processing /opt/airflow/dags/kafka_to_minio.py took 0.449 seconds
[2024-10-06T03:19:52.075+0000] {processor.py:186} INFO - Started process (PID=1018) to work on /opt/airflow/dags/kafka_to_minio.py
[2024-10-06T03:19:52.078+0000] {processor.py:914} INFO - Processing file /opt/airflow/dags/kafka_to_minio.py for tasks to queue
[2024-10-06T03:19:52.082+0000] {logging_mixin.py:190} INFO - [2024-10-06T03:19:52.081+0000] {dagbag.py:588} INFO - Filling up the DagBag from /opt/airflow/dags/kafka_to_minio.py
[2024-10-06T03:19:52.448+0000] {processor.py:925} INFO - DAG(s) 'kafka_to_minio' retrieved from /opt/airflow/dags/kafka_to_minio.py
[2024-10-06T03:19:52.476+0000] {logging_mixin.py:190} INFO - [2024-10-06T03:19:52.475+0000] {dag.py:3239} INFO - Sync 1 DAGs
[2024-10-06T03:19:52.504+0000] {logging_mixin.py:190} INFO - [2024-10-06T03:19:52.503+0000] {dag.py:4180} INFO - Setting next_dagrun for kafka_to_minio to 2024-10-06 02:00:00+00:00, run_after=2024-10-06 03:00:00+00:00
[2024-10-06T03:19:52.525+0000] {processor.py:208} INFO - Processing /opt/airflow/dags/kafka_to_minio.py took 0.461 seconds
[2024-10-06T03:20:23.421+0000] {processor.py:186} INFO - Started process (PID=1030) to work on /opt/airflow/dags/kafka_to_minio.py
[2024-10-06T03:20:23.423+0000] {processor.py:914} INFO - Processing file /opt/airflow/dags/kafka_to_minio.py for tasks to queue
[2024-10-06T03:20:23.426+0000] {logging_mixin.py:190} INFO - [2024-10-06T03:20:23.426+0000] {dagbag.py:588} INFO - Filling up the DagBag from /opt/airflow/dags/kafka_to_minio.py
[2024-10-06T03:20:23.788+0000] {processor.py:925} INFO - DAG(s) 'kafka_to_minio' retrieved from /opt/airflow/dags/kafka_to_minio.py
[2024-10-06T03:20:23.816+0000] {logging_mixin.py:190} INFO - [2024-10-06T03:20:23.816+0000] {dag.py:3239} INFO - Sync 1 DAGs
[2024-10-06T03:20:23.845+0000] {logging_mixin.py:190} INFO - [2024-10-06T03:20:23.844+0000] {dag.py:4180} INFO - Setting next_dagrun for kafka_to_minio to 2024-10-06 02:00:00+00:00, run_after=2024-10-06 03:00:00+00:00
[2024-10-06T03:20:23.867+0000] {processor.py:208} INFO - Processing /opt/airflow/dags/kafka_to_minio.py took 0.456 seconds
[2024-10-06T03:20:54.049+0000] {processor.py:186} INFO - Started process (PID=1042) to work on /opt/airflow/dags/kafka_to_minio.py
[2024-10-06T03:20:54.050+0000] {processor.py:914} INFO - Processing file /opt/airflow/dags/kafka_to_minio.py for tasks to queue
[2024-10-06T03:20:54.053+0000] {logging_mixin.py:190} INFO - [2024-10-06T03:20:54.053+0000] {dagbag.py:588} INFO - Filling up the DagBag from /opt/airflow/dags/kafka_to_minio.py
[2024-10-06T03:20:54.194+0000] {processor.py:925} INFO - DAG(s) 'kafka_to_minio' retrieved from /opt/airflow/dags/kafka_to_minio.py
[2024-10-06T03:20:54.228+0000] {logging_mixin.py:190} INFO - [2024-10-06T03:20:54.228+0000] {dag.py:3239} INFO - Sync 1 DAGs
[2024-10-06T03:20:54.261+0000] {logging_mixin.py:190} INFO - [2024-10-06T03:20:54.260+0000] {dag.py:4180} INFO - Setting next_dagrun for kafka_to_minio to 2024-10-06 02:00:00+00:00, run_after=2024-10-06 03:00:00+00:00
[2024-10-06T03:20:54.283+0000] {processor.py:208} INFO - Processing /opt/airflow/dags/kafka_to_minio.py took 0.246 seconds
[2024-10-06T03:21:24.669+0000] {processor.py:186} INFO - Started process (PID=1053) to work on /opt/airflow/dags/kafka_to_minio.py
[2024-10-06T03:21:24.671+0000] {processor.py:914} INFO - Processing file /opt/airflow/dags/kafka_to_minio.py for tasks to queue
[2024-10-06T03:21:24.674+0000] {logging_mixin.py:190} INFO - [2024-10-06T03:21:24.674+0000] {dagbag.py:588} INFO - Filling up the DagBag from /opt/airflow/dags/kafka_to_minio.py
[2024-10-06T03:21:24.811+0000] {processor.py:925} INFO - DAG(s) 'kafka_to_minio' retrieved from /opt/airflow/dags/kafka_to_minio.py
[2024-10-06T03:21:24.848+0000] {logging_mixin.py:190} INFO - [2024-10-06T03:21:24.848+0000] {dag.py:3239} INFO - Sync 1 DAGs
[2024-10-06T03:21:24.883+0000] {logging_mixin.py:190} INFO - [2024-10-06T03:21:24.882+0000] {dag.py:4180} INFO - Setting next_dagrun for kafka_to_minio to 2024-10-06 02:00:00+00:00, run_after=2024-10-06 03:00:00+00:00
[2024-10-06T03:21:24.908+0000] {processor.py:208} INFO - Processing /opt/airflow/dags/kafka_to_minio.py took 0.249 seconds
[2024-10-06T03:21:55.332+0000] {processor.py:186} INFO - Started process (PID=1064) to work on /opt/airflow/dags/kafka_to_minio.py
[2024-10-06T03:21:55.335+0000] {processor.py:914} INFO - Processing file /opt/airflow/dags/kafka_to_minio.py for tasks to queue
[2024-10-06T03:21:55.340+0000] {logging_mixin.py:190} INFO - [2024-10-06T03:21:55.339+0000] {dagbag.py:588} INFO - Filling up the DagBag from /opt/airflow/dags/kafka_to_minio.py
[2024-10-06T03:21:55.710+0000] {processor.py:925} INFO - DAG(s) 'kafka_to_minio' retrieved from /opt/airflow/dags/kafka_to_minio.py
[2024-10-06T03:21:55.838+0000] {logging_mixin.py:190} INFO - [2024-10-06T03:21:55.838+0000] {dag.py:3239} INFO - Sync 1 DAGs
[2024-10-06T03:21:55.920+0000] {logging_mixin.py:190} INFO - [2024-10-06T03:21:55.920+0000] {dag.py:4180} INFO - Setting next_dagrun for kafka_to_minio to 2024-10-06 02:00:00+00:00, run_after=2024-10-06 03:00:00+00:00
[2024-10-06T03:21:55.979+0000] {processor.py:208} INFO - Processing /opt/airflow/dags/kafka_to_minio.py took 0.666 seconds
[2024-10-06T03:22:26.543+0000] {processor.py:186} INFO - Started process (PID=1076) to work on /opt/airflow/dags/kafka_to_minio.py
[2024-10-06T03:22:26.546+0000] {processor.py:914} INFO - Processing file /opt/airflow/dags/kafka_to_minio.py for tasks to queue
[2024-10-06T03:22:26.556+0000] {logging_mixin.py:190} INFO - [2024-10-06T03:22:26.555+0000] {dagbag.py:588} INFO - Filling up the DagBag from /opt/airflow/dags/kafka_to_minio.py
[2024-10-06T03:22:26.825+0000] {processor.py:925} INFO - DAG(s) 'kafka_to_minio' retrieved from /opt/airflow/dags/kafka_to_minio.py
[2024-10-06T03:22:26.929+0000] {logging_mixin.py:190} INFO - [2024-10-06T03:22:26.928+0000] {dag.py:3239} INFO - Sync 1 DAGs
[2024-10-06T03:22:27.067+0000] {logging_mixin.py:190} INFO - [2024-10-06T03:22:27.067+0000] {dag.py:4180} INFO - Setting next_dagrun for kafka_to_minio to 2024-10-06 02:00:00+00:00, run_after=2024-10-06 03:00:00+00:00
[2024-10-06T03:22:27.137+0000] {processor.py:208} INFO - Processing /opt/airflow/dags/kafka_to_minio.py took 0.635 seconds
[2024-10-06T03:22:57.532+0000] {processor.py:186} INFO - Started process (PID=1088) to work on /opt/airflow/dags/kafka_to_minio.py
[2024-10-06T03:22:57.533+0000] {processor.py:914} INFO - Processing file /opt/airflow/dags/kafka_to_minio.py for tasks to queue
[2024-10-06T03:22:57.536+0000] {logging_mixin.py:190} INFO - [2024-10-06T03:22:57.535+0000] {dagbag.py:588} INFO - Filling up the DagBag from /opt/airflow/dags/kafka_to_minio.py
[2024-10-06T03:22:57.676+0000] {processor.py:925} INFO - DAG(s) 'kafka_to_minio' retrieved from /opt/airflow/dags/kafka_to_minio.py
[2024-10-06T03:22:57.707+0000] {logging_mixin.py:190} INFO - [2024-10-06T03:22:57.707+0000] {dag.py:3239} INFO - Sync 1 DAGs
[2024-10-06T03:22:57.743+0000] {logging_mixin.py:190} INFO - [2024-10-06T03:22:57.743+0000] {dag.py:4180} INFO - Setting next_dagrun for kafka_to_minio to 2024-10-06 02:00:00+00:00, run_after=2024-10-06 03:00:00+00:00
[2024-10-06T03:22:57.770+0000] {processor.py:208} INFO - Processing /opt/airflow/dags/kafka_to_minio.py took 0.252 seconds
