[2024-10-06T02:37:35.564+0000] {processor.py:186} INFO - Started process (PID=34) to work on /opt/airflow/dags/log_dag.py
[2024-10-06T02:37:35.567+0000] {processor.py:914} INFO - Processing file /opt/airflow/dags/log_dag.py for tasks to queue
[2024-10-06T02:37:35.578+0000] {logging_mixin.py:190} INFO - [2024-10-06T02:37:35.576+0000] {dagbag.py:588} INFO - Filling up the DagBag from /opt/airflow/dags/log_dag.py
[2024-10-06T02:37:35.605+0000] {processor.py:925} INFO - DAG(s) 'log_dag' retrieved from /opt/airflow/dags/log_dag.py
[2024-10-06T02:37:35.756+0000] {logging_mixin.py:190} INFO - [2024-10-06T02:37:35.755+0000] {dag.py:3239} INFO - Sync 1 DAGs
[2024-10-06T02:37:35.865+0000] {logging_mixin.py:190} INFO - [2024-10-06T02:37:35.865+0000] {dag.py:4180} INFO - Setting next_dagrun for log_dag to None, run_after=None
[2024-10-06T02:37:36.009+0000] {processor.py:208} INFO - Processing /opt/airflow/dags/log_dag.py took 0.474 seconds
[2024-10-06T02:38:06.708+0000] {processor.py:186} INFO - Started process (PID=45) to work on /opt/airflow/dags/log_dag.py
[2024-10-06T02:38:06.713+0000] {processor.py:914} INFO - Processing file /opt/airflow/dags/log_dag.py for tasks to queue
[2024-10-06T02:38:06.721+0000] {logging_mixin.py:190} INFO - [2024-10-06T02:38:06.721+0000] {dagbag.py:588} INFO - Filling up the DagBag from /opt/airflow/dags/log_dag.py
[2024-10-06T02:38:06.757+0000] {processor.py:925} INFO - DAG(s) 'log_dag' retrieved from /opt/airflow/dags/log_dag.py
[2024-10-06T02:38:06.879+0000] {logging_mixin.py:190} INFO - [2024-10-06T02:38:06.879+0000] {dag.py:3239} INFO - Sync 1 DAGs
[2024-10-06T02:38:06.923+0000] {logging_mixin.py:190} INFO - [2024-10-06T02:38:06.922+0000] {dag.py:4180} INFO - Setting next_dagrun for log_dag to None, run_after=None
[2024-10-06T02:38:06.965+0000] {processor.py:208} INFO - Processing /opt/airflow/dags/log_dag.py took 0.283 seconds
[2024-10-06T02:38:37.221+0000] {processor.py:186} INFO - Started process (PID=61) to work on /opt/airflow/dags/log_dag.py
[2024-10-06T02:38:37.224+0000] {processor.py:914} INFO - Processing file /opt/airflow/dags/log_dag.py for tasks to queue
[2024-10-06T02:38:37.228+0000] {logging_mixin.py:190} INFO - [2024-10-06T02:38:37.228+0000] {dagbag.py:588} INFO - Filling up the DagBag from /opt/airflow/dags/log_dag.py
[2024-10-06T02:38:37.243+0000] {processor.py:925} INFO - DAG(s) 'log_dag' retrieved from /opt/airflow/dags/log_dag.py
[2024-10-06T02:38:37.302+0000] {logging_mixin.py:190} INFO - [2024-10-06T02:38:37.302+0000] {dag.py:3239} INFO - Sync 1 DAGs
[2024-10-06T02:38:37.328+0000] {logging_mixin.py:190} INFO - [2024-10-06T02:38:37.328+0000] {dag.py:4180} INFO - Setting next_dagrun for log_dag to None, run_after=None
[2024-10-06T02:38:37.357+0000] {processor.py:208} INFO - Processing /opt/airflow/dags/log_dag.py took 0.150 seconds
[2024-10-06T02:39:07.599+0000] {processor.py:186} INFO - Started process (PID=72) to work on /opt/airflow/dags/log_dag.py
[2024-10-06T02:39:07.601+0000] {processor.py:914} INFO - Processing file /opt/airflow/dags/log_dag.py for tasks to queue
[2024-10-06T02:39:07.604+0000] {logging_mixin.py:190} INFO - [2024-10-06T02:39:07.604+0000] {dagbag.py:588} INFO - Filling up the DagBag from /opt/airflow/dags/log_dag.py
[2024-10-06T02:39:07.615+0000] {processor.py:925} INFO - DAG(s) 'log_dag' retrieved from /opt/airflow/dags/log_dag.py
[2024-10-06T02:39:07.652+0000] {logging_mixin.py:190} INFO - [2024-10-06T02:39:07.652+0000] {dag.py:3239} INFO - Sync 1 DAGs
[2024-10-06T02:39:07.671+0000] {logging_mixin.py:190} INFO - [2024-10-06T02:39:07.670+0000] {dag.py:4180} INFO - Setting next_dagrun for log_dag to None, run_after=None
[2024-10-06T02:39:07.693+0000] {processor.py:208} INFO - Processing /opt/airflow/dags/log_dag.py took 0.104 seconds
[2024-10-06T02:39:37.995+0000] {processor.py:186} INFO - Started process (PID=84) to work on /opt/airflow/dags/log_dag.py
[2024-10-06T02:39:37.997+0000] {processor.py:914} INFO - Processing file /opt/airflow/dags/log_dag.py for tasks to queue
[2024-10-06T02:39:38.001+0000] {logging_mixin.py:190} INFO - [2024-10-06T02:39:38.001+0000] {dagbag.py:588} INFO - Filling up the DagBag from /opt/airflow/dags/log_dag.py
[2024-10-06T02:39:38.016+0000] {processor.py:925} INFO - DAG(s) 'log_dag' retrieved from /opt/airflow/dags/log_dag.py
[2024-10-06T02:39:38.066+0000] {logging_mixin.py:190} INFO - [2024-10-06T02:39:38.066+0000] {dag.py:3239} INFO - Sync 1 DAGs
[2024-10-06T02:39:38.094+0000] {logging_mixin.py:190} INFO - [2024-10-06T02:39:38.094+0000] {dag.py:4180} INFO - Setting next_dagrun for log_dag to None, run_after=None
[2024-10-06T02:39:38.123+0000] {processor.py:208} INFO - Processing /opt/airflow/dags/log_dag.py took 0.142 seconds
[2024-10-06T02:40:08.408+0000] {processor.py:186} INFO - Started process (PID=96) to work on /opt/airflow/dags/log_dag.py
[2024-10-06T02:40:08.411+0000] {processor.py:914} INFO - Processing file /opt/airflow/dags/log_dag.py for tasks to queue
[2024-10-06T02:40:08.416+0000] {logging_mixin.py:190} INFO - [2024-10-06T02:40:08.415+0000] {dagbag.py:588} INFO - Filling up the DagBag from /opt/airflow/dags/log_dag.py
[2024-10-06T02:40:08.430+0000] {processor.py:925} INFO - DAG(s) 'log_dag' retrieved from /opt/airflow/dags/log_dag.py
[2024-10-06T02:40:08.479+0000] {logging_mixin.py:190} INFO - [2024-10-06T02:40:08.479+0000] {dag.py:3239} INFO - Sync 1 DAGs
[2024-10-06T02:40:08.506+0000] {logging_mixin.py:190} INFO - [2024-10-06T02:40:08.505+0000] {dag.py:4180} INFO - Setting next_dagrun for log_dag to None, run_after=None
[2024-10-06T02:40:08.535+0000] {processor.py:208} INFO - Processing /opt/airflow/dags/log_dag.py took 0.141 seconds
[2024-10-06T02:40:38.751+0000] {processor.py:186} INFO - Started process (PID=108) to work on /opt/airflow/dags/log_dag.py
[2024-10-06T02:40:38.753+0000] {processor.py:914} INFO - Processing file /opt/airflow/dags/log_dag.py for tasks to queue
[2024-10-06T02:40:38.756+0000] {logging_mixin.py:190} INFO - [2024-10-06T02:40:38.755+0000] {dagbag.py:588} INFO - Filling up the DagBag from /opt/airflow/dags/log_dag.py
[2024-10-06T02:40:38.767+0000] {processor.py:925} INFO - DAG(s) 'log_dag' retrieved from /opt/airflow/dags/log_dag.py
[2024-10-06T02:40:38.811+0000] {logging_mixin.py:190} INFO - [2024-10-06T02:40:38.810+0000] {dag.py:3239} INFO - Sync 1 DAGs
[2024-10-06T02:40:38.841+0000] {logging_mixin.py:190} INFO - [2024-10-06T02:40:38.840+0000] {dag.py:4180} INFO - Setting next_dagrun for log_dag to None, run_after=None
[2024-10-06T02:40:38.876+0000] {processor.py:208} INFO - Processing /opt/airflow/dags/log_dag.py took 0.135 seconds
[2024-10-06T02:41:09.503+0000] {processor.py:186} INFO - Started process (PID=120) to work on /opt/airflow/dags/log_dag.py
[2024-10-06T02:41:09.505+0000] {processor.py:914} INFO - Processing file /opt/airflow/dags/log_dag.py for tasks to queue
[2024-10-06T02:41:09.511+0000] {logging_mixin.py:190} INFO - [2024-10-06T02:41:09.509+0000] {dagbag.py:588} INFO - Filling up the DagBag from /opt/airflow/dags/log_dag.py
[2024-10-06T02:41:09.527+0000] {processor.py:925} INFO - DAG(s) 'log_dag' retrieved from /opt/airflow/dags/log_dag.py
[2024-10-06T02:41:09.576+0000] {logging_mixin.py:190} INFO - [2024-10-06T02:41:09.576+0000] {dag.py:3239} INFO - Sync 1 DAGs
[2024-10-06T02:41:09.605+0000] {logging_mixin.py:190} INFO - [2024-10-06T02:41:09.604+0000] {dag.py:4180} INFO - Setting next_dagrun for log_dag to None, run_after=None
[2024-10-06T02:41:09.636+0000] {processor.py:208} INFO - Processing /opt/airflow/dags/log_dag.py took 0.149 seconds
[2024-10-06T02:41:40.526+0000] {processor.py:186} INFO - Started process (PID=132) to work on /opt/airflow/dags/log_dag.py
[2024-10-06T02:41:40.532+0000] {processor.py:914} INFO - Processing file /opt/airflow/dags/log_dag.py for tasks to queue
[2024-10-06T02:41:40.547+0000] {logging_mixin.py:190} INFO - [2024-10-06T02:41:40.546+0000] {dagbag.py:588} INFO - Filling up the DagBag from /opt/airflow/dags/log_dag.py
[2024-10-06T02:41:40.605+0000] {processor.py:925} INFO - DAG(s) 'log_dag' retrieved from /opt/airflow/dags/log_dag.py
[2024-10-06T02:41:40.681+0000] {logging_mixin.py:190} INFO - [2024-10-06T02:41:40.681+0000] {dag.py:3239} INFO - Sync 1 DAGs
[2024-10-06T02:41:40.709+0000] {logging_mixin.py:190} INFO - [2024-10-06T02:41:40.708+0000] {dag.py:4180} INFO - Setting next_dagrun for log_dag to None, run_after=None
[2024-10-06T02:41:40.746+0000] {processor.py:208} INFO - Processing /opt/airflow/dags/log_dag.py took 0.269 seconds
[2024-10-06T02:42:11.347+0000] {processor.py:186} INFO - Started process (PID=144) to work on /opt/airflow/dags/log_dag.py
[2024-10-06T02:42:11.349+0000] {processor.py:914} INFO - Processing file /opt/airflow/dags/log_dag.py for tasks to queue
[2024-10-06T02:42:11.354+0000] {logging_mixin.py:190} INFO - [2024-10-06T02:42:11.353+0000] {dagbag.py:588} INFO - Filling up the DagBag from /opt/airflow/dags/log_dag.py
[2024-10-06T02:42:11.368+0000] {processor.py:925} INFO - DAG(s) 'log_dag' retrieved from /opt/airflow/dags/log_dag.py
[2024-10-06T02:42:11.417+0000] {logging_mixin.py:190} INFO - [2024-10-06T02:42:11.416+0000] {dag.py:3239} INFO - Sync 1 DAGs
[2024-10-06T02:42:11.455+0000] {logging_mixin.py:190} INFO - [2024-10-06T02:42:11.455+0000] {dag.py:4180} INFO - Setting next_dagrun for log_dag to None, run_after=None
[2024-10-06T02:42:11.495+0000] {processor.py:208} INFO - Processing /opt/airflow/dags/log_dag.py took 0.161 seconds
[2024-10-06T02:42:41.709+0000] {processor.py:186} INFO - Started process (PID=155) to work on /opt/airflow/dags/log_dag.py
[2024-10-06T02:42:41.713+0000] {processor.py:914} INFO - Processing file /opt/airflow/dags/log_dag.py for tasks to queue
[2024-10-06T02:42:41.716+0000] {logging_mixin.py:190} INFO - [2024-10-06T02:42:41.715+0000] {dagbag.py:588} INFO - Filling up the DagBag from /opt/airflow/dags/log_dag.py
[2024-10-06T02:42:41.729+0000] {processor.py:925} INFO - DAG(s) 'log_dag' retrieved from /opt/airflow/dags/log_dag.py
[2024-10-06T02:42:41.777+0000] {logging_mixin.py:190} INFO - [2024-10-06T02:42:41.777+0000] {dag.py:3239} INFO - Sync 1 DAGs
[2024-10-06T02:42:41.799+0000] {logging_mixin.py:190} INFO - [2024-10-06T02:42:41.799+0000] {dag.py:4180} INFO - Setting next_dagrun for log_dag to None, run_after=None
[2024-10-06T02:42:41.821+0000] {processor.py:208} INFO - Processing /opt/airflow/dags/log_dag.py took 0.122 seconds
[2024-10-06T02:43:12.473+0000] {processor.py:186} INFO - Started process (PID=167) to work on /opt/airflow/dags/log_dag.py
[2024-10-06T02:43:12.475+0000] {processor.py:914} INFO - Processing file /opt/airflow/dags/log_dag.py for tasks to queue
[2024-10-06T02:43:12.479+0000] {logging_mixin.py:190} INFO - [2024-10-06T02:43:12.479+0000] {dagbag.py:588} INFO - Filling up the DagBag from /opt/airflow/dags/log_dag.py
[2024-10-06T02:43:12.489+0000] {processor.py:925} INFO - DAG(s) 'log_dag' retrieved from /opt/airflow/dags/log_dag.py
[2024-10-06T02:43:12.525+0000] {logging_mixin.py:190} INFO - [2024-10-06T02:43:12.525+0000] {dag.py:3239} INFO - Sync 1 DAGs
[2024-10-06T02:43:12.543+0000] {logging_mixin.py:190} INFO - [2024-10-06T02:43:12.543+0000] {dag.py:4180} INFO - Setting next_dagrun for log_dag to None, run_after=None
[2024-10-06T02:43:12.567+0000] {processor.py:208} INFO - Processing /opt/airflow/dags/log_dag.py took 0.104 seconds
[2024-10-06T02:43:42.807+0000] {processor.py:186} INFO - Started process (PID=179) to work on /opt/airflow/dags/log_dag.py
[2024-10-06T02:43:42.811+0000] {processor.py:914} INFO - Processing file /opt/airflow/dags/log_dag.py for tasks to queue
[2024-10-06T02:43:42.820+0000] {logging_mixin.py:190} INFO - [2024-10-06T02:43:42.819+0000] {dagbag.py:588} INFO - Filling up the DagBag from /opt/airflow/dags/log_dag.py
[2024-10-06T02:43:42.847+0000] {processor.py:925} INFO - DAG(s) 'log_dag' retrieved from /opt/airflow/dags/log_dag.py
[2024-10-06T02:43:42.939+0000] {logging_mixin.py:190} INFO - [2024-10-06T02:43:42.938+0000] {dag.py:3239} INFO - Sync 1 DAGs
[2024-10-06T02:43:42.966+0000] {logging_mixin.py:190} INFO - [2024-10-06T02:43:42.965+0000] {dag.py:4180} INFO - Setting next_dagrun for log_dag to None, run_after=None
[2024-10-06T02:43:43.011+0000] {processor.py:208} INFO - Processing /opt/airflow/dags/log_dag.py took 0.237 seconds
[2024-10-06T02:44:13.393+0000] {processor.py:186} INFO - Started process (PID=191) to work on /opt/airflow/dags/log_dag.py
[2024-10-06T02:44:13.395+0000] {processor.py:914} INFO - Processing file /opt/airflow/dags/log_dag.py for tasks to queue
[2024-10-06T02:44:13.399+0000] {logging_mixin.py:190} INFO - [2024-10-06T02:44:13.399+0000] {dagbag.py:588} INFO - Filling up the DagBag from /opt/airflow/dags/log_dag.py
[2024-10-06T02:44:13.410+0000] {processor.py:925} INFO - DAG(s) 'log_dag' retrieved from /opt/airflow/dags/log_dag.py
[2024-10-06T02:44:13.446+0000] {logging_mixin.py:190} INFO - [2024-10-06T02:44:13.446+0000] {dag.py:3239} INFO - Sync 1 DAGs
[2024-10-06T02:44:13.465+0000] {logging_mixin.py:190} INFO - [2024-10-06T02:44:13.465+0000] {dag.py:4180} INFO - Setting next_dagrun for log_dag to None, run_after=None
[2024-10-06T02:44:13.487+0000] {processor.py:208} INFO - Processing /opt/airflow/dags/log_dag.py took 0.104 seconds
[2024-10-06T02:44:43.837+0000] {processor.py:186} INFO - Started process (PID=203) to work on /opt/airflow/dags/log_dag.py
[2024-10-06T02:44:43.839+0000] {processor.py:914} INFO - Processing file /opt/airflow/dags/log_dag.py for tasks to queue
[2024-10-06T02:44:43.843+0000] {logging_mixin.py:190} INFO - [2024-10-06T02:44:43.842+0000] {dagbag.py:588} INFO - Filling up the DagBag from /opt/airflow/dags/log_dag.py
[2024-10-06T02:44:43.853+0000] {processor.py:925} INFO - DAG(s) 'log_dag' retrieved from /opt/airflow/dags/log_dag.py
[2024-10-06T02:44:43.889+0000] {logging_mixin.py:190} INFO - [2024-10-06T02:44:43.889+0000] {dag.py:3239} INFO - Sync 1 DAGs
[2024-10-06T02:44:43.907+0000] {logging_mixin.py:190} INFO - [2024-10-06T02:44:43.907+0000] {dag.py:4180} INFO - Setting next_dagrun for log_dag to None, run_after=None
[2024-10-06T02:44:43.930+0000] {processor.py:208} INFO - Processing /opt/airflow/dags/log_dag.py took 0.102 seconds
[2024-10-06T02:45:14.597+0000] {processor.py:186} INFO - Started process (PID=215) to work on /opt/airflow/dags/log_dag.py
[2024-10-06T02:45:14.599+0000] {processor.py:914} INFO - Processing file /opt/airflow/dags/log_dag.py for tasks to queue
[2024-10-06T02:45:14.603+0000] {logging_mixin.py:190} INFO - [2024-10-06T02:45:14.602+0000] {dagbag.py:588} INFO - Filling up the DagBag from /opt/airflow/dags/log_dag.py
[2024-10-06T02:45:14.617+0000] {processor.py:925} INFO - DAG(s) 'log_dag' retrieved from /opt/airflow/dags/log_dag.py
[2024-10-06T02:45:14.661+0000] {logging_mixin.py:190} INFO - [2024-10-06T02:45:14.660+0000] {dag.py:3239} INFO - Sync 1 DAGs
[2024-10-06T02:45:14.679+0000] {logging_mixin.py:190} INFO - [2024-10-06T02:45:14.678+0000] {dag.py:4180} INFO - Setting next_dagrun for log_dag to None, run_after=None
[2024-10-06T02:45:14.700+0000] {processor.py:208} INFO - Processing /opt/airflow/dags/log_dag.py took 0.113 seconds
[2024-10-06T02:45:44.790+0000] {processor.py:186} INFO - Started process (PID=227) to work on /opt/airflow/dags/log_dag.py
[2024-10-06T02:45:44.792+0000] {processor.py:914} INFO - Processing file /opt/airflow/dags/log_dag.py for tasks to queue
[2024-10-06T02:45:44.795+0000] {logging_mixin.py:190} INFO - [2024-10-06T02:45:44.795+0000] {dagbag.py:588} INFO - Filling up the DagBag from /opt/airflow/dags/log_dag.py
[2024-10-06T02:45:44.806+0000] {processor.py:925} INFO - DAG(s) 'log_dag' retrieved from /opt/airflow/dags/log_dag.py
[2024-10-06T02:45:44.845+0000] {logging_mixin.py:190} INFO - [2024-10-06T02:45:44.845+0000] {dag.py:3239} INFO - Sync 1 DAGs
[2024-10-06T02:45:44.863+0000] {logging_mixin.py:190} INFO - [2024-10-06T02:45:44.862+0000] {dag.py:4180} INFO - Setting next_dagrun for log_dag to None, run_after=None
[2024-10-06T02:45:44.888+0000] {processor.py:208} INFO - Processing /opt/airflow/dags/log_dag.py took 0.108 seconds
[2024-10-06T02:46:15.565+0000] {processor.py:186} INFO - Started process (PID=239) to work on /opt/airflow/dags/log_dag.py
[2024-10-06T02:46:15.567+0000] {processor.py:914} INFO - Processing file /opt/airflow/dags/log_dag.py for tasks to queue
[2024-10-06T02:46:15.570+0000] {logging_mixin.py:190} INFO - [2024-10-06T02:46:15.570+0000] {dagbag.py:588} INFO - Filling up the DagBag from /opt/airflow/dags/log_dag.py
[2024-10-06T02:46:15.582+0000] {processor.py:925} INFO - DAG(s) 'log_dag' retrieved from /opt/airflow/dags/log_dag.py
[2024-10-06T02:46:15.621+0000] {logging_mixin.py:190} INFO - [2024-10-06T02:46:15.620+0000] {dag.py:3239} INFO - Sync 1 DAGs
[2024-10-06T02:46:15.639+0000] {logging_mixin.py:190} INFO - [2024-10-06T02:46:15.639+0000] {dag.py:4180} INFO - Setting next_dagrun for log_dag to None, run_after=None
[2024-10-06T02:46:15.660+0000] {processor.py:208} INFO - Processing /opt/airflow/dags/log_dag.py took 0.106 seconds
[2024-10-06T02:46:46.170+0000] {processor.py:186} INFO - Started process (PID=252) to work on /opt/airflow/dags/log_dag.py
[2024-10-06T02:46:46.172+0000] {processor.py:914} INFO - Processing file /opt/airflow/dags/log_dag.py for tasks to queue
[2024-10-06T02:46:46.176+0000] {logging_mixin.py:190} INFO - [2024-10-06T02:46:46.176+0000] {dagbag.py:588} INFO - Filling up the DagBag from /opt/airflow/dags/log_dag.py
[2024-10-06T02:46:46.190+0000] {processor.py:925} INFO - DAG(s) 'log_dag' retrieved from /opt/airflow/dags/log_dag.py
[2024-10-06T02:46:46.240+0000] {logging_mixin.py:190} INFO - [2024-10-06T02:46:46.240+0000] {dag.py:3239} INFO - Sync 1 DAGs
[2024-10-06T02:46:46.265+0000] {logging_mixin.py:190} INFO - [2024-10-06T02:46:46.265+0000] {dag.py:4180} INFO - Setting next_dagrun for log_dag to None, run_after=None
[2024-10-06T02:46:46.321+0000] {processor.py:208} INFO - Processing /opt/airflow/dags/log_dag.py took 0.165 seconds
[2024-10-06T02:47:16.973+0000] {processor.py:186} INFO - Started process (PID=264) to work on /opt/airflow/dags/log_dag.py
[2024-10-06T02:47:16.980+0000] {processor.py:914} INFO - Processing file /opt/airflow/dags/log_dag.py for tasks to queue
[2024-10-06T02:47:16.993+0000] {logging_mixin.py:190} INFO - [2024-10-06T02:47:16.992+0000] {dagbag.py:588} INFO - Filling up the DagBag from /opt/airflow/dags/log_dag.py
[2024-10-06T02:47:17.039+0000] {processor.py:925} INFO - DAG(s) 'log_dag' retrieved from /opt/airflow/dags/log_dag.py
[2024-10-06T02:47:17.142+0000] {logging_mixin.py:190} INFO - [2024-10-06T02:47:17.142+0000] {dag.py:3239} INFO - Sync 1 DAGs
[2024-10-06T02:47:17.199+0000] {logging_mixin.py:190} INFO - [2024-10-06T02:47:17.199+0000] {dag.py:4180} INFO - Setting next_dagrun for log_dag to None, run_after=None
[2024-10-06T02:47:17.267+0000] {processor.py:208} INFO - Processing /opt/airflow/dags/log_dag.py took 0.328 seconds
[2024-10-06T02:47:47.627+0000] {processor.py:186} INFO - Started process (PID=275) to work on /opt/airflow/dags/log_dag.py
[2024-10-06T02:47:47.628+0000] {processor.py:914} INFO - Processing file /opt/airflow/dags/log_dag.py for tasks to queue
[2024-10-06T02:47:47.632+0000] {logging_mixin.py:190} INFO - [2024-10-06T02:47:47.631+0000] {dagbag.py:588} INFO - Filling up the DagBag from /opt/airflow/dags/log_dag.py
[2024-10-06T02:47:47.642+0000] {processor.py:925} INFO - DAG(s) 'log_dag' retrieved from /opt/airflow/dags/log_dag.py
[2024-10-06T02:47:47.682+0000] {logging_mixin.py:190} INFO - [2024-10-06T02:47:47.682+0000] {dag.py:3239} INFO - Sync 1 DAGs
[2024-10-06T02:47:47.700+0000] {logging_mixin.py:190} INFO - [2024-10-06T02:47:47.699+0000] {dag.py:4180} INFO - Setting next_dagrun for log_dag to None, run_after=None
[2024-10-06T02:47:47.724+0000] {processor.py:208} INFO - Processing /opt/airflow/dags/log_dag.py took 0.108 seconds
[2024-10-06T02:48:18.264+0000] {processor.py:186} INFO - Started process (PID=287) to work on /opt/airflow/dags/log_dag.py
[2024-10-06T02:48:18.266+0000] {processor.py:914} INFO - Processing file /opt/airflow/dags/log_dag.py for tasks to queue
[2024-10-06T02:48:18.269+0000] {logging_mixin.py:190} INFO - [2024-10-06T02:48:18.269+0000] {dagbag.py:588} INFO - Filling up the DagBag from /opt/airflow/dags/log_dag.py
[2024-10-06T02:48:18.280+0000] {processor.py:925} INFO - DAG(s) 'log_dag' retrieved from /opt/airflow/dags/log_dag.py
[2024-10-06T02:48:18.318+0000] {logging_mixin.py:190} INFO - [2024-10-06T02:48:18.318+0000] {dag.py:3239} INFO - Sync 1 DAGs
[2024-10-06T02:48:18.337+0000] {logging_mixin.py:190} INFO - [2024-10-06T02:48:18.336+0000] {dag.py:4180} INFO - Setting next_dagrun for log_dag to None, run_after=None
[2024-10-06T02:48:18.358+0000] {processor.py:208} INFO - Processing /opt/airflow/dags/log_dag.py took 0.104 seconds
[2024-10-06T02:48:48.880+0000] {processor.py:186} INFO - Started process (PID=299) to work on /opt/airflow/dags/log_dag.py
[2024-10-06T02:48:48.883+0000] {processor.py:914} INFO - Processing file /opt/airflow/dags/log_dag.py for tasks to queue
[2024-10-06T02:48:48.888+0000] {logging_mixin.py:190} INFO - [2024-10-06T02:48:48.887+0000] {dagbag.py:588} INFO - Filling up the DagBag from /opt/airflow/dags/log_dag.py
[2024-10-06T02:48:48.899+0000] {processor.py:925} INFO - DAG(s) 'log_dag' retrieved from /opt/airflow/dags/log_dag.py
[2024-10-06T02:48:48.934+0000] {logging_mixin.py:190} INFO - [2024-10-06T02:48:48.933+0000] {dag.py:3239} INFO - Sync 1 DAGs
[2024-10-06T02:48:48.952+0000] {logging_mixin.py:190} INFO - [2024-10-06T02:48:48.952+0000] {dag.py:4180} INFO - Setting next_dagrun for log_dag to None, run_after=None
[2024-10-06T02:48:48.976+0000] {processor.py:208} INFO - Processing /opt/airflow/dags/log_dag.py took 0.108 seconds
[2024-10-06T02:49:19.451+0000] {processor.py:186} INFO - Started process (PID=311) to work on /opt/airflow/dags/log_dag.py
[2024-10-06T02:49:19.454+0000] {processor.py:914} INFO - Processing file /opt/airflow/dags/log_dag.py for tasks to queue
[2024-10-06T02:49:19.457+0000] {logging_mixin.py:190} INFO - [2024-10-06T02:49:19.456+0000] {dagbag.py:588} INFO - Filling up the DagBag from /opt/airflow/dags/log_dag.py
[2024-10-06T02:49:19.468+0000] {processor.py:925} INFO - DAG(s) 'log_dag' retrieved from /opt/airflow/dags/log_dag.py
[2024-10-06T02:49:19.507+0000] {logging_mixin.py:190} INFO - [2024-10-06T02:49:19.507+0000] {dag.py:3239} INFO - Sync 1 DAGs
[2024-10-06T02:49:19.526+0000] {logging_mixin.py:190} INFO - [2024-10-06T02:49:19.526+0000] {dag.py:4180} INFO - Setting next_dagrun for log_dag to None, run_after=None
[2024-10-06T02:49:19.550+0000] {processor.py:208} INFO - Processing /opt/airflow/dags/log_dag.py took 0.108 seconds
[2024-10-06T02:49:50.052+0000] {processor.py:186} INFO - Started process (PID=323) to work on /opt/airflow/dags/log_dag.py
[2024-10-06T02:49:50.055+0000] {processor.py:914} INFO - Processing file /opt/airflow/dags/log_dag.py for tasks to queue
[2024-10-06T02:49:50.059+0000] {logging_mixin.py:190} INFO - [2024-10-06T02:49:50.059+0000] {dagbag.py:588} INFO - Filling up the DagBag from /opt/airflow/dags/log_dag.py
[2024-10-06T02:49:50.071+0000] {processor.py:925} INFO - DAG(s) 'log_dag' retrieved from /opt/airflow/dags/log_dag.py
[2024-10-06T02:49:50.106+0000] {logging_mixin.py:190} INFO - [2024-10-06T02:49:50.106+0000] {dag.py:3239} INFO - Sync 1 DAGs
[2024-10-06T02:49:50.125+0000] {logging_mixin.py:190} INFO - [2024-10-06T02:49:50.125+0000] {dag.py:4180} INFO - Setting next_dagrun for log_dag to None, run_after=None
[2024-10-06T02:49:50.149+0000] {processor.py:208} INFO - Processing /opt/airflow/dags/log_dag.py took 0.107 seconds
[2024-10-06T02:50:20.750+0000] {processor.py:186} INFO - Started process (PID=335) to work on /opt/airflow/dags/log_dag.py
[2024-10-06T02:50:20.753+0000] {processor.py:914} INFO - Processing file /opt/airflow/dags/log_dag.py for tasks to queue
[2024-10-06T02:50:20.756+0000] {logging_mixin.py:190} INFO - [2024-10-06T02:50:20.755+0000] {dagbag.py:588} INFO - Filling up the DagBag from /opt/airflow/dags/log_dag.py
[2024-10-06T02:50:20.771+0000] {processor.py:925} INFO - DAG(s) 'log_dag' retrieved from /opt/airflow/dags/log_dag.py
[2024-10-06T02:50:20.807+0000] {logging_mixin.py:190} INFO - [2024-10-06T02:50:20.807+0000] {dag.py:3239} INFO - Sync 1 DAGs
[2024-10-06T02:50:20.827+0000] {logging_mixin.py:190} INFO - [2024-10-06T02:50:20.827+0000] {dag.py:4180} INFO - Setting next_dagrun for log_dag to None, run_after=None
[2024-10-06T02:50:20.851+0000] {processor.py:208} INFO - Processing /opt/airflow/dags/log_dag.py took 0.111 seconds
[2024-10-06T02:50:51.468+0000] {processor.py:186} INFO - Started process (PID=348) to work on /opt/airflow/dags/log_dag.py
[2024-10-06T02:50:51.471+0000] {processor.py:914} INFO - Processing file /opt/airflow/dags/log_dag.py for tasks to queue
[2024-10-06T02:50:51.477+0000] {logging_mixin.py:190} INFO - [2024-10-06T02:50:51.476+0000] {dagbag.py:588} INFO - Filling up the DagBag from /opt/airflow/dags/log_dag.py
[2024-10-06T02:50:51.493+0000] {processor.py:925} INFO - DAG(s) 'log_dag' retrieved from /opt/airflow/dags/log_dag.py
[2024-10-06T02:50:51.531+0000] {logging_mixin.py:190} INFO - [2024-10-06T02:50:51.531+0000] {dag.py:3239} INFO - Sync 1 DAGs
[2024-10-06T02:50:51.551+0000] {logging_mixin.py:190} INFO - [2024-10-06T02:50:51.550+0000] {dag.py:4180} INFO - Setting next_dagrun for log_dag to None, run_after=None
[2024-10-06T02:50:51.573+0000] {processor.py:208} INFO - Processing /opt/airflow/dags/log_dag.py took 0.119 seconds
[2024-10-06T02:51:23.206+0000] {processor.py:186} INFO - Started process (PID=360) to work on /opt/airflow/dags/log_dag.py
[2024-10-06T02:51:23.208+0000] {processor.py:914} INFO - Processing file /opt/airflow/dags/log_dag.py for tasks to queue
[2024-10-06T02:51:23.212+0000] {logging_mixin.py:190} INFO - [2024-10-06T02:51:23.211+0000] {dagbag.py:588} INFO - Filling up the DagBag from /opt/airflow/dags/log_dag.py
[2024-10-06T02:51:23.233+0000] {processor.py:925} INFO - DAG(s) 'log_dag' retrieved from /opt/airflow/dags/log_dag.py
[2024-10-06T02:51:23.276+0000] {logging_mixin.py:190} INFO - [2024-10-06T02:51:23.276+0000] {dag.py:3239} INFO - Sync 1 DAGs
[2024-10-06T02:51:23.296+0000] {logging_mixin.py:190} INFO - [2024-10-06T02:51:23.295+0000] {dag.py:4180} INFO - Setting next_dagrun for log_dag to None, run_after=None
[2024-10-06T02:51:23.320+0000] {processor.py:208} INFO - Processing /opt/airflow/dags/log_dag.py took 0.131 seconds
[2024-10-06T02:51:57.391+0000] {processor.py:186} INFO - Started process (PID=372) to work on /opt/airflow/dags/log_dag.py
[2024-10-06T02:51:57.393+0000] {processor.py:914} INFO - Processing file /opt/airflow/dags/log_dag.py for tasks to queue
[2024-10-06T02:51:57.398+0000] {logging_mixin.py:190} INFO - [2024-10-06T02:51:57.397+0000] {dagbag.py:588} INFO - Filling up the DagBag from /opt/airflow/dags/log_dag.py
[2024-10-06T02:51:57.413+0000] {processor.py:925} INFO - DAG(s) 'log_dag' retrieved from /opt/airflow/dags/log_dag.py
[2024-10-06T02:51:57.459+0000] {logging_mixin.py:190} INFO - [2024-10-06T02:51:57.459+0000] {dag.py:3239} INFO - Sync 1 DAGs
[2024-10-06T02:51:57.486+0000] {logging_mixin.py:190} INFO - [2024-10-06T02:51:57.486+0000] {dag.py:4180} INFO - Setting next_dagrun for log_dag to None, run_after=None
[2024-10-06T02:51:57.515+0000] {processor.py:208} INFO - Processing /opt/airflow/dags/log_dag.py took 0.156 seconds
[2024-10-06T02:52:31.070+0000] {processor.py:186} INFO - Started process (PID=384) to work on /opt/airflow/dags/log_dag.py
[2024-10-06T02:52:31.076+0000] {processor.py:914} INFO - Processing file /opt/airflow/dags/log_dag.py for tasks to queue
[2024-10-06T02:52:31.087+0000] {logging_mixin.py:190} INFO - [2024-10-06T02:52:31.086+0000] {dagbag.py:588} INFO - Filling up the DagBag from /opt/airflow/dags/log_dag.py
[2024-10-06T02:52:31.126+0000] {processor.py:925} INFO - DAG(s) 'log_dag' retrieved from /opt/airflow/dags/log_dag.py
[2024-10-06T02:52:31.193+0000] {logging_mixin.py:190} INFO - [2024-10-06T02:52:31.192+0000] {dag.py:3239} INFO - Sync 1 DAGs
[2024-10-06T02:52:31.226+0000] {logging_mixin.py:190} INFO - [2024-10-06T02:52:31.226+0000] {dag.py:4180} INFO - Setting next_dagrun for log_dag to None, run_after=None
[2024-10-06T02:52:31.261+0000] {processor.py:208} INFO - Processing /opt/airflow/dags/log_dag.py took 0.226 seconds
[2024-10-06T02:53:02.704+0000] {processor.py:186} INFO - Started process (PID=395) to work on /opt/airflow/dags/log_dag.py
[2024-10-06T02:53:02.706+0000] {processor.py:914} INFO - Processing file /opt/airflow/dags/log_dag.py for tasks to queue
[2024-10-06T02:53:02.711+0000] {logging_mixin.py:190} INFO - [2024-10-06T02:53:02.710+0000] {dagbag.py:588} INFO - Filling up the DagBag from /opt/airflow/dags/log_dag.py
[2024-10-06T02:53:02.727+0000] {processor.py:925} INFO - DAG(s) 'log_dag' retrieved from /opt/airflow/dags/log_dag.py
[2024-10-06T02:53:02.780+0000] {logging_mixin.py:190} INFO - [2024-10-06T02:53:02.779+0000] {dag.py:3239} INFO - Sync 1 DAGs
[2024-10-06T02:53:02.828+0000] {logging_mixin.py:190} INFO - [2024-10-06T02:53:02.827+0000] {dag.py:4180} INFO - Setting next_dagrun for log_dag to None, run_after=None
[2024-10-06T02:53:02.877+0000] {processor.py:208} INFO - Processing /opt/airflow/dags/log_dag.py took 0.188 seconds
[2024-10-06T02:53:34.424+0000] {processor.py:186} INFO - Started process (PID=407) to work on /opt/airflow/dags/log_dag.py
[2024-10-06T02:53:34.426+0000] {processor.py:914} INFO - Processing file /opt/airflow/dags/log_dag.py for tasks to queue
[2024-10-06T02:53:34.430+0000] {logging_mixin.py:190} INFO - [2024-10-06T02:53:34.430+0000] {dagbag.py:588} INFO - Filling up the DagBag from /opt/airflow/dags/log_dag.py
[2024-10-06T02:53:34.446+0000] {processor.py:925} INFO - DAG(s) 'log_dag' retrieved from /opt/airflow/dags/log_dag.py
[2024-10-06T02:53:34.493+0000] {logging_mixin.py:190} INFO - [2024-10-06T02:53:34.493+0000] {dag.py:3239} INFO - Sync 1 DAGs
[2024-10-06T02:53:34.522+0000] {logging_mixin.py:190} INFO - [2024-10-06T02:53:34.521+0000] {dag.py:4180} INFO - Setting next_dagrun for log_dag to None, run_after=None
[2024-10-06T02:53:34.553+0000] {processor.py:208} INFO - Processing /opt/airflow/dags/log_dag.py took 0.145 seconds
[2024-10-06T02:54:07.472+0000] {processor.py:186} INFO - Started process (PID=419) to work on /opt/airflow/dags/log_dag.py
[2024-10-06T02:54:07.474+0000] {processor.py:914} INFO - Processing file /opt/airflow/dags/log_dag.py for tasks to queue
[2024-10-06T02:54:07.479+0000] {logging_mixin.py:190} INFO - [2024-10-06T02:54:07.478+0000] {dagbag.py:588} INFO - Filling up the DagBag from /opt/airflow/dags/log_dag.py
[2024-10-06T02:54:07.494+0000] {processor.py:925} INFO - DAG(s) 'log_dag' retrieved from /opt/airflow/dags/log_dag.py
[2024-10-06T02:54:07.542+0000] {logging_mixin.py:190} INFO - [2024-10-06T02:54:07.542+0000] {dag.py:3239} INFO - Sync 1 DAGs
[2024-10-06T02:54:07.573+0000] {logging_mixin.py:190} INFO - [2024-10-06T02:54:07.573+0000] {dag.py:4180} INFO - Setting next_dagrun for log_dag to None, run_after=None
[2024-10-06T02:54:07.604+0000] {processor.py:208} INFO - Processing /opt/airflow/dags/log_dag.py took 0.147 seconds
[2024-10-06T02:54:40.797+0000] {processor.py:186} INFO - Started process (PID=431) to work on /opt/airflow/dags/log_dag.py
[2024-10-06T02:54:40.805+0000] {processor.py:914} INFO - Processing file /opt/airflow/dags/log_dag.py for tasks to queue
[2024-10-06T02:54:40.818+0000] {logging_mixin.py:190} INFO - [2024-10-06T02:54:40.817+0000] {dagbag.py:588} INFO - Filling up the DagBag from /opt/airflow/dags/log_dag.py
[2024-10-06T02:54:40.839+0000] {processor.py:925} INFO - DAG(s) 'log_dag' retrieved from /opt/airflow/dags/log_dag.py
[2024-10-06T02:54:40.955+0000] {logging_mixin.py:190} INFO - [2024-10-06T02:54:40.955+0000] {dag.py:3239} INFO - Sync 1 DAGs
[2024-10-06T02:54:41.143+0000] {logging_mixin.py:190} INFO - [2024-10-06T02:54:41.142+0000] {dag.py:4180} INFO - Setting next_dagrun for log_dag to None, run_after=None
[2024-10-06T02:54:41.268+0000] {processor.py:208} INFO - Processing /opt/airflow/dags/log_dag.py took 0.516 seconds
[2024-10-06T02:55:12.804+0000] {processor.py:186} INFO - Started process (PID=450) to work on /opt/airflow/dags/log_dag.py
[2024-10-06T02:55:12.813+0000] {processor.py:914} INFO - Processing file /opt/airflow/dags/log_dag.py for tasks to queue
[2024-10-06T02:55:12.826+0000] {logging_mixin.py:190} INFO - [2024-10-06T02:55:12.825+0000] {dagbag.py:588} INFO - Filling up the DagBag from /opt/airflow/dags/log_dag.py
[2024-10-06T02:55:12.883+0000] {processor.py:925} INFO - DAG(s) 'log_dag' retrieved from /opt/airflow/dags/log_dag.py
[2024-10-06T02:55:13.045+0000] {logging_mixin.py:190} INFO - [2024-10-06T02:55:13.043+0000] {dag.py:3239} INFO - Sync 1 DAGs
[2024-10-06T02:55:13.147+0000] {logging_mixin.py:190} INFO - [2024-10-06T02:55:13.145+0000] {dag.py:4180} INFO - Setting next_dagrun for log_dag to None, run_after=None
[2024-10-06T02:55:13.260+0000] {processor.py:208} INFO - Processing /opt/airflow/dags/log_dag.py took 0.491 seconds
[2024-10-06T02:55:44.487+0000] {processor.py:186} INFO - Started process (PID=461) to work on /opt/airflow/dags/log_dag.py
[2024-10-06T02:55:44.489+0000] {processor.py:914} INFO - Processing file /opt/airflow/dags/log_dag.py for tasks to queue
[2024-10-06T02:55:44.493+0000] {logging_mixin.py:190} INFO - [2024-10-06T02:55:44.493+0000] {dagbag.py:588} INFO - Filling up the DagBag from /opt/airflow/dags/log_dag.py
[2024-10-06T02:55:44.508+0000] {processor.py:925} INFO - DAG(s) 'log_dag' retrieved from /opt/airflow/dags/log_dag.py
[2024-10-06T02:55:44.556+0000] {logging_mixin.py:190} INFO - [2024-10-06T02:55:44.555+0000] {dag.py:3239} INFO - Sync 1 DAGs
[2024-10-06T02:55:44.585+0000] {logging_mixin.py:190} INFO - [2024-10-06T02:55:44.584+0000] {dag.py:4180} INFO - Setting next_dagrun for log_dag to None, run_after=None
[2024-10-06T02:55:44.615+0000] {processor.py:208} INFO - Processing /opt/airflow/dags/log_dag.py took 0.141 seconds
[2024-10-06T02:56:16.141+0000] {processor.py:186} INFO - Started process (PID=472) to work on /opt/airflow/dags/log_dag.py
[2024-10-06T02:56:16.145+0000] {processor.py:914} INFO - Processing file /opt/airflow/dags/log_dag.py for tasks to queue
[2024-10-06T02:56:16.149+0000] {logging_mixin.py:190} INFO - [2024-10-06T02:56:16.148+0000] {dagbag.py:588} INFO - Filling up the DagBag from /opt/airflow/dags/log_dag.py
[2024-10-06T02:56:16.164+0000] {processor.py:925} INFO - DAG(s) 'log_dag' retrieved from /opt/airflow/dags/log_dag.py
[2024-10-06T02:56:16.211+0000] {logging_mixin.py:190} INFO - [2024-10-06T02:56:16.211+0000] {dag.py:3239} INFO - Sync 1 DAGs
[2024-10-06T02:56:16.240+0000] {logging_mixin.py:190} INFO - [2024-10-06T02:56:16.240+0000] {dag.py:4180} INFO - Setting next_dagrun for log_dag to None, run_after=None
[2024-10-06T02:56:16.272+0000] {processor.py:208} INFO - Processing /opt/airflow/dags/log_dag.py took 0.145 seconds
[2024-10-06T02:56:48.004+0000] {processor.py:186} INFO - Started process (PID=484) to work on /opt/airflow/dags/log_dag.py
[2024-10-06T02:56:48.007+0000] {processor.py:914} INFO - Processing file /opt/airflow/dags/log_dag.py for tasks to queue
[2024-10-06T02:56:48.011+0000] {logging_mixin.py:190} INFO - [2024-10-06T02:56:48.011+0000] {dagbag.py:588} INFO - Filling up the DagBag from /opt/airflow/dags/log_dag.py
[2024-10-06T02:56:48.028+0000] {processor.py:925} INFO - DAG(s) 'log_dag' retrieved from /opt/airflow/dags/log_dag.py
[2024-10-06T02:56:48.077+0000] {logging_mixin.py:190} INFO - [2024-10-06T02:56:48.076+0000] {dag.py:3239} INFO - Sync 1 DAGs
[2024-10-06T02:56:48.104+0000] {logging_mixin.py:190} INFO - [2024-10-06T02:56:48.104+0000] {dag.py:4180} INFO - Setting next_dagrun for log_dag to None, run_after=None
[2024-10-06T02:56:48.135+0000] {processor.py:208} INFO - Processing /opt/airflow/dags/log_dag.py took 0.146 seconds
[2024-10-06T02:57:19.721+0000] {processor.py:186} INFO - Started process (PID=496) to work on /opt/airflow/dags/log_dag.py
[2024-10-06T02:57:19.725+0000] {processor.py:914} INFO - Processing file /opt/airflow/dags/log_dag.py for tasks to queue
[2024-10-06T02:57:19.729+0000] {logging_mixin.py:190} INFO - [2024-10-06T02:57:19.729+0000] {dagbag.py:588} INFO - Filling up the DagBag from /opt/airflow/dags/log_dag.py
[2024-10-06T02:57:19.744+0000] {processor.py:925} INFO - DAG(s) 'log_dag' retrieved from /opt/airflow/dags/log_dag.py
[2024-10-06T02:57:19.792+0000] {logging_mixin.py:190} INFO - [2024-10-06T02:57:19.792+0000] {dag.py:3239} INFO - Sync 1 DAGs
[2024-10-06T02:57:19.822+0000] {logging_mixin.py:190} INFO - [2024-10-06T02:57:19.821+0000] {dag.py:4180} INFO - Setting next_dagrun for log_dag to None, run_after=None
[2024-10-06T02:57:19.855+0000] {processor.py:208} INFO - Processing /opt/airflow/dags/log_dag.py took 0.148 seconds
[2024-10-06T02:57:51.454+0000] {processor.py:186} INFO - Started process (PID=507) to work on /opt/airflow/dags/log_dag.py
[2024-10-06T02:57:51.456+0000] {processor.py:914} INFO - Processing file /opt/airflow/dags/log_dag.py for tasks to queue
[2024-10-06T02:57:51.460+0000] {logging_mixin.py:190} INFO - [2024-10-06T02:57:51.459+0000] {dagbag.py:588} INFO - Filling up the DagBag from /opt/airflow/dags/log_dag.py
[2024-10-06T02:57:51.471+0000] {processor.py:925} INFO - DAG(s) 'log_dag' retrieved from /opt/airflow/dags/log_dag.py
[2024-10-06T02:57:51.508+0000] {logging_mixin.py:190} INFO - [2024-10-06T02:57:51.508+0000] {dag.py:3239} INFO - Sync 1 DAGs
[2024-10-06T02:57:51.528+0000] {logging_mixin.py:190} INFO - [2024-10-06T02:57:51.528+0000] {dag.py:4180} INFO - Setting next_dagrun for log_dag to None, run_after=None
[2024-10-06T02:57:51.553+0000] {processor.py:208} INFO - Processing /opt/airflow/dags/log_dag.py took 0.109 seconds
[2024-10-06T02:58:23.104+0000] {processor.py:186} INFO - Started process (PID=519) to work on /opt/airflow/dags/log_dag.py
[2024-10-06T02:58:23.107+0000] {processor.py:914} INFO - Processing file /opt/airflow/dags/log_dag.py for tasks to queue
[2024-10-06T02:58:23.111+0000] {logging_mixin.py:190} INFO - [2024-10-06T02:58:23.111+0000] {dagbag.py:588} INFO - Filling up the DagBag from /opt/airflow/dags/log_dag.py
[2024-10-06T02:58:23.127+0000] {processor.py:925} INFO - DAG(s) 'log_dag' retrieved from /opt/airflow/dags/log_dag.py
[2024-10-06T02:58:23.174+0000] {logging_mixin.py:190} INFO - [2024-10-06T02:58:23.174+0000] {dag.py:3239} INFO - Sync 1 DAGs
[2024-10-06T02:58:23.203+0000] {logging_mixin.py:190} INFO - [2024-10-06T02:58:23.203+0000] {dag.py:4180} INFO - Setting next_dagrun for log_dag to None, run_after=None
[2024-10-06T02:58:23.243+0000] {processor.py:208} INFO - Processing /opt/airflow/dags/log_dag.py took 0.156 seconds
[2024-10-06T02:58:54.810+0000] {processor.py:186} INFO - Started process (PID=531) to work on /opt/airflow/dags/log_dag.py
[2024-10-06T02:58:54.812+0000] {processor.py:914} INFO - Processing file /opt/airflow/dags/log_dag.py for tasks to queue
[2024-10-06T02:58:54.817+0000] {logging_mixin.py:190} INFO - [2024-10-06T02:58:54.816+0000] {dagbag.py:588} INFO - Filling up the DagBag from /opt/airflow/dags/log_dag.py
[2024-10-06T02:58:54.832+0000] {processor.py:925} INFO - DAG(s) 'log_dag' retrieved from /opt/airflow/dags/log_dag.py
[2024-10-06T02:58:54.879+0000] {logging_mixin.py:190} INFO - [2024-10-06T02:58:54.879+0000] {dag.py:3239} INFO - Sync 1 DAGs
[2024-10-06T02:58:54.908+0000] {logging_mixin.py:190} INFO - [2024-10-06T02:58:54.908+0000] {dag.py:4180} INFO - Setting next_dagrun for log_dag to None, run_after=None
[2024-10-06T02:58:54.940+0000] {processor.py:208} INFO - Processing /opt/airflow/dags/log_dag.py took 0.143 seconds
[2024-10-06T02:59:27.421+0000] {processor.py:186} INFO - Started process (PID=543) to work on /opt/airflow/dags/log_dag.py
[2024-10-06T02:59:27.424+0000] {processor.py:914} INFO - Processing file /opt/airflow/dags/log_dag.py for tasks to queue
[2024-10-06T02:59:27.429+0000] {logging_mixin.py:190} INFO - [2024-10-06T02:59:27.428+0000] {dagbag.py:588} INFO - Filling up the DagBag from /opt/airflow/dags/log_dag.py
[2024-10-06T02:59:27.445+0000] {processor.py:925} INFO - DAG(s) 'log_dag' retrieved from /opt/airflow/dags/log_dag.py
[2024-10-06T02:59:27.499+0000] {logging_mixin.py:190} INFO - [2024-10-06T02:59:27.498+0000] {dag.py:3239} INFO - Sync 1 DAGs
[2024-10-06T02:59:27.527+0000] {logging_mixin.py:190} INFO - [2024-10-06T02:59:27.526+0000] {dag.py:4180} INFO - Setting next_dagrun for log_dag to None, run_after=None
[2024-10-06T02:59:27.571+0000] {processor.py:208} INFO - Processing /opt/airflow/dags/log_dag.py took 0.164 seconds
[2024-10-06T03:00:00.507+0000] {processor.py:186} INFO - Started process (PID=554) to work on /opt/airflow/dags/log_dag.py
[2024-10-06T03:00:00.510+0000] {processor.py:914} INFO - Processing file /opt/airflow/dags/log_dag.py for tasks to queue
[2024-10-06T03:00:00.515+0000] {logging_mixin.py:190} INFO - [2024-10-06T03:00:00.514+0000] {dagbag.py:588} INFO - Filling up the DagBag from /opt/airflow/dags/log_dag.py
[2024-10-06T03:00:00.543+0000] {processor.py:925} INFO - DAG(s) 'log_dag' retrieved from /opt/airflow/dags/log_dag.py
[2024-10-06T03:00:00.635+0000] {logging_mixin.py:190} INFO - [2024-10-06T03:00:00.633+0000] {dag.py:3239} INFO - Sync 1 DAGs
[2024-10-06T03:00:00.665+0000] {logging_mixin.py:190} INFO - [2024-10-06T03:00:00.664+0000] {dag.py:4180} INFO - Setting next_dagrun for log_dag to None, run_after=None
[2024-10-06T03:00:00.719+0000] {processor.py:208} INFO - Processing /opt/airflow/dags/log_dag.py took 0.241 seconds
[2024-10-06T03:00:35.311+0000] {processor.py:186} INFO - Started process (PID=566) to work on /opt/airflow/dags/log_dag.py
[2024-10-06T03:00:35.317+0000] {processor.py:914} INFO - Processing file /opt/airflow/dags/log_dag.py for tasks to queue
[2024-10-06T03:00:35.333+0000] {logging_mixin.py:190} INFO - [2024-10-06T03:00:35.333+0000] {dagbag.py:588} INFO - Filling up the DagBag from /opt/airflow/dags/log_dag.py
[2024-10-06T03:00:35.409+0000] {processor.py:925} INFO - DAG(s) 'log_dag' retrieved from /opt/airflow/dags/log_dag.py
[2024-10-06T03:00:35.588+0000] {logging_mixin.py:190} INFO - [2024-10-06T03:00:35.587+0000] {dag.py:3239} INFO - Sync 1 DAGs
[2024-10-06T03:00:35.678+0000] {logging_mixin.py:190} INFO - [2024-10-06T03:00:35.675+0000] {dag.py:4180} INFO - Setting next_dagrun for log_dag to None, run_after=None
[2024-10-06T03:00:35.782+0000] {processor.py:208} INFO - Processing /opt/airflow/dags/log_dag.py took 0.530 seconds
[2024-10-06T03:01:07.017+0000] {processor.py:186} INFO - Started process (PID=578) to work on /opt/airflow/dags/log_dag.py
[2024-10-06T03:01:07.019+0000] {processor.py:914} INFO - Processing file /opt/airflow/dags/log_dag.py for tasks to queue
[2024-10-06T03:01:07.022+0000] {logging_mixin.py:190} INFO - [2024-10-06T03:01:07.022+0000] {dagbag.py:588} INFO - Filling up the DagBag from /opt/airflow/dags/log_dag.py
[2024-10-06T03:01:07.034+0000] {processor.py:925} INFO - DAG(s) 'log_dag' retrieved from /opt/airflow/dags/log_dag.py
[2024-10-06T03:01:07.072+0000] {logging_mixin.py:190} INFO - [2024-10-06T03:01:07.071+0000] {dag.py:3239} INFO - Sync 1 DAGs
[2024-10-06T03:01:07.091+0000] {logging_mixin.py:190} INFO - [2024-10-06T03:01:07.090+0000] {dag.py:4180} INFO - Setting next_dagrun for log_dag to None, run_after=None
[2024-10-06T03:01:07.114+0000] {processor.py:208} INFO - Processing /opt/airflow/dags/log_dag.py took 0.108 seconds
[2024-10-06T03:01:38.794+0000] {processor.py:186} INFO - Started process (PID=590) to work on /opt/airflow/dags/log_dag.py
[2024-10-06T03:01:38.796+0000] {processor.py:914} INFO - Processing file /opt/airflow/dags/log_dag.py for tasks to queue
[2024-10-06T03:01:38.801+0000] {logging_mixin.py:190} INFO - [2024-10-06T03:01:38.800+0000] {dagbag.py:588} INFO - Filling up the DagBag from /opt/airflow/dags/log_dag.py
[2024-10-06T03:01:38.818+0000] {processor.py:925} INFO - DAG(s) 'log_dag' retrieved from /opt/airflow/dags/log_dag.py
[2024-10-06T03:01:38.867+0000] {logging_mixin.py:190} INFO - [2024-10-06T03:01:38.867+0000] {dag.py:3239} INFO - Sync 1 DAGs
[2024-10-06T03:01:38.897+0000] {logging_mixin.py:190} INFO - [2024-10-06T03:01:38.897+0000] {dag.py:4180} INFO - Setting next_dagrun for log_dag to None, run_after=None
[2024-10-06T03:01:38.927+0000] {processor.py:208} INFO - Processing /opt/airflow/dags/log_dag.py took 0.147 seconds
[2024-10-06T03:02:10.661+0000] {processor.py:186} INFO - Started process (PID=602) to work on /opt/airflow/dags/log_dag.py
[2024-10-06T03:02:10.663+0000] {processor.py:914} INFO - Processing file /opt/airflow/dags/log_dag.py for tasks to queue
[2024-10-06T03:02:10.668+0000] {logging_mixin.py:190} INFO - [2024-10-06T03:02:10.667+0000] {dagbag.py:588} INFO - Filling up the DagBag from /opt/airflow/dags/log_dag.py
[2024-10-06T03:02:10.684+0000] {processor.py:925} INFO - DAG(s) 'log_dag' retrieved from /opt/airflow/dags/log_dag.py
[2024-10-06T03:02:10.737+0000] {logging_mixin.py:190} INFO - [2024-10-06T03:02:10.736+0000] {dag.py:3239} INFO - Sync 1 DAGs
[2024-10-06T03:02:10.764+0000] {logging_mixin.py:190} INFO - [2024-10-06T03:02:10.764+0000] {dag.py:4180} INFO - Setting next_dagrun for log_dag to None, run_after=None
[2024-10-06T03:02:10.795+0000] {processor.py:208} INFO - Processing /opt/airflow/dags/log_dag.py took 0.149 seconds
[2024-10-06T03:02:42.393+0000] {processor.py:186} INFO - Started process (PID=614) to work on /opt/airflow/dags/log_dag.py
[2024-10-06T03:02:42.395+0000] {processor.py:914} INFO - Processing file /opt/airflow/dags/log_dag.py for tasks to queue
[2024-10-06T03:02:42.398+0000] {logging_mixin.py:190} INFO - [2024-10-06T03:02:42.398+0000] {dagbag.py:588} INFO - Filling up the DagBag from /opt/airflow/dags/log_dag.py
[2024-10-06T03:02:42.410+0000] {processor.py:925} INFO - DAG(s) 'log_dag' retrieved from /opt/airflow/dags/log_dag.py
[2024-10-06T03:02:42.447+0000] {logging_mixin.py:190} INFO - [2024-10-06T03:02:42.447+0000] {dag.py:3239} INFO - Sync 1 DAGs
[2024-10-06T03:02:42.470+0000] {logging_mixin.py:190} INFO - [2024-10-06T03:02:42.470+0000] {dag.py:4180} INFO - Setting next_dagrun for log_dag to None, run_after=None
[2024-10-06T03:02:42.502+0000] {processor.py:208} INFO - Processing /opt/airflow/dags/log_dag.py took 0.118 seconds
[2024-10-06T03:03:14.228+0000] {processor.py:186} INFO - Started process (PID=632) to work on /opt/airflow/dags/log_dag.py
[2024-10-06T03:03:14.232+0000] {processor.py:914} INFO - Processing file /opt/airflow/dags/log_dag.py for tasks to queue
[2024-10-06T03:03:14.237+0000] {logging_mixin.py:190} INFO - [2024-10-06T03:03:14.236+0000] {dagbag.py:588} INFO - Filling up the DagBag from /opt/airflow/dags/log_dag.py
[2024-10-06T03:03:14.255+0000] {processor.py:925} INFO - DAG(s) 'log_dag' retrieved from /opt/airflow/dags/log_dag.py
[2024-10-06T03:03:14.305+0000] {logging_mixin.py:190} INFO - [2024-10-06T03:03:14.305+0000] {dag.py:3239} INFO - Sync 1 DAGs
[2024-10-06T03:03:14.335+0000] {logging_mixin.py:190} INFO - [2024-10-06T03:03:14.334+0000] {dag.py:4180} INFO - Setting next_dagrun for log_dag to None, run_after=None
[2024-10-06T03:03:14.368+0000] {processor.py:208} INFO - Processing /opt/airflow/dags/log_dag.py took 0.155 seconds
[2024-10-06T03:03:44.699+0000] {processor.py:186} INFO - Started process (PID=643) to work on /opt/airflow/dags/log_dag.py
[2024-10-06T03:03:44.700+0000] {processor.py:914} INFO - Processing file /opt/airflow/dags/log_dag.py for tasks to queue
[2024-10-06T03:03:44.705+0000] {logging_mixin.py:190} INFO - [2024-10-06T03:03:44.704+0000] {dagbag.py:588} INFO - Filling up the DagBag from /opt/airflow/dags/log_dag.py
[2024-10-06T03:03:44.721+0000] {processor.py:925} INFO - DAG(s) 'log_dag' retrieved from /opt/airflow/dags/log_dag.py
[2024-10-06T03:03:44.778+0000] {logging_mixin.py:190} INFO - [2024-10-06T03:03:44.778+0000] {dag.py:3239} INFO - Sync 1 DAGs
[2024-10-06T03:03:44.808+0000] {logging_mixin.py:190} INFO - [2024-10-06T03:03:44.807+0000] {dag.py:4180} INFO - Setting next_dagrun for log_dag to None, run_after=None
[2024-10-06T03:03:44.839+0000] {processor.py:208} INFO - Processing /opt/airflow/dags/log_dag.py took 0.155 seconds
[2024-10-06T03:04:14.914+0000] {processor.py:186} INFO - Started process (PID=653) to work on /opt/airflow/dags/log_dag.py
[2024-10-06T03:04:14.916+0000] {processor.py:914} INFO - Processing file /opt/airflow/dags/log_dag.py for tasks to queue
[2024-10-06T03:04:14.922+0000] {logging_mixin.py:190} INFO - [2024-10-06T03:04:14.921+0000] {dagbag.py:588} INFO - Filling up the DagBag from /opt/airflow/dags/log_dag.py
[2024-10-06T03:04:14.939+0000] {processor.py:925} INFO - DAG(s) 'log_dag' retrieved from /opt/airflow/dags/log_dag.py
[2024-10-06T03:04:14.990+0000] {logging_mixin.py:190} INFO - [2024-10-06T03:04:14.989+0000] {dag.py:3239} INFO - Sync 1 DAGs
[2024-10-06T03:04:15.019+0000] {logging_mixin.py:190} INFO - [2024-10-06T03:04:15.018+0000] {dag.py:4180} INFO - Setting next_dagrun for log_dag to None, run_after=None
[2024-10-06T03:04:15.052+0000] {processor.py:208} INFO - Processing /opt/airflow/dags/log_dag.py took 0.154 seconds
[2024-10-06T03:04:45.119+0000] {processor.py:186} INFO - Started process (PID=665) to work on /opt/airflow/dags/log_dag.py
[2024-10-06T03:04:45.121+0000] {processor.py:914} INFO - Processing file /opt/airflow/dags/log_dag.py for tasks to queue
[2024-10-06T03:04:45.124+0000] {logging_mixin.py:190} INFO - [2024-10-06T03:04:45.124+0000] {dagbag.py:588} INFO - Filling up the DagBag from /opt/airflow/dags/log_dag.py
[2024-10-06T03:04:45.136+0000] {processor.py:925} INFO - DAG(s) 'log_dag' retrieved from /opt/airflow/dags/log_dag.py
[2024-10-06T03:04:45.190+0000] {logging_mixin.py:190} INFO - [2024-10-06T03:04:45.189+0000] {dag.py:3239} INFO - Sync 1 DAGs
[2024-10-06T03:04:45.223+0000] {logging_mixin.py:190} INFO - [2024-10-06T03:04:45.221+0000] {dag.py:4180} INFO - Setting next_dagrun for log_dag to None, run_after=None
[2024-10-06T03:04:45.257+0000] {processor.py:208} INFO - Processing /opt/airflow/dags/log_dag.py took 0.149 seconds
[2024-10-06T03:05:15.360+0000] {processor.py:186} INFO - Started process (PID=677) to work on /opt/airflow/dags/log_dag.py
[2024-10-06T03:05:15.362+0000] {processor.py:914} INFO - Processing file /opt/airflow/dags/log_dag.py for tasks to queue
[2024-10-06T03:05:15.366+0000] {logging_mixin.py:190} INFO - [2024-10-06T03:05:15.365+0000] {dagbag.py:588} INFO - Filling up the DagBag from /opt/airflow/dags/log_dag.py
[2024-10-06T03:05:15.377+0000] {processor.py:925} INFO - DAG(s) 'log_dag' retrieved from /opt/airflow/dags/log_dag.py
[2024-10-06T03:05:15.415+0000] {logging_mixin.py:190} INFO - [2024-10-06T03:05:15.414+0000] {dag.py:3239} INFO - Sync 1 DAGs
[2024-10-06T03:05:15.435+0000] {logging_mixin.py:190} INFO - [2024-10-06T03:05:15.434+0000] {dag.py:4180} INFO - Setting next_dagrun for log_dag to None, run_after=None
[2024-10-06T03:05:15.464+0000] {processor.py:208} INFO - Processing /opt/airflow/dags/log_dag.py took 0.114 seconds
[2024-10-06T03:05:45.897+0000] {processor.py:186} INFO - Started process (PID=689) to work on /opt/airflow/dags/log_dag.py
[2024-10-06T03:05:45.899+0000] {processor.py:914} INFO - Processing file /opt/airflow/dags/log_dag.py for tasks to queue
[2024-10-06T03:05:45.903+0000] {logging_mixin.py:190} INFO - [2024-10-06T03:05:45.903+0000] {dagbag.py:588} INFO - Filling up the DagBag from /opt/airflow/dags/log_dag.py
[2024-10-06T03:05:45.920+0000] {processor.py:925} INFO - DAG(s) 'log_dag' retrieved from /opt/airflow/dags/log_dag.py
[2024-10-06T03:05:45.973+0000] {logging_mixin.py:190} INFO - [2024-10-06T03:05:45.973+0000] {dag.py:3239} INFO - Sync 1 DAGs
[2024-10-06T03:05:46.002+0000] {logging_mixin.py:190} INFO - [2024-10-06T03:05:46.001+0000] {dag.py:4180} INFO - Setting next_dagrun for log_dag to None, run_after=None
[2024-10-06T03:05:46.098+0000] {processor.py:208} INFO - Processing /opt/airflow/dags/log_dag.py took 0.217 seconds
[2024-10-06T03:06:16.325+0000] {processor.py:186} INFO - Started process (PID=701) to work on /opt/airflow/dags/log_dag.py
[2024-10-06T03:06:16.328+0000] {processor.py:914} INFO - Processing file /opt/airflow/dags/log_dag.py for tasks to queue
[2024-10-06T03:06:16.331+0000] {logging_mixin.py:190} INFO - [2024-10-06T03:06:16.331+0000] {dagbag.py:588} INFO - Filling up the DagBag from /opt/airflow/dags/log_dag.py
[2024-10-06T03:06:16.342+0000] {processor.py:925} INFO - DAG(s) 'log_dag' retrieved from /opt/airflow/dags/log_dag.py
[2024-10-06T03:06:16.381+0000] {logging_mixin.py:190} INFO - [2024-10-06T03:06:16.380+0000] {dag.py:3239} INFO - Sync 1 DAGs
[2024-10-06T03:06:16.401+0000] {logging_mixin.py:190} INFO - [2024-10-06T03:06:16.400+0000] {dag.py:4180} INFO - Setting next_dagrun for log_dag to None, run_after=None
[2024-10-06T03:06:16.426+0000] {processor.py:208} INFO - Processing /opt/airflow/dags/log_dag.py took 0.112 seconds
[2024-10-06T03:06:46.626+0000] {processor.py:186} INFO - Started process (PID=713) to work on /opt/airflow/dags/log_dag.py
[2024-10-06T03:06:46.632+0000] {processor.py:914} INFO - Processing file /opt/airflow/dags/log_dag.py for tasks to queue
[2024-10-06T03:06:46.635+0000] {logging_mixin.py:190} INFO - [2024-10-06T03:06:46.635+0000] {dagbag.py:588} INFO - Filling up the DagBag from /opt/airflow/dags/log_dag.py
[2024-10-06T03:06:46.647+0000] {processor.py:925} INFO - DAG(s) 'log_dag' retrieved from /opt/airflow/dags/log_dag.py
[2024-10-06T03:06:46.684+0000] {logging_mixin.py:190} INFO - [2024-10-06T03:06:46.684+0000] {dag.py:3239} INFO - Sync 1 DAGs
[2024-10-06T03:06:46.704+0000] {logging_mixin.py:190} INFO - [2024-10-06T03:06:46.703+0000] {dag.py:4180} INFO - Setting next_dagrun for log_dag to None, run_after=None
[2024-10-06T03:06:46.727+0000] {processor.py:208} INFO - Processing /opt/airflow/dags/log_dag.py took 0.112 seconds
[2024-10-06T03:07:16.766+0000] {processor.py:186} INFO - Started process (PID=725) to work on /opt/airflow/dags/log_dag.py
[2024-10-06T03:07:16.767+0000] {processor.py:914} INFO - Processing file /opt/airflow/dags/log_dag.py for tasks to queue
[2024-10-06T03:07:16.771+0000] {logging_mixin.py:190} INFO - [2024-10-06T03:07:16.771+0000] {dagbag.py:588} INFO - Filling up the DagBag from /opt/airflow/dags/log_dag.py
[2024-10-06T03:07:16.782+0000] {processor.py:925} INFO - DAG(s) 'log_dag' retrieved from /opt/airflow/dags/log_dag.py
[2024-10-06T03:07:16.820+0000] {logging_mixin.py:190} INFO - [2024-10-06T03:07:16.820+0000] {dag.py:3239} INFO - Sync 1 DAGs
[2024-10-06T03:07:16.839+0000] {logging_mixin.py:190} INFO - [2024-10-06T03:07:16.839+0000] {dag.py:4180} INFO - Setting next_dagrun for log_dag to None, run_after=None
[2024-10-06T03:07:16.863+0000] {processor.py:208} INFO - Processing /opt/airflow/dags/log_dag.py took 0.107 seconds
[2024-10-06T03:07:47.016+0000] {processor.py:186} INFO - Started process (PID=738) to work on /opt/airflow/dags/log_dag.py
[2024-10-06T03:07:47.021+0000] {processor.py:914} INFO - Processing file /opt/airflow/dags/log_dag.py for tasks to queue
[2024-10-06T03:07:47.027+0000] {logging_mixin.py:190} INFO - [2024-10-06T03:07:47.027+0000] {dagbag.py:588} INFO - Filling up the DagBag from /opt/airflow/dags/log_dag.py
[2024-10-06T03:07:47.050+0000] {processor.py:925} INFO - DAG(s) 'log_dag' retrieved from /opt/airflow/dags/log_dag.py
[2024-10-06T03:07:47.123+0000] {logging_mixin.py:190} INFO - [2024-10-06T03:07:47.123+0000] {dag.py:3239} INFO - Sync 1 DAGs
[2024-10-06T03:07:47.168+0000] {logging_mixin.py:190} INFO - [2024-10-06T03:07:47.166+0000] {dag.py:4180} INFO - Setting next_dagrun for log_dag to None, run_after=None
[2024-10-06T03:07:47.208+0000] {processor.py:208} INFO - Processing /opt/airflow/dags/log_dag.py took 0.213 seconds
[2024-10-06T03:08:17.466+0000] {processor.py:186} INFO - Started process (PID=750) to work on /opt/airflow/dags/log_dag.py
[2024-10-06T03:08:17.468+0000] {processor.py:914} INFO - Processing file /opt/airflow/dags/log_dag.py for tasks to queue
[2024-10-06T03:08:17.473+0000] {logging_mixin.py:190} INFO - [2024-10-06T03:08:17.473+0000] {dagbag.py:588} INFO - Filling up the DagBag from /opt/airflow/dags/log_dag.py
[2024-10-06T03:08:17.488+0000] {processor.py:925} INFO - DAG(s) 'log_dag' retrieved from /opt/airflow/dags/log_dag.py
[2024-10-06T03:08:17.540+0000] {logging_mixin.py:190} INFO - [2024-10-06T03:08:17.539+0000] {dag.py:3239} INFO - Sync 1 DAGs
[2024-10-06T03:08:17.568+0000] {logging_mixin.py:190} INFO - [2024-10-06T03:08:17.568+0000] {dag.py:4180} INFO - Setting next_dagrun for log_dag to None, run_after=None
[2024-10-06T03:08:17.598+0000] {processor.py:208} INFO - Processing /opt/airflow/dags/log_dag.py took 0.147 seconds
[2024-10-06T03:08:47.782+0000] {processor.py:186} INFO - Started process (PID=761) to work on /opt/airflow/dags/log_dag.py
[2024-10-06T03:08:47.789+0000] {processor.py:914} INFO - Processing file /opt/airflow/dags/log_dag.py for tasks to queue
[2024-10-06T03:08:47.794+0000] {logging_mixin.py:190} INFO - [2024-10-06T03:08:47.793+0000] {dagbag.py:588} INFO - Filling up the DagBag from /opt/airflow/dags/log_dag.py
[2024-10-06T03:08:47.805+0000] {processor.py:925} INFO - DAG(s) 'log_dag' retrieved from /opt/airflow/dags/log_dag.py
[2024-10-06T03:08:47.843+0000] {logging_mixin.py:190} INFO - [2024-10-06T03:08:47.843+0000] {dag.py:3239} INFO - Sync 1 DAGs
[2024-10-06T03:08:47.862+0000] {logging_mixin.py:190} INFO - [2024-10-06T03:08:47.861+0000] {dag.py:4180} INFO - Setting next_dagrun for log_dag to None, run_after=None
[2024-10-06T03:08:47.885+0000] {processor.py:208} INFO - Processing /opt/airflow/dags/log_dag.py took 0.115 seconds
[2024-10-06T03:09:18.086+0000] {processor.py:186} INFO - Started process (PID=773) to work on /opt/airflow/dags/log_dag.py
[2024-10-06T03:09:18.087+0000] {processor.py:914} INFO - Processing file /opt/airflow/dags/log_dag.py for tasks to queue
[2024-10-06T03:09:18.090+0000] {logging_mixin.py:190} INFO - [2024-10-06T03:09:18.090+0000] {dagbag.py:588} INFO - Filling up the DagBag from /opt/airflow/dags/log_dag.py
[2024-10-06T03:09:18.102+0000] {processor.py:925} INFO - DAG(s) 'log_dag' retrieved from /opt/airflow/dags/log_dag.py
[2024-10-06T03:09:18.140+0000] {logging_mixin.py:190} INFO - [2024-10-06T03:09:18.140+0000] {dag.py:3239} INFO - Sync 1 DAGs
[2024-10-06T03:09:18.161+0000] {logging_mixin.py:190} INFO - [2024-10-06T03:09:18.161+0000] {dag.py:4180} INFO - Setting next_dagrun for log_dag to None, run_after=None
[2024-10-06T03:09:18.186+0000] {processor.py:208} INFO - Processing /opt/airflow/dags/log_dag.py took 0.111 seconds
[2024-10-06T03:09:48.372+0000] {processor.py:186} INFO - Started process (PID=785) to work on /opt/airflow/dags/log_dag.py
[2024-10-06T03:09:48.374+0000] {processor.py:914} INFO - Processing file /opt/airflow/dags/log_dag.py for tasks to queue
[2024-10-06T03:09:48.379+0000] {logging_mixin.py:190} INFO - [2024-10-06T03:09:48.378+0000] {dagbag.py:588} INFO - Filling up the DagBag from /opt/airflow/dags/log_dag.py
[2024-10-06T03:09:48.394+0000] {processor.py:925} INFO - DAG(s) 'log_dag' retrieved from /opt/airflow/dags/log_dag.py
[2024-10-06T03:09:48.448+0000] {logging_mixin.py:190} INFO - [2024-10-06T03:09:48.447+0000] {dag.py:3239} INFO - Sync 1 DAGs
[2024-10-06T03:09:48.477+0000] {logging_mixin.py:190} INFO - [2024-10-06T03:09:48.477+0000] {dag.py:4180} INFO - Setting next_dagrun for log_dag to None, run_after=None
[2024-10-06T03:09:48.507+0000] {processor.py:208} INFO - Processing /opt/airflow/dags/log_dag.py took 0.150 seconds
[2024-10-06T03:10:18.748+0000] {processor.py:186} INFO - Started process (PID=797) to work on /opt/airflow/dags/log_dag.py
[2024-10-06T03:10:18.750+0000] {processor.py:914} INFO - Processing file /opt/airflow/dags/log_dag.py for tasks to queue
[2024-10-06T03:10:18.755+0000] {logging_mixin.py:190} INFO - [2024-10-06T03:10:18.754+0000] {dagbag.py:588} INFO - Filling up the DagBag from /opt/airflow/dags/log_dag.py
[2024-10-06T03:10:18.768+0000] {processor.py:925} INFO - DAG(s) 'log_dag' retrieved from /opt/airflow/dags/log_dag.py
[2024-10-06T03:10:18.804+0000] {logging_mixin.py:190} INFO - [2024-10-06T03:10:18.804+0000] {dag.py:3239} INFO - Sync 1 DAGs
[2024-10-06T03:10:18.824+0000] {logging_mixin.py:190} INFO - [2024-10-06T03:10:18.823+0000] {dag.py:4180} INFO - Setting next_dagrun for log_dag to None, run_after=None
[2024-10-06T03:10:18.848+0000] {processor.py:208} INFO - Processing /opt/airflow/dags/log_dag.py took 0.111 seconds
[2024-10-06T03:10:49.116+0000] {processor.py:186} INFO - Started process (PID=809) to work on /opt/airflow/dags/log_dag.py
[2024-10-06T03:10:49.118+0000] {processor.py:914} INFO - Processing file /opt/airflow/dags/log_dag.py for tasks to queue
[2024-10-06T03:10:49.121+0000] {logging_mixin.py:190} INFO - [2024-10-06T03:10:49.121+0000] {dagbag.py:588} INFO - Filling up the DagBag from /opt/airflow/dags/log_dag.py
[2024-10-06T03:10:49.134+0000] {processor.py:925} INFO - DAG(s) 'log_dag' retrieved from /opt/airflow/dags/log_dag.py
[2024-10-06T03:10:49.179+0000] {logging_mixin.py:190} INFO - [2024-10-06T03:10:49.178+0000] {dag.py:3239} INFO - Sync 1 DAGs
[2024-10-06T03:10:49.209+0000] {logging_mixin.py:190} INFO - [2024-10-06T03:10:49.209+0000] {dag.py:4180} INFO - Setting next_dagrun for log_dag to None, run_after=None
[2024-10-06T03:10:49.454+0000] {processor.py:208} INFO - Processing /opt/airflow/dags/log_dag.py took 0.350 seconds
[2024-10-06T03:11:19.769+0000] {processor.py:186} INFO - Started process (PID=821) to work on /opt/airflow/dags/log_dag.py
[2024-10-06T03:11:19.772+0000] {processor.py:914} INFO - Processing file /opt/airflow/dags/log_dag.py for tasks to queue
[2024-10-06T03:11:19.775+0000] {logging_mixin.py:190} INFO - [2024-10-06T03:11:19.775+0000] {dagbag.py:588} INFO - Filling up the DagBag from /opt/airflow/dags/log_dag.py
[2024-10-06T03:11:19.787+0000] {processor.py:925} INFO - DAG(s) 'log_dag' retrieved from /opt/airflow/dags/log_dag.py
[2024-10-06T03:11:19.827+0000] {logging_mixin.py:190} INFO - [2024-10-06T03:11:19.826+0000] {dag.py:3239} INFO - Sync 1 DAGs
[2024-10-06T03:11:19.846+0000] {logging_mixin.py:190} INFO - [2024-10-06T03:11:19.845+0000] {dag.py:4180} INFO - Setting next_dagrun for log_dag to None, run_after=None
[2024-10-06T03:11:19.871+0000] {processor.py:208} INFO - Processing /opt/airflow/dags/log_dag.py took 0.113 seconds
[2024-10-06T03:11:50.241+0000] {processor.py:186} INFO - Started process (PID=833) to work on /opt/airflow/dags/log_dag.py
[2024-10-06T03:11:50.242+0000] {processor.py:914} INFO - Processing file /opt/airflow/dags/log_dag.py for tasks to queue
[2024-10-06T03:11:50.245+0000] {logging_mixin.py:190} INFO - [2024-10-06T03:11:50.245+0000] {dagbag.py:588} INFO - Filling up the DagBag from /opt/airflow/dags/log_dag.py
[2024-10-06T03:11:50.257+0000] {processor.py:925} INFO - DAG(s) 'log_dag' retrieved from /opt/airflow/dags/log_dag.py
[2024-10-06T03:11:50.294+0000] {logging_mixin.py:190} INFO - [2024-10-06T03:11:50.294+0000] {dag.py:3239} INFO - Sync 1 DAGs
[2024-10-06T03:11:50.313+0000] {logging_mixin.py:190} INFO - [2024-10-06T03:11:50.313+0000] {dag.py:4180} INFO - Setting next_dagrun for log_dag to None, run_after=None
[2024-10-06T03:11:50.338+0000] {processor.py:208} INFO - Processing /opt/airflow/dags/log_dag.py took 0.108 seconds
[2024-10-06T03:12:20.422+0000] {processor.py:186} INFO - Started process (PID=844) to work on /opt/airflow/dags/log_dag.py
[2024-10-06T03:12:20.427+0000] {processor.py:914} INFO - Processing file /opt/airflow/dags/log_dag.py for tasks to queue
[2024-10-06T03:12:20.431+0000] {logging_mixin.py:190} INFO - [2024-10-06T03:12:20.430+0000] {dagbag.py:588} INFO - Filling up the DagBag from /opt/airflow/dags/log_dag.py
[2024-10-06T03:12:20.442+0000] {processor.py:925} INFO - DAG(s) 'log_dag' retrieved from /opt/airflow/dags/log_dag.py
[2024-10-06T03:12:20.478+0000] {logging_mixin.py:190} INFO - [2024-10-06T03:12:20.477+0000] {dag.py:3239} INFO - Sync 1 DAGs
[2024-10-06T03:12:20.496+0000] {logging_mixin.py:190} INFO - [2024-10-06T03:12:20.496+0000] {dag.py:4180} INFO - Setting next_dagrun for log_dag to None, run_after=None
[2024-10-06T03:12:20.742+0000] {processor.py:208} INFO - Processing /opt/airflow/dags/log_dag.py took 0.331 seconds
[2024-10-06T03:12:50.866+0000] {processor.py:186} INFO - Started process (PID=856) to work on /opt/airflow/dags/log_dag.py
[2024-10-06T03:12:50.867+0000] {processor.py:914} INFO - Processing file /opt/airflow/dags/log_dag.py for tasks to queue
[2024-10-06T03:12:50.872+0000] {logging_mixin.py:190} INFO - [2024-10-06T03:12:50.872+0000] {dagbag.py:588} INFO - Filling up the DagBag from /opt/airflow/dags/log_dag.py
[2024-10-06T03:12:50.886+0000] {processor.py:925} INFO - DAG(s) 'log_dag' retrieved from /opt/airflow/dags/log_dag.py
[2024-10-06T03:12:50.938+0000] {logging_mixin.py:190} INFO - [2024-10-06T03:12:50.937+0000] {dag.py:3239} INFO - Sync 1 DAGs
[2024-10-06T03:12:50.966+0000] {logging_mixin.py:190} INFO - [2024-10-06T03:12:50.965+0000] {dag.py:4180} INFO - Setting next_dagrun for log_dag to None, run_after=None
[2024-10-06T03:12:51.013+0000] {processor.py:208} INFO - Processing /opt/airflow/dags/log_dag.py took 0.161 seconds
[2024-10-06T03:13:21.125+0000] {processor.py:186} INFO - Started process (PID=868) to work on /opt/airflow/dags/log_dag.py
[2024-10-06T03:13:21.127+0000] {processor.py:914} INFO - Processing file /opt/airflow/dags/log_dag.py for tasks to queue
[2024-10-06T03:13:21.131+0000] {logging_mixin.py:190} INFO - [2024-10-06T03:13:21.130+0000] {dagbag.py:588} INFO - Filling up the DagBag from /opt/airflow/dags/log_dag.py
[2024-10-06T03:13:21.141+0000] {processor.py:925} INFO - DAG(s) 'log_dag' retrieved from /opt/airflow/dags/log_dag.py
[2024-10-06T03:13:21.179+0000] {logging_mixin.py:190} INFO - [2024-10-06T03:13:21.178+0000] {dag.py:3239} INFO - Sync 1 DAGs
[2024-10-06T03:13:21.198+0000] {logging_mixin.py:190} INFO - [2024-10-06T03:13:21.197+0000] {dag.py:4180} INFO - Setting next_dagrun for log_dag to None, run_after=None
[2024-10-06T03:13:21.222+0000] {processor.py:208} INFO - Processing /opt/airflow/dags/log_dag.py took 0.107 seconds
[2024-10-06T03:13:51.277+0000] {processor.py:186} INFO - Started process (PID=880) to work on /opt/airflow/dags/log_dag.py
[2024-10-06T03:13:51.281+0000] {processor.py:914} INFO - Processing file /opt/airflow/dags/log_dag.py for tasks to queue
[2024-10-06T03:13:51.286+0000] {logging_mixin.py:190} INFO - [2024-10-06T03:13:51.286+0000] {dagbag.py:588} INFO - Filling up the DagBag from /opt/airflow/dags/log_dag.py
[2024-10-06T03:13:51.301+0000] {processor.py:925} INFO - DAG(s) 'log_dag' retrieved from /opt/airflow/dags/log_dag.py
[2024-10-06T03:13:51.349+0000] {logging_mixin.py:190} INFO - [2024-10-06T03:13:51.348+0000] {dag.py:3239} INFO - Sync 1 DAGs
[2024-10-06T03:13:51.376+0000] {logging_mixin.py:190} INFO - [2024-10-06T03:13:51.376+0000] {dag.py:4180} INFO - Setting next_dagrun for log_dag to None, run_after=None
[2024-10-06T03:13:51.677+0000] {processor.py:208} INFO - Processing /opt/airflow/dags/log_dag.py took 0.414 seconds
[2024-10-06T03:14:21.932+0000] {processor.py:186} INFO - Started process (PID=892) to work on /opt/airflow/dags/log_dag.py
[2024-10-06T03:14:21.935+0000] {processor.py:914} INFO - Processing file /opt/airflow/dags/log_dag.py for tasks to queue
[2024-10-06T03:14:21.938+0000] {logging_mixin.py:190} INFO - [2024-10-06T03:14:21.938+0000] {dagbag.py:588} INFO - Filling up the DagBag from /opt/airflow/dags/log_dag.py
[2024-10-06T03:14:21.953+0000] {processor.py:925} INFO - DAG(s) 'log_dag' retrieved from /opt/airflow/dags/log_dag.py
[2024-10-06T03:14:22.019+0000] {logging_mixin.py:190} INFO - [2024-10-06T03:14:22.018+0000] {dag.py:3239} INFO - Sync 1 DAGs
[2024-10-06T03:14:22.048+0000] {logging_mixin.py:190} INFO - [2024-10-06T03:14:22.047+0000] {dag.py:4180} INFO - Setting next_dagrun for log_dag to None, run_after=None
[2024-10-06T03:14:22.079+0000] {processor.py:208} INFO - Processing /opt/airflow/dags/log_dag.py took 0.158 seconds
[2024-10-06T03:14:52.666+0000] {processor.py:186} INFO - Started process (PID=904) to work on /opt/airflow/dags/log_dag.py
[2024-10-06T03:14:52.667+0000] {processor.py:914} INFO - Processing file /opt/airflow/dags/log_dag.py for tasks to queue
[2024-10-06T03:14:52.671+0000] {logging_mixin.py:190} INFO - [2024-10-06T03:14:52.670+0000] {dagbag.py:588} INFO - Filling up the DagBag from /opt/airflow/dags/log_dag.py
[2024-10-06T03:14:52.682+0000] {processor.py:925} INFO - DAG(s) 'log_dag' retrieved from /opt/airflow/dags/log_dag.py
[2024-10-06T03:14:52.720+0000] {logging_mixin.py:190} INFO - [2024-10-06T03:14:52.720+0000] {dag.py:3239} INFO - Sync 1 DAGs
[2024-10-06T03:14:52.740+0000] {logging_mixin.py:190} INFO - [2024-10-06T03:14:52.739+0000] {dag.py:4180} INFO - Setting next_dagrun for log_dag to None, run_after=None
[2024-10-06T03:14:52.763+0000] {processor.py:208} INFO - Processing /opt/airflow/dags/log_dag.py took 0.107 seconds
[2024-10-06T03:15:23.049+0000] {processor.py:186} INFO - Started process (PID=916) to work on /opt/airflow/dags/log_dag.py
[2024-10-06T03:15:23.051+0000] {processor.py:914} INFO - Processing file /opt/airflow/dags/log_dag.py for tasks to queue
[2024-10-06T03:15:23.054+0000] {logging_mixin.py:190} INFO - [2024-10-06T03:15:23.054+0000] {dagbag.py:588} INFO - Filling up the DagBag from /opt/airflow/dags/log_dag.py
[2024-10-06T03:15:23.065+0000] {processor.py:925} INFO - DAG(s) 'log_dag' retrieved from /opt/airflow/dags/log_dag.py
[2024-10-06T03:15:23.102+0000] {logging_mixin.py:190} INFO - [2024-10-06T03:15:23.101+0000] {dag.py:3239} INFO - Sync 1 DAGs
[2024-10-06T03:15:23.121+0000] {logging_mixin.py:190} INFO - [2024-10-06T03:15:23.121+0000] {dag.py:4180} INFO - Setting next_dagrun for log_dag to None, run_after=None
[2024-10-06T03:15:23.361+0000] {processor.py:208} INFO - Processing /opt/airflow/dags/log_dag.py took 0.323 seconds
[2024-10-06T03:15:53.475+0000] {processor.py:186} INFO - Started process (PID=928) to work on /opt/airflow/dags/log_dag.py
[2024-10-06T03:15:53.477+0000] {processor.py:914} INFO - Processing file /opt/airflow/dags/log_dag.py for tasks to queue
[2024-10-06T03:15:53.480+0000] {logging_mixin.py:190} INFO - [2024-10-06T03:15:53.479+0000] {dagbag.py:588} INFO - Filling up the DagBag from /opt/airflow/dags/log_dag.py
[2024-10-06T03:15:53.491+0000] {processor.py:925} INFO - DAG(s) 'log_dag' retrieved from /opt/airflow/dags/log_dag.py
[2024-10-06T03:15:53.743+0000] {logging_mixin.py:190} INFO - [2024-10-06T03:15:53.742+0000] {dag.py:3239} INFO - Sync 1 DAGs
[2024-10-06T03:15:53.759+0000] {logging_mixin.py:190} INFO - [2024-10-06T03:15:53.758+0000] {dag.py:4180} INFO - Setting next_dagrun for log_dag to None, run_after=None
[2024-10-06T03:15:53.781+0000] {processor.py:208} INFO - Processing /opt/airflow/dags/log_dag.py took 0.316 seconds
[2024-10-06T03:16:24.288+0000] {processor.py:186} INFO - Started process (PID=940) to work on /opt/airflow/dags/log_dag.py
[2024-10-06T03:16:24.290+0000] {processor.py:914} INFO - Processing file /opt/airflow/dags/log_dag.py for tasks to queue
[2024-10-06T03:16:24.294+0000] {logging_mixin.py:190} INFO - [2024-10-06T03:16:24.293+0000] {dagbag.py:588} INFO - Filling up the DagBag from /opt/airflow/dags/log_dag.py
[2024-10-06T03:16:24.305+0000] {processor.py:925} INFO - DAG(s) 'log_dag' retrieved from /opt/airflow/dags/log_dag.py
[2024-10-06T03:16:24.342+0000] {logging_mixin.py:190} INFO - [2024-10-06T03:16:24.342+0000] {dag.py:3239} INFO - Sync 1 DAGs
[2024-10-06T03:16:24.361+0000] {logging_mixin.py:190} INFO - [2024-10-06T03:16:24.361+0000] {dag.py:4180} INFO - Setting next_dagrun for log_dag to None, run_after=None
[2024-10-06T03:16:24.384+0000] {processor.py:208} INFO - Processing /opt/airflow/dags/log_dag.py took 0.107 seconds
[2024-10-06T03:16:54.663+0000] {processor.py:186} INFO - Started process (PID=952) to work on /opt/airflow/dags/log_dag.py
[2024-10-06T03:16:54.665+0000] {processor.py:914} INFO - Processing file /opt/airflow/dags/log_dag.py for tasks to queue
[2024-10-06T03:16:54.668+0000] {logging_mixin.py:190} INFO - [2024-10-06T03:16:54.667+0000] {dagbag.py:588} INFO - Filling up the DagBag from /opt/airflow/dags/log_dag.py
[2024-10-06T03:16:54.679+0000] {processor.py:925} INFO - DAG(s) 'log_dag' retrieved from /opt/airflow/dags/log_dag.py
[2024-10-06T03:16:54.716+0000] {logging_mixin.py:190} INFO - [2024-10-06T03:16:54.716+0000] {dag.py:3239} INFO - Sync 1 DAGs
[2024-10-06T03:16:54.736+0000] {logging_mixin.py:190} INFO - [2024-10-06T03:16:54.736+0000] {dag.py:4180} INFO - Setting next_dagrun for log_dag to None, run_after=None
[2024-10-06T03:16:54.967+0000] {processor.py:208} INFO - Processing /opt/airflow/dags/log_dag.py took 0.315 seconds
[2024-10-06T03:17:25.677+0000] {processor.py:186} INFO - Started process (PID=963) to work on /opt/airflow/dags/log_dag.py
[2024-10-06T03:17:25.679+0000] {processor.py:914} INFO - Processing file /opt/airflow/dags/log_dag.py for tasks to queue
[2024-10-06T03:17:25.682+0000] {logging_mixin.py:190} INFO - [2024-10-06T03:17:25.682+0000] {dagbag.py:588} INFO - Filling up the DagBag from /opt/airflow/dags/log_dag.py
[2024-10-06T03:17:25.694+0000] {processor.py:925} INFO - DAG(s) 'log_dag' retrieved from /opt/airflow/dags/log_dag.py
[2024-10-06T03:17:25.731+0000] {logging_mixin.py:190} INFO - [2024-10-06T03:17:25.730+0000] {dag.py:3239} INFO - Sync 1 DAGs
[2024-10-06T03:17:25.964+0000] {logging_mixin.py:190} INFO - [2024-10-06T03:17:25.964+0000] {dag.py:4180} INFO - Setting next_dagrun for log_dag to None, run_after=None
[2024-10-06T03:17:25.988+0000] {processor.py:208} INFO - Processing /opt/airflow/dags/log_dag.py took 0.322 seconds
[2024-10-06T03:17:56.411+0000] {processor.py:186} INFO - Started process (PID=975) to work on /opt/airflow/dags/log_dag.py
[2024-10-06T03:17:56.417+0000] {processor.py:914} INFO - Processing file /opt/airflow/dags/log_dag.py for tasks to queue
[2024-10-06T03:17:56.426+0000] {logging_mixin.py:190} INFO - [2024-10-06T03:17:56.426+0000] {dagbag.py:588} INFO - Filling up the DagBag from /opt/airflow/dags/log_dag.py
[2024-10-06T03:17:56.459+0000] {processor.py:925} INFO - DAG(s) 'log_dag' retrieved from /opt/airflow/dags/log_dag.py
[2024-10-06T03:17:56.568+0000] {logging_mixin.py:190} INFO - [2024-10-06T03:17:56.567+0000] {dag.py:3239} INFO - Sync 1 DAGs
[2024-10-06T03:17:56.629+0000] {logging_mixin.py:190} INFO - [2024-10-06T03:17:56.629+0000] {dag.py:4180} INFO - Setting next_dagrun for log_dag to None, run_after=None
[2024-10-06T03:17:56.699+0000] {processor.py:208} INFO - Processing /opt/airflow/dags/log_dag.py took 0.331 seconds
[2024-10-06T03:18:27.080+0000] {processor.py:186} INFO - Started process (PID=986) to work on /opt/airflow/dags/log_dag.py
[2024-10-06T03:18:27.083+0000] {processor.py:914} INFO - Processing file /opt/airflow/dags/log_dag.py for tasks to queue
[2024-10-06T03:18:27.087+0000] {logging_mixin.py:190} INFO - [2024-10-06T03:18:27.086+0000] {dagbag.py:588} INFO - Filling up the DagBag from /opt/airflow/dags/log_dag.py
[2024-10-06T03:18:27.102+0000] {processor.py:925} INFO - DAG(s) 'log_dag' retrieved from /opt/airflow/dags/log_dag.py
[2024-10-06T03:18:27.156+0000] {logging_mixin.py:190} INFO - [2024-10-06T03:18:27.155+0000] {dag.py:3239} INFO - Sync 1 DAGs
[2024-10-06T03:18:27.477+0000] {logging_mixin.py:190} INFO - [2024-10-06T03:18:27.476+0000] {dag.py:4180} INFO - Setting next_dagrun for log_dag to None, run_after=None
[2024-10-06T03:18:27.507+0000] {processor.py:208} INFO - Processing /opt/airflow/dags/log_dag.py took 0.442 seconds
[2024-10-06T03:18:57.864+0000] {processor.py:186} INFO - Started process (PID=996) to work on /opt/airflow/dags/log_dag.py
[2024-10-06T03:18:57.866+0000] {processor.py:914} INFO - Processing file /opt/airflow/dags/log_dag.py for tasks to queue
[2024-10-06T03:18:57.877+0000] {logging_mixin.py:190} INFO - [2024-10-06T03:18:57.874+0000] {dagbag.py:588} INFO - Filling up the DagBag from /opt/airflow/dags/log_dag.py
[2024-10-06T03:18:57.909+0000] {processor.py:925} INFO - DAG(s) 'log_dag' retrieved from /opt/airflow/dags/log_dag.py
[2024-10-06T03:18:58.036+0000] {logging_mixin.py:190} INFO - [2024-10-06T03:18:58.036+0000] {dag.py:3239} INFO - Sync 1 DAGs
[2024-10-06T03:18:58.731+0000] {logging_mixin.py:190} INFO - [2024-10-06T03:18:58.727+0000] {dag.py:4180} INFO - Setting next_dagrun for log_dag to None, run_after=None
[2024-10-06T03:18:58.832+0000] {processor.py:208} INFO - Processing /opt/airflow/dags/log_dag.py took 1.018 seconds
[2024-10-06T03:19:29.500+0000] {processor.py:186} INFO - Started process (PID=1007) to work on /opt/airflow/dags/log_dag.py
[2024-10-06T03:19:29.503+0000] {processor.py:914} INFO - Processing file /opt/airflow/dags/log_dag.py for tasks to queue
[2024-10-06T03:19:29.507+0000] {logging_mixin.py:190} INFO - [2024-10-06T03:19:29.507+0000] {dagbag.py:588} INFO - Filling up the DagBag from /opt/airflow/dags/log_dag.py
[2024-10-06T03:19:29.517+0000] {processor.py:925} INFO - DAG(s) 'log_dag' retrieved from /opt/airflow/dags/log_dag.py
[2024-10-06T03:19:29.553+0000] {logging_mixin.py:190} INFO - [2024-10-06T03:19:29.553+0000] {dag.py:3239} INFO - Sync 1 DAGs
[2024-10-06T03:19:29.572+0000] {logging_mixin.py:190} INFO - [2024-10-06T03:19:29.572+0000] {dag.py:4180} INFO - Setting next_dagrun for log_dag to None, run_after=None
[2024-10-06T03:19:29.595+0000] {processor.py:208} INFO - Processing /opt/airflow/dags/log_dag.py took 0.108 seconds
[2024-10-06T03:20:00.309+0000] {processor.py:186} INFO - Started process (PID=1019) to work on /opt/airflow/dags/log_dag.py
[2024-10-06T03:20:00.310+0000] {processor.py:914} INFO - Processing file /opt/airflow/dags/log_dag.py for tasks to queue
[2024-10-06T03:20:00.314+0000] {logging_mixin.py:190} INFO - [2024-10-06T03:20:00.314+0000] {dagbag.py:588} INFO - Filling up the DagBag from /opt/airflow/dags/log_dag.py
[2024-10-06T03:20:00.326+0000] {processor.py:925} INFO - DAG(s) 'log_dag' retrieved from /opt/airflow/dags/log_dag.py
[2024-10-06T03:20:00.364+0000] {logging_mixin.py:190} INFO - [2024-10-06T03:20:00.363+0000] {dag.py:3239} INFO - Sync 1 DAGs
[2024-10-06T03:20:00.382+0000] {logging_mixin.py:190} INFO - [2024-10-06T03:20:00.382+0000] {dag.py:4180} INFO - Setting next_dagrun for log_dag to None, run_after=None
[2024-10-06T03:20:00.621+0000] {processor.py:208} INFO - Processing /opt/airflow/dags/log_dag.py took 0.322 seconds
[2024-10-06T03:20:30.949+0000] {processor.py:186} INFO - Started process (PID=1031) to work on /opt/airflow/dags/log_dag.py
[2024-10-06T03:20:30.952+0000] {processor.py:914} INFO - Processing file /opt/airflow/dags/log_dag.py for tasks to queue
[2024-10-06T03:20:30.956+0000] {logging_mixin.py:190} INFO - [2024-10-06T03:20:30.955+0000] {dagbag.py:588} INFO - Filling up the DagBag from /opt/airflow/dags/log_dag.py
[2024-10-06T03:20:30.967+0000] {processor.py:925} INFO - DAG(s) 'log_dag' retrieved from /opt/airflow/dags/log_dag.py
[2024-10-06T03:20:31.218+0000] {logging_mixin.py:190} INFO - [2024-10-06T03:20:31.218+0000] {dag.py:3239} INFO - Sync 1 DAGs
[2024-10-06T03:20:31.234+0000] {logging_mixin.py:190} INFO - [2024-10-06T03:20:31.234+0000] {dag.py:4180} INFO - Setting next_dagrun for log_dag to None, run_after=None
[2024-10-06T03:20:31.255+0000] {processor.py:208} INFO - Processing /opt/airflow/dags/log_dag.py took 0.317 seconds
[2024-10-06T03:21:01.364+0000] {processor.py:186} INFO - Started process (PID=1043) to work on /opt/airflow/dags/log_dag.py
[2024-10-06T03:21:01.365+0000] {processor.py:914} INFO - Processing file /opt/airflow/dags/log_dag.py for tasks to queue
[2024-10-06T03:21:01.368+0000] {logging_mixin.py:190} INFO - [2024-10-06T03:21:01.368+0000] {dagbag.py:588} INFO - Filling up the DagBag from /opt/airflow/dags/log_dag.py
[2024-10-06T03:21:01.379+0000] {processor.py:925} INFO - DAG(s) 'log_dag' retrieved from /opt/airflow/dags/log_dag.py
[2024-10-06T03:21:01.417+0000] {logging_mixin.py:190} INFO - [2024-10-06T03:21:01.416+0000] {dag.py:3239} INFO - Sync 1 DAGs
[2024-10-06T03:21:01.435+0000] {logging_mixin.py:190} INFO - [2024-10-06T03:21:01.435+0000] {dag.py:4180} INFO - Setting next_dagrun for log_dag to None, run_after=None
[2024-10-06T03:21:01.457+0000] {processor.py:208} INFO - Processing /opt/airflow/dags/log_dag.py took 0.105 seconds
[2024-10-06T03:21:31.947+0000] {processor.py:186} INFO - Started process (PID=1054) to work on /opt/airflow/dags/log_dag.py
[2024-10-06T03:21:31.950+0000] {processor.py:914} INFO - Processing file /opt/airflow/dags/log_dag.py for tasks to queue
[2024-10-06T03:21:31.954+0000] {logging_mixin.py:190} INFO - [2024-10-06T03:21:31.953+0000] {dagbag.py:588} INFO - Filling up the DagBag from /opt/airflow/dags/log_dag.py
[2024-10-06T03:21:31.966+0000] {processor.py:925} INFO - DAG(s) 'log_dag' retrieved from /opt/airflow/dags/log_dag.py
[2024-10-06T03:21:32.006+0000] {logging_mixin.py:190} INFO - [2024-10-06T03:21:32.005+0000] {dag.py:3239} INFO - Sync 1 DAGs
[2024-10-06T03:21:32.025+0000] {logging_mixin.py:190} INFO - [2024-10-06T03:21:32.025+0000] {dag.py:4180} INFO - Setting next_dagrun for log_dag to None, run_after=None
[2024-10-06T03:21:32.047+0000] {processor.py:208} INFO - Processing /opt/airflow/dags/log_dag.py took 0.110 seconds
[2024-10-06T03:22:02.723+0000] {processor.py:186} INFO - Started process (PID=1065) to work on /opt/airflow/dags/log_dag.py
[2024-10-06T03:22:02.724+0000] {processor.py:914} INFO - Processing file /opt/airflow/dags/log_dag.py for tasks to queue
[2024-10-06T03:22:02.728+0000] {logging_mixin.py:190} INFO - [2024-10-06T03:22:02.728+0000] {dagbag.py:588} INFO - Filling up the DagBag from /opt/airflow/dags/log_dag.py
[2024-10-06T03:22:02.740+0000] {processor.py:925} INFO - DAG(s) 'log_dag' retrieved from /opt/airflow/dags/log_dag.py
[2024-10-06T03:22:02.777+0000] {logging_mixin.py:190} INFO - [2024-10-06T03:22:02.777+0000] {dag.py:3239} INFO - Sync 1 DAGs
[2024-10-06T03:22:02.796+0000] {logging_mixin.py:190} INFO - [2024-10-06T03:22:02.796+0000] {dag.py:4180} INFO - Setting next_dagrun for log_dag to None, run_after=None
[2024-10-06T03:22:02.819+0000] {processor.py:208} INFO - Processing /opt/airflow/dags/log_dag.py took 0.107 seconds
[2024-10-06T03:22:33.189+0000] {processor.py:186} INFO - Started process (PID=1077) to work on /opt/airflow/dags/log_dag.py
[2024-10-06T03:22:33.191+0000] {processor.py:914} INFO - Processing file /opt/airflow/dags/log_dag.py for tasks to queue
[2024-10-06T03:22:33.195+0000] {logging_mixin.py:190} INFO - [2024-10-06T03:22:33.194+0000] {dagbag.py:588} INFO - Filling up the DagBag from /opt/airflow/dags/log_dag.py
[2024-10-06T03:22:33.207+0000] {processor.py:925} INFO - DAG(s) 'log_dag' retrieved from /opt/airflow/dags/log_dag.py
[2024-10-06T03:22:33.247+0000] {logging_mixin.py:190} INFO - [2024-10-06T03:22:33.247+0000] {dag.py:3239} INFO - Sync 1 DAGs
[2024-10-06T03:22:33.275+0000] {logging_mixin.py:190} INFO - [2024-10-06T03:22:33.275+0000] {dag.py:4180} INFO - Setting next_dagrun for log_dag to None, run_after=None
[2024-10-06T03:22:33.303+0000] {processor.py:208} INFO - Processing /opt/airflow/dags/log_dag.py took 0.125 seconds
