[2024-10-06T02:37:29.854+0000] {processor.py:186} INFO - Started process (PID=29) to work on /opt/airflow/dags/stock_data_dag.py
[2024-10-06T02:37:29.864+0000] {processor.py:914} INFO - Processing file /opt/airflow/dags/stock_data_dag.py for tasks to queue
[2024-10-06T02:37:29.893+0000] {logging_mixin.py:190} INFO - [2024-10-06T02:37:29.891+0000] {dagbag.py:588} INFO - Filling up the DagBag from /opt/airflow/dags/stock_data_dag.py
[2024-10-06T02:37:34.454+0000] {processor.py:925} INFO - DAG(s) 'stock_data_dag' retrieved from /opt/airflow/dags/stock_data_dag.py
[2024-10-06T02:37:35.158+0000] {logging_mixin.py:190} WARNING - [2024-10-06 02:37:35] - airflow.models.dag - INFO      - bulk_write_to_db - line 3239 - Sync 1 DAGs
[2024-10-06T02:37:35.295+0000] {logging_mixin.py:190} WARNING - [2024-10-06 02:37:35] - airflow.models.dag - INFO      - calculate_dagrun_date_fields - line 4180 - Setting next_dagrun for stock_data_dag to 2024-10-06 00:00:00+00:00, run_after=2024-10-07 00:00:00+00:00
[2024-10-06T02:37:35.398+0000] {processor.py:208} INFO - Processing /opt/airflow/dags/stock_data_dag.py took 5.598 seconds
[2024-10-06T02:38:05.769+0000] {processor.py:186} INFO - Started process (PID=42) to work on /opt/airflow/dags/stock_data_dag.py
[2024-10-06T02:38:05.771+0000] {processor.py:914} INFO - Processing file /opt/airflow/dags/stock_data_dag.py for tasks to queue
[2024-10-06T02:38:05.774+0000] {logging_mixin.py:190} INFO - [2024-10-06T02:38:05.774+0000] {dagbag.py:588} INFO - Filling up the DagBag from /opt/airflow/dags/stock_data_dag.py
[2024-10-06T02:38:06.500+0000] {processor.py:925} INFO - DAG(s) 'stock_data_dag' retrieved from /opt/airflow/dags/stock_data_dag.py
[2024-10-06T02:38:06.532+0000] {logging_mixin.py:190} WARNING - [2024-10-06 02:38:06] - airflow.models.dag - INFO      - bulk_write_to_db - line 3239 - Sync 1 DAGs
[2024-10-06T02:38:06.561+0000] {logging_mixin.py:190} WARNING - [2024-10-06 02:38:06] - airflow.models.dag - INFO      - calculate_dagrun_date_fields - line 4180 - Setting next_dagrun for stock_data_dag to 2024-10-06 00:00:00+00:00, run_after=2024-10-07 00:00:00+00:00
[2024-10-06T02:38:06.584+0000] {processor.py:208} INFO - Processing /opt/airflow/dags/stock_data_dag.py took 0.825 seconds
[2024-10-06T02:38:37.204+0000] {processor.py:186} INFO - Started process (PID=60) to work on /opt/airflow/dags/stock_data_dag.py
[2024-10-06T02:38:37.207+0000] {processor.py:914} INFO - Processing file /opt/airflow/dags/stock_data_dag.py for tasks to queue
[2024-10-06T02:38:37.212+0000] {logging_mixin.py:190} INFO - [2024-10-06T02:38:37.211+0000] {dagbag.py:588} INFO - Filling up the DagBag from /opt/airflow/dags/stock_data_dag.py
[2024-10-06T02:38:38.030+0000] {processor.py:925} INFO - DAG(s) 'stock_data_dag' retrieved from /opt/airflow/dags/stock_data_dag.py
[2024-10-06T02:38:38.061+0000] {logging_mixin.py:190} WARNING - [2024-10-06 02:38:38] - airflow.models.dag - INFO      - bulk_write_to_db - line 3239 - Sync 1 DAGs
[2024-10-06T02:38:38.088+0000] {logging_mixin.py:190} WARNING - [2024-10-06 02:38:38] - airflow.models.dag - INFO      - calculate_dagrun_date_fields - line 4180 - Setting next_dagrun for stock_data_dag to 2024-10-06 00:00:00+00:00, run_after=2024-10-07 00:00:00+00:00
[2024-10-06T02:38:38.108+0000] {processor.py:208} INFO - Processing /opt/airflow/dags/stock_data_dag.py took 0.918 seconds
[2024-10-06T02:39:08.614+0000] {processor.py:186} INFO - Started process (PID=73) to work on /opt/airflow/dags/stock_data_dag.py
[2024-10-06T02:39:08.616+0000] {processor.py:914} INFO - Processing file /opt/airflow/dags/stock_data_dag.py for tasks to queue
[2024-10-06T02:39:08.619+0000] {logging_mixin.py:190} INFO - [2024-10-06T02:39:08.619+0000] {dagbag.py:588} INFO - Filling up the DagBag from /opt/airflow/dags/stock_data_dag.py
[2024-10-06T02:39:09.345+0000] {processor.py:925} INFO - DAG(s) 'stock_data_dag' retrieved from /opt/airflow/dags/stock_data_dag.py
[2024-10-06T02:39:09.375+0000] {logging_mixin.py:190} WARNING - [2024-10-06 02:39:09] - airflow.models.dag - INFO      - bulk_write_to_db - line 3239 - Sync 1 DAGs
[2024-10-06T02:39:09.403+0000] {logging_mixin.py:190} WARNING - [2024-10-06 02:39:09] - airflow.models.dag - INFO      - calculate_dagrun_date_fields - line 4180 - Setting next_dagrun for stock_data_dag to 2024-10-06 00:00:00+00:00, run_after=2024-10-07 00:00:00+00:00
[2024-10-06T02:39:09.425+0000] {processor.py:208} INFO - Processing /opt/airflow/dags/stock_data_dag.py took 0.821 seconds
[2024-10-06T02:39:40.011+0000] {processor.py:186} INFO - Started process (PID=85) to work on /opt/airflow/dags/stock_data_dag.py
[2024-10-06T02:39:40.013+0000] {processor.py:914} INFO - Processing file /opt/airflow/dags/stock_data_dag.py for tasks to queue
[2024-10-06T02:39:40.017+0000] {logging_mixin.py:190} INFO - [2024-10-06T02:39:40.016+0000] {dagbag.py:588} INFO - Filling up the DagBag from /opt/airflow/dags/stock_data_dag.py
[2024-10-06T02:39:40.907+0000] {processor.py:925} INFO - DAG(s) 'stock_data_dag' retrieved from /opt/airflow/dags/stock_data_dag.py
[2024-10-06T02:39:40.942+0000] {logging_mixin.py:190} WARNING - [2024-10-06 02:39:40] - airflow.models.dag - INFO      - bulk_write_to_db - line 3239 - Sync 1 DAGs
[2024-10-06T02:39:40.970+0000] {logging_mixin.py:190} WARNING - [2024-10-06 02:39:40] - airflow.models.dag - INFO      - calculate_dagrun_date_fields - line 4180 - Setting next_dagrun for stock_data_dag to 2024-10-06 00:00:00+00:00, run_after=2024-10-07 00:00:00+00:00
[2024-10-06T02:39:40.994+0000] {processor.py:208} INFO - Processing /opt/airflow/dags/stock_data_dag.py took 0.993 seconds
[2024-10-06T02:40:11.455+0000] {processor.py:186} INFO - Started process (PID=97) to work on /opt/airflow/dags/stock_data_dag.py
[2024-10-06T02:40:11.457+0000] {processor.py:914} INFO - Processing file /opt/airflow/dags/stock_data_dag.py for tasks to queue
[2024-10-06T02:40:11.461+0000] {logging_mixin.py:190} INFO - [2024-10-06T02:40:11.461+0000] {dagbag.py:588} INFO - Filling up the DagBag from /opt/airflow/dags/stock_data_dag.py
[2024-10-06T02:40:12.853+0000] {processor.py:925} INFO - DAG(s) 'stock_data_dag' retrieved from /opt/airflow/dags/stock_data_dag.py
[2024-10-06T02:40:12.944+0000] {logging_mixin.py:190} WARNING - [2024-10-06 02:40:12] - airflow.models.dag - INFO      - bulk_write_to_db - line 3239 - Sync 1 DAGs
[2024-10-06T02:40:13.048+0000] {logging_mixin.py:190} WARNING - [2024-10-06 02:40:13] - airflow.models.dag - INFO      - calculate_dagrun_date_fields - line 4180 - Setting next_dagrun for stock_data_dag to 2024-10-06 00:00:00+00:00, run_after=2024-10-07 00:00:00+00:00
[2024-10-06T02:40:13.122+0000] {processor.py:208} INFO - Processing /opt/airflow/dags/stock_data_dag.py took 1.680 seconds
[2024-10-06T02:40:43.805+0000] {processor.py:186} INFO - Started process (PID=109) to work on /opt/airflow/dags/stock_data_dag.py
[2024-10-06T02:40:43.807+0000] {processor.py:914} INFO - Processing file /opt/airflow/dags/stock_data_dag.py for tasks to queue
[2024-10-06T02:40:43.811+0000] {logging_mixin.py:190} INFO - [2024-10-06T02:40:43.811+0000] {dagbag.py:588} INFO - Filling up the DagBag from /opt/airflow/dags/stock_data_dag.py
[2024-10-06T02:40:45.790+0000] {processor.py:925} INFO - DAG(s) 'stock_data_dag' retrieved from /opt/airflow/dags/stock_data_dag.py
[2024-10-06T02:40:45.947+0000] {logging_mixin.py:190} WARNING - [2024-10-06 02:40:45] - airflow.models.dag - INFO      - bulk_write_to_db - line 3239 - Sync 1 DAGs
[2024-10-06T02:40:46.088+0000] {logging_mixin.py:190} WARNING - [2024-10-06 02:40:46] - airflow.models.dag - INFO      - calculate_dagrun_date_fields - line 4180 - Setting next_dagrun for stock_data_dag to 2024-10-06 00:00:00+00:00, run_after=2024-10-07 00:00:00+00:00
[2024-10-06T02:40:46.184+0000] {processor.py:208} INFO - Processing /opt/airflow/dags/stock_data_dag.py took 2.392 seconds
[2024-10-06T02:41:16.732+0000] {processor.py:186} INFO - Started process (PID=121) to work on /opt/airflow/dags/stock_data_dag.py
[2024-10-06T02:41:16.734+0000] {processor.py:914} INFO - Processing file /opt/airflow/dags/stock_data_dag.py for tasks to queue
[2024-10-06T02:41:16.741+0000] {logging_mixin.py:190} INFO - [2024-10-06T02:41:16.740+0000] {dagbag.py:588} INFO - Filling up the DagBag from /opt/airflow/dags/stock_data_dag.py
[2024-10-06T02:41:17.831+0000] {processor.py:925} INFO - DAG(s) 'stock_data_dag' retrieved from /opt/airflow/dags/stock_data_dag.py
[2024-10-06T02:41:17.957+0000] {logging_mixin.py:190} WARNING - [2024-10-06 02:41:17] - airflow.models.dag - INFO      - bulk_write_to_db - line 3239 - Sync 1 DAGs
[2024-10-06T02:41:18.072+0000] {logging_mixin.py:190} WARNING - [2024-10-06 02:41:18] - airflow.models.dag - INFO      - calculate_dagrun_date_fields - line 4180 - Setting next_dagrun for stock_data_dag to 2024-10-06 00:00:00+00:00, run_after=2024-10-07 00:00:00+00:00
[2024-10-06T02:41:18.136+0000] {processor.py:208} INFO - Processing /opt/airflow/dags/stock_data_dag.py took 1.418 seconds
[2024-10-06T02:41:48.839+0000] {processor.py:186} INFO - Started process (PID=133) to work on /opt/airflow/dags/stock_data_dag.py
[2024-10-06T02:41:48.841+0000] {processor.py:914} INFO - Processing file /opt/airflow/dags/stock_data_dag.py for tasks to queue
[2024-10-06T02:41:48.844+0000] {logging_mixin.py:190} INFO - [2024-10-06T02:41:48.844+0000] {dagbag.py:588} INFO - Filling up the DagBag from /opt/airflow/dags/stock_data_dag.py
[2024-10-06T02:41:49.607+0000] {processor.py:925} INFO - DAG(s) 'stock_data_dag' retrieved from /opt/airflow/dags/stock_data_dag.py
[2024-10-06T02:41:49.636+0000] {logging_mixin.py:190} WARNING - [2024-10-06 02:41:49] - airflow.models.dag - INFO      - bulk_write_to_db - line 3239 - Sync 1 DAGs
[2024-10-06T02:41:49.662+0000] {logging_mixin.py:190} WARNING - [2024-10-06 02:41:49] - airflow.models.dag - INFO      - calculate_dagrun_date_fields - line 4180 - Setting next_dagrun for stock_data_dag to 2024-10-06 00:00:00+00:00, run_after=2024-10-07 00:00:00+00:00
[2024-10-06T02:41:49.682+0000] {processor.py:208} INFO - Processing /opt/airflow/dags/stock_data_dag.py took 0.853 seconds
[2024-10-06T02:42:19.948+0000] {processor.py:186} INFO - Started process (PID=145) to work on /opt/airflow/dags/stock_data_dag.py
[2024-10-06T02:42:19.950+0000] {processor.py:914} INFO - Processing file /opt/airflow/dags/stock_data_dag.py for tasks to queue
[2024-10-06T02:42:19.954+0000] {logging_mixin.py:190} INFO - [2024-10-06T02:42:19.954+0000] {dagbag.py:588} INFO - Filling up the DagBag from /opt/airflow/dags/stock_data_dag.py
[2024-10-06T02:42:20.716+0000] {processor.py:925} INFO - DAG(s) 'stock_data_dag' retrieved from /opt/airflow/dags/stock_data_dag.py
[2024-10-06T02:42:20.757+0000] {logging_mixin.py:190} WARNING - [2024-10-06 02:42:20] - airflow.models.dag - INFO      - bulk_write_to_db - line 3239 - Sync 1 DAGs
[2024-10-06T02:42:20.798+0000] {logging_mixin.py:190} WARNING - [2024-10-06 02:42:20] - airflow.models.dag - INFO      - calculate_dagrun_date_fields - line 4180 - Setting next_dagrun for stock_data_dag to 2024-10-06 00:00:00+00:00, run_after=2024-10-07 00:00:00+00:00
[2024-10-06T02:42:20.825+0000] {processor.py:208} INFO - Processing /opt/airflow/dags/stock_data_dag.py took 0.888 seconds
[2024-10-06T02:42:50.924+0000] {processor.py:186} INFO - Started process (PID=157) to work on /opt/airflow/dags/stock_data_dag.py
[2024-10-06T02:42:50.926+0000] {processor.py:914} INFO - Processing file /opt/airflow/dags/stock_data_dag.py for tasks to queue
[2024-10-06T02:42:50.929+0000] {logging_mixin.py:190} INFO - [2024-10-06T02:42:50.929+0000] {dagbag.py:588} INFO - Filling up the DagBag from /opt/airflow/dags/stock_data_dag.py
[2024-10-06T02:42:51.642+0000] {processor.py:925} INFO - DAG(s) 'stock_data_dag' retrieved from /opt/airflow/dags/stock_data_dag.py
[2024-10-06T02:42:51.672+0000] {logging_mixin.py:190} WARNING - [2024-10-06 02:42:51] - airflow.models.dag - INFO      - bulk_write_to_db - line 3239 - Sync 1 DAGs
[2024-10-06T02:42:51.701+0000] {logging_mixin.py:190} WARNING - [2024-10-06 02:42:51] - airflow.models.dag - INFO      - calculate_dagrun_date_fields - line 4180 - Setting next_dagrun for stock_data_dag to 2024-10-06 00:00:00+00:00, run_after=2024-10-07 00:00:00+00:00
[2024-10-06T02:42:51.722+0000] {processor.py:208} INFO - Processing /opt/airflow/dags/stock_data_dag.py took 0.807 seconds
[2024-10-06T02:43:22.030+0000] {processor.py:186} INFO - Started process (PID=169) to work on /opt/airflow/dags/stock_data_dag.py
[2024-10-06T02:43:22.034+0000] {processor.py:914} INFO - Processing file /opt/airflow/dags/stock_data_dag.py for tasks to queue
[2024-10-06T02:43:22.038+0000] {logging_mixin.py:190} INFO - [2024-10-06T02:43:22.037+0000] {dagbag.py:588} INFO - Filling up the DagBag from /opt/airflow/dags/stock_data_dag.py
[2024-10-06T02:43:22.795+0000] {processor.py:925} INFO - DAG(s) 'stock_data_dag' retrieved from /opt/airflow/dags/stock_data_dag.py
[2024-10-06T02:43:22.838+0000] {logging_mixin.py:190} WARNING - [2024-10-06 02:43:22] - airflow.models.dag - INFO      - bulk_write_to_db - line 3239 - Sync 1 DAGs
[2024-10-06T02:43:22.879+0000] {logging_mixin.py:190} WARNING - [2024-10-06 02:43:22] - airflow.models.dag - INFO      - calculate_dagrun_date_fields - line 4180 - Setting next_dagrun for stock_data_dag to 2024-10-06 00:00:00+00:00, run_after=2024-10-07 00:00:00+00:00
[2024-10-06T02:43:22.908+0000] {processor.py:208} INFO - Processing /opt/airflow/dags/stock_data_dag.py took 0.889 seconds
[2024-10-06T02:43:53.199+0000] {processor.py:186} INFO - Started process (PID=181) to work on /opt/airflow/dags/stock_data_dag.py
[2024-10-06T02:43:53.201+0000] {processor.py:914} INFO - Processing file /opt/airflow/dags/stock_data_dag.py for tasks to queue
[2024-10-06T02:43:53.204+0000] {logging_mixin.py:190} INFO - [2024-10-06T02:43:53.204+0000] {dagbag.py:588} INFO - Filling up the DagBag from /opt/airflow/dags/stock_data_dag.py
[2024-10-06T02:43:53.912+0000] {processor.py:925} INFO - DAG(s) 'stock_data_dag' retrieved from /opt/airflow/dags/stock_data_dag.py
[2024-10-06T02:43:53.943+0000] {logging_mixin.py:190} WARNING - [2024-10-06 02:43:53] - airflow.models.dag - INFO      - bulk_write_to_db - line 3239 - Sync 1 DAGs
[2024-10-06T02:43:53.970+0000] {logging_mixin.py:190} WARNING - [2024-10-06 02:43:53] - airflow.models.dag - INFO      - calculate_dagrun_date_fields - line 4180 - Setting next_dagrun for stock_data_dag to 2024-10-06 00:00:00+00:00, run_after=2024-10-07 00:00:00+00:00
[2024-10-06T02:43:53.992+0000] {processor.py:208} INFO - Processing /opt/airflow/dags/stock_data_dag.py took 0.803 seconds
[2024-10-06T02:44:24.628+0000] {processor.py:186} INFO - Started process (PID=193) to work on /opt/airflow/dags/stock_data_dag.py
[2024-10-06T02:44:24.630+0000] {processor.py:914} INFO - Processing file /opt/airflow/dags/stock_data_dag.py for tasks to queue
[2024-10-06T02:44:24.634+0000] {logging_mixin.py:190} INFO - [2024-10-06T02:44:24.633+0000] {dagbag.py:588} INFO - Filling up the DagBag from /opt/airflow/dags/stock_data_dag.py
[2024-10-06T02:44:25.566+0000] {processor.py:925} INFO - DAG(s) 'stock_data_dag' retrieved from /opt/airflow/dags/stock_data_dag.py
[2024-10-06T02:44:25.608+0000] {logging_mixin.py:190} WARNING - [2024-10-06 02:44:25] - airflow.models.dag - INFO      - bulk_write_to_db - line 3239 - Sync 1 DAGs
[2024-10-06T02:44:25.646+0000] {logging_mixin.py:190} WARNING - [2024-10-06 02:44:25] - airflow.models.dag - INFO      - calculate_dagrun_date_fields - line 4180 - Setting next_dagrun for stock_data_dag to 2024-10-06 00:00:00+00:00, run_after=2024-10-07 00:00:00+00:00
[2024-10-06T02:44:25.674+0000] {processor.py:208} INFO - Processing /opt/airflow/dags/stock_data_dag.py took 1.056 seconds
[2024-10-06T02:44:56.123+0000] {processor.py:186} INFO - Started process (PID=205) to work on /opt/airflow/dags/stock_data_dag.py
[2024-10-06T02:44:56.131+0000] {processor.py:914} INFO - Processing file /opt/airflow/dags/stock_data_dag.py for tasks to queue
[2024-10-06T02:44:56.151+0000] {logging_mixin.py:190} INFO - [2024-10-06T02:44:56.151+0000] {dagbag.py:588} INFO - Filling up the DagBag from /opt/airflow/dags/stock_data_dag.py
[2024-10-06T02:44:59.348+0000] {processor.py:925} INFO - DAG(s) 'stock_data_dag' retrieved from /opt/airflow/dags/stock_data_dag.py
[2024-10-06T02:44:59.430+0000] {logging_mixin.py:190} WARNING - [2024-10-06 02:44:59] - airflow.models.dag - INFO      - bulk_write_to_db - line 3239 - Sync 1 DAGs
[2024-10-06T02:44:59.487+0000] {logging_mixin.py:190} WARNING - [2024-10-06 02:44:59] - airflow.models.dag - INFO      - calculate_dagrun_date_fields - line 4180 - Setting next_dagrun for stock_data_dag to 2024-10-06 00:00:00+00:00, run_after=2024-10-07 00:00:00+00:00
[2024-10-06T02:44:59.514+0000] {processor.py:208} INFO - Processing /opt/airflow/dags/stock_data_dag.py took 3.427 seconds
[2024-10-06T02:45:29.871+0000] {processor.py:186} INFO - Started process (PID=217) to work on /opt/airflow/dags/stock_data_dag.py
[2024-10-06T02:45:29.877+0000] {processor.py:914} INFO - Processing file /opt/airflow/dags/stock_data_dag.py for tasks to queue
[2024-10-06T02:45:29.885+0000] {logging_mixin.py:190} INFO - [2024-10-06T02:45:29.885+0000] {dagbag.py:588} INFO - Filling up the DagBag from /opt/airflow/dags/stock_data_dag.py
[2024-10-06T02:45:33.387+0000] {processor.py:925} INFO - DAG(s) 'stock_data_dag' retrieved from /opt/airflow/dags/stock_data_dag.py
[2024-10-06T02:45:33.517+0000] {logging_mixin.py:190} WARNING - [2024-10-06 02:45:33] - airflow.models.dag - INFO      - bulk_write_to_db - line 3239 - Sync 1 DAGs
[2024-10-06T02:45:33.654+0000] {logging_mixin.py:190} WARNING - [2024-10-06 02:45:33] - airflow.models.dag - INFO      - calculate_dagrun_date_fields - line 4180 - Setting next_dagrun for stock_data_dag to 2024-10-06 00:00:00+00:00, run_after=2024-10-07 00:00:00+00:00
[2024-10-06T02:45:33.717+0000] {processor.py:208} INFO - Processing /opt/airflow/dags/stock_data_dag.py took 3.880 seconds
[2024-10-06T02:46:04.056+0000] {processor.py:186} INFO - Started process (PID=229) to work on /opt/airflow/dags/stock_data_dag.py
[2024-10-06T02:46:04.059+0000] {processor.py:914} INFO - Processing file /opt/airflow/dags/stock_data_dag.py for tasks to queue
[2024-10-06T02:46:04.063+0000] {logging_mixin.py:190} INFO - [2024-10-06T02:46:04.063+0000] {dagbag.py:588} INFO - Filling up the DagBag from /opt/airflow/dags/stock_data_dag.py
[2024-10-06T02:46:06.158+0000] {processor.py:925} INFO - DAG(s) 'stock_data_dag' retrieved from /opt/airflow/dags/stock_data_dag.py
[2024-10-06T02:46:06.252+0000] {logging_mixin.py:190} WARNING - [2024-10-06 02:46:06] - airflow.models.dag - INFO      - bulk_write_to_db - line 3239 - Sync 1 DAGs
[2024-10-06T02:46:06.331+0000] {logging_mixin.py:190} WARNING - [2024-10-06 02:46:06] - airflow.models.dag - INFO      - calculate_dagrun_date_fields - line 4180 - Setting next_dagrun for stock_data_dag to 2024-10-06 00:00:00+00:00, run_after=2024-10-07 00:00:00+00:00
[2024-10-06T02:46:06.396+0000] {processor.py:208} INFO - Processing /opt/airflow/dags/stock_data_dag.py took 2.352 seconds
[2024-10-06T02:46:36.829+0000] {processor.py:186} INFO - Started process (PID=241) to work on /opt/airflow/dags/stock_data_dag.py
[2024-10-06T02:46:36.832+0000] {processor.py:914} INFO - Processing file /opt/airflow/dags/stock_data_dag.py for tasks to queue
[2024-10-06T02:46:36.836+0000] {logging_mixin.py:190} INFO - [2024-10-06T02:46:36.836+0000] {dagbag.py:588} INFO - Filling up the DagBag from /opt/airflow/dags/stock_data_dag.py
[2024-10-06T02:46:37.898+0000] {processor.py:925} INFO - DAG(s) 'stock_data_dag' retrieved from /opt/airflow/dags/stock_data_dag.py
[2024-10-06T02:46:37.940+0000] {logging_mixin.py:190} WARNING - [2024-10-06 02:46:37] - airflow.models.dag - INFO      - bulk_write_to_db - line 3239 - Sync 1 DAGs
[2024-10-06T02:46:37.979+0000] {logging_mixin.py:190} WARNING - [2024-10-06 02:46:37] - airflow.models.dag - INFO      - calculate_dagrun_date_fields - line 4180 - Setting next_dagrun for stock_data_dag to 2024-10-06 00:00:00+00:00, run_after=2024-10-07 00:00:00+00:00
[2024-10-06T02:46:38.010+0000] {processor.py:208} INFO - Processing /opt/airflow/dags/stock_data_dag.py took 1.194 seconds
[2024-10-06T02:47:08.528+0000] {processor.py:186} INFO - Started process (PID=254) to work on /opt/airflow/dags/stock_data_dag.py
[2024-10-06T02:47:08.530+0000] {processor.py:914} INFO - Processing file /opt/airflow/dags/stock_data_dag.py for tasks to queue
[2024-10-06T02:47:08.535+0000] {logging_mixin.py:190} INFO - [2024-10-06T02:47:08.535+0000] {dagbag.py:588} INFO - Filling up the DagBag from /opt/airflow/dags/stock_data_dag.py
[2024-10-06T02:47:09.774+0000] {processor.py:925} INFO - DAG(s) 'stock_data_dag' retrieved from /opt/airflow/dags/stock_data_dag.py
[2024-10-06T02:47:09.814+0000] {logging_mixin.py:190} WARNING - [2024-10-06 02:47:09] - airflow.models.dag - INFO      - bulk_write_to_db - line 3239 - Sync 1 DAGs
[2024-10-06T02:47:09.852+0000] {logging_mixin.py:190} WARNING - [2024-10-06 02:47:09] - airflow.models.dag - INFO      - calculate_dagrun_date_fields - line 4180 - Setting next_dagrun for stock_data_dag to 2024-10-06 00:00:00+00:00, run_after=2024-10-07 00:00:00+00:00
[2024-10-06T02:47:09.874+0000] {processor.py:208} INFO - Processing /opt/airflow/dags/stock_data_dag.py took 1.360 seconds
[2024-10-06T02:47:40.539+0000] {processor.py:186} INFO - Started process (PID=271) to work on /opt/airflow/dags/stock_data_dag.py
[2024-10-06T02:47:40.545+0000] {processor.py:914} INFO - Processing file /opt/airflow/dags/stock_data_dag.py for tasks to queue
[2024-10-06T02:47:40.553+0000] {logging_mixin.py:190} INFO - [2024-10-06T02:47:40.553+0000] {dagbag.py:588} INFO - Filling up the DagBag from /opt/airflow/dags/stock_data_dag.py
[2024-10-06T02:47:41.715+0000] {processor.py:925} INFO - DAG(s) 'stock_data_dag' retrieved from /opt/airflow/dags/stock_data_dag.py
[2024-10-06T02:47:41.757+0000] {logging_mixin.py:190} WARNING - [2024-10-06 02:47:41] - airflow.models.dag - INFO      - bulk_write_to_db - line 3239 - Sync 1 DAGs
[2024-10-06T02:47:41.794+0000] {logging_mixin.py:190} WARNING - [2024-10-06 02:47:41] - airflow.models.dag - INFO      - calculate_dagrun_date_fields - line 4180 - Setting next_dagrun for stock_data_dag to 2024-10-06 00:00:00+00:00, run_after=2024-10-07 00:00:00+00:00
[2024-10-06T02:47:41.820+0000] {processor.py:208} INFO - Processing /opt/airflow/dags/stock_data_dag.py took 1.327 seconds
[2024-10-06T02:48:11.941+0000] {processor.py:186} INFO - Started process (PID=283) to work on /opt/airflow/dags/stock_data_dag.py
[2024-10-06T02:48:11.943+0000] {processor.py:914} INFO - Processing file /opt/airflow/dags/stock_data_dag.py for tasks to queue
[2024-10-06T02:48:11.947+0000] {logging_mixin.py:190} INFO - [2024-10-06T02:48:11.946+0000] {dagbag.py:588} INFO - Filling up the DagBag from /opt/airflow/dags/stock_data_dag.py
[2024-10-06T02:48:13.072+0000] {processor.py:925} INFO - DAG(s) 'stock_data_dag' retrieved from /opt/airflow/dags/stock_data_dag.py
[2024-10-06T02:48:13.115+0000] {logging_mixin.py:190} WARNING - [2024-10-06 02:48:13] - airflow.models.dag - INFO      - bulk_write_to_db - line 3239 - Sync 1 DAGs
[2024-10-06T02:48:13.155+0000] {logging_mixin.py:190} WARNING - [2024-10-06 02:48:13] - airflow.models.dag - INFO      - calculate_dagrun_date_fields - line 4180 - Setting next_dagrun for stock_data_dag to 2024-10-06 00:00:00+00:00, run_after=2024-10-07 00:00:00+00:00
[2024-10-06T02:48:13.182+0000] {processor.py:208} INFO - Processing /opt/airflow/dags/stock_data_dag.py took 1.254 seconds
[2024-10-06T02:48:43.564+0000] {processor.py:186} INFO - Started process (PID=295) to work on /opt/airflow/dags/stock_data_dag.py
[2024-10-06T02:48:43.566+0000] {processor.py:914} INFO - Processing file /opt/airflow/dags/stock_data_dag.py for tasks to queue
[2024-10-06T02:48:43.570+0000] {logging_mixin.py:190} INFO - [2024-10-06T02:48:43.570+0000] {dagbag.py:588} INFO - Filling up the DagBag from /opt/airflow/dags/stock_data_dag.py
[2024-10-06T02:48:44.650+0000] {processor.py:925} INFO - DAG(s) 'stock_data_dag' retrieved from /opt/airflow/dags/stock_data_dag.py
[2024-10-06T02:48:44.732+0000] {logging_mixin.py:190} WARNING - [2024-10-06 02:48:44] - airflow.models.dag - INFO      - bulk_write_to_db - line 3239 - Sync 1 DAGs
[2024-10-06T02:48:44.775+0000] {logging_mixin.py:190} WARNING - [2024-10-06 02:48:44] - airflow.models.dag - INFO      - calculate_dagrun_date_fields - line 4180 - Setting next_dagrun for stock_data_dag to 2024-10-06 00:00:00+00:00, run_after=2024-10-07 00:00:00+00:00
[2024-10-06T02:48:44.803+0000] {processor.py:208} INFO - Processing /opt/airflow/dags/stock_data_dag.py took 1.254 seconds
[2024-10-06T02:49:15.180+0000] {processor.py:186} INFO - Started process (PID=307) to work on /opt/airflow/dags/stock_data_dag.py
[2024-10-06T02:49:15.184+0000] {processor.py:914} INFO - Processing file /opt/airflow/dags/stock_data_dag.py for tasks to queue
[2024-10-06T02:49:15.192+0000] {logging_mixin.py:190} INFO - [2024-10-06T02:49:15.192+0000] {dagbag.py:588} INFO - Filling up the DagBag from /opt/airflow/dags/stock_data_dag.py
[2024-10-06T02:49:16.273+0000] {processor.py:925} INFO - DAG(s) 'stock_data_dag' retrieved from /opt/airflow/dags/stock_data_dag.py
[2024-10-06T02:49:16.316+0000] {logging_mixin.py:190} WARNING - [2024-10-06 02:49:16] - airflow.models.dag - INFO      - bulk_write_to_db - line 3239 - Sync 1 DAGs
[2024-10-06T02:49:16.357+0000] {logging_mixin.py:190} WARNING - [2024-10-06 02:49:16] - airflow.models.dag - INFO      - calculate_dagrun_date_fields - line 4180 - Setting next_dagrun for stock_data_dag to 2024-10-06 00:00:00+00:00, run_after=2024-10-07 00:00:00+00:00
[2024-10-06T02:49:16.384+0000] {processor.py:208} INFO - Processing /opt/airflow/dags/stock_data_dag.py took 1.218 seconds
[2024-10-06T02:49:46.774+0000] {processor.py:186} INFO - Started process (PID=319) to work on /opt/airflow/dags/stock_data_dag.py
[2024-10-06T02:49:46.777+0000] {processor.py:914} INFO - Processing file /opt/airflow/dags/stock_data_dag.py for tasks to queue
[2024-10-06T02:49:46.781+0000] {logging_mixin.py:190} INFO - [2024-10-06T02:49:46.781+0000] {dagbag.py:588} INFO - Filling up the DagBag from /opt/airflow/dags/stock_data_dag.py
[2024-10-06T02:49:47.908+0000] {processor.py:925} INFO - DAG(s) 'stock_data_dag' retrieved from /opt/airflow/dags/stock_data_dag.py
[2024-10-06T02:49:47.952+0000] {logging_mixin.py:190} WARNING - [2024-10-06 02:49:47] - airflow.models.dag - INFO      - bulk_write_to_db - line 3239 - Sync 1 DAGs
[2024-10-06T02:49:47.998+0000] {logging_mixin.py:190} WARNING - [2024-10-06 02:49:47] - airflow.models.dag - INFO      - calculate_dagrun_date_fields - line 4180 - Setting next_dagrun for stock_data_dag to 2024-10-06 00:00:00+00:00, run_after=2024-10-07 00:00:00+00:00
[2024-10-06T02:49:48.024+0000] {processor.py:208} INFO - Processing /opt/airflow/dags/stock_data_dag.py took 1.263 seconds
[2024-10-06T02:50:18.378+0000] {processor.py:186} INFO - Started process (PID=331) to work on /opt/airflow/dags/stock_data_dag.py
[2024-10-06T02:50:18.380+0000] {processor.py:914} INFO - Processing file /opt/airflow/dags/stock_data_dag.py for tasks to queue
[2024-10-06T02:50:18.385+0000] {logging_mixin.py:190} INFO - [2024-10-06T02:50:18.384+0000] {dagbag.py:588} INFO - Filling up the DagBag from /opt/airflow/dags/stock_data_dag.py
[2024-10-06T02:50:19.570+0000] {processor.py:925} INFO - DAG(s) 'stock_data_dag' retrieved from /opt/airflow/dags/stock_data_dag.py
[2024-10-06T02:50:19.616+0000] {logging_mixin.py:190} WARNING - [2024-10-06 02:50:19] - airflow.models.dag - INFO      - bulk_write_to_db - line 3239 - Sync 1 DAGs
[2024-10-06T02:50:19.657+0000] {logging_mixin.py:190} WARNING - [2024-10-06 02:50:19] - airflow.models.dag - INFO      - calculate_dagrun_date_fields - line 4180 - Setting next_dagrun for stock_data_dag to 2024-10-06 00:00:00+00:00, run_after=2024-10-07 00:00:00+00:00
[2024-10-06T02:50:19.689+0000] {processor.py:208} INFO - Processing /opt/airflow/dags/stock_data_dag.py took 1.326 seconds
[2024-10-06T02:50:50.194+0000] {processor.py:186} INFO - Started process (PID=344) to work on /opt/airflow/dags/stock_data_dag.py
[2024-10-06T02:50:50.196+0000] {processor.py:914} INFO - Processing file /opt/airflow/dags/stock_data_dag.py for tasks to queue
[2024-10-06T02:50:50.201+0000] {logging_mixin.py:190} INFO - [2024-10-06T02:50:50.200+0000] {dagbag.py:588} INFO - Filling up the DagBag from /opt/airflow/dags/stock_data_dag.py
[2024-10-06T02:50:51.364+0000] {processor.py:925} INFO - DAG(s) 'stock_data_dag' retrieved from /opt/airflow/dags/stock_data_dag.py
[2024-10-06T02:50:51.407+0000] {logging_mixin.py:190} WARNING - [2024-10-06 02:50:51] - airflow.models.dag - INFO      - bulk_write_to_db - line 3239 - Sync 1 DAGs
[2024-10-06T02:50:51.443+0000] {logging_mixin.py:190} WARNING - [2024-10-06 02:50:51] - airflow.models.dag - INFO      - calculate_dagrun_date_fields - line 4180 - Setting next_dagrun for stock_data_dag to 2024-10-06 00:00:00+00:00, run_after=2024-10-07 00:00:00+00:00
[2024-10-06T02:50:51.470+0000] {processor.py:208} INFO - Processing /opt/airflow/dags/stock_data_dag.py took 1.290 seconds
[2024-10-06T02:51:21.822+0000] {processor.py:186} INFO - Started process (PID=356) to work on /opt/airflow/dags/stock_data_dag.py
[2024-10-06T02:51:21.825+0000] {processor.py:914} INFO - Processing file /opt/airflow/dags/stock_data_dag.py for tasks to queue
[2024-10-06T02:51:21.829+0000] {logging_mixin.py:190} INFO - [2024-10-06T02:51:21.829+0000] {dagbag.py:588} INFO - Filling up the DagBag from /opt/airflow/dags/stock_data_dag.py
[2024-10-06T02:51:23.083+0000] {processor.py:925} INFO - DAG(s) 'stock_data_dag' retrieved from /opt/airflow/dags/stock_data_dag.py
[2024-10-06T02:51:23.127+0000] {logging_mixin.py:190} WARNING - [2024-10-06 02:51:23] - airflow.models.dag - INFO      - bulk_write_to_db - line 3239 - Sync 1 DAGs
[2024-10-06T02:51:23.168+0000] {logging_mixin.py:190} WARNING - [2024-10-06 02:51:23] - airflow.models.dag - INFO      - calculate_dagrun_date_fields - line 4180 - Setting next_dagrun for stock_data_dag to 2024-10-06 00:00:00+00:00, run_after=2024-10-07 00:00:00+00:00
[2024-10-06T02:51:23.198+0000] {processor.py:208} INFO - Processing /opt/airflow/dags/stock_data_dag.py took 1.389 seconds
[2024-10-06T02:51:53.580+0000] {processor.py:186} INFO - Started process (PID=368) to work on /opt/airflow/dags/stock_data_dag.py
[2024-10-06T02:51:53.584+0000] {processor.py:914} INFO - Processing file /opt/airflow/dags/stock_data_dag.py for tasks to queue
[2024-10-06T02:51:53.593+0000] {logging_mixin.py:190} INFO - [2024-10-06T02:51:53.592+0000] {dagbag.py:588} INFO - Filling up the DagBag from /opt/airflow/dags/stock_data_dag.py
[2024-10-06T02:51:56.893+0000] {processor.py:925} INFO - DAG(s) 'stock_data_dag' retrieved from /opt/airflow/dags/stock_data_dag.py
[2024-10-06T02:51:57.024+0000] {logging_mixin.py:190} WARNING - [2024-10-06 02:51:57] - airflow.models.dag - INFO      - bulk_write_to_db - line 3239 - Sync 1 DAGs
[2024-10-06T02:51:57.173+0000] {logging_mixin.py:190} WARNING - [2024-10-06 02:51:57] - airflow.models.dag - INFO      - calculate_dagrun_date_fields - line 4180 - Setting next_dagrun for stock_data_dag to 2024-10-06 00:00:00+00:00, run_after=2024-10-07 00:00:00+00:00
[2024-10-06T02:51:57.262+0000] {processor.py:208} INFO - Processing /opt/airflow/dags/stock_data_dag.py took 3.712 seconds
[2024-10-06T02:52:27.389+0000] {processor.py:186} INFO - Started process (PID=380) to work on /opt/airflow/dags/stock_data_dag.py
[2024-10-06T02:52:27.392+0000] {processor.py:914} INFO - Processing file /opt/airflow/dags/stock_data_dag.py for tasks to queue
[2024-10-06T02:52:27.399+0000] {logging_mixin.py:190} INFO - [2024-10-06T02:52:27.398+0000] {dagbag.py:588} INFO - Filling up the DagBag from /opt/airflow/dags/stock_data_dag.py
[2024-10-06T02:52:30.588+0000] {processor.py:925} INFO - DAG(s) 'stock_data_dag' retrieved from /opt/airflow/dags/stock_data_dag.py
[2024-10-06T02:52:30.721+0000] {logging_mixin.py:190} WARNING - [2024-10-06 02:52:30] - airflow.models.dag - INFO      - bulk_write_to_db - line 3239 - Sync 1 DAGs
[2024-10-06T02:52:30.815+0000] {logging_mixin.py:190} WARNING - [2024-10-06 02:52:30] - airflow.models.dag - INFO      - calculate_dagrun_date_fields - line 4180 - Setting next_dagrun for stock_data_dag to 2024-10-06 00:00:00+00:00, run_after=2024-10-07 00:00:00+00:00
[2024-10-06T02:52:30.892+0000] {processor.py:208} INFO - Processing /opt/airflow/dags/stock_data_dag.py took 3.522 seconds
[2024-10-06T02:53:01.273+0000] {processor.py:186} INFO - Started process (PID=391) to work on /opt/airflow/dags/stock_data_dag.py
[2024-10-06T02:53:01.277+0000] {processor.py:914} INFO - Processing file /opt/airflow/dags/stock_data_dag.py for tasks to queue
[2024-10-06T02:53:01.286+0000] {logging_mixin.py:190} INFO - [2024-10-06T02:53:01.285+0000] {dagbag.py:588} INFO - Filling up the DagBag from /opt/airflow/dags/stock_data_dag.py
[2024-10-06T02:53:02.595+0000] {processor.py:925} INFO - DAG(s) 'stock_data_dag' retrieved from /opt/airflow/dags/stock_data_dag.py
[2024-10-06T02:53:02.641+0000] {logging_mixin.py:190} WARNING - [2024-10-06 02:53:02] - airflow.models.dag - INFO      - bulk_write_to_db - line 3239 - Sync 1 DAGs
[2024-10-06T02:53:02.686+0000] {logging_mixin.py:190} WARNING - [2024-10-06 02:53:02] - airflow.models.dag - INFO      - calculate_dagrun_date_fields - line 4180 - Setting next_dagrun for stock_data_dag to 2024-10-06 00:00:00+00:00, run_after=2024-10-07 00:00:00+00:00
[2024-10-06T02:53:02.717+0000] {processor.py:208} INFO - Processing /opt/airflow/dags/stock_data_dag.py took 1.458 seconds
[2024-10-06T02:53:33.121+0000] {processor.py:186} INFO - Started process (PID=403) to work on /opt/airflow/dags/stock_data_dag.py
[2024-10-06T02:53:33.124+0000] {processor.py:914} INFO - Processing file /opt/airflow/dags/stock_data_dag.py for tasks to queue
[2024-10-06T02:53:33.128+0000] {logging_mixin.py:190} INFO - [2024-10-06T02:53:33.128+0000] {dagbag.py:588} INFO - Filling up the DagBag from /opt/airflow/dags/stock_data_dag.py
[2024-10-06T02:53:34.245+0000] {processor.py:925} INFO - DAG(s) 'stock_data_dag' retrieved from /opt/airflow/dags/stock_data_dag.py
[2024-10-06T02:53:34.291+0000] {logging_mixin.py:190} WARNING - [2024-10-06 02:53:34] - airflow.models.dag - INFO      - bulk_write_to_db - line 3239 - Sync 1 DAGs
[2024-10-06T02:53:34.331+0000] {logging_mixin.py:190} WARNING - [2024-10-06 02:53:34] - airflow.models.dag - INFO      - calculate_dagrun_date_fields - line 4180 - Setting next_dagrun for stock_data_dag to 2024-10-06 00:00:00+00:00, run_after=2024-10-07 00:00:00+00:00
[2024-10-06T02:53:34.359+0000] {processor.py:208} INFO - Processing /opt/airflow/dags/stock_data_dag.py took 1.252 seconds
[2024-10-06T02:54:04.837+0000] {processor.py:186} INFO - Started process (PID=415) to work on /opt/airflow/dags/stock_data_dag.py
[2024-10-06T02:54:04.841+0000] {processor.py:914} INFO - Processing file /opt/airflow/dags/stock_data_dag.py for tasks to queue
[2024-10-06T02:54:04.851+0000] {logging_mixin.py:190} INFO - [2024-10-06T02:54:04.848+0000] {dagbag.py:588} INFO - Filling up the DagBag from /opt/airflow/dags/stock_data_dag.py
[2024-10-06T02:54:07.230+0000] {processor.py:925} INFO - DAG(s) 'stock_data_dag' retrieved from /opt/airflow/dags/stock_data_dag.py
[2024-10-06T02:54:07.280+0000] {logging_mixin.py:190} WARNING - [2024-10-06 02:54:07] - airflow.models.dag - INFO      - bulk_write_to_db - line 3239 - Sync 1 DAGs
[2024-10-06T02:54:07.322+0000] {logging_mixin.py:190} WARNING - [2024-10-06 02:54:07] - airflow.models.dag - INFO      - calculate_dagrun_date_fields - line 4180 - Setting next_dagrun for stock_data_dag to 2024-10-06 00:00:00+00:00, run_after=2024-10-07 00:00:00+00:00
[2024-10-06T02:54:07.381+0000] {processor.py:208} INFO - Processing /opt/airflow/dags/stock_data_dag.py took 2.571 seconds
[2024-10-06T02:54:37.898+0000] {processor.py:186} INFO - Started process (PID=427) to work on /opt/airflow/dags/stock_data_dag.py
[2024-10-06T02:54:37.904+0000] {processor.py:914} INFO - Processing file /opt/airflow/dags/stock_data_dag.py for tasks to queue
[2024-10-06T02:54:37.916+0000] {logging_mixin.py:190} INFO - [2024-10-06T02:54:37.914+0000] {dagbag.py:588} INFO - Filling up the DagBag from /opt/airflow/dags/stock_data_dag.py
[2024-10-06T02:54:40.433+0000] {processor.py:925} INFO - DAG(s) 'stock_data_dag' retrieved from /opt/airflow/dags/stock_data_dag.py
[2024-10-06T02:54:40.576+0000] {logging_mixin.py:190} WARNING - [2024-10-06 02:54:40] - airflow.models.dag - INFO      - bulk_write_to_db - line 3239 - Sync 1 DAGs
[2024-10-06T02:54:40.659+0000] {logging_mixin.py:190} WARNING - [2024-10-06 02:54:40] - airflow.models.dag - INFO      - calculate_dagrun_date_fields - line 4180 - Setting next_dagrun for stock_data_dag to 2024-10-06 00:00:00+00:00, run_after=2024-10-07 00:00:00+00:00
[2024-10-06T02:54:40.746+0000] {processor.py:208} INFO - Processing /opt/airflow/dags/stock_data_dag.py took 2.883 seconds
[2024-10-06T02:55:11.150+0000] {processor.py:186} INFO - Started process (PID=439) to work on /opt/airflow/dags/stock_data_dag.py
[2024-10-06T02:55:11.158+0000] {processor.py:914} INFO - Processing file /opt/airflow/dags/stock_data_dag.py for tasks to queue
[2024-10-06T02:55:11.171+0000] {logging_mixin.py:190} INFO - [2024-10-06T02:55:11.170+0000] {dagbag.py:588} INFO - Filling up the DagBag from /opt/airflow/dags/stock_data_dag.py
[2024-10-06T02:55:12.402+0000] {processor.py:925} INFO - DAG(s) 'stock_data_dag' retrieved from /opt/airflow/dags/stock_data_dag.py
[2024-10-06T02:55:12.446+0000] {logging_mixin.py:190} WARNING - [2024-10-06 02:55:12] - airflow.models.dag - INFO      - bulk_write_to_db - line 3239 - Sync 1 DAGs
[2024-10-06T02:55:12.490+0000] {logging_mixin.py:190} WARNING - [2024-10-06 02:55:12] - airflow.models.dag - INFO      - calculate_dagrun_date_fields - line 4180 - Setting next_dagrun for stock_data_dag to 2024-10-06 00:00:00+00:00, run_after=2024-10-07 00:00:00+00:00
[2024-10-06T02:55:12.528+0000] {processor.py:208} INFO - Processing /opt/airflow/dags/stock_data_dag.py took 1.391 seconds
[2024-10-06T02:55:42.953+0000] {processor.py:186} INFO - Started process (PID=457) to work on /opt/airflow/dags/stock_data_dag.py
[2024-10-06T02:55:42.956+0000] {processor.py:914} INFO - Processing file /opt/airflow/dags/stock_data_dag.py for tasks to queue
[2024-10-06T02:55:42.962+0000] {logging_mixin.py:190} INFO - [2024-10-06T02:55:42.962+0000] {dagbag.py:588} INFO - Filling up the DagBag from /opt/airflow/dags/stock_data_dag.py
[2024-10-06T02:55:44.326+0000] {processor.py:925} INFO - DAG(s) 'stock_data_dag' retrieved from /opt/airflow/dags/stock_data_dag.py
[2024-10-06T02:55:44.373+0000] {logging_mixin.py:190} WARNING - [2024-10-06 02:55:44] - airflow.models.dag - INFO      - bulk_write_to_db - line 3239 - Sync 1 DAGs
[2024-10-06T02:55:44.416+0000] {logging_mixin.py:190} WARNING - [2024-10-06 02:55:44] - airflow.models.dag - INFO      - calculate_dagrun_date_fields - line 4180 - Setting next_dagrun for stock_data_dag to 2024-10-06 00:00:00+00:00, run_after=2024-10-07 00:00:00+00:00
[2024-10-06T02:55:44.448+0000] {processor.py:208} INFO - Processing /opt/airflow/dags/stock_data_dag.py took 1.512 seconds
[2024-10-06T02:56:14.859+0000] {processor.py:186} INFO - Started process (PID=468) to work on /opt/airflow/dags/stock_data_dag.py
[2024-10-06T02:56:14.862+0000] {processor.py:914} INFO - Processing file /opt/airflow/dags/stock_data_dag.py for tasks to queue
[2024-10-06T02:56:14.866+0000] {logging_mixin.py:190} INFO - [2024-10-06T02:56:14.866+0000] {dagbag.py:588} INFO - Filling up the DagBag from /opt/airflow/dags/stock_data_dag.py
[2024-10-06T02:56:15.968+0000] {processor.py:925} INFO - DAG(s) 'stock_data_dag' retrieved from /opt/airflow/dags/stock_data_dag.py
[2024-10-06T02:56:16.016+0000] {logging_mixin.py:190} WARNING - [2024-10-06 02:56:16] - airflow.models.dag - INFO      - bulk_write_to_db - line 3239 - Sync 1 DAGs
[2024-10-06T02:56:16.057+0000] {logging_mixin.py:190} WARNING - [2024-10-06 02:56:16] - airflow.models.dag - INFO      - calculate_dagrun_date_fields - line 4180 - Setting next_dagrun for stock_data_dag to 2024-10-06 00:00:00+00:00, run_after=2024-10-07 00:00:00+00:00
[2024-10-06T02:56:16.085+0000] {processor.py:208} INFO - Processing /opt/airflow/dags/stock_data_dag.py took 1.239 seconds
[2024-10-06T02:56:46.557+0000] {processor.py:186} INFO - Started process (PID=480) to work on /opt/airflow/dags/stock_data_dag.py
[2024-10-06T02:56:46.560+0000] {processor.py:914} INFO - Processing file /opt/airflow/dags/stock_data_dag.py for tasks to queue
[2024-10-06T02:56:46.565+0000] {logging_mixin.py:190} INFO - [2024-10-06T02:56:46.564+0000] {dagbag.py:588} INFO - Filling up the DagBag from /opt/airflow/dags/stock_data_dag.py
[2024-10-06T02:56:47.815+0000] {processor.py:925} INFO - DAG(s) 'stock_data_dag' retrieved from /opt/airflow/dags/stock_data_dag.py
[2024-10-06T02:56:47.862+0000] {logging_mixin.py:190} WARNING - [2024-10-06 02:56:47] - airflow.models.dag - INFO      - bulk_write_to_db - line 3239 - Sync 1 DAGs
[2024-10-06T02:56:47.905+0000] {logging_mixin.py:190} WARNING - [2024-10-06 02:56:47] - airflow.models.dag - INFO      - calculate_dagrun_date_fields - line 4180 - Setting next_dagrun for stock_data_dag to 2024-10-06 00:00:00+00:00, run_after=2024-10-07 00:00:00+00:00
[2024-10-06T02:56:47.936+0000] {processor.py:208} INFO - Processing /opt/airflow/dags/stock_data_dag.py took 1.394 seconds
[2024-10-06T02:57:18.415+0000] {processor.py:186} INFO - Started process (PID=492) to work on /opt/airflow/dags/stock_data_dag.py
[2024-10-06T02:57:18.417+0000] {processor.py:914} INFO - Processing file /opt/airflow/dags/stock_data_dag.py for tasks to queue
[2024-10-06T02:57:18.422+0000] {logging_mixin.py:190} INFO - [2024-10-06T02:57:18.421+0000] {dagbag.py:588} INFO - Filling up the DagBag from /opt/airflow/dags/stock_data_dag.py
[2024-10-06T02:57:19.524+0000] {processor.py:925} INFO - DAG(s) 'stock_data_dag' retrieved from /opt/airflow/dags/stock_data_dag.py
[2024-10-06T02:57:19.577+0000] {logging_mixin.py:190} WARNING - [2024-10-06 02:57:19] - airflow.models.dag - INFO      - bulk_write_to_db - line 3239 - Sync 1 DAGs
[2024-10-06T02:57:19.625+0000] {logging_mixin.py:190} WARNING - [2024-10-06 02:57:19] - airflow.models.dag - INFO      - calculate_dagrun_date_fields - line 4180 - Setting next_dagrun for stock_data_dag to 2024-10-06 00:00:00+00:00, run_after=2024-10-07 00:00:00+00:00
[2024-10-06T02:57:19.656+0000] {processor.py:208} INFO - Processing /opt/airflow/dags/stock_data_dag.py took 1.254 seconds
[2024-10-06T02:57:50.137+0000] {processor.py:186} INFO - Started process (PID=503) to work on /opt/airflow/dags/stock_data_dag.py
[2024-10-06T02:57:50.140+0000] {processor.py:914} INFO - Processing file /opt/airflow/dags/stock_data_dag.py for tasks to queue
[2024-10-06T02:57:50.144+0000] {logging_mixin.py:190} INFO - [2024-10-06T02:57:50.144+0000] {dagbag.py:588} INFO - Filling up the DagBag from /opt/airflow/dags/stock_data_dag.py
[2024-10-06T02:57:51.284+0000] {processor.py:925} INFO - DAG(s) 'stock_data_dag' retrieved from /opt/airflow/dags/stock_data_dag.py
[2024-10-06T02:57:51.331+0000] {logging_mixin.py:190} WARNING - [2024-10-06 02:57:51] - airflow.models.dag - INFO      - bulk_write_to_db - line 3239 - Sync 1 DAGs
[2024-10-06T02:57:51.370+0000] {logging_mixin.py:190} WARNING - [2024-10-06 02:57:51] - airflow.models.dag - INFO      - calculate_dagrun_date_fields - line 4180 - Setting next_dagrun for stock_data_dag to 2024-10-06 00:00:00+00:00, run_after=2024-10-07 00:00:00+00:00
[2024-10-06T02:57:51.398+0000] {processor.py:208} INFO - Processing /opt/airflow/dags/stock_data_dag.py took 1.275 seconds
[2024-10-06T02:58:21.802+0000] {processor.py:186} INFO - Started process (PID=515) to work on /opt/airflow/dags/stock_data_dag.py
[2024-10-06T02:58:21.804+0000] {processor.py:914} INFO - Processing file /opt/airflow/dags/stock_data_dag.py for tasks to queue
[2024-10-06T02:58:21.809+0000] {logging_mixin.py:190} INFO - [2024-10-06T02:58:21.809+0000] {dagbag.py:588} INFO - Filling up the DagBag from /opt/airflow/dags/stock_data_dag.py
[2024-10-06T02:58:22.905+0000] {processor.py:925} INFO - DAG(s) 'stock_data_dag' retrieved from /opt/airflow/dags/stock_data_dag.py
[2024-10-06T02:58:22.953+0000] {logging_mixin.py:190} WARNING - [2024-10-06 02:58:22] - airflow.models.dag - INFO      - bulk_write_to_db - line 3239 - Sync 1 DAGs
[2024-10-06T02:58:23.001+0000] {logging_mixin.py:190} WARNING - [2024-10-06 02:58:23] - airflow.models.dag - INFO      - calculate_dagrun_date_fields - line 4180 - Setting next_dagrun for stock_data_dag to 2024-10-06 00:00:00+00:00, run_after=2024-10-07 00:00:00+00:00
[2024-10-06T02:58:23.037+0000] {processor.py:208} INFO - Processing /opt/airflow/dags/stock_data_dag.py took 1.248 seconds
[2024-10-06T02:58:53.497+0000] {processor.py:186} INFO - Started process (PID=527) to work on /opt/airflow/dags/stock_data_dag.py
[2024-10-06T02:58:53.502+0000] {processor.py:914} INFO - Processing file /opt/airflow/dags/stock_data_dag.py for tasks to queue
[2024-10-06T02:58:53.506+0000] {logging_mixin.py:190} INFO - [2024-10-06T02:58:53.506+0000] {dagbag.py:588} INFO - Filling up the DagBag from /opt/airflow/dags/stock_data_dag.py
[2024-10-06T02:58:54.628+0000] {processor.py:925} INFO - DAG(s) 'stock_data_dag' retrieved from /opt/airflow/dags/stock_data_dag.py
[2024-10-06T02:58:54.674+0000] {logging_mixin.py:190} WARNING - [2024-10-06 02:58:54] - airflow.models.dag - INFO      - bulk_write_to_db - line 3239 - Sync 1 DAGs
[2024-10-06T02:58:54.718+0000] {logging_mixin.py:190} WARNING - [2024-10-06 02:58:54] - airflow.models.dag - INFO      - calculate_dagrun_date_fields - line 4180 - Setting next_dagrun for stock_data_dag to 2024-10-06 00:00:00+00:00, run_after=2024-10-07 00:00:00+00:00
[2024-10-06T02:58:54.747+0000] {processor.py:208} INFO - Processing /opt/airflow/dags/stock_data_dag.py took 1.265 seconds
[2024-10-06T02:59:25.247+0000] {processor.py:186} INFO - Started process (PID=539) to work on /opt/airflow/dags/stock_data_dag.py
[2024-10-06T02:59:25.251+0000] {processor.py:914} INFO - Processing file /opt/airflow/dags/stock_data_dag.py for tasks to queue
[2024-10-06T02:59:25.262+0000] {logging_mixin.py:190} INFO - [2024-10-06T02:59:25.261+0000] {dagbag.py:588} INFO - Filling up the DagBag from /opt/airflow/dags/stock_data_dag.py
[2024-10-06T02:59:27.423+0000] {processor.py:925} INFO - DAG(s) 'stock_data_dag' retrieved from /opt/airflow/dags/stock_data_dag.py
[2024-10-06T02:59:27.469+0000] {logging_mixin.py:190} WARNING - [2024-10-06 02:59:27] - airflow.models.dag - INFO      - bulk_write_to_db - line 3239 - Sync 1 DAGs
[2024-10-06T02:59:27.509+0000] {logging_mixin.py:190} WARNING - [2024-10-06 02:59:27] - airflow.models.dag - INFO      - calculate_dagrun_date_fields - line 4180 - Setting next_dagrun for stock_data_dag to 2024-10-06 00:00:00+00:00, run_after=2024-10-07 00:00:00+00:00
[2024-10-06T02:59:27.538+0000] {processor.py:208} INFO - Processing /opt/airflow/dags/stock_data_dag.py took 2.323 seconds
[2024-10-06T02:59:57.827+0000] {processor.py:186} INFO - Started process (PID=550) to work on /opt/airflow/dags/stock_data_dag.py
[2024-10-06T02:59:57.831+0000] {processor.py:914} INFO - Processing file /opt/airflow/dags/stock_data_dag.py for tasks to queue
[2024-10-06T02:59:57.840+0000] {logging_mixin.py:190} INFO - [2024-10-06T02:59:57.839+0000] {dagbag.py:588} INFO - Filling up the DagBag from /opt/airflow/dags/stock_data_dag.py
[2024-10-06T03:00:00.169+0000] {processor.py:925} INFO - DAG(s) 'stock_data_dag' retrieved from /opt/airflow/dags/stock_data_dag.py
[2024-10-06T03:00:00.254+0000] {logging_mixin.py:190} WARNING - [2024-10-06 03:00:00] - airflow.models.dag - INFO      - bulk_write_to_db - line 3239 - Sync 1 DAGs
[2024-10-06T03:00:00.325+0000] {logging_mixin.py:190} WARNING - [2024-10-06 03:00:00] - airflow.models.dag - INFO      - calculate_dagrun_date_fields - line 4180 - Setting next_dagrun for stock_data_dag to 2024-10-06 00:00:00+00:00, run_after=2024-10-07 00:00:00+00:00
[2024-10-06T03:00:00.384+0000] {processor.py:208} INFO - Processing /opt/airflow/dags/stock_data_dag.py took 2.586 seconds
[2024-10-06T03:00:30.729+0000] {processor.py:186} INFO - Started process (PID=562) to work on /opt/airflow/dags/stock_data_dag.py
[2024-10-06T03:00:30.735+0000] {processor.py:914} INFO - Processing file /opt/airflow/dags/stock_data_dag.py for tasks to queue
[2024-10-06T03:00:30.744+0000] {logging_mixin.py:190} INFO - [2024-10-06T03:00:30.741+0000] {dagbag.py:588} INFO - Filling up the DagBag from /opt/airflow/dags/stock_data_dag.py
[2024-10-06T03:00:33.745+0000] {processor.py:925} INFO - DAG(s) 'stock_data_dag' retrieved from /opt/airflow/dags/stock_data_dag.py
[2024-10-06T03:00:34.572+0000] {logging_mixin.py:190} WARNING - [2024-10-06 03:00:34] - airflow.models.dag - INFO      - bulk_write_to_db - line 3239 - Sync 1 DAGs
[2024-10-06T03:00:34.804+0000] {logging_mixin.py:190} WARNING - [2024-10-06 03:00:34] - airflow.models.dag - INFO      - calculate_dagrun_date_fields - line 4180 - Setting next_dagrun for stock_data_dag to 2024-10-06 00:00:00+00:00, run_after=2024-10-07 00:00:00+00:00
[2024-10-06T03:00:35.023+0000] {processor.py:208} INFO - Processing /opt/airflow/dags/stock_data_dag.py took 4.319 seconds
[2024-10-06T03:01:05.671+0000] {processor.py:186} INFO - Started process (PID=574) to work on /opt/airflow/dags/stock_data_dag.py
[2024-10-06T03:01:05.673+0000] {processor.py:914} INFO - Processing file /opt/airflow/dags/stock_data_dag.py for tasks to queue
[2024-10-06T03:01:05.678+0000] {logging_mixin.py:190} INFO - [2024-10-06T03:01:05.677+0000] {dagbag.py:588} INFO - Filling up the DagBag from /opt/airflow/dags/stock_data_dag.py
[2024-10-06T03:01:06.795+0000] {processor.py:925} INFO - DAG(s) 'stock_data_dag' retrieved from /opt/airflow/dags/stock_data_dag.py
[2024-10-06T03:01:06.903+0000] {logging_mixin.py:190} WARNING - [2024-10-06 03:01:06] - airflow.models.dag - INFO      - bulk_write_to_db - line 3239 - Sync 1 DAGs
[2024-10-06T03:01:06.942+0000] {logging_mixin.py:190} WARNING - [2024-10-06 03:01:06] - airflow.models.dag - INFO      - calculate_dagrun_date_fields - line 4180 - Setting next_dagrun for stock_data_dag to 2024-10-06 00:00:00+00:00, run_after=2024-10-07 00:00:00+00:00
[2024-10-06T03:01:06.969+0000] {processor.py:208} INFO - Processing /opt/airflow/dags/stock_data_dag.py took 1.312 seconds
[2024-10-06T03:01:37.368+0000] {processor.py:186} INFO - Started process (PID=586) to work on /opt/airflow/dags/stock_data_dag.py
[2024-10-06T03:01:37.370+0000] {processor.py:914} INFO - Processing file /opt/airflow/dags/stock_data_dag.py for tasks to queue
[2024-10-06T03:01:37.375+0000] {logging_mixin.py:190} INFO - [2024-10-06T03:01:37.375+0000] {dagbag.py:588} INFO - Filling up the DagBag from /opt/airflow/dags/stock_data_dag.py
[2024-10-06T03:01:38.537+0000] {processor.py:925} INFO - DAG(s) 'stock_data_dag' retrieved from /opt/airflow/dags/stock_data_dag.py
[2024-10-06T03:01:38.580+0000] {logging_mixin.py:190} WARNING - [2024-10-06 03:01:38] - airflow.models.dag - INFO      - bulk_write_to_db - line 3239 - Sync 1 DAGs
[2024-10-06T03:01:38.646+0000] {logging_mixin.py:190} WARNING - [2024-10-06 03:01:38] - airflow.models.dag - INFO      - calculate_dagrun_date_fields - line 4180 - Setting next_dagrun for stock_data_dag to 2024-10-06 00:00:00+00:00, run_after=2024-10-07 00:00:00+00:00
[2024-10-06T03:01:38.698+0000] {processor.py:208} INFO - Processing /opt/airflow/dags/stock_data_dag.py took 1.346 seconds
[2024-10-06T03:02:09.184+0000] {processor.py:186} INFO - Started process (PID=598) to work on /opt/airflow/dags/stock_data_dag.py
[2024-10-06T03:02:09.189+0000] {processor.py:914} INFO - Processing file /opt/airflow/dags/stock_data_dag.py for tasks to queue
[2024-10-06T03:02:09.199+0000] {logging_mixin.py:190} INFO - [2024-10-06T03:02:09.198+0000] {dagbag.py:588} INFO - Filling up the DagBag from /opt/airflow/dags/stock_data_dag.py
[2024-10-06T03:02:10.397+0000] {processor.py:925} INFO - DAG(s) 'stock_data_dag' retrieved from /opt/airflow/dags/stock_data_dag.py
[2024-10-06T03:02:10.441+0000] {logging_mixin.py:190} WARNING - [2024-10-06 03:02:10] - airflow.models.dag - INFO      - bulk_write_to_db - line 3239 - Sync 1 DAGs
[2024-10-06T03:02:10.483+0000] {logging_mixin.py:190} WARNING - [2024-10-06 03:02:10] - airflow.models.dag - INFO      - calculate_dagrun_date_fields - line 4180 - Setting next_dagrun for stock_data_dag to 2024-10-06 00:00:00+00:00, run_after=2024-10-07 00:00:00+00:00
[2024-10-06T03:02:10.563+0000] {processor.py:208} INFO - Processing /opt/airflow/dags/stock_data_dag.py took 1.403 seconds
[2024-10-06T03:02:41.044+0000] {processor.py:186} INFO - Started process (PID=610) to work on /opt/airflow/dags/stock_data_dag.py
[2024-10-06T03:02:41.048+0000] {processor.py:914} INFO - Processing file /opt/airflow/dags/stock_data_dag.py for tasks to queue
[2024-10-06T03:02:41.053+0000] {logging_mixin.py:190} INFO - [2024-10-06T03:02:41.052+0000] {dagbag.py:588} INFO - Filling up the DagBag from /opt/airflow/dags/stock_data_dag.py
[2024-10-06T03:02:42.228+0000] {processor.py:925} INFO - DAG(s) 'stock_data_dag' retrieved from /opt/airflow/dags/stock_data_dag.py
[2024-10-06T03:02:42.274+0000] {logging_mixin.py:190} WARNING - [2024-10-06 03:02:42] - airflow.models.dag - INFO      - bulk_write_to_db - line 3239 - Sync 1 DAGs
[2024-10-06T03:02:42.315+0000] {logging_mixin.py:190} WARNING - [2024-10-06 03:02:42] - airflow.models.dag - INFO      - calculate_dagrun_date_fields - line 4180 - Setting next_dagrun for stock_data_dag to 2024-10-06 00:00:00+00:00, run_after=2024-10-07 00:00:00+00:00
[2024-10-06T03:02:42.342+0000] {processor.py:208} INFO - Processing /opt/airflow/dags/stock_data_dag.py took 1.311 seconds
[2024-10-06T03:03:12.752+0000] {processor.py:186} INFO - Started process (PID=622) to work on /opt/airflow/dags/stock_data_dag.py
[2024-10-06T03:03:12.754+0000] {processor.py:914} INFO - Processing file /opt/airflow/dags/stock_data_dag.py for tasks to queue
[2024-10-06T03:03:12.759+0000] {logging_mixin.py:190} INFO - [2024-10-06T03:03:12.758+0000] {dagbag.py:588} INFO - Filling up the DagBag from /opt/airflow/dags/stock_data_dag.py
[2024-10-06T03:03:14.039+0000] {processor.py:925} INFO - DAG(s) 'stock_data_dag' retrieved from /opt/airflow/dags/stock_data_dag.py
[2024-10-06T03:03:14.086+0000] {logging_mixin.py:190} WARNING - [2024-10-06 03:03:14] - airflow.models.dag - INFO      - bulk_write_to_db - line 3239 - Sync 1 DAGs
[2024-10-06T03:03:14.129+0000] {logging_mixin.py:190} WARNING - [2024-10-06 03:03:14] - airflow.models.dag - INFO      - calculate_dagrun_date_fields - line 4180 - Setting next_dagrun for stock_data_dag to 2024-10-06 00:00:00+00:00, run_after=2024-10-07 00:00:00+00:00
[2024-10-06T03:03:14.164+0000] {processor.py:208} INFO - Processing /opt/airflow/dags/stock_data_dag.py took 1.426 seconds
[2024-10-06T03:03:14.313+0000] {processor.py:186} INFO - Started process (PID=633) to work on /opt/airflow/dags/stock_data_dag.py
[2024-10-06T03:03:14.315+0000] {processor.py:914} INFO - Processing file /opt/airflow/dags/stock_data_dag.py for tasks to queue
[2024-10-06T03:03:14.319+0000] {logging_mixin.py:190} INFO - [2024-10-06T03:03:14.319+0000] {dagbag.py:588} INFO - Filling up the DagBag from /opt/airflow/dags/stock_data_dag.py
[2024-10-06T03:03:15.339+0000] {processor.py:925} INFO - DAG(s) 'stock_data_dag' retrieved from /opt/airflow/dags/stock_data_dag.py
[2024-10-06T03:03:15.477+0000] {logging_mixin.py:190} WARNING - [2024-10-06 03:03:15] - airflow.models.dag - INFO      - bulk_write_to_db - line 3239 - Sync 1 DAGs
[2024-10-06T03:03:15.504+0000] {logging_mixin.py:190} WARNING - [2024-10-06 03:03:15] - airflow.models.dag - INFO      - calculate_dagrun_date_fields - line 4180 - Setting next_dagrun for stock_data_dag to 2024-10-06 00:00:00+00:00, run_after=2024-10-07 00:00:00+00:00
[2024-10-06T03:03:15.530+0000] {processor.py:208} INFO - Processing /opt/airflow/dags/stock_data_dag.py took 1.234 seconds
[2024-10-06T03:03:45.628+0000] {processor.py:186} INFO - Started process (PID=645) to work on /opt/airflow/dags/stock_data_dag.py
[2024-10-06T03:03:45.631+0000] {processor.py:914} INFO - Processing file /opt/airflow/dags/stock_data_dag.py for tasks to queue
[2024-10-06T03:03:45.635+0000] {logging_mixin.py:190} INFO - [2024-10-06T03:03:45.635+0000] {dagbag.py:588} INFO - Filling up the DagBag from /opt/airflow/dags/stock_data_dag.py
[2024-10-06T03:03:46.613+0000] {processor.py:925} INFO - DAG(s) 'stock_data_dag' retrieved from /opt/airflow/dags/stock_data_dag.py
[2024-10-06T03:03:46.645+0000] {logging_mixin.py:190} WARNING - [2024-10-06 03:03:46] - airflow.models.dag - INFO      - bulk_write_to_db - line 3239 - Sync 1 DAGs
[2024-10-06T03:03:46.671+0000] {logging_mixin.py:190} WARNING - [2024-10-06 03:03:46] - airflow.models.dag - INFO      - calculate_dagrun_date_fields - line 4180 - Setting next_dagrun for stock_data_dag to 2024-10-06 00:00:00+00:00, run_after=2024-10-07 00:00:00+00:00
[2024-10-06T03:03:46.693+0000] {processor.py:208} INFO - Processing /opt/airflow/dags/stock_data_dag.py took 1.078 seconds
[2024-10-06T03:04:16.822+0000] {processor.py:186} INFO - Started process (PID=656) to work on /opt/airflow/dags/stock_data_dag.py
[2024-10-06T03:04:16.824+0000] {processor.py:914} INFO - Processing file /opt/airflow/dags/stock_data_dag.py for tasks to queue
[2024-10-06T03:04:16.828+0000] {logging_mixin.py:190} INFO - [2024-10-06T03:04:16.828+0000] {dagbag.py:588} INFO - Filling up the DagBag from /opt/airflow/dags/stock_data_dag.py
[2024-10-06T03:04:17.825+0000] {processor.py:925} INFO - DAG(s) 'stock_data_dag' retrieved from /opt/airflow/dags/stock_data_dag.py
[2024-10-06T03:04:17.858+0000] {logging_mixin.py:190} WARNING - [2024-10-06 03:04:17] - airflow.models.dag - INFO      - bulk_write_to_db - line 3239 - Sync 1 DAGs
[2024-10-06T03:04:17.886+0000] {logging_mixin.py:190} WARNING - [2024-10-06 03:04:17] - airflow.models.dag - INFO      - calculate_dagrun_date_fields - line 4180 - Setting next_dagrun for stock_data_dag to 2024-10-06 00:00:00+00:00, run_after=2024-10-07 00:00:00+00:00
[2024-10-06T03:04:17.910+0000] {processor.py:208} INFO - Processing /opt/airflow/dags/stock_data_dag.py took 1.102 seconds
[2024-10-06T03:04:48.241+0000] {processor.py:186} INFO - Started process (PID=668) to work on /opt/airflow/dags/stock_data_dag.py
[2024-10-06T03:04:48.245+0000] {processor.py:914} INFO - Processing file /opt/airflow/dags/stock_data_dag.py for tasks to queue
[2024-10-06T03:04:48.253+0000] {logging_mixin.py:190} INFO - [2024-10-06T03:04:48.253+0000] {dagbag.py:588} INFO - Filling up the DagBag from /opt/airflow/dags/stock_data_dag.py
[2024-10-06T03:04:50.089+0000] {processor.py:925} INFO - DAG(s) 'stock_data_dag' retrieved from /opt/airflow/dags/stock_data_dag.py
[2024-10-06T03:04:50.122+0000] {logging_mixin.py:190} WARNING - [2024-10-06 03:04:50] - airflow.models.dag - INFO      - bulk_write_to_db - line 3239 - Sync 1 DAGs
[2024-10-06T03:04:50.150+0000] {logging_mixin.py:190} WARNING - [2024-10-06 03:04:50] - airflow.models.dag - INFO      - calculate_dagrun_date_fields - line 4180 - Setting next_dagrun for stock_data_dag to 2024-10-06 00:00:00+00:00, run_after=2024-10-07 00:00:00+00:00
[2024-10-06T03:04:50.172+0000] {processor.py:208} INFO - Processing /opt/airflow/dags/stock_data_dag.py took 1.976 seconds
[2024-10-06T03:05:20.483+0000] {processor.py:186} INFO - Started process (PID=680) to work on /opt/airflow/dags/stock_data_dag.py
[2024-10-06T03:05:20.487+0000] {processor.py:914} INFO - Processing file /opt/airflow/dags/stock_data_dag.py for tasks to queue
[2024-10-06T03:05:20.497+0000] {logging_mixin.py:190} INFO - [2024-10-06T03:05:20.496+0000] {dagbag.py:588} INFO - Filling up the DagBag from /opt/airflow/dags/stock_data_dag.py
[2024-10-06T03:05:22.747+0000] {processor.py:925} INFO - DAG(s) 'stock_data_dag' retrieved from /opt/airflow/dags/stock_data_dag.py
[2024-10-06T03:05:22.792+0000] {logging_mixin.py:190} WARNING - [2024-10-06 03:05:22] - airflow.models.dag - INFO      - bulk_write_to_db - line 3239 - Sync 1 DAGs
[2024-10-06T03:05:22.833+0000] {logging_mixin.py:190} WARNING - [2024-10-06 03:05:22] - airflow.models.dag - INFO      - calculate_dagrun_date_fields - line 4180 - Setting next_dagrun for stock_data_dag to 2024-10-06 00:00:00+00:00, run_after=2024-10-07 00:00:00+00:00
[2024-10-06T03:05:22.862+0000] {processor.py:208} INFO - Processing /opt/airflow/dags/stock_data_dag.py took 2.408 seconds
[2024-10-06T03:05:53.098+0000] {processor.py:186} INFO - Started process (PID=692) to work on /opt/airflow/dags/stock_data_dag.py
[2024-10-06T03:05:53.100+0000] {processor.py:914} INFO - Processing file /opt/airflow/dags/stock_data_dag.py for tasks to queue
[2024-10-06T03:05:53.105+0000] {logging_mixin.py:190} INFO - [2024-10-06T03:05:53.104+0000] {dagbag.py:588} INFO - Filling up the DagBag from /opt/airflow/dags/stock_data_dag.py
[2024-10-06T03:05:54.069+0000] {processor.py:925} INFO - DAG(s) 'stock_data_dag' retrieved from /opt/airflow/dags/stock_data_dag.py
[2024-10-06T03:05:54.101+0000] {logging_mixin.py:190} WARNING - [2024-10-06 03:05:54] - airflow.models.dag - INFO      - bulk_write_to_db - line 3239 - Sync 1 DAGs
[2024-10-06T03:05:54.129+0000] {logging_mixin.py:190} WARNING - [2024-10-06 03:05:54] - airflow.models.dag - INFO      - calculate_dagrun_date_fields - line 4180 - Setting next_dagrun for stock_data_dag to 2024-10-06 00:00:00+00:00, run_after=2024-10-07 00:00:00+00:00
[2024-10-06T03:05:54.151+0000] {processor.py:208} INFO - Processing /opt/airflow/dags/stock_data_dag.py took 1.066 seconds
[2024-10-06T03:06:24.381+0000] {processor.py:186} INFO - Started process (PID=704) to work on /opt/airflow/dags/stock_data_dag.py
[2024-10-06T03:06:24.384+0000] {processor.py:914} INFO - Processing file /opt/airflow/dags/stock_data_dag.py for tasks to queue
[2024-10-06T03:06:24.389+0000] {logging_mixin.py:190} INFO - [2024-10-06T03:06:24.388+0000] {dagbag.py:588} INFO - Filling up the DagBag from /opt/airflow/dags/stock_data_dag.py
[2024-10-06T03:06:25.338+0000] {processor.py:925} INFO - DAG(s) 'stock_data_dag' retrieved from /opt/airflow/dags/stock_data_dag.py
[2024-10-06T03:06:25.368+0000] {logging_mixin.py:190} WARNING - [2024-10-06 03:06:25] - airflow.models.dag - INFO      - bulk_write_to_db - line 3239 - Sync 1 DAGs
[2024-10-06T03:06:25.395+0000] {logging_mixin.py:190} WARNING - [2024-10-06 03:06:25] - airflow.models.dag - INFO      - calculate_dagrun_date_fields - line 4180 - Setting next_dagrun for stock_data_dag to 2024-10-06 00:00:00+00:00, run_after=2024-10-07 00:00:00+00:00
[2024-10-06T03:06:25.415+0000] {processor.py:208} INFO - Processing /opt/airflow/dags/stock_data_dag.py took 1.048 seconds
[2024-10-06T03:06:55.878+0000] {processor.py:186} INFO - Started process (PID=716) to work on /opt/airflow/dags/stock_data_dag.py
[2024-10-06T03:06:55.882+0000] {processor.py:914} INFO - Processing file /opt/airflow/dags/stock_data_dag.py for tasks to queue
[2024-10-06T03:06:55.891+0000] {logging_mixin.py:190} INFO - [2024-10-06T03:06:55.890+0000] {dagbag.py:588} INFO - Filling up the DagBag from /opt/airflow/dags/stock_data_dag.py
[2024-10-06T03:06:57.529+0000] {processor.py:925} INFO - DAG(s) 'stock_data_dag' retrieved from /opt/airflow/dags/stock_data_dag.py
[2024-10-06T03:06:57.562+0000] {logging_mixin.py:190} WARNING - [2024-10-06 03:06:57] - airflow.models.dag - INFO      - bulk_write_to_db - line 3239 - Sync 1 DAGs
[2024-10-06T03:06:57.588+0000] {logging_mixin.py:190} WARNING - [2024-10-06 03:06:57] - airflow.models.dag - INFO      - calculate_dagrun_date_fields - line 4180 - Setting next_dagrun for stock_data_dag to 2024-10-06 00:00:00+00:00, run_after=2024-10-07 00:00:00+00:00
[2024-10-06T03:06:57.609+0000] {processor.py:208} INFO - Processing /opt/airflow/dags/stock_data_dag.py took 1.760 seconds
[2024-10-06T03:07:27.723+0000] {processor.py:186} INFO - Started process (PID=728) to work on /opt/airflow/dags/stock_data_dag.py
[2024-10-06T03:07:27.725+0000] {processor.py:914} INFO - Processing file /opt/airflow/dags/stock_data_dag.py for tasks to queue
[2024-10-06T03:07:27.730+0000] {logging_mixin.py:190} INFO - [2024-10-06T03:07:27.729+0000] {dagbag.py:588} INFO - Filling up the DagBag from /opt/airflow/dags/stock_data_dag.py
[2024-10-06T03:07:29.580+0000] {processor.py:925} INFO - DAG(s) 'stock_data_dag' retrieved from /opt/airflow/dags/stock_data_dag.py
[2024-10-06T03:07:29.624+0000] {logging_mixin.py:190} WARNING - [2024-10-06 03:07:29] - airflow.models.dag - INFO      - bulk_write_to_db - line 3239 - Sync 1 DAGs
[2024-10-06T03:07:29.668+0000] {logging_mixin.py:190} WARNING - [2024-10-06 03:07:29] - airflow.models.dag - INFO      - calculate_dagrun_date_fields - line 4180 - Setting next_dagrun for stock_data_dag to 2024-10-06 00:00:00+00:00, run_after=2024-10-07 00:00:00+00:00
[2024-10-06T03:07:29.698+0000] {processor.py:208} INFO - Processing /opt/airflow/dags/stock_data_dag.py took 2.000 seconds
[2024-10-06T03:07:59.835+0000] {processor.py:186} INFO - Started process (PID=742) to work on /opt/airflow/dags/stock_data_dag.py
[2024-10-06T03:07:59.838+0000] {processor.py:914} INFO - Processing file /opt/airflow/dags/stock_data_dag.py for tasks to queue
[2024-10-06T03:07:59.842+0000] {logging_mixin.py:190} INFO - [2024-10-06T03:07:59.841+0000] {dagbag.py:588} INFO - Filling up the DagBag from /opt/airflow/dags/stock_data_dag.py
[2024-10-06T03:08:00.565+0000] {processor.py:925} INFO - DAG(s) 'stock_data_dag' retrieved from /opt/airflow/dags/stock_data_dag.py
[2024-10-06T03:08:00.613+0000] {logging_mixin.py:190} WARNING - [2024-10-06 03:08:00] - airflow.models.dag - INFO      - bulk_write_to_db - line 3239 - Sync 1 DAGs
[2024-10-06T03:08:00.649+0000] {logging_mixin.py:190} WARNING - [2024-10-06 03:08:00] - airflow.models.dag - INFO      - calculate_dagrun_date_fields - line 4180 - Setting next_dagrun for stock_data_dag to 2024-10-06 00:00:00+00:00, run_after=2024-10-07 00:00:00+00:00
[2024-10-06T03:08:00.670+0000] {processor.py:208} INFO - Processing /opt/airflow/dags/stock_data_dag.py took 0.846 seconds
[2024-10-06T03:08:30.750+0000] {processor.py:186} INFO - Started process (PID=754) to work on /opt/airflow/dags/stock_data_dag.py
[2024-10-06T03:08:30.752+0000] {processor.py:914} INFO - Processing file /opt/airflow/dags/stock_data_dag.py for tasks to queue
[2024-10-06T03:08:30.756+0000] {logging_mixin.py:190} INFO - [2024-10-06T03:08:30.755+0000] {dagbag.py:588} INFO - Filling up the DagBag from /opt/airflow/dags/stock_data_dag.py
[2024-10-06T03:08:31.556+0000] {processor.py:925} INFO - DAG(s) 'stock_data_dag' retrieved from /opt/airflow/dags/stock_data_dag.py
[2024-10-06T03:08:31.586+0000] {logging_mixin.py:190} WARNING - [2024-10-06 03:08:31] - airflow.models.dag - INFO      - bulk_write_to_db - line 3239 - Sync 1 DAGs
[2024-10-06T03:08:31.612+0000] {logging_mixin.py:190} WARNING - [2024-10-06 03:08:31] - airflow.models.dag - INFO      - calculate_dagrun_date_fields - line 4180 - Setting next_dagrun for stock_data_dag to 2024-10-06 00:00:00+00:00, run_after=2024-10-07 00:00:00+00:00
[2024-10-06T03:08:31.633+0000] {processor.py:208} INFO - Processing /opt/airflow/dags/stock_data_dag.py took 0.898 seconds
[2024-10-06T03:09:02.023+0000] {processor.py:186} INFO - Started process (PID=765) to work on /opt/airflow/dags/stock_data_dag.py
[2024-10-06T03:09:02.025+0000] {processor.py:914} INFO - Processing file /opt/airflow/dags/stock_data_dag.py for tasks to queue
[2024-10-06T03:09:02.028+0000] {logging_mixin.py:190} INFO - [2024-10-06T03:09:02.028+0000] {dagbag.py:588} INFO - Filling up the DagBag from /opt/airflow/dags/stock_data_dag.py
[2024-10-06T03:09:02.833+0000] {processor.py:925} INFO - DAG(s) 'stock_data_dag' retrieved from /opt/airflow/dags/stock_data_dag.py
[2024-10-06T03:09:02.871+0000] {logging_mixin.py:190} WARNING - [2024-10-06 03:09:02] - airflow.models.dag - INFO      - bulk_write_to_db - line 3239 - Sync 1 DAGs
[2024-10-06T03:09:02.912+0000] {logging_mixin.py:190} WARNING - [2024-10-06 03:09:02] - airflow.models.dag - INFO      - calculate_dagrun_date_fields - line 4180 - Setting next_dagrun for stock_data_dag to 2024-10-06 00:00:00+00:00, run_after=2024-10-07 00:00:00+00:00
[2024-10-06T03:09:02.936+0000] {processor.py:208} INFO - Processing /opt/airflow/dags/stock_data_dag.py took 0.923 seconds
[2024-10-06T03:09:33.352+0000] {processor.py:186} INFO - Started process (PID=777) to work on /opt/airflow/dags/stock_data_dag.py
[2024-10-06T03:09:33.353+0000] {processor.py:914} INFO - Processing file /opt/airflow/dags/stock_data_dag.py for tasks to queue
[2024-10-06T03:09:33.357+0000] {logging_mixin.py:190} INFO - [2024-10-06T03:09:33.356+0000] {dagbag.py:588} INFO - Filling up the DagBag from /opt/airflow/dags/stock_data_dag.py
[2024-10-06T03:09:34.091+0000] {processor.py:925} INFO - DAG(s) 'stock_data_dag' retrieved from /opt/airflow/dags/stock_data_dag.py
[2024-10-06T03:09:34.127+0000] {logging_mixin.py:190} WARNING - [2024-10-06 03:09:34] - airflow.models.dag - INFO      - bulk_write_to_db - line 3239 - Sync 1 DAGs
[2024-10-06T03:09:34.168+0000] {logging_mixin.py:190} WARNING - [2024-10-06 03:09:34] - airflow.models.dag - INFO      - calculate_dagrun_date_fields - line 4180 - Setting next_dagrun for stock_data_dag to 2024-10-06 00:00:00+00:00, run_after=2024-10-07 00:00:00+00:00
[2024-10-06T03:09:34.190+0000] {processor.py:208} INFO - Processing /opt/airflow/dags/stock_data_dag.py took 0.849 seconds
[2024-10-06T03:10:04.675+0000] {processor.py:186} INFO - Started process (PID=789) to work on /opt/airflow/dags/stock_data_dag.py
[2024-10-06T03:10:04.678+0000] {processor.py:914} INFO - Processing file /opt/airflow/dags/stock_data_dag.py for tasks to queue
[2024-10-06T03:10:04.682+0000] {logging_mixin.py:190} INFO - [2024-10-06T03:10:04.681+0000] {dagbag.py:588} INFO - Filling up the DagBag from /opt/airflow/dags/stock_data_dag.py
[2024-10-06T03:10:05.535+0000] {processor.py:925} INFO - DAG(s) 'stock_data_dag' retrieved from /opt/airflow/dags/stock_data_dag.py
[2024-10-06T03:10:05.570+0000] {logging_mixin.py:190} WARNING - [2024-10-06 03:10:05] - airflow.models.dag - INFO      - bulk_write_to_db - line 3239 - Sync 1 DAGs
[2024-10-06T03:10:05.596+0000] {logging_mixin.py:190} WARNING - [2024-10-06 03:10:05] - airflow.models.dag - INFO      - calculate_dagrun_date_fields - line 4180 - Setting next_dagrun for stock_data_dag to 2024-10-06 00:00:00+00:00, run_after=2024-10-07 00:00:00+00:00
[2024-10-06T03:10:05.618+0000] {processor.py:208} INFO - Processing /opt/airflow/dags/stock_data_dag.py took 0.956 seconds
[2024-10-06T03:10:36.051+0000] {processor.py:186} INFO - Started process (PID=801) to work on /opt/airflow/dags/stock_data_dag.py
[2024-10-06T03:10:36.053+0000] {processor.py:914} INFO - Processing file /opt/airflow/dags/stock_data_dag.py for tasks to queue
[2024-10-06T03:10:36.058+0000] {logging_mixin.py:190} INFO - [2024-10-06T03:10:36.057+0000] {dagbag.py:588} INFO - Filling up the DagBag from /opt/airflow/dags/stock_data_dag.py
[2024-10-06T03:10:36.912+0000] {processor.py:925} INFO - DAG(s) 'stock_data_dag' retrieved from /opt/airflow/dags/stock_data_dag.py
[2024-10-06T03:10:36.945+0000] {logging_mixin.py:190} WARNING - [2024-10-06 03:10:36] - airflow.models.dag - INFO      - bulk_write_to_db - line 3239 - Sync 1 DAGs
[2024-10-06T03:10:36.972+0000] {logging_mixin.py:190} WARNING - [2024-10-06 03:10:36] - airflow.models.dag - INFO      - calculate_dagrun_date_fields - line 4180 - Setting next_dagrun for stock_data_dag to 2024-10-06 00:00:00+00:00, run_after=2024-10-07 00:00:00+00:00
[2024-10-06T03:10:36.995+0000] {processor.py:208} INFO - Processing /opt/airflow/dags/stock_data_dag.py took 0.958 seconds
[2024-10-06T03:11:07.169+0000] {processor.py:186} INFO - Started process (PID=813) to work on /opt/airflow/dags/stock_data_dag.py
[2024-10-06T03:11:07.172+0000] {processor.py:914} INFO - Processing file /opt/airflow/dags/stock_data_dag.py for tasks to queue
[2024-10-06T03:11:07.182+0000] {logging_mixin.py:190} INFO - [2024-10-06T03:11:07.181+0000] {dagbag.py:588} INFO - Filling up the DagBag from /opt/airflow/dags/stock_data_dag.py
[2024-10-06T03:11:08.758+0000] {processor.py:925} INFO - DAG(s) 'stock_data_dag' retrieved from /opt/airflow/dags/stock_data_dag.py
[2024-10-06T03:11:08.837+0000] {logging_mixin.py:190} WARNING - [2024-10-06 03:11:08] - airflow.models.dag - INFO      - bulk_write_to_db - line 3239 - Sync 1 DAGs
[2024-10-06T03:11:08.882+0000] {logging_mixin.py:190} WARNING - [2024-10-06 03:11:08] - airflow.models.dag - INFO      - calculate_dagrun_date_fields - line 4180 - Setting next_dagrun for stock_data_dag to 2024-10-06 00:00:00+00:00, run_after=2024-10-07 00:00:00+00:00
[2024-10-06T03:11:08.913+0000] {processor.py:208} INFO - Processing /opt/airflow/dags/stock_data_dag.py took 1.774 seconds
[2024-10-06T03:11:39.077+0000] {processor.py:186} INFO - Started process (PID=825) to work on /opt/airflow/dags/stock_data_dag.py
[2024-10-06T03:11:39.087+0000] {processor.py:914} INFO - Processing file /opt/airflow/dags/stock_data_dag.py for tasks to queue
[2024-10-06T03:11:39.105+0000] {logging_mixin.py:190} INFO - [2024-10-06T03:11:39.102+0000] {dagbag.py:588} INFO - Filling up the DagBag from /opt/airflow/dags/stock_data_dag.py
[2024-10-06T03:11:41.139+0000] {processor.py:925} INFO - DAG(s) 'stock_data_dag' retrieved from /opt/airflow/dags/stock_data_dag.py
[2024-10-06T03:11:41.197+0000] {logging_mixin.py:190} WARNING - [2024-10-06 03:11:41] - airflow.models.dag - INFO      - bulk_write_to_db - line 3239 - Sync 1 DAGs
[2024-10-06T03:11:41.253+0000] {logging_mixin.py:190} WARNING - [2024-10-06 03:11:41] - airflow.models.dag - INFO      - calculate_dagrun_date_fields - line 4180 - Setting next_dagrun for stock_data_dag to 2024-10-06 00:00:00+00:00, run_after=2024-10-07 00:00:00+00:00
[2024-10-06T03:11:41.303+0000] {processor.py:208} INFO - Processing /opt/airflow/dags/stock_data_dag.py took 2.269 seconds
[2024-10-06T03:12:11.897+0000] {processor.py:186} INFO - Started process (PID=837) to work on /opt/airflow/dags/stock_data_dag.py
[2024-10-06T03:12:11.899+0000] {processor.py:914} INFO - Processing file /opt/airflow/dags/stock_data_dag.py for tasks to queue
[2024-10-06T03:12:11.903+0000] {logging_mixin.py:190} INFO - [2024-10-06T03:12:11.902+0000] {dagbag.py:588} INFO - Filling up the DagBag from /opt/airflow/dags/stock_data_dag.py
[2024-10-06T03:12:12.662+0000] {processor.py:925} INFO - DAG(s) 'stock_data_dag' retrieved from /opt/airflow/dags/stock_data_dag.py
[2024-10-06T03:12:12.694+0000] {logging_mixin.py:190} WARNING - [2024-10-06 03:12:12] - airflow.models.dag - INFO      - bulk_write_to_db - line 3239 - Sync 1 DAGs
[2024-10-06T03:12:12.722+0000] {logging_mixin.py:190} WARNING - [2024-10-06 03:12:12] - airflow.models.dag - INFO      - calculate_dagrun_date_fields - line 4180 - Setting next_dagrun for stock_data_dag to 2024-10-06 00:00:00+00:00, run_after=2024-10-07 00:00:00+00:00
[2024-10-06T03:12:12.744+0000] {processor.py:208} INFO - Processing /opt/airflow/dags/stock_data_dag.py took 0.857 seconds
[2024-10-06T03:12:42.795+0000] {processor.py:186} INFO - Started process (PID=848) to work on /opt/airflow/dags/stock_data_dag.py
[2024-10-06T03:12:42.796+0000] {processor.py:914} INFO - Processing file /opt/airflow/dags/stock_data_dag.py for tasks to queue
[2024-10-06T03:12:42.799+0000] {logging_mixin.py:190} INFO - [2024-10-06T03:12:42.799+0000] {dagbag.py:588} INFO - Filling up the DagBag from /opt/airflow/dags/stock_data_dag.py
[2024-10-06T03:12:43.540+0000] {processor.py:925} INFO - DAG(s) 'stock_data_dag' retrieved from /opt/airflow/dags/stock_data_dag.py
[2024-10-06T03:12:43.573+0000] {logging_mixin.py:190} WARNING - [2024-10-06 03:12:43] - airflow.models.dag - INFO      - bulk_write_to_db - line 3239 - Sync 1 DAGs
[2024-10-06T03:12:43.601+0000] {logging_mixin.py:190} WARNING - [2024-10-06 03:12:43] - airflow.models.dag - INFO      - calculate_dagrun_date_fields - line 4180 - Setting next_dagrun for stock_data_dag to 2024-10-06 00:00:00+00:00, run_after=2024-10-07 00:00:00+00:00
[2024-10-06T03:12:43.624+0000] {processor.py:208} INFO - Processing /opt/airflow/dags/stock_data_dag.py took 0.839 seconds
[2024-10-06T03:13:14.317+0000] {processor.py:186} INFO - Started process (PID=860) to work on /opt/airflow/dags/stock_data_dag.py
[2024-10-06T03:13:14.323+0000] {processor.py:914} INFO - Processing file /opt/airflow/dags/stock_data_dag.py for tasks to queue
[2024-10-06T03:13:14.332+0000] {logging_mixin.py:190} INFO - [2024-10-06T03:13:14.332+0000] {dagbag.py:588} INFO - Filling up the DagBag from /opt/airflow/dags/stock_data_dag.py
[2024-10-06T03:13:15.921+0000] {processor.py:925} INFO - DAG(s) 'stock_data_dag' retrieved from /opt/airflow/dags/stock_data_dag.py
[2024-10-06T03:13:15.964+0000] {logging_mixin.py:190} WARNING - [2024-10-06 03:13:15] - airflow.models.dag - INFO      - bulk_write_to_db - line 3239 - Sync 1 DAGs
[2024-10-06T03:13:16.006+0000] {logging_mixin.py:190} WARNING - [2024-10-06 03:13:16] - airflow.models.dag - INFO      - calculate_dagrun_date_fields - line 4180 - Setting next_dagrun for stock_data_dag to 2024-10-06 00:00:00+00:00, run_after=2024-10-07 00:00:00+00:00
[2024-10-06T03:13:16.035+0000] {processor.py:208} INFO - Processing /opt/airflow/dags/stock_data_dag.py took 1.753 seconds
[2024-10-06T03:13:46.342+0000] {processor.py:186} INFO - Started process (PID=878) to work on /opt/airflow/dags/stock_data_dag.py
[2024-10-06T03:13:46.344+0000] {processor.py:914} INFO - Processing file /opt/airflow/dags/stock_data_dag.py for tasks to queue
[2024-10-06T03:13:46.352+0000] {logging_mixin.py:190} INFO - [2024-10-06T03:13:46.351+0000] {dagbag.py:588} INFO - Filling up the DagBag from /opt/airflow/dags/stock_data_dag.py
[2024-10-06T03:13:47.112+0000] {processor.py:925} INFO - DAG(s) 'stock_data_dag' retrieved from /opt/airflow/dags/stock_data_dag.py
[2024-10-06T03:13:47.143+0000] {logging_mixin.py:190} WARNING - [2024-10-06 03:13:47] - airflow.models.dag - INFO      - bulk_write_to_db - line 3239 - Sync 1 DAGs
[2024-10-06T03:13:47.171+0000] {logging_mixin.py:190} WARNING - [2024-10-06 03:13:47] - airflow.models.dag - INFO      - calculate_dagrun_date_fields - line 4180 - Setting next_dagrun for stock_data_dag to 2024-10-06 00:00:00+00:00, run_after=2024-10-07 00:00:00+00:00
[2024-10-06T03:13:47.194+0000] {processor.py:208} INFO - Processing /opt/airflow/dags/stock_data_dag.py took 0.867 seconds
[2024-10-06T03:14:17.277+0000] {processor.py:186} INFO - Started process (PID=890) to work on /opt/airflow/dags/stock_data_dag.py
[2024-10-06T03:14:17.279+0000] {processor.py:914} INFO - Processing file /opt/airflow/dags/stock_data_dag.py for tasks to queue
[2024-10-06T03:14:17.282+0000] {logging_mixin.py:190} INFO - [2024-10-06T03:14:17.282+0000] {dagbag.py:588} INFO - Filling up the DagBag from /opt/airflow/dags/stock_data_dag.py
[2024-10-06T03:14:18.015+0000] {processor.py:925} INFO - DAG(s) 'stock_data_dag' retrieved from /opt/airflow/dags/stock_data_dag.py
[2024-10-06T03:14:18.049+0000] {logging_mixin.py:190} WARNING - [2024-10-06 03:14:18] - airflow.models.dag - INFO      - bulk_write_to_db - line 3239 - Sync 1 DAGs
[2024-10-06T03:14:18.079+0000] {logging_mixin.py:190} WARNING - [2024-10-06 03:14:18] - airflow.models.dag - INFO      - calculate_dagrun_date_fields - line 4180 - Setting next_dagrun for stock_data_dag to 2024-10-06 00:00:00+00:00, run_after=2024-10-07 00:00:00+00:00
[2024-10-06T03:14:18.100+0000] {processor.py:208} INFO - Processing /opt/airflow/dags/stock_data_dag.py took 0.834 seconds
[2024-10-06T03:14:48.160+0000] {processor.py:186} INFO - Started process (PID=902) to work on /opt/airflow/dags/stock_data_dag.py
[2024-10-06T03:14:48.162+0000] {processor.py:914} INFO - Processing file /opt/airflow/dags/stock_data_dag.py for tasks to queue
[2024-10-06T03:14:48.165+0000] {logging_mixin.py:190} INFO - [2024-10-06T03:14:48.165+0000] {dagbag.py:588} INFO - Filling up the DagBag from /opt/airflow/dags/stock_data_dag.py
[2024-10-06T03:14:48.907+0000] {processor.py:925} INFO - DAG(s) 'stock_data_dag' retrieved from /opt/airflow/dags/stock_data_dag.py
[2024-10-06T03:14:48.938+0000] {logging_mixin.py:190} WARNING - [2024-10-06 03:14:48] - airflow.models.dag - INFO      - bulk_write_to_db - line 3239 - Sync 1 DAGs
[2024-10-06T03:14:48.967+0000] {logging_mixin.py:190} WARNING - [2024-10-06 03:14:48] - airflow.models.dag - INFO      - calculate_dagrun_date_fields - line 4180 - Setting next_dagrun for stock_data_dag to 2024-10-06 00:00:00+00:00, run_after=2024-10-07 00:00:00+00:00
[2024-10-06T03:14:48.992+0000] {processor.py:208} INFO - Processing /opt/airflow/dags/stock_data_dag.py took 0.843 seconds
[2024-10-06T03:15:19.283+0000] {processor.py:186} INFO - Started process (PID=914) to work on /opt/airflow/dags/stock_data_dag.py
[2024-10-06T03:15:19.284+0000] {processor.py:914} INFO - Processing file /opt/airflow/dags/stock_data_dag.py for tasks to queue
[2024-10-06T03:15:19.288+0000] {logging_mixin.py:190} INFO - [2024-10-06T03:15:19.287+0000] {dagbag.py:588} INFO - Filling up the DagBag from /opt/airflow/dags/stock_data_dag.py
[2024-10-06T03:15:20.011+0000] {processor.py:925} INFO - DAG(s) 'stock_data_dag' retrieved from /opt/airflow/dags/stock_data_dag.py
[2024-10-06T03:15:20.055+0000] {logging_mixin.py:190} WARNING - [2024-10-06 03:15:20] - airflow.models.dag - INFO      - bulk_write_to_db - line 3239 - Sync 1 DAGs
[2024-10-06T03:15:20.096+0000] {logging_mixin.py:190} WARNING - [2024-10-06 03:15:20] - airflow.models.dag - INFO      - calculate_dagrun_date_fields - line 4180 - Setting next_dagrun for stock_data_dag to 2024-10-06 00:00:00+00:00, run_after=2024-10-07 00:00:00+00:00
[2024-10-06T03:15:20.119+0000] {processor.py:208} INFO - Processing /opt/airflow/dags/stock_data_dag.py took 0.847 seconds
[2024-10-06T03:15:50.516+0000] {processor.py:186} INFO - Started process (PID=926) to work on /opt/airflow/dags/stock_data_dag.py
[2024-10-06T03:15:50.517+0000] {processor.py:914} INFO - Processing file /opt/airflow/dags/stock_data_dag.py for tasks to queue
[2024-10-06T03:15:50.520+0000] {logging_mixin.py:190} INFO - [2024-10-06T03:15:50.520+0000] {dagbag.py:588} INFO - Filling up the DagBag from /opt/airflow/dags/stock_data_dag.py
[2024-10-06T03:15:51.338+0000] {processor.py:925} INFO - DAG(s) 'stock_data_dag' retrieved from /opt/airflow/dags/stock_data_dag.py
[2024-10-06T03:15:51.370+0000] {logging_mixin.py:190} WARNING - [2024-10-06 03:15:51] - airflow.models.dag - INFO      - bulk_write_to_db - line 3239 - Sync 1 DAGs
[2024-10-06T03:15:51.396+0000] {logging_mixin.py:190} WARNING - [2024-10-06 03:15:51] - airflow.models.dag - INFO      - calculate_dagrun_date_fields - line 4180 - Setting next_dagrun for stock_data_dag to 2024-10-06 00:00:00+00:00, run_after=2024-10-07 00:00:00+00:00
[2024-10-06T03:15:51.417+0000] {processor.py:208} INFO - Processing /opt/airflow/dags/stock_data_dag.py took 0.912 seconds
[2024-10-06T03:16:21.919+0000] {processor.py:186} INFO - Started process (PID=938) to work on /opt/airflow/dags/stock_data_dag.py
[2024-10-06T03:16:21.920+0000] {processor.py:914} INFO - Processing file /opt/airflow/dags/stock_data_dag.py for tasks to queue
[2024-10-06T03:16:21.923+0000] {logging_mixin.py:190} INFO - [2024-10-06T03:16:21.923+0000] {dagbag.py:588} INFO - Filling up the DagBag from /opt/airflow/dags/stock_data_dag.py
[2024-10-06T03:16:22.639+0000] {processor.py:925} INFO - DAG(s) 'stock_data_dag' retrieved from /opt/airflow/dags/stock_data_dag.py
[2024-10-06T03:16:22.670+0000] {logging_mixin.py:190} WARNING - [2024-10-06 03:16:22] - airflow.models.dag - INFO      - bulk_write_to_db - line 3239 - Sync 1 DAGs
[2024-10-06T03:16:22.700+0000] {logging_mixin.py:190} WARNING - [2024-10-06 03:16:22] - airflow.models.dag - INFO      - calculate_dagrun_date_fields - line 4180 - Setting next_dagrun for stock_data_dag to 2024-10-06 00:00:00+00:00, run_after=2024-10-07 00:00:00+00:00
[2024-10-06T03:16:22.727+0000] {processor.py:208} INFO - Processing /opt/airflow/dags/stock_data_dag.py took 0.819 seconds
[2024-10-06T03:16:53.087+0000] {processor.py:186} INFO - Started process (PID=950) to work on /opt/airflow/dags/stock_data_dag.py
[2024-10-06T03:16:53.089+0000] {processor.py:914} INFO - Processing file /opt/airflow/dags/stock_data_dag.py for tasks to queue
[2024-10-06T03:16:53.093+0000] {logging_mixin.py:190} INFO - [2024-10-06T03:16:53.092+0000] {dagbag.py:588} INFO - Filling up the DagBag from /opt/airflow/dags/stock_data_dag.py
[2024-10-06T03:16:53.819+0000] {processor.py:925} INFO - DAG(s) 'stock_data_dag' retrieved from /opt/airflow/dags/stock_data_dag.py
[2024-10-06T03:16:53.851+0000] {logging_mixin.py:190} WARNING - [2024-10-06 03:16:53] - airflow.models.dag - INFO      - bulk_write_to_db - line 3239 - Sync 1 DAGs
[2024-10-06T03:16:53.880+0000] {logging_mixin.py:190} WARNING - [2024-10-06 03:16:53] - airflow.models.dag - INFO      - calculate_dagrun_date_fields - line 4180 - Setting next_dagrun for stock_data_dag to 2024-10-06 00:00:00+00:00, run_after=2024-10-07 00:00:00+00:00
[2024-10-06T03:16:53.902+0000] {processor.py:208} INFO - Processing /opt/airflow/dags/stock_data_dag.py took 0.826 seconds
[2024-10-06T03:17:24.097+0000] {processor.py:186} INFO - Started process (PID=961) to work on /opt/airflow/dags/stock_data_dag.py
[2024-10-06T03:17:24.099+0000] {processor.py:914} INFO - Processing file /opt/airflow/dags/stock_data_dag.py for tasks to queue
[2024-10-06T03:17:24.102+0000] {logging_mixin.py:190} INFO - [2024-10-06T03:17:24.102+0000] {dagbag.py:588} INFO - Filling up the DagBag from /opt/airflow/dags/stock_data_dag.py
[2024-10-06T03:17:24.829+0000] {processor.py:925} INFO - DAG(s) 'stock_data_dag' retrieved from /opt/airflow/dags/stock_data_dag.py
[2024-10-06T03:17:24.861+0000] {logging_mixin.py:190} WARNING - [2024-10-06 03:17:24] - airflow.models.dag - INFO      - bulk_write_to_db - line 3239 - Sync 1 DAGs
[2024-10-06T03:17:24.889+0000] {logging_mixin.py:190} WARNING - [2024-10-06 03:17:24] - airflow.models.dag - INFO      - calculate_dagrun_date_fields - line 4180 - Setting next_dagrun for stock_data_dag to 2024-10-06 00:00:00+00:00, run_after=2024-10-07 00:00:00+00:00
[2024-10-06T03:17:24.913+0000] {processor.py:208} INFO - Processing /opt/airflow/dags/stock_data_dag.py took 0.827 seconds
[2024-10-06T03:17:55.340+0000] {processor.py:186} INFO - Started process (PID=973) to work on /opt/airflow/dags/stock_data_dag.py
[2024-10-06T03:17:55.350+0000] {processor.py:914} INFO - Processing file /opt/airflow/dags/stock_data_dag.py for tasks to queue
[2024-10-06T03:17:55.359+0000] {logging_mixin.py:190} INFO - [2024-10-06T03:17:55.358+0000] {dagbag.py:588} INFO - Filling up the DagBag from /opt/airflow/dags/stock_data_dag.py
[2024-10-06T03:17:56.820+0000] {processor.py:925} INFO - DAG(s) 'stock_data_dag' retrieved from /opt/airflow/dags/stock_data_dag.py
[2024-10-06T03:17:56.863+0000] {logging_mixin.py:190} WARNING - [2024-10-06 03:17:56] - airflow.models.dag - INFO      - bulk_write_to_db - line 3239 - Sync 1 DAGs
[2024-10-06T03:17:56.903+0000] {logging_mixin.py:190} WARNING - [2024-10-06 03:17:56] - airflow.models.dag - INFO      - calculate_dagrun_date_fields - line 4180 - Setting next_dagrun for stock_data_dag to 2024-10-06 00:00:00+00:00, run_after=2024-10-07 00:00:00+00:00
[2024-10-06T03:17:56.932+0000] {processor.py:208} INFO - Processing /opt/airflow/dags/stock_data_dag.py took 1.639 seconds
[2024-10-06T03:18:27.062+0000] {processor.py:186} INFO - Started process (PID=985) to work on /opt/airflow/dags/stock_data_dag.py
[2024-10-06T03:18:27.065+0000] {processor.py:914} INFO - Processing file /opt/airflow/dags/stock_data_dag.py for tasks to queue
[2024-10-06T03:18:27.070+0000] {logging_mixin.py:190} INFO - [2024-10-06T03:18:27.069+0000] {dagbag.py:588} INFO - Filling up the DagBag from /opt/airflow/dags/stock_data_dag.py
[2024-10-06T03:18:28.113+0000] {processor.py:925} INFO - DAG(s) 'stock_data_dag' retrieved from /opt/airflow/dags/stock_data_dag.py
[2024-10-06T03:18:28.189+0000] {logging_mixin.py:190} WARNING - [2024-10-06 03:18:28] - airflow.models.dag - INFO      - bulk_write_to_db - line 3239 - Sync 1 DAGs
[2024-10-06T03:18:28.232+0000] {logging_mixin.py:190} WARNING - [2024-10-06 03:18:28] - airflow.models.dag - INFO      - calculate_dagrun_date_fields - line 4180 - Setting next_dagrun for stock_data_dag to 2024-10-06 00:00:00+00:00, run_after=2024-10-07 00:00:00+00:00
[2024-10-06T03:18:28.261+0000] {processor.py:208} INFO - Processing /opt/airflow/dags/stock_data_dag.py took 1.213 seconds
[2024-10-06T03:18:59.004+0000] {processor.py:186} INFO - Started process (PID=998) to work on /opt/airflow/dags/stock_data_dag.py
[2024-10-06T03:18:59.009+0000] {processor.py:914} INFO - Processing file /opt/airflow/dags/stock_data_dag.py for tasks to queue
[2024-10-06T03:18:59.022+0000] {logging_mixin.py:190} INFO - [2024-10-06T03:18:59.021+0000] {dagbag.py:588} INFO - Filling up the DagBag from /opt/airflow/dags/stock_data_dag.py
[2024-10-06T03:19:00.188+0000] {processor.py:925} INFO - DAG(s) 'stock_data_dag' retrieved from /opt/airflow/dags/stock_data_dag.py
[2024-10-06T03:19:00.220+0000] {logging_mixin.py:190} WARNING - [2024-10-06 03:19:00] - airflow.models.dag - INFO      - bulk_write_to_db - line 3239 - Sync 1 DAGs
[2024-10-06T03:19:00.248+0000] {logging_mixin.py:190} WARNING - [2024-10-06 03:19:00] - airflow.models.dag - INFO      - calculate_dagrun_date_fields - line 4180 - Setting next_dagrun for stock_data_dag to 2024-10-06 00:00:00+00:00, run_after=2024-10-07 00:00:00+00:00
[2024-10-06T03:19:00.269+0000] {processor.py:208} INFO - Processing /opt/airflow/dags/stock_data_dag.py took 1.317 seconds
[2024-10-06T03:19:30.567+0000] {processor.py:186} INFO - Started process (PID=1008) to work on /opt/airflow/dags/stock_data_dag.py
[2024-10-06T03:19:30.570+0000] {processor.py:914} INFO - Processing file /opt/airflow/dags/stock_data_dag.py for tasks to queue
[2024-10-06T03:19:30.580+0000] {logging_mixin.py:190} INFO - [2024-10-06T03:19:30.579+0000] {dagbag.py:588} INFO - Filling up the DagBag from /opt/airflow/dags/stock_data_dag.py
[2024-10-06T03:19:32.695+0000] {processor.py:925} INFO - DAG(s) 'stock_data_dag' retrieved from /opt/airflow/dags/stock_data_dag.py
[2024-10-06T03:19:32.773+0000] {logging_mixin.py:190} WARNING - [2024-10-06 03:19:32] - airflow.models.dag - INFO      - bulk_write_to_db - line 3239 - Sync 1 DAGs
[2024-10-06T03:19:32.812+0000] {logging_mixin.py:190} WARNING - [2024-10-06 03:19:32] - airflow.models.dag - INFO      - calculate_dagrun_date_fields - line 4180 - Setting next_dagrun for stock_data_dag to 2024-10-06 00:00:00+00:00, run_after=2024-10-07 00:00:00+00:00
[2024-10-06T03:19:32.854+0000] {processor.py:208} INFO - Processing /opt/airflow/dags/stock_data_dag.py took 2.315 seconds
[2024-10-06T03:20:03.642+0000] {processor.py:186} INFO - Started process (PID=1020) to work on /opt/airflow/dags/stock_data_dag.py
[2024-10-06T03:20:03.644+0000] {processor.py:914} INFO - Processing file /opt/airflow/dags/stock_data_dag.py for tasks to queue
[2024-10-06T03:20:03.649+0000] {logging_mixin.py:190} INFO - [2024-10-06T03:20:03.648+0000] {dagbag.py:588} INFO - Filling up the DagBag from /opt/airflow/dags/stock_data_dag.py
[2024-10-06T03:20:04.962+0000] {processor.py:925} INFO - DAG(s) 'stock_data_dag' retrieved from /opt/airflow/dags/stock_data_dag.py
[2024-10-06T03:20:05.072+0000] {logging_mixin.py:190} WARNING - [2024-10-06 03:20:05] - airflow.models.dag - INFO      - bulk_write_to_db - line 3239 - Sync 1 DAGs
[2024-10-06T03:20:05.147+0000] {logging_mixin.py:190} WARNING - [2024-10-06 03:20:05] - airflow.models.dag - INFO      - calculate_dagrun_date_fields - line 4180 - Setting next_dagrun for stock_data_dag to 2024-10-06 00:00:00+00:00, run_after=2024-10-07 00:00:00+00:00
[2024-10-06T03:20:05.214+0000] {processor.py:208} INFO - Processing /opt/airflow/dags/stock_data_dag.py took 1.585 seconds
[2024-10-06T03:20:35.321+0000] {processor.py:186} INFO - Started process (PID=1032) to work on /opt/airflow/dags/stock_data_dag.py
[2024-10-06T03:20:35.322+0000] {processor.py:914} INFO - Processing file /opt/airflow/dags/stock_data_dag.py for tasks to queue
[2024-10-06T03:20:35.325+0000] {logging_mixin.py:190} INFO - [2024-10-06T03:20:35.325+0000] {dagbag.py:588} INFO - Filling up the DagBag from /opt/airflow/dags/stock_data_dag.py
[2024-10-06T03:20:36.095+0000] {processor.py:925} INFO - DAG(s) 'stock_data_dag' retrieved from /opt/airflow/dags/stock_data_dag.py
[2024-10-06T03:20:36.150+0000] {logging_mixin.py:190} WARNING - [2024-10-06 03:20:36] - airflow.models.dag - INFO      - bulk_write_to_db - line 3239 - Sync 1 DAGs
[2024-10-06T03:20:36.189+0000] {logging_mixin.py:190} WARNING - [2024-10-06 03:20:36] - airflow.models.dag - INFO      - calculate_dagrun_date_fields - line 4180 - Setting next_dagrun for stock_data_dag to 2024-10-06 00:00:00+00:00, run_after=2024-10-07 00:00:00+00:00
[2024-10-06T03:20:36.218+0000] {processor.py:208} INFO - Processing /opt/airflow/dags/stock_data_dag.py took 0.908 seconds
[2024-10-06T03:21:06.406+0000] {processor.py:186} INFO - Started process (PID=1044) to work on /opt/airflow/dags/stock_data_dag.py
[2024-10-06T03:21:06.408+0000] {processor.py:914} INFO - Processing file /opt/airflow/dags/stock_data_dag.py for tasks to queue
[2024-10-06T03:21:06.411+0000] {logging_mixin.py:190} INFO - [2024-10-06T03:21:06.411+0000] {dagbag.py:588} INFO - Filling up the DagBag from /opt/airflow/dags/stock_data_dag.py
[2024-10-06T03:21:06.934+0000] {processor.py:925} INFO - DAG(s) 'stock_data_dag' retrieved from /opt/airflow/dags/stock_data_dag.py
[2024-10-06T03:21:06.970+0000] {logging_mixin.py:190} WARNING - [2024-10-06 03:21:06] - airflow.models.dag - INFO      - bulk_write_to_db - line 3239 - Sync 1 DAGs
[2024-10-06T03:21:07.010+0000] {logging_mixin.py:190} WARNING - [2024-10-06 03:21:07] - airflow.models.dag - INFO      - calculate_dagrun_date_fields - line 4180 - Setting next_dagrun for stock_data_dag to 2024-10-06 00:00:00+00:00, run_after=2024-10-07 00:00:00+00:00
[2024-10-06T03:21:07.038+0000] {processor.py:208} INFO - Processing /opt/airflow/dags/stock_data_dag.py took 0.643 seconds
[2024-10-06T03:21:37.114+0000] {processor.py:186} INFO - Started process (PID=1055) to work on /opt/airflow/dags/stock_data_dag.py
[2024-10-06T03:21:37.115+0000] {processor.py:914} INFO - Processing file /opt/airflow/dags/stock_data_dag.py for tasks to queue
[2024-10-06T03:21:37.118+0000] {logging_mixin.py:190} INFO - [2024-10-06T03:21:37.118+0000] {dagbag.py:588} INFO - Filling up the DagBag from /opt/airflow/dags/stock_data_dag.py
[2024-10-06T03:21:37.665+0000] {processor.py:925} INFO - DAG(s) 'stock_data_dag' retrieved from /opt/airflow/dags/stock_data_dag.py
[2024-10-06T03:21:37.701+0000] {logging_mixin.py:190} WARNING - [2024-10-06 03:21:37] - airflow.models.dag - INFO      - bulk_write_to_db - line 3239 - Sync 1 DAGs
[2024-10-06T03:21:37.730+0000] {logging_mixin.py:190} WARNING - [2024-10-06 03:21:37] - airflow.models.dag - INFO      - calculate_dagrun_date_fields - line 4180 - Setting next_dagrun for stock_data_dag to 2024-10-06 00:00:00+00:00, run_after=2024-10-07 00:00:00+00:00
[2024-10-06T03:21:37.752+0000] {processor.py:208} INFO - Processing /opt/airflow/dags/stock_data_dag.py took 0.649 seconds
[2024-10-06T03:22:07.890+0000] {processor.py:186} INFO - Started process (PID=1066) to work on /opt/airflow/dags/stock_data_dag.py
[2024-10-06T03:22:07.892+0000] {processor.py:914} INFO - Processing file /opt/airflow/dags/stock_data_dag.py for tasks to queue
[2024-10-06T03:22:07.895+0000] {logging_mixin.py:190} INFO - [2024-10-06T03:22:07.895+0000] {dagbag.py:588} INFO - Filling up the DagBag from /opt/airflow/dags/stock_data_dag.py
[2024-10-06T03:22:08.563+0000] {processor.py:925} INFO - DAG(s) 'stock_data_dag' retrieved from /opt/airflow/dags/stock_data_dag.py
[2024-10-06T03:22:08.599+0000] {logging_mixin.py:190} WARNING - [2024-10-06 03:22:08] - airflow.models.dag - INFO      - bulk_write_to_db - line 3239 - Sync 1 DAGs
[2024-10-06T03:22:08.632+0000] {logging_mixin.py:190} WARNING - [2024-10-06 03:22:08] - airflow.models.dag - INFO      - calculate_dagrun_date_fields - line 4180 - Setting next_dagrun for stock_data_dag to 2024-10-06 00:00:00+00:00, run_after=2024-10-07 00:00:00+00:00
[2024-10-06T03:22:08.656+0000] {processor.py:208} INFO - Processing /opt/airflow/dags/stock_data_dag.py took 0.777 seconds
[2024-10-06T03:22:39.309+0000] {processor.py:186} INFO - Started process (PID=1078) to work on /opt/airflow/dags/stock_data_dag.py
[2024-10-06T03:22:39.311+0000] {processor.py:914} INFO - Processing file /opt/airflow/dags/stock_data_dag.py for tasks to queue
[2024-10-06T03:22:39.314+0000] {logging_mixin.py:190} INFO - [2024-10-06T03:22:39.314+0000] {dagbag.py:588} INFO - Filling up the DagBag from /opt/airflow/dags/stock_data_dag.py
[2024-10-06T03:22:40.116+0000] {processor.py:925} INFO - DAG(s) 'stock_data_dag' retrieved from /opt/airflow/dags/stock_data_dag.py
[2024-10-06T03:22:40.169+0000] {logging_mixin.py:190} WARNING - [2024-10-06 03:22:40] - airflow.models.dag - INFO      - bulk_write_to_db - line 3239 - Sync 1 DAGs
[2024-10-06T03:22:40.229+0000] {logging_mixin.py:190} WARNING - [2024-10-06 03:22:40] - airflow.models.dag - INFO      - calculate_dagrun_date_fields - line 4180 - Setting next_dagrun for stock_data_dag to 2024-10-06 00:00:00+00:00, run_after=2024-10-07 00:00:00+00:00
[2024-10-06T03:22:40.275+0000] {processor.py:208} INFO - Processing /opt/airflow/dags/stock_data_dag.py took 0.978 seconds
