[2024-10-06T03:11:34.460+0000] {local_task_job_runner.py:123} INFO - ::group::Pre task execution logs
[2024-10-06T03:11:34.490+0000] {taskinstance.py:2612} INFO - Dependencies all met for dep_context=non-requeueable deps ti=<TaskInstance: stock_data_dag.extract__1 manual__2024-10-06T03:11:26.268045+00:00 [queued]>
[2024-10-06T03:11:34.506+0000] {taskinstance.py:2612} INFO - Dependencies all met for dep_context=requeueable deps ti=<TaskInstance: stock_data_dag.extract__1 manual__2024-10-06T03:11:26.268045+00:00 [queued]>
[2024-10-06T03:11:34.507+0000] {taskinstance.py:2865} INFO - Starting attempt 1 of 2
[2024-10-06T03:11:34.529+0000] {taskinstance.py:2888} INFO - Executing <Task(_PythonDecoratedOperator): extract__1> on 2024-10-06 03:11:26.268045+00:00
[2024-10-06T03:11:34.544+0000] {standard_task_runner.py:72} INFO - Started process 618 to run task
[2024-10-06T03:11:34.558+0000] {standard_task_runner.py:104} INFO - Running: ['***', 'tasks', 'run', 'stock_data_dag', 'extract__1', 'manual__2024-10-06T03:11:26.268045+00:00', '--job-id', '78', '--raw', '--subdir', 'DAGS_FOLDER/stock_data_dag.py', '--cfg-path', '/tmp/tmp818himkl']
[2024-10-06T03:11:34.564+0000] {standard_task_runner.py:105} INFO - Job 78: Subtask extract__1
[2024-10-06T03:11:34.664+0000] {task_command.py:467} INFO - Running <TaskInstance: stock_data_dag.extract__1 manual__2024-10-06T03:11:26.268045+00:00 [running]> on host 2a293f7fa826
[2024-10-06T03:11:34.833+0000] {taskinstance.py:3131} INFO - Exporting env vars: AIRFLOW_CTX_DAG_OWNER='***' AIRFLOW_CTX_DAG_ID='stock_data_dag' AIRFLOW_CTX_TASK_ID='extract__1' AIRFLOW_CTX_EXECUTION_DATE='2024-10-06T03:11:26.268045+00:00' AIRFLOW_CTX_TRY_NUMBER='1' AIRFLOW_CTX_DAG_RUN_ID='manual__2024-10-06T03:11:26.268045+00:00'
[2024-10-06T03:11:34.836+0000] {taskinstance.py:731} INFO - ::endgroup::
[2024-10-06T03:11:34.844+0000] {logging_mixin.py:190} INFO - Start extracting from VND
[2024-10-06T03:11:34.877+0000] {vnd.py:32} INFO - Start downloading data symbols ['AAA'] from VNDIRECT, start: 06/10/2024, end: 06/10/2024!
[2024-10-06T03:11:35.032+0000] {vnd.py:55} ERROR - Data of the symbol AAA is not available
[2024-10-06T03:11:35.034+0000] {logging_mixin.py:190} INFO - AAA not found
[2024-10-06T03:11:35.034+0000] {vnd.py:32} INFO - Start downloading data symbols ['AAAI'] from VNDIRECT, start: 06/10/2024, end: 06/10/2024!
[2024-10-06T03:11:35.167+0000] {vnd.py:55} ERROR - Data of the symbol AAAI is not available
[2024-10-06T03:11:35.167+0000] {logging_mixin.py:190} INFO - AAAI not found
[2024-10-06T03:11:35.168+0000] {vnd.py:32} INFO - Start downloading data symbols ['AACORP'] from VNDIRECT, start: 06/10/2024, end: 06/10/2024!
[2024-10-06T03:11:35.298+0000] {vnd.py:55} ERROR - Data of the symbol AACORP is not available
[2024-10-06T03:11:35.299+0000] {logging_mixin.py:190} INFO - AACORP not found
[2024-10-06T03:11:35.300+0000] {vnd.py:32} INFO - Start downloading data symbols ['AAM'] from VNDIRECT, start: 06/10/2024, end: 06/10/2024!
[2024-10-06T03:11:35.437+0000] {vnd.py:55} ERROR - Data of the symbol AAM is not available
[2024-10-06T03:11:35.438+0000] {logging_mixin.py:190} INFO - AAM not found
[2024-10-06T03:11:35.439+0000] {vnd.py:32} INFO - Start downloading data symbols ['AAS'] from VNDIRECT, start: 06/10/2024, end: 06/10/2024!
[2024-10-06T03:11:35.560+0000] {vnd.py:55} ERROR - Data of the symbol AAS is not available
[2024-10-06T03:11:35.561+0000] {logging_mixin.py:190} INFO - AAS not found
[2024-10-06T03:11:35.561+0000] {vnd.py:32} INFO - Start downloading data symbols ['ABB'] from VNDIRECT, start: 06/10/2024, end: 06/10/2024!
[2024-10-06T03:11:35.689+0000] {vnd.py:55} ERROR - Data of the symbol ABB is not available
[2024-10-06T03:11:35.690+0000] {logging_mixin.py:190} INFO - ABB not found
[2024-10-06T03:11:35.691+0000] {vnd.py:32} INFO - Start downloading data symbols ['ABC'] from VNDIRECT, start: 06/10/2024, end: 06/10/2024!
[2024-10-06T03:11:35.812+0000] {vnd.py:55} ERROR - Data of the symbol ABC is not available
[2024-10-06T03:11:35.813+0000] {logging_mixin.py:190} INFO - ABC not found
[2024-10-06T03:11:35.813+0000] {vnd.py:32} INFO - Start downloading data symbols ['ABF'] from VNDIRECT, start: 06/10/2024, end: 06/10/2024!
[2024-10-06T03:11:35.937+0000] {vnd.py:55} ERROR - Data of the symbol ABF is not available
[2024-10-06T03:11:35.938+0000] {logging_mixin.py:190} INFO - ABF not found
[2024-10-06T03:11:35.938+0000] {vnd.py:32} INFO - Start downloading data symbols ['ABI'] from VNDIRECT, start: 06/10/2024, end: 06/10/2024!
[2024-10-06T03:11:36.071+0000] {vnd.py:55} ERROR - Data of the symbol ABI is not available
[2024-10-06T03:11:36.076+0000] {logging_mixin.py:190} INFO - ABI not found
[2024-10-06T03:11:36.076+0000] {vnd.py:32} INFO - Start downloading data symbols ['ABS'] from VNDIRECT, start: 06/10/2024, end: 06/10/2024!
[2024-10-06T03:11:36.219+0000] {vnd.py:55} ERROR - Data of the symbol ABS is not available
[2024-10-06T03:11:36.220+0000] {logging_mixin.py:190} INFO - ABS not found
[2024-10-06T03:11:36.221+0000] {logging_mixin.py:190} INFO - Extracting successfully
[2024-10-06T03:11:36.221+0000] {python.py:240} INFO - Done. Returned value was: Empty DataFrame
Columns: []
Index: []
[2024-10-06T03:11:36.294+0000] {taskinstance.py:340} INFO - ::group::Post task execution logs
[2024-10-06T03:11:36.295+0000] {taskinstance.py:352} INFO - Marking task as SUCCESS. dag_id=stock_data_dag, task_id=extract__1, run_id=manual__2024-10-06T03:11:26.268045+00:00, execution_date=20241006T031126, start_date=20241006T031134, end_date=20241006T031136
[2024-10-06T03:11:36.391+0000] {local_task_job_runner.py:266} INFO - Task exited with return code 0
[2024-10-06T03:11:36.509+0000] {taskinstance.py:3900} INFO - 2 downstream tasks scheduled from follow-on schedule check
[2024-10-06T03:11:36.511+0000] {local_task_job_runner.py:245} INFO - ::endgroup::
