[2024-10-11T00:00:26.240+0000] {processor.py:186} INFO - Started process (PID=64623) to work on /opt/airflow/dags/kafka_to_minio.py
[2024-10-11T00:00:26.242+0000] {processor.py:914} INFO - Processing file /opt/airflow/dags/kafka_to_minio.py for tasks to queue
[2024-10-11T00:00:26.245+0000] {logging_mixin.py:190} INFO - [2024-10-11T00:00:26.245+0000] {dagbag.py:588} INFO - Filling up the DagBag from /opt/airflow/dags/kafka_to_minio.py
[2024-10-11T00:00:26.389+0000] {processor.py:925} INFO - DAG(s) 'kafka_to_minio' retrieved from /opt/airflow/dags/kafka_to_minio.py
[2024-10-11T00:00:26.540+0000] {logging_mixin.py:190} INFO - [2024-10-11T00:00:26.539+0000] {dag.py:3239} INFO - Sync 1 DAGs
[2024-10-11T00:00:26.569+0000] {logging_mixin.py:190} INFO - [2024-10-11T00:00:26.569+0000] {dag.py:4180} INFO - Setting next_dagrun for kafka_to_minio to 2024-10-10 23:00:00+00:00, run_after=2024-10-11 00:00:00+00:00
[2024-10-11T00:00:26.593+0000] {processor.py:208} INFO - Processing /opt/airflow/dags/kafka_to_minio.py took 0.364 seconds
[2024-10-11T00:00:57.352+0000] {processor.py:186} INFO - Started process (PID=64635) to work on /opt/airflow/dags/kafka_to_minio.py
[2024-10-11T00:00:57.353+0000] {processor.py:914} INFO - Processing file /opt/airflow/dags/kafka_to_minio.py for tasks to queue
[2024-10-11T00:00:57.357+0000] {logging_mixin.py:190} INFO - [2024-10-11T00:00:57.357+0000] {dagbag.py:588} INFO - Filling up the DagBag from /opt/airflow/dags/kafka_to_minio.py
[2024-10-11T00:00:57.511+0000] {processor.py:925} INFO - DAG(s) 'kafka_to_minio' retrieved from /opt/airflow/dags/kafka_to_minio.py
[2024-10-11T00:00:57.545+0000] {logging_mixin.py:190} INFO - [2024-10-11T00:00:57.545+0000] {dag.py:3239} INFO - Sync 1 DAGs
[2024-10-11T00:00:57.578+0000] {logging_mixin.py:190} INFO - [2024-10-11T00:00:57.578+0000] {dag.py:4180} INFO - Setting next_dagrun for kafka_to_minio to 2024-10-10 23:00:00+00:00, run_after=2024-10-11 00:00:00+00:00
[2024-10-11T00:00:57.602+0000] {processor.py:208} INFO - Processing /opt/airflow/dags/kafka_to_minio.py took 0.264 seconds
[2024-10-11T00:01:27.797+0000] {processor.py:186} INFO - Started process (PID=64647) to work on /opt/airflow/dags/kafka_to_minio.py
[2024-10-11T00:01:27.799+0000] {processor.py:914} INFO - Processing file /opt/airflow/dags/kafka_to_minio.py for tasks to queue
[2024-10-11T00:01:27.803+0000] {logging_mixin.py:190} INFO - [2024-10-11T00:01:27.802+0000] {dagbag.py:588} INFO - Filling up the DagBag from /opt/airflow/dags/kafka_to_minio.py
[2024-10-11T00:01:27.965+0000] {processor.py:925} INFO - DAG(s) 'kafka_to_minio' retrieved from /opt/airflow/dags/kafka_to_minio.py
[2024-10-11T00:01:27.997+0000] {logging_mixin.py:190} INFO - [2024-10-11T00:01:27.997+0000] {dag.py:3239} INFO - Sync 1 DAGs
[2024-10-11T00:01:28.030+0000] {logging_mixin.py:190} INFO - [2024-10-11T00:01:28.030+0000] {dag.py:4180} INFO - Setting next_dagrun for kafka_to_minio to 2024-10-10 23:00:00+00:00, run_after=2024-10-11 00:00:00+00:00
[2024-10-11T00:01:28.054+0000] {processor.py:208} INFO - Processing /opt/airflow/dags/kafka_to_minio.py took 0.270 seconds
[2024-10-11T00:01:58.304+0000] {processor.py:186} INFO - Started process (PID=64659) to work on /opt/airflow/dags/kafka_to_minio.py
[2024-10-11T00:01:58.306+0000] {processor.py:914} INFO - Processing file /opt/airflow/dags/kafka_to_minio.py for tasks to queue
[2024-10-11T00:01:58.311+0000] {logging_mixin.py:190} INFO - [2024-10-11T00:01:58.310+0000] {dagbag.py:588} INFO - Filling up the DagBag from /opt/airflow/dags/kafka_to_minio.py
[2024-10-11T00:01:58.542+0000] {processor.py:925} INFO - DAG(s) 'kafka_to_minio' retrieved from /opt/airflow/dags/kafka_to_minio.py
[2024-10-11T00:01:58.590+0000] {logging_mixin.py:190} INFO - [2024-10-11T00:01:58.589+0000] {dag.py:3239} INFO - Sync 1 DAGs
[2024-10-11T00:01:58.641+0000] {logging_mixin.py:190} INFO - [2024-10-11T00:01:58.641+0000] {dag.py:4180} INFO - Setting next_dagrun for kafka_to_minio to 2024-10-10 23:00:00+00:00, run_after=2024-10-11 00:00:00+00:00
[2024-10-11T00:01:58.675+0000] {processor.py:208} INFO - Processing /opt/airflow/dags/kafka_to_minio.py took 0.386 seconds
[2024-10-11T00:02:29.446+0000] {processor.py:186} INFO - Started process (PID=64671) to work on /opt/airflow/dags/kafka_to_minio.py
[2024-10-11T00:02:29.449+0000] {processor.py:914} INFO - Processing file /opt/airflow/dags/kafka_to_minio.py for tasks to queue
[2024-10-11T00:02:29.452+0000] {logging_mixin.py:190} INFO - [2024-10-11T00:02:29.452+0000] {dagbag.py:588} INFO - Filling up the DagBag from /opt/airflow/dags/kafka_to_minio.py
[2024-10-11T00:02:29.593+0000] {processor.py:925} INFO - DAG(s) 'kafka_to_minio' retrieved from /opt/airflow/dags/kafka_to_minio.py
[2024-10-11T00:02:29.636+0000] {logging_mixin.py:190} INFO - [2024-10-11T00:02:29.636+0000] {dag.py:3239} INFO - Sync 1 DAGs
[2024-10-11T00:02:29.712+0000] {logging_mixin.py:190} INFO - [2024-10-11T00:02:29.708+0000] {dag.py:4180} INFO - Setting next_dagrun for kafka_to_minio to 2024-10-10 23:00:00+00:00, run_after=2024-10-11 00:00:00+00:00
[2024-10-11T00:02:29.745+0000] {processor.py:208} INFO - Processing /opt/airflow/dags/kafka_to_minio.py took 0.310 seconds
[2024-10-11T00:02:59.788+0000] {processor.py:186} INFO - Started process (PID=64683) to work on /opt/airflow/dags/kafka_to_minio.py
[2024-10-11T00:02:59.790+0000] {processor.py:914} INFO - Processing file /opt/airflow/dags/kafka_to_minio.py for tasks to queue
[2024-10-11T00:02:59.793+0000] {logging_mixin.py:190} INFO - [2024-10-11T00:02:59.793+0000] {dagbag.py:588} INFO - Filling up the DagBag from /opt/airflow/dags/kafka_to_minio.py
[2024-10-11T00:02:59.972+0000] {processor.py:925} INFO - DAG(s) 'kafka_to_minio' retrieved from /opt/airflow/dags/kafka_to_minio.py
[2024-10-11T00:03:00.007+0000] {logging_mixin.py:190} INFO - [2024-10-11T00:03:00.007+0000] {dag.py:3239} INFO - Sync 1 DAGs
[2024-10-11T00:03:00.045+0000] {logging_mixin.py:190} INFO - [2024-10-11T00:03:00.045+0000] {dag.py:4180} INFO - Setting next_dagrun for kafka_to_minio to 2024-10-10 23:00:00+00:00, run_after=2024-10-11 00:00:00+00:00
[2024-10-11T00:03:00.077+0000] {processor.py:208} INFO - Processing /opt/airflow/dags/kafka_to_minio.py took 0.299 seconds
[2024-10-11T00:03:30.216+0000] {processor.py:186} INFO - Started process (PID=64695) to work on /opt/airflow/dags/kafka_to_minio.py
[2024-10-11T00:03:30.219+0000] {processor.py:914} INFO - Processing file /opt/airflow/dags/kafka_to_minio.py for tasks to queue
[2024-10-11T00:03:30.223+0000] {logging_mixin.py:190} INFO - [2024-10-11T00:03:30.222+0000] {dagbag.py:588} INFO - Filling up the DagBag from /opt/airflow/dags/kafka_to_minio.py
[2024-10-11T00:03:30.371+0000] {processor.py:925} INFO - DAG(s) 'kafka_to_minio' retrieved from /opt/airflow/dags/kafka_to_minio.py
[2024-10-11T00:03:30.412+0000] {logging_mixin.py:190} INFO - [2024-10-11T00:03:30.412+0000] {dag.py:3239} INFO - Sync 1 DAGs
[2024-10-11T00:03:30.455+0000] {logging_mixin.py:190} INFO - [2024-10-11T00:03:30.454+0000] {dag.py:4180} INFO - Setting next_dagrun for kafka_to_minio to 2024-10-10 23:00:00+00:00, run_after=2024-10-11 00:00:00+00:00
[2024-10-11T00:03:30.487+0000] {processor.py:208} INFO - Processing /opt/airflow/dags/kafka_to_minio.py took 0.289 seconds
[2024-10-11T00:04:00.576+0000] {processor.py:186} INFO - Started process (PID=64707) to work on /opt/airflow/dags/kafka_to_minio.py
[2024-10-11T00:04:00.578+0000] {processor.py:914} INFO - Processing file /opt/airflow/dags/kafka_to_minio.py for tasks to queue
[2024-10-11T00:04:00.581+0000] {logging_mixin.py:190} INFO - [2024-10-11T00:04:00.581+0000] {dagbag.py:588} INFO - Filling up the DagBag from /opt/airflow/dags/kafka_to_minio.py
[2024-10-11T00:04:00.729+0000] {processor.py:925} INFO - DAG(s) 'kafka_to_minio' retrieved from /opt/airflow/dags/kafka_to_minio.py
[2024-10-11T00:04:00.764+0000] {logging_mixin.py:190} INFO - [2024-10-11T00:04:00.763+0000] {dag.py:3239} INFO - Sync 1 DAGs
[2024-10-11T00:04:00.796+0000] {logging_mixin.py:190} INFO - [2024-10-11T00:04:00.796+0000] {dag.py:4180} INFO - Setting next_dagrun for kafka_to_minio to 2024-10-10 23:00:00+00:00, run_after=2024-10-11 00:00:00+00:00
[2024-10-11T00:04:00.821+0000] {processor.py:208} INFO - Processing /opt/airflow/dags/kafka_to_minio.py took 0.256 seconds
[2024-10-11T00:04:31.143+0000] {processor.py:186} INFO - Started process (PID=64719) to work on /opt/airflow/dags/kafka_to_minio.py
[2024-10-11T00:04:31.145+0000] {processor.py:914} INFO - Processing file /opt/airflow/dags/kafka_to_minio.py for tasks to queue
[2024-10-11T00:04:31.149+0000] {logging_mixin.py:190} INFO - [2024-10-11T00:04:31.148+0000] {dagbag.py:588} INFO - Filling up the DagBag from /opt/airflow/dags/kafka_to_minio.py
[2024-10-11T00:04:31.293+0000] {processor.py:925} INFO - DAG(s) 'kafka_to_minio' retrieved from /opt/airflow/dags/kafka_to_minio.py
[2024-10-11T00:04:31.333+0000] {logging_mixin.py:190} INFO - [2024-10-11T00:04:31.333+0000] {dag.py:3239} INFO - Sync 1 DAGs
[2024-10-11T00:04:31.381+0000] {logging_mixin.py:190} INFO - [2024-10-11T00:04:31.380+0000] {dag.py:4180} INFO - Setting next_dagrun for kafka_to_minio to 2024-10-10 23:00:00+00:00, run_after=2024-10-11 00:00:00+00:00
[2024-10-11T00:04:31.410+0000] {processor.py:208} INFO - Processing /opt/airflow/dags/kafka_to_minio.py took 0.278 seconds
[2024-10-11T00:05:01.459+0000] {processor.py:186} INFO - Started process (PID=64731) to work on /opt/airflow/dags/kafka_to_minio.py
[2024-10-11T00:05:01.461+0000] {processor.py:914} INFO - Processing file /opt/airflow/dags/kafka_to_minio.py for tasks to queue
[2024-10-11T00:05:01.466+0000] {logging_mixin.py:190} INFO - [2024-10-11T00:05:01.465+0000] {dagbag.py:588} INFO - Filling up the DagBag from /opt/airflow/dags/kafka_to_minio.py
[2024-10-11T00:05:01.695+0000] {processor.py:925} INFO - DAG(s) 'kafka_to_minio' retrieved from /opt/airflow/dags/kafka_to_minio.py
[2024-10-11T00:05:01.761+0000] {logging_mixin.py:190} INFO - [2024-10-11T00:05:01.761+0000] {dag.py:3239} INFO - Sync 1 DAGs
[2024-10-11T00:05:01.809+0000] {logging_mixin.py:190} INFO - [2024-10-11T00:05:01.808+0000] {dag.py:4180} INFO - Setting next_dagrun for kafka_to_minio to 2024-10-10 23:00:00+00:00, run_after=2024-10-11 00:00:00+00:00
[2024-10-11T00:05:01.848+0000] {processor.py:208} INFO - Processing /opt/airflow/dags/kafka_to_minio.py took 0.403 seconds
[2024-10-11T00:05:32.010+0000] {processor.py:186} INFO - Started process (PID=64743) to work on /opt/airflow/dags/kafka_to_minio.py
[2024-10-11T00:05:32.012+0000] {processor.py:914} INFO - Processing file /opt/airflow/dags/kafka_to_minio.py for tasks to queue
[2024-10-11T00:05:32.015+0000] {logging_mixin.py:190} INFO - [2024-10-11T00:05:32.015+0000] {dagbag.py:588} INFO - Filling up the DagBag from /opt/airflow/dags/kafka_to_minio.py
[2024-10-11T00:05:32.159+0000] {processor.py:925} INFO - DAG(s) 'kafka_to_minio' retrieved from /opt/airflow/dags/kafka_to_minio.py
[2024-10-11T00:05:32.194+0000] {logging_mixin.py:190} INFO - [2024-10-11T00:05:32.194+0000] {dag.py:3239} INFO - Sync 1 DAGs
[2024-10-11T00:05:32.228+0000] {logging_mixin.py:190} INFO - [2024-10-11T00:05:32.228+0000] {dag.py:4180} INFO - Setting next_dagrun for kafka_to_minio to 2024-10-10 23:00:00+00:00, run_after=2024-10-11 00:00:00+00:00
[2024-10-11T00:05:32.261+0000] {processor.py:208} INFO - Processing /opt/airflow/dags/kafka_to_minio.py took 0.262 seconds
[2024-10-11T00:06:02.390+0000] {processor.py:186} INFO - Started process (PID=64755) to work on /opt/airflow/dags/kafka_to_minio.py
[2024-10-11T00:06:02.391+0000] {processor.py:914} INFO - Processing file /opt/airflow/dags/kafka_to_minio.py for tasks to queue
[2024-10-11T00:06:02.395+0000] {logging_mixin.py:190} INFO - [2024-10-11T00:06:02.395+0000] {dagbag.py:588} INFO - Filling up the DagBag from /opt/airflow/dags/kafka_to_minio.py
[2024-10-11T00:06:02.539+0000] {processor.py:925} INFO - DAG(s) 'kafka_to_minio' retrieved from /opt/airflow/dags/kafka_to_minio.py
[2024-10-11T00:06:02.573+0000] {logging_mixin.py:190} INFO - [2024-10-11T00:06:02.573+0000] {dag.py:3239} INFO - Sync 1 DAGs
[2024-10-11T00:06:02.607+0000] {logging_mixin.py:190} INFO - [2024-10-11T00:06:02.607+0000] {dag.py:4180} INFO - Setting next_dagrun for kafka_to_minio to 2024-10-10 23:00:00+00:00, run_after=2024-10-11 00:00:00+00:00
[2024-10-11T00:06:02.633+0000] {processor.py:208} INFO - Processing /opt/airflow/dags/kafka_to_minio.py took 0.254 seconds
[2024-10-11T00:06:32.744+0000] {processor.py:186} INFO - Started process (PID=64767) to work on /opt/airflow/dags/kafka_to_minio.py
[2024-10-11T00:06:32.745+0000] {processor.py:914} INFO - Processing file /opt/airflow/dags/kafka_to_minio.py for tasks to queue
[2024-10-11T00:06:32.750+0000] {logging_mixin.py:190} INFO - [2024-10-11T00:06:32.749+0000] {dagbag.py:588} INFO - Filling up the DagBag from /opt/airflow/dags/kafka_to_minio.py
[2024-10-11T00:06:32.967+0000] {processor.py:925} INFO - DAG(s) 'kafka_to_minio' retrieved from /opt/airflow/dags/kafka_to_minio.py
[2024-10-11T00:06:33.051+0000] {logging_mixin.py:190} INFO - [2024-10-11T00:06:33.050+0000] {dag.py:3239} INFO - Sync 1 DAGs
[2024-10-11T00:06:33.104+0000] {logging_mixin.py:190} INFO - [2024-10-11T00:06:33.104+0000] {dag.py:4180} INFO - Setting next_dagrun for kafka_to_minio to 2024-10-10 23:00:00+00:00, run_after=2024-10-11 00:00:00+00:00
[2024-10-11T00:06:33.140+0000] {processor.py:208} INFO - Processing /opt/airflow/dags/kafka_to_minio.py took 0.415 seconds
[2024-10-11T00:07:03.314+0000] {processor.py:186} INFO - Started process (PID=64779) to work on /opt/airflow/dags/kafka_to_minio.py
[2024-10-11T00:07:03.316+0000] {processor.py:914} INFO - Processing file /opt/airflow/dags/kafka_to_minio.py for tasks to queue
[2024-10-11T00:07:03.320+0000] {logging_mixin.py:190} INFO - [2024-10-11T00:07:03.320+0000] {dagbag.py:588} INFO - Filling up the DagBag from /opt/airflow/dags/kafka_to_minio.py
[2024-10-11T00:07:03.477+0000] {processor.py:925} INFO - DAG(s) 'kafka_to_minio' retrieved from /opt/airflow/dags/kafka_to_minio.py
[2024-10-11T00:07:03.511+0000] {logging_mixin.py:190} INFO - [2024-10-11T00:07:03.511+0000] {dag.py:3239} INFO - Sync 1 DAGs
[2024-10-11T00:07:03.545+0000] {logging_mixin.py:190} INFO - [2024-10-11T00:07:03.544+0000] {dag.py:4180} INFO - Setting next_dagrun for kafka_to_minio to 2024-10-10 23:00:00+00:00, run_after=2024-10-11 00:00:00+00:00
[2024-10-11T00:07:03.571+0000] {processor.py:208} INFO - Processing /opt/airflow/dags/kafka_to_minio.py took 0.269 seconds
[2024-10-11T00:07:33.677+0000] {processor.py:186} INFO - Started process (PID=64791) to work on /opt/airflow/dags/kafka_to_minio.py
[2024-10-11T00:07:33.678+0000] {processor.py:914} INFO - Processing file /opt/airflow/dags/kafka_to_minio.py for tasks to queue
[2024-10-11T00:07:33.682+0000] {logging_mixin.py:190} INFO - [2024-10-11T00:07:33.681+0000] {dagbag.py:588} INFO - Filling up the DagBag from /opt/airflow/dags/kafka_to_minio.py
[2024-10-11T00:07:33.838+0000] {processor.py:925} INFO - DAG(s) 'kafka_to_minio' retrieved from /opt/airflow/dags/kafka_to_minio.py
[2024-10-11T00:07:33.871+0000] {logging_mixin.py:190} INFO - [2024-10-11T00:07:33.871+0000] {dag.py:3239} INFO - Sync 1 DAGs
[2024-10-11T00:07:33.905+0000] {logging_mixin.py:190} INFO - [2024-10-11T00:07:33.904+0000] {dag.py:4180} INFO - Setting next_dagrun for kafka_to_minio to 2024-10-10 23:00:00+00:00, run_after=2024-10-11 00:00:00+00:00
[2024-10-11T00:07:33.927+0000] {processor.py:208} INFO - Processing /opt/airflow/dags/kafka_to_minio.py took 0.261 seconds
[2024-10-11T00:08:04.098+0000] {processor.py:186} INFO - Started process (PID=64803) to work on /opt/airflow/dags/kafka_to_minio.py
[2024-10-11T00:08:04.100+0000] {processor.py:914} INFO - Processing file /opt/airflow/dags/kafka_to_minio.py for tasks to queue
[2024-10-11T00:08:04.104+0000] {logging_mixin.py:190} INFO - [2024-10-11T00:08:04.104+0000] {dagbag.py:588} INFO - Filling up the DagBag from /opt/airflow/dags/kafka_to_minio.py
[2024-10-11T00:08:04.250+0000] {processor.py:925} INFO - DAG(s) 'kafka_to_minio' retrieved from /opt/airflow/dags/kafka_to_minio.py
[2024-10-11T00:08:04.287+0000] {logging_mixin.py:190} INFO - [2024-10-11T00:08:04.287+0000] {dag.py:3239} INFO - Sync 1 DAGs
[2024-10-11T00:08:04.320+0000] {logging_mixin.py:190} INFO - [2024-10-11T00:08:04.320+0000] {dag.py:4180} INFO - Setting next_dagrun for kafka_to_minio to 2024-10-10 23:00:00+00:00, run_after=2024-10-11 00:00:00+00:00
[2024-10-11T00:08:04.346+0000] {processor.py:208} INFO - Processing /opt/airflow/dags/kafka_to_minio.py took 0.266 seconds
[2024-10-11T00:08:34.700+0000] {processor.py:186} INFO - Started process (PID=64815) to work on /opt/airflow/dags/kafka_to_minio.py
[2024-10-11T00:08:34.702+0000] {processor.py:914} INFO - Processing file /opt/airflow/dags/kafka_to_minio.py for tasks to queue
[2024-10-11T00:08:34.705+0000] {logging_mixin.py:190} INFO - [2024-10-11T00:08:34.705+0000] {dagbag.py:588} INFO - Filling up the DagBag from /opt/airflow/dags/kafka_to_minio.py
[2024-10-11T00:08:34.856+0000] {processor.py:925} INFO - DAG(s) 'kafka_to_minio' retrieved from /opt/airflow/dags/kafka_to_minio.py
[2024-10-11T00:08:34.890+0000] {logging_mixin.py:190} INFO - [2024-10-11T00:08:34.890+0000] {dag.py:3239} INFO - Sync 1 DAGs
[2024-10-11T00:08:34.923+0000] {logging_mixin.py:190} INFO - [2024-10-11T00:08:34.923+0000] {dag.py:4180} INFO - Setting next_dagrun for kafka_to_minio to 2024-10-10 23:00:00+00:00, run_after=2024-10-11 00:00:00+00:00
[2024-10-11T00:08:34.954+0000] {processor.py:208} INFO - Processing /opt/airflow/dags/kafka_to_minio.py took 0.265 seconds
[2024-10-11T00:09:05.339+0000] {processor.py:186} INFO - Started process (PID=64827) to work on /opt/airflow/dags/kafka_to_minio.py
[2024-10-11T00:09:05.342+0000] {processor.py:914} INFO - Processing file /opt/airflow/dags/kafka_to_minio.py for tasks to queue
[2024-10-11T00:09:05.345+0000] {logging_mixin.py:190} INFO - [2024-10-11T00:09:05.345+0000] {dagbag.py:588} INFO - Filling up the DagBag from /opt/airflow/dags/kafka_to_minio.py
[2024-10-11T00:09:05.484+0000] {processor.py:925} INFO - DAG(s) 'kafka_to_minio' retrieved from /opt/airflow/dags/kafka_to_minio.py
[2024-10-11T00:09:05.518+0000] {logging_mixin.py:190} INFO - [2024-10-11T00:09:05.517+0000] {dag.py:3239} INFO - Sync 1 DAGs
[2024-10-11T00:09:05.550+0000] {logging_mixin.py:190} INFO - [2024-10-11T00:09:05.550+0000] {dag.py:4180} INFO - Setting next_dagrun for kafka_to_minio to 2024-10-10 23:00:00+00:00, run_after=2024-10-11 00:00:00+00:00
[2024-10-11T00:09:05.573+0000] {processor.py:208} INFO - Processing /opt/airflow/dags/kafka_to_minio.py took 0.244 seconds
[2024-10-11T00:09:35.692+0000] {processor.py:186} INFO - Started process (PID=64839) to work on /opt/airflow/dags/kafka_to_minio.py
[2024-10-11T00:09:35.694+0000] {processor.py:914} INFO - Processing file /opt/airflow/dags/kafka_to_minio.py for tasks to queue
[2024-10-11T00:09:35.699+0000] {logging_mixin.py:190} INFO - [2024-10-11T00:09:35.698+0000] {dagbag.py:588} INFO - Filling up the DagBag from /opt/airflow/dags/kafka_to_minio.py
[2024-10-11T00:09:35.838+0000] {processor.py:925} INFO - DAG(s) 'kafka_to_minio' retrieved from /opt/airflow/dags/kafka_to_minio.py
[2024-10-11T00:09:35.875+0000] {logging_mixin.py:190} INFO - [2024-10-11T00:09:35.875+0000] {dag.py:3239} INFO - Sync 1 DAGs
[2024-10-11T00:09:35.909+0000] {logging_mixin.py:190} INFO - [2024-10-11T00:09:35.908+0000] {dag.py:4180} INFO - Setting next_dagrun for kafka_to_minio to 2024-10-10 23:00:00+00:00, run_after=2024-10-11 00:00:00+00:00
[2024-10-11T00:09:35.931+0000] {processor.py:208} INFO - Processing /opt/airflow/dags/kafka_to_minio.py took 0.251 seconds
[2024-10-11T00:10:06.092+0000] {processor.py:186} INFO - Started process (PID=64851) to work on /opt/airflow/dags/kafka_to_minio.py
[2024-10-11T00:10:06.094+0000] {processor.py:914} INFO - Processing file /opt/airflow/dags/kafka_to_minio.py for tasks to queue
[2024-10-11T00:10:06.099+0000] {logging_mixin.py:190} INFO - [2024-10-11T00:10:06.098+0000] {dagbag.py:588} INFO - Filling up the DagBag from /opt/airflow/dags/kafka_to_minio.py
[2024-10-11T00:10:06.331+0000] {processor.py:925} INFO - DAG(s) 'kafka_to_minio' retrieved from /opt/airflow/dags/kafka_to_minio.py
[2024-10-11T00:10:06.377+0000] {logging_mixin.py:190} INFO - [2024-10-11T00:10:06.377+0000] {dag.py:3239} INFO - Sync 1 DAGs
[2024-10-11T00:10:06.473+0000] {logging_mixin.py:190} INFO - [2024-10-11T00:10:06.473+0000] {dag.py:4180} INFO - Setting next_dagrun for kafka_to_minio to 2024-10-10 23:00:00+00:00, run_after=2024-10-11 00:00:00+00:00
[2024-10-11T00:10:06.508+0000] {processor.py:208} INFO - Processing /opt/airflow/dags/kafka_to_minio.py took 0.431 seconds
[2024-10-11T00:10:36.632+0000] {processor.py:186} INFO - Started process (PID=64863) to work on /opt/airflow/dags/kafka_to_minio.py
[2024-10-11T00:10:36.634+0000] {processor.py:914} INFO - Processing file /opt/airflow/dags/kafka_to_minio.py for tasks to queue
[2024-10-11T00:10:36.638+0000] {logging_mixin.py:190} INFO - [2024-10-11T00:10:36.637+0000] {dagbag.py:588} INFO - Filling up the DagBag from /opt/airflow/dags/kafka_to_minio.py
[2024-10-11T00:10:36.792+0000] {processor.py:925} INFO - DAG(s) 'kafka_to_minio' retrieved from /opt/airflow/dags/kafka_to_minio.py
[2024-10-11T00:10:36.831+0000] {logging_mixin.py:190} INFO - [2024-10-11T00:10:36.831+0000] {dag.py:3239} INFO - Sync 1 DAGs
[2024-10-11T00:10:36.864+0000] {logging_mixin.py:190} INFO - [2024-10-11T00:10:36.864+0000] {dag.py:4180} INFO - Setting next_dagrun for kafka_to_minio to 2024-10-10 23:00:00+00:00, run_after=2024-10-11 00:00:00+00:00
[2024-10-11T00:10:36.887+0000] {processor.py:208} INFO - Processing /opt/airflow/dags/kafka_to_minio.py took 0.267 seconds
[2024-10-11T00:11:07.309+0000] {processor.py:186} INFO - Started process (PID=64875) to work on /opt/airflow/dags/kafka_to_minio.py
[2024-10-11T00:11:07.315+0000] {processor.py:914} INFO - Processing file /opt/airflow/dags/kafka_to_minio.py for tasks to queue
[2024-10-11T00:11:07.328+0000] {logging_mixin.py:190} INFO - [2024-10-11T00:11:07.328+0000] {dagbag.py:588} INFO - Filling up the DagBag from /opt/airflow/dags/kafka_to_minio.py
[2024-10-11T00:11:07.681+0000] {processor.py:925} INFO - DAG(s) 'kafka_to_minio' retrieved from /opt/airflow/dags/kafka_to_minio.py
[2024-10-11T00:11:07.774+0000] {logging_mixin.py:190} INFO - [2024-10-11T00:11:07.773+0000] {dag.py:3239} INFO - Sync 1 DAGs
[2024-10-11T00:11:07.879+0000] {logging_mixin.py:190} INFO - [2024-10-11T00:11:07.878+0000] {dag.py:4180} INFO - Setting next_dagrun for kafka_to_minio to 2024-10-10 23:00:00+00:00, run_after=2024-10-11 00:00:00+00:00
[2024-10-11T00:11:07.941+0000] {processor.py:208} INFO - Processing /opt/airflow/dags/kafka_to_minio.py took 0.682 seconds
[2024-10-11T00:11:38.343+0000] {processor.py:186} INFO - Started process (PID=64886) to work on /opt/airflow/dags/kafka_to_minio.py
[2024-10-11T00:11:38.347+0000] {processor.py:914} INFO - Processing file /opt/airflow/dags/kafka_to_minio.py for tasks to queue
[2024-10-11T00:11:38.351+0000] {logging_mixin.py:190} INFO - [2024-10-11T00:11:38.350+0000] {dagbag.py:588} INFO - Filling up the DagBag from /opt/airflow/dags/kafka_to_minio.py
[2024-10-11T00:11:38.494+0000] {processor.py:925} INFO - DAG(s) 'kafka_to_minio' retrieved from /opt/airflow/dags/kafka_to_minio.py
[2024-10-11T00:11:38.531+0000] {logging_mixin.py:190} INFO - [2024-10-11T00:11:38.531+0000] {dag.py:3239} INFO - Sync 1 DAGs
[2024-10-11T00:11:38.566+0000] {logging_mixin.py:190} INFO - [2024-10-11T00:11:38.565+0000] {dag.py:4180} INFO - Setting next_dagrun for kafka_to_minio to 2024-10-10 23:00:00+00:00, run_after=2024-10-11 00:00:00+00:00
[2024-10-11T00:11:38.590+0000] {processor.py:208} INFO - Processing /opt/airflow/dags/kafka_to_minio.py took 0.257 seconds
[2024-10-11T00:12:08.754+0000] {processor.py:186} INFO - Started process (PID=64898) to work on /opt/airflow/dags/kafka_to_minio.py
[2024-10-11T00:12:08.759+0000] {processor.py:914} INFO - Processing file /opt/airflow/dags/kafka_to_minio.py for tasks to queue
[2024-10-11T00:12:08.764+0000] {logging_mixin.py:190} INFO - [2024-10-11T00:12:08.763+0000] {dagbag.py:588} INFO - Filling up the DagBag from /opt/airflow/dags/kafka_to_minio.py
[2024-10-11T00:12:08.905+0000] {processor.py:925} INFO - DAG(s) 'kafka_to_minio' retrieved from /opt/airflow/dags/kafka_to_minio.py
[2024-10-11T00:12:08.940+0000] {logging_mixin.py:190} INFO - [2024-10-11T00:12:08.940+0000] {dag.py:3239} INFO - Sync 1 DAGs
[2024-10-11T00:12:08.974+0000] {logging_mixin.py:190} INFO - [2024-10-11T00:12:08.974+0000] {dag.py:4180} INFO - Setting next_dagrun for kafka_to_minio to 2024-10-10 23:00:00+00:00, run_after=2024-10-11 00:00:00+00:00
[2024-10-11T00:12:08.996+0000] {processor.py:208} INFO - Processing /opt/airflow/dags/kafka_to_minio.py took 0.253 seconds
[2024-10-11T00:12:39.257+0000] {processor.py:186} INFO - Started process (PID=64916) to work on /opt/airflow/dags/kafka_to_minio.py
[2024-10-11T00:12:39.259+0000] {processor.py:914} INFO - Processing file /opt/airflow/dags/kafka_to_minio.py for tasks to queue
[2024-10-11T00:12:39.264+0000] {logging_mixin.py:190} INFO - [2024-10-11T00:12:39.263+0000] {dagbag.py:588} INFO - Filling up the DagBag from /opt/airflow/dags/kafka_to_minio.py
[2024-10-11T00:12:39.522+0000] {processor.py:925} INFO - DAG(s) 'kafka_to_minio' retrieved from /opt/airflow/dags/kafka_to_minio.py
[2024-10-11T00:12:39.568+0000] {logging_mixin.py:190} INFO - [2024-10-11T00:12:39.568+0000] {dag.py:3239} INFO - Sync 1 DAGs
[2024-10-11T00:12:39.617+0000] {logging_mixin.py:190} INFO - [2024-10-11T00:12:39.616+0000] {dag.py:4180} INFO - Setting next_dagrun for kafka_to_minio to 2024-10-10 23:00:00+00:00, run_after=2024-10-11 00:00:00+00:00
[2024-10-11T00:12:39.646+0000] {processor.py:208} INFO - Processing /opt/airflow/dags/kafka_to_minio.py took 0.406 seconds
[2024-10-11T00:13:09.805+0000] {processor.py:186} INFO - Started process (PID=64926) to work on /opt/airflow/dags/kafka_to_minio.py
[2024-10-11T00:13:09.806+0000] {processor.py:914} INFO - Processing file /opt/airflow/dags/kafka_to_minio.py for tasks to queue
[2024-10-11T00:13:09.810+0000] {logging_mixin.py:190} INFO - [2024-10-11T00:13:09.809+0000] {dagbag.py:588} INFO - Filling up the DagBag from /opt/airflow/dags/kafka_to_minio.py
[2024-10-11T00:13:09.959+0000] {processor.py:925} INFO - DAG(s) 'kafka_to_minio' retrieved from /opt/airflow/dags/kafka_to_minio.py
[2024-10-11T00:13:09.993+0000] {logging_mixin.py:190} INFO - [2024-10-11T00:13:09.993+0000] {dag.py:3239} INFO - Sync 1 DAGs
[2024-10-11T00:13:10.044+0000] {logging_mixin.py:190} INFO - [2024-10-11T00:13:10.044+0000] {dag.py:4180} INFO - Setting next_dagrun for kafka_to_minio to 2024-10-10 23:00:00+00:00, run_after=2024-10-11 00:00:00+00:00
[2024-10-11T00:13:10.076+0000] {processor.py:208} INFO - Processing /opt/airflow/dags/kafka_to_minio.py took 0.281 seconds
[2024-10-11T00:13:40.279+0000] {processor.py:186} INFO - Started process (PID=64938) to work on /opt/airflow/dags/kafka_to_minio.py
[2024-10-11T00:13:40.281+0000] {processor.py:914} INFO - Processing file /opt/airflow/dags/kafka_to_minio.py for tasks to queue
[2024-10-11T00:13:40.284+0000] {logging_mixin.py:190} INFO - [2024-10-11T00:13:40.284+0000] {dagbag.py:588} INFO - Filling up the DagBag from /opt/airflow/dags/kafka_to_minio.py
[2024-10-11T00:13:40.428+0000] {processor.py:925} INFO - DAG(s) 'kafka_to_minio' retrieved from /opt/airflow/dags/kafka_to_minio.py
[2024-10-11T00:13:40.463+0000] {logging_mixin.py:190} INFO - [2024-10-11T00:13:40.462+0000] {dag.py:3239} INFO - Sync 1 DAGs
[2024-10-11T00:13:40.496+0000] {logging_mixin.py:190} INFO - [2024-10-11T00:13:40.495+0000] {dag.py:4180} INFO - Setting next_dagrun for kafka_to_minio to 2024-10-10 23:00:00+00:00, run_after=2024-10-11 00:00:00+00:00
[2024-10-11T00:13:40.519+0000] {processor.py:208} INFO - Processing /opt/airflow/dags/kafka_to_minio.py took 0.250 seconds
[2024-10-11T00:14:11.281+0000] {processor.py:186} INFO - Started process (PID=64950) to work on /opt/airflow/dags/kafka_to_minio.py
[2024-10-11T00:14:11.285+0000] {processor.py:914} INFO - Processing file /opt/airflow/dags/kafka_to_minio.py for tasks to queue
[2024-10-11T00:14:11.288+0000] {logging_mixin.py:190} INFO - [2024-10-11T00:14:11.288+0000] {dagbag.py:588} INFO - Filling up the DagBag from /opt/airflow/dags/kafka_to_minio.py
[2024-10-11T00:14:11.427+0000] {processor.py:925} INFO - DAG(s) 'kafka_to_minio' retrieved from /opt/airflow/dags/kafka_to_minio.py
[2024-10-11T00:14:11.462+0000] {logging_mixin.py:190} INFO - [2024-10-11T00:14:11.462+0000] {dag.py:3239} INFO - Sync 1 DAGs
[2024-10-11T00:14:11.495+0000] {logging_mixin.py:190} INFO - [2024-10-11T00:14:11.495+0000] {dag.py:4180} INFO - Setting next_dagrun for kafka_to_minio to 2024-10-10 23:00:00+00:00, run_after=2024-10-11 00:00:00+00:00
[2024-10-11T00:14:11.521+0000] {processor.py:208} INFO - Processing /opt/airflow/dags/kafka_to_minio.py took 0.250 seconds
[2024-10-11T00:14:41.651+0000] {processor.py:186} INFO - Started process (PID=64960) to work on /opt/airflow/dags/kafka_to_minio.py
[2024-10-11T00:14:41.652+0000] {processor.py:914} INFO - Processing file /opt/airflow/dags/kafka_to_minio.py for tasks to queue
[2024-10-11T00:14:41.657+0000] {logging_mixin.py:190} INFO - [2024-10-11T00:14:41.657+0000] {dagbag.py:588} INFO - Filling up the DagBag from /opt/airflow/dags/kafka_to_minio.py
[2024-10-11T00:14:41.868+0000] {processor.py:925} INFO - DAG(s) 'kafka_to_minio' retrieved from /opt/airflow/dags/kafka_to_minio.py
[2024-10-11T00:14:41.915+0000] {logging_mixin.py:190} INFO - [2024-10-11T00:14:41.914+0000] {dag.py:3239} INFO - Sync 1 DAGs
[2024-10-11T00:14:41.963+0000] {logging_mixin.py:190} INFO - [2024-10-11T00:14:41.962+0000] {dag.py:4180} INFO - Setting next_dagrun for kafka_to_minio to 2024-10-10 23:00:00+00:00, run_after=2024-10-11 00:00:00+00:00
[2024-10-11T00:14:41.997+0000] {processor.py:208} INFO - Processing /opt/airflow/dags/kafka_to_minio.py took 0.359 seconds
[2024-10-11T00:15:12.864+0000] {processor.py:186} INFO - Started process (PID=64972) to work on /opt/airflow/dags/kafka_to_minio.py
[2024-10-11T00:15:12.877+0000] {processor.py:914} INFO - Processing file /opt/airflow/dags/kafka_to_minio.py for tasks to queue
[2024-10-11T00:15:12.894+0000] {logging_mixin.py:190} INFO - [2024-10-11T00:15:12.893+0000] {dagbag.py:588} INFO - Filling up the DagBag from /opt/airflow/dags/kafka_to_minio.py
[2024-10-11T00:15:13.697+0000] {processor.py:925} INFO - DAG(s) 'kafka_to_minio' retrieved from /opt/airflow/dags/kafka_to_minio.py
[2024-10-11T00:15:13.835+0000] {logging_mixin.py:190} INFO - [2024-10-11T00:15:13.834+0000] {dag.py:3239} INFO - Sync 1 DAGs
[2024-10-11T00:15:13.996+0000] {logging_mixin.py:190} INFO - [2024-10-11T00:15:13.992+0000] {dag.py:4180} INFO - Setting next_dagrun for kafka_to_minio to 2024-10-10 23:00:00+00:00, run_after=2024-10-11 00:00:00+00:00
[2024-10-11T00:15:14.104+0000] {processor.py:208} INFO - Processing /opt/airflow/dags/kafka_to_minio.py took 1.284 seconds
[2024-10-11T00:15:44.323+0000] {processor.py:186} INFO - Started process (PID=64983) to work on /opt/airflow/dags/kafka_to_minio.py
[2024-10-11T00:15:44.326+0000] {processor.py:914} INFO - Processing file /opt/airflow/dags/kafka_to_minio.py for tasks to queue
[2024-10-11T00:15:44.331+0000] {logging_mixin.py:190} INFO - [2024-10-11T00:15:44.330+0000] {dagbag.py:588} INFO - Filling up the DagBag from /opt/airflow/dags/kafka_to_minio.py
[2024-10-11T00:15:44.496+0000] {processor.py:925} INFO - DAG(s) 'kafka_to_minio' retrieved from /opt/airflow/dags/kafka_to_minio.py
[2024-10-11T00:15:44.531+0000] {logging_mixin.py:190} INFO - [2024-10-11T00:15:44.531+0000] {dag.py:3239} INFO - Sync 1 DAGs
[2024-10-11T00:15:44.563+0000] {logging_mixin.py:190} INFO - [2024-10-11T00:15:44.563+0000] {dag.py:4180} INFO - Setting next_dagrun for kafka_to_minio to 2024-10-10 23:00:00+00:00, run_after=2024-10-11 00:00:00+00:00
[2024-10-11T00:15:44.586+0000] {processor.py:208} INFO - Processing /opt/airflow/dags/kafka_to_minio.py took 0.277 seconds
[2024-10-11T00:16:14.932+0000] {processor.py:186} INFO - Started process (PID=64996) to work on /opt/airflow/dags/kafka_to_minio.py
[2024-10-11T00:16:14.934+0000] {processor.py:914} INFO - Processing file /opt/airflow/dags/kafka_to_minio.py for tasks to queue
[2024-10-11T00:16:14.938+0000] {logging_mixin.py:190} INFO - [2024-10-11T00:16:14.937+0000] {dagbag.py:588} INFO - Filling up the DagBag from /opt/airflow/dags/kafka_to_minio.py
[2024-10-11T00:16:15.089+0000] {processor.py:925} INFO - DAG(s) 'kafka_to_minio' retrieved from /opt/airflow/dags/kafka_to_minio.py
[2024-10-11T00:16:15.137+0000] {logging_mixin.py:190} INFO - [2024-10-11T00:16:15.137+0000] {dag.py:3239} INFO - Sync 1 DAGs
[2024-10-11T00:16:15.187+0000] {logging_mixin.py:190} INFO - [2024-10-11T00:16:15.186+0000] {dag.py:4180} INFO - Setting next_dagrun for kafka_to_minio to 2024-10-10 23:00:00+00:00, run_after=2024-10-11 00:00:00+00:00
[2024-10-11T00:16:15.222+0000] {processor.py:208} INFO - Processing /opt/airflow/dags/kafka_to_minio.py took 0.300 seconds
[2024-10-11T00:16:45.630+0000] {processor.py:186} INFO - Started process (PID=65008) to work on /opt/airflow/dags/kafka_to_minio.py
[2024-10-11T00:16:45.633+0000] {processor.py:914} INFO - Processing file /opt/airflow/dags/kafka_to_minio.py for tasks to queue
[2024-10-11T00:16:45.636+0000] {logging_mixin.py:190} INFO - [2024-10-11T00:16:45.636+0000] {dagbag.py:588} INFO - Filling up the DagBag from /opt/airflow/dags/kafka_to_minio.py
[2024-10-11T00:16:45.779+0000] {processor.py:925} INFO - DAG(s) 'kafka_to_minio' retrieved from /opt/airflow/dags/kafka_to_minio.py
[2024-10-11T00:16:45.818+0000] {logging_mixin.py:190} INFO - [2024-10-11T00:16:45.818+0000] {dag.py:3239} INFO - Sync 1 DAGs
[2024-10-11T00:16:45.853+0000] {logging_mixin.py:190} INFO - [2024-10-11T00:16:45.852+0000] {dag.py:4180} INFO - Setting next_dagrun for kafka_to_minio to 2024-10-10 23:00:00+00:00, run_after=2024-10-11 00:00:00+00:00
[2024-10-11T00:16:45.880+0000] {processor.py:208} INFO - Processing /opt/airflow/dags/kafka_to_minio.py took 0.263 seconds
[2024-10-11T00:17:16.075+0000] {processor.py:186} INFO - Started process (PID=65020) to work on /opt/airflow/dags/kafka_to_minio.py
[2024-10-11T00:17:16.077+0000] {processor.py:914} INFO - Processing file /opt/airflow/dags/kafka_to_minio.py for tasks to queue
[2024-10-11T00:17:16.080+0000] {logging_mixin.py:190} INFO - [2024-10-11T00:17:16.080+0000] {dagbag.py:588} INFO - Filling up the DagBag from /opt/airflow/dags/kafka_to_minio.py
[2024-10-11T00:17:16.225+0000] {processor.py:925} INFO - DAG(s) 'kafka_to_minio' retrieved from /opt/airflow/dags/kafka_to_minio.py
[2024-10-11T00:17:16.269+0000] {logging_mixin.py:190} INFO - [2024-10-11T00:17:16.268+0000] {dag.py:3239} INFO - Sync 1 DAGs
[2024-10-11T00:17:16.302+0000] {logging_mixin.py:190} INFO - [2024-10-11T00:17:16.302+0000] {dag.py:4180} INFO - Setting next_dagrun for kafka_to_minio to 2024-10-10 23:00:00+00:00, run_after=2024-10-11 00:00:00+00:00
[2024-10-11T00:17:16.324+0000] {processor.py:208} INFO - Processing /opt/airflow/dags/kafka_to_minio.py took 0.260 seconds
[2024-10-11T00:17:46.446+0000] {processor.py:186} INFO - Started process (PID=65032) to work on /opt/airflow/dags/kafka_to_minio.py
[2024-10-11T00:17:46.448+0000] {processor.py:914} INFO - Processing file /opt/airflow/dags/kafka_to_minio.py for tasks to queue
[2024-10-11T00:17:46.451+0000] {logging_mixin.py:190} INFO - [2024-10-11T00:17:46.451+0000] {dagbag.py:588} INFO - Filling up the DagBag from /opt/airflow/dags/kafka_to_minio.py
[2024-10-11T00:17:46.604+0000] {processor.py:925} INFO - DAG(s) 'kafka_to_minio' retrieved from /opt/airflow/dags/kafka_to_minio.py
[2024-10-11T00:17:46.640+0000] {logging_mixin.py:190} INFO - [2024-10-11T00:17:46.640+0000] {dag.py:3239} INFO - Sync 1 DAGs
[2024-10-11T00:17:46.675+0000] {logging_mixin.py:190} INFO - [2024-10-11T00:17:46.675+0000] {dag.py:4180} INFO - Setting next_dagrun for kafka_to_minio to 2024-10-10 23:00:00+00:00, run_after=2024-10-11 00:00:00+00:00
[2024-10-11T00:17:46.698+0000] {processor.py:208} INFO - Processing /opt/airflow/dags/kafka_to_minio.py took 0.263 seconds
[2024-10-11T00:18:16.833+0000] {processor.py:186} INFO - Started process (PID=65045) to work on /opt/airflow/dags/kafka_to_minio.py
[2024-10-11T00:18:16.837+0000] {processor.py:914} INFO - Processing file /opt/airflow/dags/kafka_to_minio.py for tasks to queue
[2024-10-11T00:18:16.840+0000] {logging_mixin.py:190} INFO - [2024-10-11T00:18:16.840+0000] {dagbag.py:588} INFO - Filling up the DagBag from /opt/airflow/dags/kafka_to_minio.py
[2024-10-11T00:18:17.023+0000] {processor.py:925} INFO - DAG(s) 'kafka_to_minio' retrieved from /opt/airflow/dags/kafka_to_minio.py
[2024-10-11T00:18:17.061+0000] {logging_mixin.py:190} INFO - [2024-10-11T00:18:17.060+0000] {dag.py:3239} INFO - Sync 1 DAGs
[2024-10-11T00:18:17.095+0000] {logging_mixin.py:190} INFO - [2024-10-11T00:18:17.095+0000] {dag.py:4180} INFO - Setting next_dagrun for kafka_to_minio to 2024-10-10 23:00:00+00:00, run_after=2024-10-11 00:00:00+00:00
[2024-10-11T00:18:17.118+0000] {processor.py:208} INFO - Processing /opt/airflow/dags/kafka_to_minio.py took 0.296 seconds
[2024-10-11T00:18:47.312+0000] {processor.py:186} INFO - Started process (PID=65057) to work on /opt/airflow/dags/kafka_to_minio.py
[2024-10-11T00:18:47.321+0000] {processor.py:914} INFO - Processing file /opt/airflow/dags/kafka_to_minio.py for tasks to queue
[2024-10-11T00:18:47.331+0000] {logging_mixin.py:190} INFO - [2024-10-11T00:18:47.331+0000] {dagbag.py:588} INFO - Filling up the DagBag from /opt/airflow/dags/kafka_to_minio.py
[2024-10-11T00:18:47.730+0000] {processor.py:925} INFO - DAG(s) 'kafka_to_minio' retrieved from /opt/airflow/dags/kafka_to_minio.py
[2024-10-11T00:18:47.829+0000] {logging_mixin.py:190} INFO - [2024-10-11T00:18:47.829+0000] {dag.py:3239} INFO - Sync 1 DAGs
[2024-10-11T00:18:47.980+0000] {logging_mixin.py:190} INFO - [2024-10-11T00:18:47.976+0000] {dag.py:4180} INFO - Setting next_dagrun for kafka_to_minio to 2024-10-10 23:00:00+00:00, run_after=2024-10-11 00:00:00+00:00
[2024-10-11T00:18:48.059+0000] {processor.py:208} INFO - Processing /opt/airflow/dags/kafka_to_minio.py took 0.789 seconds
[2024-10-11T00:19:18.491+0000] {processor.py:186} INFO - Started process (PID=65069) to work on /opt/airflow/dags/kafka_to_minio.py
[2024-10-11T00:19:18.492+0000] {processor.py:914} INFO - Processing file /opt/airflow/dags/kafka_to_minio.py for tasks to queue
[2024-10-11T00:19:18.496+0000] {logging_mixin.py:190} INFO - [2024-10-11T00:19:18.495+0000] {dagbag.py:588} INFO - Filling up the DagBag from /opt/airflow/dags/kafka_to_minio.py
[2024-10-11T00:19:18.639+0000] {processor.py:925} INFO - DAG(s) 'kafka_to_minio' retrieved from /opt/airflow/dags/kafka_to_minio.py
[2024-10-11T00:19:18.674+0000] {logging_mixin.py:190} INFO - [2024-10-11T00:19:18.674+0000] {dag.py:3239} INFO - Sync 1 DAGs
[2024-10-11T00:19:18.709+0000] {logging_mixin.py:190} INFO - [2024-10-11T00:19:18.709+0000] {dag.py:4180} INFO - Setting next_dagrun for kafka_to_minio to 2024-10-10 23:00:00+00:00, run_after=2024-10-11 00:00:00+00:00
[2024-10-11T00:19:18.733+0000] {processor.py:208} INFO - Processing /opt/airflow/dags/kafka_to_minio.py took 0.253 seconds
[2024-10-11T00:19:48.944+0000] {processor.py:186} INFO - Started process (PID=65081) to work on /opt/airflow/dags/kafka_to_minio.py
[2024-10-11T00:19:48.947+0000] {processor.py:914} INFO - Processing file /opt/airflow/dags/kafka_to_minio.py for tasks to queue
[2024-10-11T00:19:48.950+0000] {logging_mixin.py:190} INFO - [2024-10-11T00:19:48.949+0000] {dagbag.py:588} INFO - Filling up the DagBag from /opt/airflow/dags/kafka_to_minio.py
[2024-10-11T00:19:49.095+0000] {processor.py:925} INFO - DAG(s) 'kafka_to_minio' retrieved from /opt/airflow/dags/kafka_to_minio.py
[2024-10-11T00:19:49.129+0000] {logging_mixin.py:190} INFO - [2024-10-11T00:19:49.129+0000] {dag.py:3239} INFO - Sync 1 DAGs
[2024-10-11T00:19:49.160+0000] {logging_mixin.py:190} INFO - [2024-10-11T00:19:49.160+0000] {dag.py:4180} INFO - Setting next_dagrun for kafka_to_minio to 2024-10-10 23:00:00+00:00, run_after=2024-10-11 00:00:00+00:00
[2024-10-11T00:19:49.184+0000] {processor.py:208} INFO - Processing /opt/airflow/dags/kafka_to_minio.py took 0.252 seconds
[2024-10-11T00:20:19.570+0000] {processor.py:186} INFO - Started process (PID=65093) to work on /opt/airflow/dags/kafka_to_minio.py
[2024-10-11T00:20:19.571+0000] {processor.py:914} INFO - Processing file /opt/airflow/dags/kafka_to_minio.py for tasks to queue
[2024-10-11T00:20:19.575+0000] {logging_mixin.py:190} INFO - [2024-10-11T00:20:19.574+0000] {dagbag.py:588} INFO - Filling up the DagBag from /opt/airflow/dags/kafka_to_minio.py
[2024-10-11T00:20:19.716+0000] {processor.py:925} INFO - DAG(s) 'kafka_to_minio' retrieved from /opt/airflow/dags/kafka_to_minio.py
[2024-10-11T00:20:19.751+0000] {logging_mixin.py:190} INFO - [2024-10-11T00:20:19.751+0000] {dag.py:3239} INFO - Sync 1 DAGs
[2024-10-11T00:20:19.784+0000] {logging_mixin.py:190} INFO - [2024-10-11T00:20:19.784+0000] {dag.py:4180} INFO - Setting next_dagrun for kafka_to_minio to 2024-10-10 23:00:00+00:00, run_after=2024-10-11 00:00:00+00:00
[2024-10-11T00:20:19.810+0000] {processor.py:208} INFO - Processing /opt/airflow/dags/kafka_to_minio.py took 0.251 seconds
[2024-10-11T00:20:50.085+0000] {processor.py:186} INFO - Started process (PID=65105) to work on /opt/airflow/dags/kafka_to_minio.py
[2024-10-11T00:20:50.087+0000] {processor.py:914} INFO - Processing file /opt/airflow/dags/kafka_to_minio.py for tasks to queue
[2024-10-11T00:20:50.091+0000] {logging_mixin.py:190} INFO - [2024-10-11T00:20:50.091+0000] {dagbag.py:588} INFO - Filling up the DagBag from /opt/airflow/dags/kafka_to_minio.py
[2024-10-11T00:20:50.238+0000] {processor.py:925} INFO - DAG(s) 'kafka_to_minio' retrieved from /opt/airflow/dags/kafka_to_minio.py
[2024-10-11T00:20:50.272+0000] {logging_mixin.py:190} INFO - [2024-10-11T00:20:50.271+0000] {dag.py:3239} INFO - Sync 1 DAGs
[2024-10-11T00:20:50.305+0000] {logging_mixin.py:190} INFO - [2024-10-11T00:20:50.305+0000] {dag.py:4180} INFO - Setting next_dagrun for kafka_to_minio to 2024-10-10 23:00:00+00:00, run_after=2024-10-11 00:00:00+00:00
[2024-10-11T00:20:50.328+0000] {processor.py:208} INFO - Processing /opt/airflow/dags/kafka_to_minio.py took 0.253 seconds
[2024-10-11T00:21:21.110+0000] {processor.py:186} INFO - Started process (PID=65117) to work on /opt/airflow/dags/kafka_to_minio.py
[2024-10-11T00:21:21.111+0000] {processor.py:914} INFO - Processing file /opt/airflow/dags/kafka_to_minio.py for tasks to queue
[2024-10-11T00:21:21.115+0000] {logging_mixin.py:190} INFO - [2024-10-11T00:21:21.114+0000] {dagbag.py:588} INFO - Filling up the DagBag from /opt/airflow/dags/kafka_to_minio.py
[2024-10-11T00:21:21.260+0000] {processor.py:925} INFO - DAG(s) 'kafka_to_minio' retrieved from /opt/airflow/dags/kafka_to_minio.py
[2024-10-11T00:21:21.305+0000] {logging_mixin.py:190} INFO - [2024-10-11T00:21:21.305+0000] {dag.py:3239} INFO - Sync 1 DAGs
[2024-10-11T00:21:21.338+0000] {logging_mixin.py:190} INFO - [2024-10-11T00:21:21.338+0000] {dag.py:4180} INFO - Setting next_dagrun for kafka_to_minio to 2024-10-10 23:00:00+00:00, run_after=2024-10-11 00:00:00+00:00
[2024-10-11T00:21:21.363+0000] {processor.py:208} INFO - Processing /opt/airflow/dags/kafka_to_minio.py took 0.264 seconds
[2024-10-11T00:21:51.962+0000] {processor.py:186} INFO - Started process (PID=65129) to work on /opt/airflow/dags/kafka_to_minio.py
[2024-10-11T00:21:51.964+0000] {processor.py:914} INFO - Processing file /opt/airflow/dags/kafka_to_minio.py for tasks to queue
[2024-10-11T00:21:51.968+0000] {logging_mixin.py:190} INFO - [2024-10-11T00:21:51.967+0000] {dagbag.py:588} INFO - Filling up the DagBag from /opt/airflow/dags/kafka_to_minio.py
[2024-10-11T00:21:52.115+0000] {processor.py:925} INFO - DAG(s) 'kafka_to_minio' retrieved from /opt/airflow/dags/kafka_to_minio.py
[2024-10-11T00:21:52.148+0000] {logging_mixin.py:190} INFO - [2024-10-11T00:21:52.147+0000] {dag.py:3239} INFO - Sync 1 DAGs
[2024-10-11T00:21:52.181+0000] {logging_mixin.py:190} INFO - [2024-10-11T00:21:52.181+0000] {dag.py:4180} INFO - Setting next_dagrun for kafka_to_minio to 2024-10-10 23:00:00+00:00, run_after=2024-10-11 00:00:00+00:00
[2024-10-11T00:21:52.206+0000] {processor.py:208} INFO - Processing /opt/airflow/dags/kafka_to_minio.py took 0.256 seconds
[2024-10-11T00:22:22.590+0000] {processor.py:186} INFO - Started process (PID=65141) to work on /opt/airflow/dags/kafka_to_minio.py
[2024-10-11T00:22:22.594+0000] {processor.py:914} INFO - Processing file /opt/airflow/dags/kafka_to_minio.py for tasks to queue
[2024-10-11T00:22:22.598+0000] {logging_mixin.py:190} INFO - [2024-10-11T00:22:22.598+0000] {dagbag.py:588} INFO - Filling up the DagBag from /opt/airflow/dags/kafka_to_minio.py
[2024-10-11T00:22:22.809+0000] {processor.py:925} INFO - DAG(s) 'kafka_to_minio' retrieved from /opt/airflow/dags/kafka_to_minio.py
[2024-10-11T00:22:22.854+0000] {logging_mixin.py:190} INFO - [2024-10-11T00:22:22.854+0000] {dag.py:3239} INFO - Sync 1 DAGs
[2024-10-11T00:22:22.906+0000] {logging_mixin.py:190} INFO - [2024-10-11T00:22:22.906+0000] {dag.py:4180} INFO - Setting next_dagrun for kafka_to_minio to 2024-10-10 23:00:00+00:00, run_after=2024-10-11 00:00:00+00:00
[2024-10-11T00:22:22.938+0000] {processor.py:208} INFO - Processing /opt/airflow/dags/kafka_to_minio.py took 0.370 seconds
[2024-10-11T00:22:53.224+0000] {processor.py:186} INFO - Started process (PID=65153) to work on /opt/airflow/dags/kafka_to_minio.py
[2024-10-11T00:22:53.225+0000] {processor.py:914} INFO - Processing file /opt/airflow/dags/kafka_to_minio.py for tasks to queue
[2024-10-11T00:22:53.230+0000] {logging_mixin.py:190} INFO - [2024-10-11T00:22:53.229+0000] {dagbag.py:588} INFO - Filling up the DagBag from /opt/airflow/dags/kafka_to_minio.py
[2024-10-11T00:22:53.488+0000] {processor.py:925} INFO - DAG(s) 'kafka_to_minio' retrieved from /opt/airflow/dags/kafka_to_minio.py
[2024-10-11T00:22:53.534+0000] {logging_mixin.py:190} INFO - [2024-10-11T00:22:53.534+0000] {dag.py:3239} INFO - Sync 1 DAGs
[2024-10-11T00:22:53.581+0000] {logging_mixin.py:190} INFO - [2024-10-11T00:22:53.580+0000] {dag.py:4180} INFO - Setting next_dagrun for kafka_to_minio to 2024-10-10 23:00:00+00:00, run_after=2024-10-11 00:00:00+00:00
[2024-10-11T00:22:53.613+0000] {processor.py:208} INFO - Processing /opt/airflow/dags/kafka_to_minio.py took 0.415 seconds
[2024-10-11T00:23:24.071+0000] {processor.py:186} INFO - Started process (PID=65165) to work on /opt/airflow/dags/kafka_to_minio.py
[2024-10-11T00:23:24.073+0000] {processor.py:914} INFO - Processing file /opt/airflow/dags/kafka_to_minio.py for tasks to queue
[2024-10-11T00:23:24.077+0000] {logging_mixin.py:190} INFO - [2024-10-11T00:23:24.076+0000] {dagbag.py:588} INFO - Filling up the DagBag from /opt/airflow/dags/kafka_to_minio.py
[2024-10-11T00:23:24.296+0000] {processor.py:925} INFO - DAG(s) 'kafka_to_minio' retrieved from /opt/airflow/dags/kafka_to_minio.py
[2024-10-11T00:23:24.340+0000] {logging_mixin.py:190} INFO - [2024-10-11T00:23:24.340+0000] {dag.py:3239} INFO - Sync 1 DAGs
[2024-10-11T00:23:24.388+0000] {logging_mixin.py:190} INFO - [2024-10-11T00:23:24.387+0000] {dag.py:4180} INFO - Setting next_dagrun for kafka_to_minio to 2024-10-10 23:00:00+00:00, run_after=2024-10-11 00:00:00+00:00
[2024-10-11T00:23:24.421+0000] {processor.py:208} INFO - Processing /opt/airflow/dags/kafka_to_minio.py took 0.380 seconds
[2024-10-11T00:23:54.631+0000] {processor.py:186} INFO - Started process (PID=65177) to work on /opt/airflow/dags/kafka_to_minio.py
[2024-10-11T00:23:54.632+0000] {processor.py:914} INFO - Processing file /opt/airflow/dags/kafka_to_minio.py for tasks to queue
[2024-10-11T00:23:54.635+0000] {logging_mixin.py:190} INFO - [2024-10-11T00:23:54.635+0000] {dagbag.py:588} INFO - Filling up the DagBag from /opt/airflow/dags/kafka_to_minio.py
[2024-10-11T00:23:54.774+0000] {processor.py:925} INFO - DAG(s) 'kafka_to_minio' retrieved from /opt/airflow/dags/kafka_to_minio.py
[2024-10-11T00:23:54.807+0000] {logging_mixin.py:190} INFO - [2024-10-11T00:23:54.806+0000] {dag.py:3239} INFO - Sync 1 DAGs
[2024-10-11T00:23:54.841+0000] {logging_mixin.py:190} INFO - [2024-10-11T00:23:54.840+0000] {dag.py:4180} INFO - Setting next_dagrun for kafka_to_minio to 2024-10-10 23:00:00+00:00, run_after=2024-10-11 00:00:00+00:00
[2024-10-11T00:23:54.864+0000] {processor.py:208} INFO - Processing /opt/airflow/dags/kafka_to_minio.py took 0.245 seconds
[2024-10-11T00:24:25.165+0000] {processor.py:186} INFO - Started process (PID=65188) to work on /opt/airflow/dags/kafka_to_minio.py
[2024-10-11T00:24:25.167+0000] {processor.py:914} INFO - Processing file /opt/airflow/dags/kafka_to_minio.py for tasks to queue
[2024-10-11T00:24:25.171+0000] {logging_mixin.py:190} INFO - [2024-10-11T00:24:25.170+0000] {dagbag.py:588} INFO - Filling up the DagBag from /opt/airflow/dags/kafka_to_minio.py
[2024-10-11T00:24:25.315+0000] {processor.py:925} INFO - DAG(s) 'kafka_to_minio' retrieved from /opt/airflow/dags/kafka_to_minio.py
[2024-10-11T00:24:25.348+0000] {logging_mixin.py:190} INFO - [2024-10-11T00:24:25.348+0000] {dag.py:3239} INFO - Sync 1 DAGs
[2024-10-11T00:24:25.387+0000] {logging_mixin.py:190} INFO - [2024-10-11T00:24:25.386+0000] {dag.py:4180} INFO - Setting next_dagrun for kafka_to_minio to 2024-10-10 23:00:00+00:00, run_after=2024-10-11 00:00:00+00:00
[2024-10-11T00:24:25.413+0000] {processor.py:208} INFO - Processing /opt/airflow/dags/kafka_to_minio.py took 0.259 seconds
[2024-10-11T00:24:55.574+0000] {processor.py:186} INFO - Started process (PID=65200) to work on /opt/airflow/dags/kafka_to_minio.py
[2024-10-11T00:24:55.576+0000] {processor.py:914} INFO - Processing file /opt/airflow/dags/kafka_to_minio.py for tasks to queue
[2024-10-11T00:24:55.579+0000] {logging_mixin.py:190} INFO - [2024-10-11T00:24:55.578+0000] {dagbag.py:588} INFO - Filling up the DagBag from /opt/airflow/dags/kafka_to_minio.py
[2024-10-11T00:24:55.720+0000] {processor.py:925} INFO - DAG(s) 'kafka_to_minio' retrieved from /opt/airflow/dags/kafka_to_minio.py
[2024-10-11T00:24:55.754+0000] {logging_mixin.py:190} INFO - [2024-10-11T00:24:55.754+0000] {dag.py:3239} INFO - Sync 1 DAGs
[2024-10-11T00:24:55.799+0000] {logging_mixin.py:190} INFO - [2024-10-11T00:24:55.798+0000] {dag.py:4180} INFO - Setting next_dagrun for kafka_to_minio to 2024-10-10 23:00:00+00:00, run_after=2024-10-11 00:00:00+00:00
[2024-10-11T00:24:55.824+0000] {processor.py:208} INFO - Processing /opt/airflow/dags/kafka_to_minio.py took 0.260 seconds
[2024-10-11T00:25:26.397+0000] {processor.py:186} INFO - Started process (PID=65212) to work on /opt/airflow/dags/kafka_to_minio.py
[2024-10-11T00:25:26.399+0000] {processor.py:914} INFO - Processing file /opt/airflow/dags/kafka_to_minio.py for tasks to queue
[2024-10-11T00:25:26.403+0000] {logging_mixin.py:190} INFO - [2024-10-11T00:25:26.403+0000] {dagbag.py:588} INFO - Filling up the DagBag from /opt/airflow/dags/kafka_to_minio.py
[2024-10-11T00:25:26.562+0000] {processor.py:925} INFO - DAG(s) 'kafka_to_minio' retrieved from /opt/airflow/dags/kafka_to_minio.py
[2024-10-11T00:25:26.597+0000] {logging_mixin.py:190} INFO - [2024-10-11T00:25:26.596+0000] {dag.py:3239} INFO - Sync 1 DAGs
[2024-10-11T00:25:26.629+0000] {logging_mixin.py:190} INFO - [2024-10-11T00:25:26.629+0000] {dag.py:4180} INFO - Setting next_dagrun for kafka_to_minio to 2024-10-10 23:00:00+00:00, run_after=2024-10-11 00:00:00+00:00
[2024-10-11T00:25:26.652+0000] {processor.py:208} INFO - Processing /opt/airflow/dags/kafka_to_minio.py took 0.265 seconds
[2024-10-11T00:25:56.956+0000] {processor.py:186} INFO - Started process (PID=65224) to work on /opt/airflow/dags/kafka_to_minio.py
[2024-10-11T00:25:56.958+0000] {processor.py:914} INFO - Processing file /opt/airflow/dags/kafka_to_minio.py for tasks to queue
[2024-10-11T00:25:56.961+0000] {logging_mixin.py:190} INFO - [2024-10-11T00:25:56.961+0000] {dagbag.py:588} INFO - Filling up the DagBag from /opt/airflow/dags/kafka_to_minio.py
[2024-10-11T00:25:57.106+0000] {processor.py:925} INFO - DAG(s) 'kafka_to_minio' retrieved from /opt/airflow/dags/kafka_to_minio.py
[2024-10-11T00:25:57.138+0000] {logging_mixin.py:190} INFO - [2024-10-11T00:25:57.138+0000] {dag.py:3239} INFO - Sync 1 DAGs
[2024-10-11T00:25:57.172+0000] {logging_mixin.py:190} INFO - [2024-10-11T00:25:57.172+0000] {dag.py:4180} INFO - Setting next_dagrun for kafka_to_minio to 2024-10-10 23:00:00+00:00, run_after=2024-10-11 00:00:00+00:00
[2024-10-11T00:25:57.198+0000] {processor.py:208} INFO - Processing /opt/airflow/dags/kafka_to_minio.py took 0.252 seconds
[2024-10-11T00:26:27.631+0000] {processor.py:186} INFO - Started process (PID=65235) to work on /opt/airflow/dags/kafka_to_minio.py
[2024-10-11T00:26:27.633+0000] {processor.py:914} INFO - Processing file /opt/airflow/dags/kafka_to_minio.py for tasks to queue
[2024-10-11T00:26:27.637+0000] {logging_mixin.py:190} INFO - [2024-10-11T00:26:27.637+0000] {dagbag.py:588} INFO - Filling up the DagBag from /opt/airflow/dags/kafka_to_minio.py
[2024-10-11T00:26:27.812+0000] {processor.py:925} INFO - DAG(s) 'kafka_to_minio' retrieved from /opt/airflow/dags/kafka_to_minio.py
[2024-10-11T00:26:27.859+0000] {logging_mixin.py:190} INFO - [2024-10-11T00:26:27.858+0000] {dag.py:3239} INFO - Sync 1 DAGs
[2024-10-11T00:26:27.905+0000] {logging_mixin.py:190} INFO - [2024-10-11T00:26:27.905+0000] {dag.py:4180} INFO - Setting next_dagrun for kafka_to_minio to 2024-10-10 23:00:00+00:00, run_after=2024-10-11 00:00:00+00:00
[2024-10-11T00:26:27.927+0000] {processor.py:208} INFO - Processing /opt/airflow/dags/kafka_to_minio.py took 0.310 seconds
[2024-10-11T00:26:58.672+0000] {processor.py:186} INFO - Started process (PID=65247) to work on /opt/airflow/dags/kafka_to_minio.py
[2024-10-11T00:26:58.673+0000] {processor.py:914} INFO - Processing file /opt/airflow/dags/kafka_to_minio.py for tasks to queue
[2024-10-11T00:26:58.677+0000] {logging_mixin.py:190} INFO - [2024-10-11T00:26:58.676+0000] {dagbag.py:588} INFO - Filling up the DagBag from /opt/airflow/dags/kafka_to_minio.py
[2024-10-11T00:26:58.827+0000] {processor.py:925} INFO - DAG(s) 'kafka_to_minio' retrieved from /opt/airflow/dags/kafka_to_minio.py
[2024-10-11T00:26:58.859+0000] {logging_mixin.py:190} INFO - [2024-10-11T00:26:58.859+0000] {dag.py:3239} INFO - Sync 1 DAGs
[2024-10-11T00:26:58.892+0000] {logging_mixin.py:190} INFO - [2024-10-11T00:26:58.892+0000] {dag.py:4180} INFO - Setting next_dagrun for kafka_to_minio to 2024-10-10 23:00:00+00:00, run_after=2024-10-11 00:00:00+00:00
[2024-10-11T00:26:58.915+0000] {processor.py:208} INFO - Processing /opt/airflow/dags/kafka_to_minio.py took 0.254 seconds
[2024-10-11T00:27:30.822+0000] {processor.py:186} INFO - Started process (PID=65259) to work on /opt/airflow/dags/kafka_to_minio.py
[2024-10-11T00:27:30.825+0000] {processor.py:914} INFO - Processing file /opt/airflow/dags/kafka_to_minio.py for tasks to queue
[2024-10-11T00:27:30.840+0000] {logging_mixin.py:190} INFO - [2024-10-11T00:27:30.839+0000] {dagbag.py:588} INFO - Filling up the DagBag from /opt/airflow/dags/kafka_to_minio.py
[2024-10-11T00:27:31.075+0000] {processor.py:925} INFO - DAG(s) 'kafka_to_minio' retrieved from /opt/airflow/dags/kafka_to_minio.py
[2024-10-11T00:27:31.119+0000] {logging_mixin.py:190} INFO - [2024-10-11T00:27:31.119+0000] {dag.py:3239} INFO - Sync 1 DAGs
[2024-10-11T00:27:31.171+0000] {logging_mixin.py:190} INFO - [2024-10-11T00:27:31.170+0000] {dag.py:4180} INFO - Setting next_dagrun for kafka_to_minio to 2024-10-10 23:00:00+00:00, run_after=2024-10-11 00:00:00+00:00
[2024-10-11T00:27:31.205+0000] {processor.py:208} INFO - Processing /opt/airflow/dags/kafka_to_minio.py took 0.398 seconds
[2024-10-11T00:28:01.488+0000] {processor.py:186} INFO - Started process (PID=65268) to work on /opt/airflow/dags/kafka_to_minio.py
[2024-10-11T00:28:01.490+0000] {processor.py:914} INFO - Processing file /opt/airflow/dags/kafka_to_minio.py for tasks to queue
[2024-10-11T00:28:01.494+0000] {logging_mixin.py:190} INFO - [2024-10-11T00:28:01.494+0000] {dagbag.py:588} INFO - Filling up the DagBag from /opt/airflow/dags/kafka_to_minio.py
[2024-10-11T00:28:01.784+0000] {processor.py:925} INFO - DAG(s) 'kafka_to_minio' retrieved from /opt/airflow/dags/kafka_to_minio.py
[2024-10-11T00:28:01.831+0000] {logging_mixin.py:190} INFO - [2024-10-11T00:28:01.830+0000] {dag.py:3239} INFO - Sync 1 DAGs
[2024-10-11T00:28:01.883+0000] {logging_mixin.py:190} INFO - [2024-10-11T00:28:01.883+0000] {dag.py:4180} INFO - Setting next_dagrun for kafka_to_minio to 2024-10-10 23:00:00+00:00, run_after=2024-10-11 00:00:00+00:00
[2024-10-11T00:28:01.917+0000] {processor.py:208} INFO - Processing /opt/airflow/dags/kafka_to_minio.py took 0.444 seconds
[2024-10-11T00:28:32.206+0000] {processor.py:186} INFO - Started process (PID=65279) to work on /opt/airflow/dags/kafka_to_minio.py
[2024-10-11T00:28:32.208+0000] {processor.py:914} INFO - Processing file /opt/airflow/dags/kafka_to_minio.py for tasks to queue
[2024-10-11T00:28:32.211+0000] {logging_mixin.py:190} INFO - [2024-10-11T00:28:32.211+0000] {dagbag.py:588} INFO - Filling up the DagBag from /opt/airflow/dags/kafka_to_minio.py
[2024-10-11T00:28:32.356+0000] {processor.py:925} INFO - DAG(s) 'kafka_to_minio' retrieved from /opt/airflow/dags/kafka_to_minio.py
[2024-10-11T00:28:32.391+0000] {logging_mixin.py:190} INFO - [2024-10-11T00:28:32.391+0000] {dag.py:3239} INFO - Sync 1 DAGs
[2024-10-11T00:28:32.424+0000] {logging_mixin.py:190} INFO - [2024-10-11T00:28:32.423+0000] {dag.py:4180} INFO - Setting next_dagrun for kafka_to_minio to 2024-10-10 23:00:00+00:00, run_after=2024-10-11 00:00:00+00:00
[2024-10-11T00:28:32.448+0000] {processor.py:208} INFO - Processing /opt/airflow/dags/kafka_to_minio.py took 0.254 seconds
[2024-10-11T00:29:02.904+0000] {processor.py:186} INFO - Started process (PID=65291) to work on /opt/airflow/dags/kafka_to_minio.py
[2024-10-11T00:29:02.906+0000] {processor.py:914} INFO - Processing file /opt/airflow/dags/kafka_to_minio.py for tasks to queue
[2024-10-11T00:29:02.911+0000] {logging_mixin.py:190} INFO - [2024-10-11T00:29:02.910+0000] {dagbag.py:588} INFO - Filling up the DagBag from /opt/airflow/dags/kafka_to_minio.py
[2024-10-11T00:29:03.175+0000] {processor.py:925} INFO - DAG(s) 'kafka_to_minio' retrieved from /opt/airflow/dags/kafka_to_minio.py
[2024-10-11T00:29:03.225+0000] {logging_mixin.py:190} INFO - [2024-10-11T00:29:03.225+0000] {dag.py:3239} INFO - Sync 1 DAGs
[2024-10-11T00:29:03.273+0000] {logging_mixin.py:190} INFO - [2024-10-11T00:29:03.273+0000] {dag.py:4180} INFO - Setting next_dagrun for kafka_to_minio to 2024-10-10 23:00:00+00:00, run_after=2024-10-11 00:00:00+00:00
[2024-10-11T00:29:03.308+0000] {processor.py:208} INFO - Processing /opt/airflow/dags/kafka_to_minio.py took 0.419 seconds
[2024-10-11T00:29:33.984+0000] {processor.py:186} INFO - Started process (PID=65303) to work on /opt/airflow/dags/kafka_to_minio.py
[2024-10-11T00:29:33.986+0000] {processor.py:914} INFO - Processing file /opt/airflow/dags/kafka_to_minio.py for tasks to queue
[2024-10-11T00:29:33.991+0000] {logging_mixin.py:190} INFO - [2024-10-11T00:29:33.990+0000] {dagbag.py:588} INFO - Filling up the DagBag from /opt/airflow/dags/kafka_to_minio.py
[2024-10-11T00:29:34.239+0000] {processor.py:925} INFO - DAG(s) 'kafka_to_minio' retrieved from /opt/airflow/dags/kafka_to_minio.py
[2024-10-11T00:29:34.286+0000] {logging_mixin.py:190} INFO - [2024-10-11T00:29:34.285+0000] {dag.py:3239} INFO - Sync 1 DAGs
[2024-10-11T00:29:34.346+0000] {logging_mixin.py:190} INFO - [2024-10-11T00:29:34.346+0000] {dag.py:4180} INFO - Setting next_dagrun for kafka_to_minio to 2024-10-10 23:00:00+00:00, run_after=2024-10-11 00:00:00+00:00
[2024-10-11T00:29:34.382+0000] {processor.py:208} INFO - Processing /opt/airflow/dags/kafka_to_minio.py took 0.413 seconds
[2024-10-11T00:30:04.780+0000] {processor.py:186} INFO - Started process (PID=65315) to work on /opt/airflow/dags/kafka_to_minio.py
[2024-10-11T00:30:04.782+0000] {processor.py:914} INFO - Processing file /opt/airflow/dags/kafka_to_minio.py for tasks to queue
[2024-10-11T00:30:04.786+0000] {logging_mixin.py:190} INFO - [2024-10-11T00:30:04.785+0000] {dagbag.py:588} INFO - Filling up the DagBag from /opt/airflow/dags/kafka_to_minio.py
[2024-10-11T00:30:04.947+0000] {processor.py:925} INFO - DAG(s) 'kafka_to_minio' retrieved from /opt/airflow/dags/kafka_to_minio.py
[2024-10-11T00:30:04.983+0000] {logging_mixin.py:190} INFO - [2024-10-11T00:30:04.983+0000] {dag.py:3239} INFO - Sync 1 DAGs
[2024-10-11T00:30:05.016+0000] {logging_mixin.py:190} INFO - [2024-10-11T00:30:05.016+0000] {dag.py:4180} INFO - Setting next_dagrun for kafka_to_minio to 2024-10-10 23:00:00+00:00, run_after=2024-10-11 00:00:00+00:00
[2024-10-11T00:30:05.039+0000] {processor.py:208} INFO - Processing /opt/airflow/dags/kafka_to_minio.py took 0.270 seconds
[2024-10-11T00:30:35.161+0000] {processor.py:186} INFO - Started process (PID=65327) to work on /opt/airflow/dags/kafka_to_minio.py
[2024-10-11T00:30:35.163+0000] {processor.py:914} INFO - Processing file /opt/airflow/dags/kafka_to_minio.py for tasks to queue
[2024-10-11T00:30:35.168+0000] {logging_mixin.py:190} INFO - [2024-10-11T00:30:35.167+0000] {dagbag.py:588} INFO - Filling up the DagBag from /opt/airflow/dags/kafka_to_minio.py
[2024-10-11T00:30:35.320+0000] {processor.py:925} INFO - DAG(s) 'kafka_to_minio' retrieved from /opt/airflow/dags/kafka_to_minio.py
[2024-10-11T00:30:35.356+0000] {logging_mixin.py:190} INFO - [2024-10-11T00:30:35.356+0000] {dag.py:3239} INFO - Sync 1 DAGs
[2024-10-11T00:30:35.389+0000] {logging_mixin.py:190} INFO - [2024-10-11T00:30:35.389+0000] {dag.py:4180} INFO - Setting next_dagrun for kafka_to_minio to 2024-10-10 23:00:00+00:00, run_after=2024-10-11 00:00:00+00:00
[2024-10-11T00:30:35.414+0000] {processor.py:208} INFO - Processing /opt/airflow/dags/kafka_to_minio.py took 0.264 seconds
[2024-10-11T00:31:05.580+0000] {processor.py:186} INFO - Started process (PID=65339) to work on /opt/airflow/dags/kafka_to_minio.py
[2024-10-11T00:31:05.583+0000] {processor.py:914} INFO - Processing file /opt/airflow/dags/kafka_to_minio.py for tasks to queue
[2024-10-11T00:31:05.587+0000] {logging_mixin.py:190} INFO - [2024-10-11T00:31:05.587+0000] {dagbag.py:588} INFO - Filling up the DagBag from /opt/airflow/dags/kafka_to_minio.py
[2024-10-11T00:31:05.791+0000] {processor.py:925} INFO - DAG(s) 'kafka_to_minio' retrieved from /opt/airflow/dags/kafka_to_minio.py
[2024-10-11T00:31:05.841+0000] {logging_mixin.py:190} INFO - [2024-10-11T00:31:05.841+0000] {dag.py:3239} INFO - Sync 1 DAGs
[2024-10-11T00:31:05.893+0000] {logging_mixin.py:190} INFO - [2024-10-11T00:31:05.893+0000] {dag.py:4180} INFO - Setting next_dagrun for kafka_to_minio to 2024-10-10 23:00:00+00:00, run_after=2024-10-11 00:00:00+00:00
[2024-10-11T00:31:05.923+0000] {processor.py:208} INFO - Processing /opt/airflow/dags/kafka_to_minio.py took 0.367 seconds
[2024-10-11T00:31:36.062+0000] {processor.py:186} INFO - Started process (PID=65351) to work on /opt/airflow/dags/kafka_to_minio.py
[2024-10-11T00:31:36.063+0000] {processor.py:914} INFO - Processing file /opt/airflow/dags/kafka_to_minio.py for tasks to queue
[2024-10-11T00:31:36.067+0000] {logging_mixin.py:190} INFO - [2024-10-11T00:31:36.066+0000] {dagbag.py:588} INFO - Filling up the DagBag from /opt/airflow/dags/kafka_to_minio.py
[2024-10-11T00:31:36.205+0000] {processor.py:925} INFO - DAG(s) 'kafka_to_minio' retrieved from /opt/airflow/dags/kafka_to_minio.py
[2024-10-11T00:31:36.243+0000] {logging_mixin.py:190} INFO - [2024-10-11T00:31:36.242+0000] {dag.py:3239} INFO - Sync 1 DAGs
[2024-10-11T00:31:36.275+0000] {logging_mixin.py:190} INFO - [2024-10-11T00:31:36.274+0000] {dag.py:4180} INFO - Setting next_dagrun for kafka_to_minio to 2024-10-10 23:00:00+00:00, run_after=2024-10-11 00:00:00+00:00
[2024-10-11T00:31:36.297+0000] {processor.py:208} INFO - Processing /opt/airflow/dags/kafka_to_minio.py took 0.245 seconds
[2024-10-11T00:32:06.576+0000] {processor.py:186} INFO - Started process (PID=65363) to work on /opt/airflow/dags/kafka_to_minio.py
[2024-10-11T00:32:06.578+0000] {processor.py:914} INFO - Processing file /opt/airflow/dags/kafka_to_minio.py for tasks to queue
[2024-10-11T00:32:06.582+0000] {logging_mixin.py:190} INFO - [2024-10-11T00:32:06.582+0000] {dagbag.py:588} INFO - Filling up the DagBag from /opt/airflow/dags/kafka_to_minio.py
[2024-10-11T00:32:06.724+0000] {processor.py:925} INFO - DAG(s) 'kafka_to_minio' retrieved from /opt/airflow/dags/kafka_to_minio.py
[2024-10-11T00:32:06.759+0000] {logging_mixin.py:190} INFO - [2024-10-11T00:32:06.759+0000] {dag.py:3239} INFO - Sync 1 DAGs
[2024-10-11T00:32:06.793+0000] {logging_mixin.py:190} INFO - [2024-10-11T00:32:06.792+0000] {dag.py:4180} INFO - Setting next_dagrun for kafka_to_minio to 2024-10-10 23:00:00+00:00, run_after=2024-10-11 00:00:00+00:00
[2024-10-11T00:32:06.815+0000] {processor.py:208} INFO - Processing /opt/airflow/dags/kafka_to_minio.py took 0.250 seconds
[2024-10-11T00:32:37.831+0000] {processor.py:186} INFO - Started process (PID=65375) to work on /opt/airflow/dags/kafka_to_minio.py
[2024-10-11T00:32:37.839+0000] {processor.py:914} INFO - Processing file /opt/airflow/dags/kafka_to_minio.py for tasks to queue
[2024-10-11T00:32:37.856+0000] {logging_mixin.py:190} INFO - [2024-10-11T00:32:37.851+0000] {dagbag.py:588} INFO - Filling up the DagBag from /opt/airflow/dags/kafka_to_minio.py
[2024-10-11T00:32:38.218+0000] {processor.py:925} INFO - DAG(s) 'kafka_to_minio' retrieved from /opt/airflow/dags/kafka_to_minio.py
[2024-10-11T00:32:38.262+0000] {logging_mixin.py:190} INFO - [2024-10-11T00:32:38.262+0000] {dag.py:3239} INFO - Sync 1 DAGs
[2024-10-11T00:32:38.312+0000] {logging_mixin.py:190} INFO - [2024-10-11T00:32:38.312+0000] {dag.py:4180} INFO - Setting next_dagrun for kafka_to_minio to 2024-10-10 23:00:00+00:00, run_after=2024-10-11 00:00:00+00:00
[2024-10-11T00:32:38.344+0000] {processor.py:208} INFO - Processing /opt/airflow/dags/kafka_to_minio.py took 0.562 seconds
[2024-10-11T00:33:08.589+0000] {processor.py:186} INFO - Started process (PID=65387) to work on /opt/airflow/dags/kafka_to_minio.py
[2024-10-11T00:33:08.594+0000] {processor.py:914} INFO - Processing file /opt/airflow/dags/kafka_to_minio.py for tasks to queue
[2024-10-11T00:33:08.599+0000] {logging_mixin.py:190} INFO - [2024-10-11T00:33:08.599+0000] {dagbag.py:588} INFO - Filling up the DagBag from /opt/airflow/dags/kafka_to_minio.py
[2024-10-11T00:33:08.797+0000] {processor.py:925} INFO - DAG(s) 'kafka_to_minio' retrieved from /opt/airflow/dags/kafka_to_minio.py
[2024-10-11T00:33:08.835+0000] {logging_mixin.py:190} INFO - [2024-10-11T00:33:08.835+0000] {dag.py:3239} INFO - Sync 1 DAGs
[2024-10-11T00:33:08.872+0000] {logging_mixin.py:190} INFO - [2024-10-11T00:33:08.872+0000] {dag.py:4180} INFO - Setting next_dagrun for kafka_to_minio to 2024-10-10 23:00:00+00:00, run_after=2024-10-11 00:00:00+00:00
[2024-10-11T00:33:08.896+0000] {processor.py:208} INFO - Processing /opt/airflow/dags/kafka_to_minio.py took 0.321 seconds
[2024-10-11T00:33:39.235+0000] {processor.py:186} INFO - Started process (PID=65399) to work on /opt/airflow/dags/kafka_to_minio.py
[2024-10-11T00:33:39.236+0000] {processor.py:914} INFO - Processing file /opt/airflow/dags/kafka_to_minio.py for tasks to queue
[2024-10-11T00:33:39.241+0000] {logging_mixin.py:190} INFO - [2024-10-11T00:33:39.241+0000] {dagbag.py:588} INFO - Filling up the DagBag from /opt/airflow/dags/kafka_to_minio.py
[2024-10-11T00:33:39.461+0000] {processor.py:925} INFO - DAG(s) 'kafka_to_minio' retrieved from /opt/airflow/dags/kafka_to_minio.py
[2024-10-11T00:33:39.493+0000] {logging_mixin.py:190} INFO - [2024-10-11T00:33:39.493+0000] {dag.py:3239} INFO - Sync 1 DAGs
[2024-10-11T00:33:39.526+0000] {logging_mixin.py:190} INFO - [2024-10-11T00:33:39.526+0000] {dag.py:4180} INFO - Setting next_dagrun for kafka_to_minio to 2024-10-10 23:00:00+00:00, run_after=2024-10-11 00:00:00+00:00
[2024-10-11T00:33:39.548+0000] {processor.py:208} INFO - Processing /opt/airflow/dags/kafka_to_minio.py took 0.328 seconds
[2024-10-11T00:34:10.004+0000] {processor.py:186} INFO - Started process (PID=65411) to work on /opt/airflow/dags/kafka_to_minio.py
[2024-10-11T00:34:10.009+0000] {processor.py:914} INFO - Processing file /opt/airflow/dags/kafka_to_minio.py for tasks to queue
[2024-10-11T00:34:10.019+0000] {logging_mixin.py:190} INFO - [2024-10-11T00:34:10.018+0000] {dagbag.py:588} INFO - Filling up the DagBag from /opt/airflow/dags/kafka_to_minio.py
[2024-10-11T00:34:10.234+0000] {processor.py:925} INFO - DAG(s) 'kafka_to_minio' retrieved from /opt/airflow/dags/kafka_to_minio.py
[2024-10-11T00:34:10.273+0000] {logging_mixin.py:190} INFO - [2024-10-11T00:34:10.272+0000] {dag.py:3239} INFO - Sync 1 DAGs
[2024-10-11T00:34:10.304+0000] {logging_mixin.py:190} INFO - [2024-10-11T00:34:10.304+0000] {dag.py:4180} INFO - Setting next_dagrun for kafka_to_minio to 2024-10-10 23:00:00+00:00, run_after=2024-10-11 00:00:00+00:00
[2024-10-11T00:34:10.327+0000] {processor.py:208} INFO - Processing /opt/airflow/dags/kafka_to_minio.py took 0.339 seconds
[2024-10-11T00:34:40.895+0000] {processor.py:186} INFO - Started process (PID=65423) to work on /opt/airflow/dags/kafka_to_minio.py
[2024-10-11T00:34:40.897+0000] {processor.py:914} INFO - Processing file /opt/airflow/dags/kafka_to_minio.py for tasks to queue
[2024-10-11T00:34:40.902+0000] {logging_mixin.py:190} INFO - [2024-10-11T00:34:40.901+0000] {dagbag.py:588} INFO - Filling up the DagBag from /opt/airflow/dags/kafka_to_minio.py
[2024-10-11T00:34:41.103+0000] {processor.py:925} INFO - DAG(s) 'kafka_to_minio' retrieved from /opt/airflow/dags/kafka_to_minio.py
[2024-10-11T00:34:41.136+0000] {logging_mixin.py:190} INFO - [2024-10-11T00:34:41.136+0000] {dag.py:3239} INFO - Sync 1 DAGs
[2024-10-11T00:34:41.170+0000] {logging_mixin.py:190} INFO - [2024-10-11T00:34:41.169+0000] {dag.py:4180} INFO - Setting next_dagrun for kafka_to_minio to 2024-10-10 23:00:00+00:00, run_after=2024-10-11 00:00:00+00:00
[2024-10-11T00:34:41.194+0000] {processor.py:208} INFO - Processing /opt/airflow/dags/kafka_to_minio.py took 0.313 seconds
[2024-10-11T00:35:12.020+0000] {processor.py:186} INFO - Started process (PID=65435) to work on /opt/airflow/dags/kafka_to_minio.py
[2024-10-11T00:35:12.023+0000] {processor.py:914} INFO - Processing file /opt/airflow/dags/kafka_to_minio.py for tasks to queue
[2024-10-11T00:35:12.032+0000] {logging_mixin.py:190} INFO - [2024-10-11T00:35:12.032+0000] {dagbag.py:588} INFO - Filling up the DagBag from /opt/airflow/dags/kafka_to_minio.py
[2024-10-11T00:35:12.471+0000] {processor.py:925} INFO - DAG(s) 'kafka_to_minio' retrieved from /opt/airflow/dags/kafka_to_minio.py
[2024-10-11T00:35:12.516+0000] {logging_mixin.py:190} INFO - [2024-10-11T00:35:12.516+0000] {dag.py:3239} INFO - Sync 1 DAGs
[2024-10-11T00:35:12.572+0000] {logging_mixin.py:190} INFO - [2024-10-11T00:35:12.571+0000] {dag.py:4180} INFO - Setting next_dagrun for kafka_to_minio to 2024-10-10 23:00:00+00:00, run_after=2024-10-11 00:00:00+00:00
[2024-10-11T00:35:12.610+0000] {processor.py:208} INFO - Processing /opt/airflow/dags/kafka_to_minio.py took 0.615 seconds
[2024-10-11T00:35:42.868+0000] {processor.py:186} INFO - Started process (PID=65447) to work on /opt/airflow/dags/kafka_to_minio.py
[2024-10-11T00:35:42.870+0000] {processor.py:914} INFO - Processing file /opt/airflow/dags/kafka_to_minio.py for tasks to queue
[2024-10-11T00:35:42.875+0000] {logging_mixin.py:190} INFO - [2024-10-11T00:35:42.874+0000] {dagbag.py:588} INFO - Filling up the DagBag from /opt/airflow/dags/kafka_to_minio.py
[2024-10-11T00:35:43.084+0000] {processor.py:925} INFO - DAG(s) 'kafka_to_minio' retrieved from /opt/airflow/dags/kafka_to_minio.py
[2024-10-11T00:35:43.119+0000] {logging_mixin.py:190} INFO - [2024-10-11T00:35:43.119+0000] {dag.py:3239} INFO - Sync 1 DAGs
[2024-10-11T00:35:43.154+0000] {logging_mixin.py:190} INFO - [2024-10-11T00:35:43.153+0000] {dag.py:4180} INFO - Setting next_dagrun for kafka_to_minio to 2024-10-10 23:00:00+00:00, run_after=2024-10-11 00:00:00+00:00
[2024-10-11T00:35:43.178+0000] {processor.py:208} INFO - Processing /opt/airflow/dags/kafka_to_minio.py took 0.324 seconds
[2024-10-11T00:36:13.436+0000] {processor.py:186} INFO - Started process (PID=65460) to work on /opt/airflow/dags/kafka_to_minio.py
[2024-10-11T00:36:13.439+0000] {processor.py:914} INFO - Processing file /opt/airflow/dags/kafka_to_minio.py for tasks to queue
[2024-10-11T00:36:13.444+0000] {logging_mixin.py:190} INFO - [2024-10-11T00:36:13.443+0000] {dagbag.py:588} INFO - Filling up the DagBag from /opt/airflow/dags/kafka_to_minio.py
[2024-10-11T00:36:13.705+0000] {processor.py:925} INFO - DAG(s) 'kafka_to_minio' retrieved from /opt/airflow/dags/kafka_to_minio.py
[2024-10-11T00:36:13.754+0000] {logging_mixin.py:190} INFO - [2024-10-11T00:36:13.754+0000] {dag.py:3239} INFO - Sync 1 DAGs
[2024-10-11T00:36:13.789+0000] {logging_mixin.py:190} INFO - [2024-10-11T00:36:13.789+0000] {dag.py:4180} INFO - Setting next_dagrun for kafka_to_minio to 2024-10-10 23:00:00+00:00, run_after=2024-10-11 00:00:00+00:00
[2024-10-11T00:36:13.812+0000] {processor.py:208} INFO - Processing /opt/airflow/dags/kafka_to_minio.py took 0.390 seconds
[2024-10-11T00:36:44.239+0000] {processor.py:186} INFO - Started process (PID=65478) to work on /opt/airflow/dags/kafka_to_minio.py
[2024-10-11T00:36:44.241+0000] {processor.py:914} INFO - Processing file /opt/airflow/dags/kafka_to_minio.py for tasks to queue
[2024-10-11T00:36:44.246+0000] {logging_mixin.py:190} INFO - [2024-10-11T00:36:44.246+0000] {dagbag.py:588} INFO - Filling up the DagBag from /opt/airflow/dags/kafka_to_minio.py
[2024-10-11T00:36:44.463+0000] {processor.py:925} INFO - DAG(s) 'kafka_to_minio' retrieved from /opt/airflow/dags/kafka_to_minio.py
[2024-10-11T00:36:44.497+0000] {logging_mixin.py:190} INFO - [2024-10-11T00:36:44.497+0000] {dag.py:3239} INFO - Sync 1 DAGs
[2024-10-11T00:36:44.531+0000] {logging_mixin.py:190} INFO - [2024-10-11T00:36:44.531+0000] {dag.py:4180} INFO - Setting next_dagrun for kafka_to_minio to 2024-10-10 23:00:00+00:00, run_after=2024-10-11 00:00:00+00:00
[2024-10-11T00:36:44.555+0000] {processor.py:208} INFO - Processing /opt/airflow/dags/kafka_to_minio.py took 0.329 seconds
[2024-10-11T00:37:15.011+0000] {processor.py:186} INFO - Started process (PID=65490) to work on /opt/airflow/dags/kafka_to_minio.py
[2024-10-11T00:37:15.014+0000] {processor.py:914} INFO - Processing file /opt/airflow/dags/kafka_to_minio.py for tasks to queue
[2024-10-11T00:37:15.019+0000] {logging_mixin.py:190} INFO - [2024-10-11T00:37:15.018+0000] {dagbag.py:588} INFO - Filling up the DagBag from /opt/airflow/dags/kafka_to_minio.py
[2024-10-11T00:37:15.373+0000] {processor.py:925} INFO - DAG(s) 'kafka_to_minio' retrieved from /opt/airflow/dags/kafka_to_minio.py
[2024-10-11T00:37:15.419+0000] {logging_mixin.py:190} INFO - [2024-10-11T00:37:15.419+0000] {dag.py:3239} INFO - Sync 1 DAGs
[2024-10-11T00:37:15.457+0000] {logging_mixin.py:190} INFO - [2024-10-11T00:37:15.457+0000] {dag.py:4180} INFO - Setting next_dagrun for kafka_to_minio to 2024-10-10 23:00:00+00:00, run_after=2024-10-11 00:00:00+00:00
[2024-10-11T00:37:15.485+0000] {processor.py:208} INFO - Processing /opt/airflow/dags/kafka_to_minio.py took 0.491 seconds
[2024-10-11T00:37:45.952+0000] {processor.py:186} INFO - Started process (PID=65501) to work on /opt/airflow/dags/kafka_to_minio.py
[2024-10-11T00:37:45.963+0000] {processor.py:914} INFO - Processing file /opt/airflow/dags/kafka_to_minio.py for tasks to queue
[2024-10-11T00:37:45.973+0000] {logging_mixin.py:190} INFO - [2024-10-11T00:37:45.971+0000] {dagbag.py:588} INFO - Filling up the DagBag from /opt/airflow/dags/kafka_to_minio.py
[2024-10-11T00:37:46.525+0000] {processor.py:925} INFO - DAG(s) 'kafka_to_minio' retrieved from /opt/airflow/dags/kafka_to_minio.py
[2024-10-11T00:37:46.569+0000] {logging_mixin.py:190} INFO - [2024-10-11T00:37:46.568+0000] {dag.py:3239} INFO - Sync 1 DAGs
[2024-10-11T00:37:46.619+0000] {logging_mixin.py:190} INFO - [2024-10-11T00:37:46.618+0000] {dag.py:4180} INFO - Setting next_dagrun for kafka_to_minio to 2024-10-10 23:00:00+00:00, run_after=2024-10-11 00:00:00+00:00
[2024-10-11T00:37:46.649+0000] {processor.py:208} INFO - Processing /opt/airflow/dags/kafka_to_minio.py took 0.740 seconds
[2024-10-11T00:38:17.086+0000] {processor.py:186} INFO - Started process (PID=65513) to work on /opt/airflow/dags/kafka_to_minio.py
[2024-10-11T00:38:17.091+0000] {processor.py:914} INFO - Processing file /opt/airflow/dags/kafka_to_minio.py for tasks to queue
[2024-10-11T00:38:17.100+0000] {logging_mixin.py:190} INFO - [2024-10-11T00:38:17.099+0000] {dagbag.py:588} INFO - Filling up the DagBag from /opt/airflow/dags/kafka_to_minio.py
[2024-10-11T00:38:17.314+0000] {processor.py:925} INFO - DAG(s) 'kafka_to_minio' retrieved from /opt/airflow/dags/kafka_to_minio.py
[2024-10-11T00:38:17.351+0000] {logging_mixin.py:190} INFO - [2024-10-11T00:38:17.351+0000] {dag.py:3239} INFO - Sync 1 DAGs
[2024-10-11T00:38:17.389+0000] {logging_mixin.py:190} INFO - [2024-10-11T00:38:17.388+0000] {dag.py:4180} INFO - Setting next_dagrun for kafka_to_minio to 2024-10-10 23:00:00+00:00, run_after=2024-10-11 00:00:00+00:00
[2024-10-11T00:38:17.414+0000] {processor.py:208} INFO - Processing /opt/airflow/dags/kafka_to_minio.py took 0.344 seconds
[2024-10-11T00:38:47.869+0000] {processor.py:186} INFO - Started process (PID=65525) to work on /opt/airflow/dags/kafka_to_minio.py
[2024-10-11T00:38:47.873+0000] {processor.py:914} INFO - Processing file /opt/airflow/dags/kafka_to_minio.py for tasks to queue
[2024-10-11T00:38:47.882+0000] {logging_mixin.py:190} INFO - [2024-10-11T00:38:47.882+0000] {dagbag.py:588} INFO - Filling up the DagBag from /opt/airflow/dags/kafka_to_minio.py
[2024-10-11T00:38:48.075+0000] {processor.py:925} INFO - DAG(s) 'kafka_to_minio' retrieved from /opt/airflow/dags/kafka_to_minio.py
[2024-10-11T00:38:48.109+0000] {logging_mixin.py:190} INFO - [2024-10-11T00:38:48.109+0000] {dag.py:3239} INFO - Sync 1 DAGs
[2024-10-11T00:38:48.141+0000] {logging_mixin.py:190} INFO - [2024-10-11T00:38:48.141+0000] {dag.py:4180} INFO - Setting next_dagrun for kafka_to_minio to 2024-10-10 23:00:00+00:00, run_after=2024-10-11 00:00:00+00:00
[2024-10-11T00:38:48.165+0000] {processor.py:208} INFO - Processing /opt/airflow/dags/kafka_to_minio.py took 0.310 seconds
[2024-10-11T00:39:18.618+0000] {processor.py:186} INFO - Started process (PID=65537) to work on /opt/airflow/dags/kafka_to_minio.py
[2024-10-11T00:39:18.622+0000] {processor.py:914} INFO - Processing file /opt/airflow/dags/kafka_to_minio.py for tasks to queue
[2024-10-11T00:39:18.628+0000] {logging_mixin.py:190} INFO - [2024-10-11T00:39:18.628+0000] {dagbag.py:588} INFO - Filling up the DagBag from /opt/airflow/dags/kafka_to_minio.py
[2024-10-11T00:39:18.837+0000] {processor.py:925} INFO - DAG(s) 'kafka_to_minio' retrieved from /opt/airflow/dags/kafka_to_minio.py
[2024-10-11T00:39:18.873+0000] {logging_mixin.py:190} INFO - [2024-10-11T00:39:18.873+0000] {dag.py:3239} INFO - Sync 1 DAGs
[2024-10-11T00:39:18.907+0000] {logging_mixin.py:190} INFO - [2024-10-11T00:39:18.907+0000] {dag.py:4180} INFO - Setting next_dagrun for kafka_to_minio to 2024-10-10 23:00:00+00:00, run_after=2024-10-11 00:00:00+00:00
[2024-10-11T00:39:18.930+0000] {processor.py:208} INFO - Processing /opt/airflow/dags/kafka_to_minio.py took 0.325 seconds
[2024-10-11T00:39:49.175+0000] {processor.py:186} INFO - Started process (PID=65548) to work on /opt/airflow/dags/kafka_to_minio.py
[2024-10-11T00:39:49.178+0000] {processor.py:914} INFO - Processing file /opt/airflow/dags/kafka_to_minio.py for tasks to queue
[2024-10-11T00:39:49.187+0000] {logging_mixin.py:190} INFO - [2024-10-11T00:39:49.187+0000] {dagbag.py:588} INFO - Filling up the DagBag from /opt/airflow/dags/kafka_to_minio.py
[2024-10-11T00:39:49.393+0000] {processor.py:925} INFO - DAG(s) 'kafka_to_minio' retrieved from /opt/airflow/dags/kafka_to_minio.py
[2024-10-11T00:39:49.428+0000] {logging_mixin.py:190} INFO - [2024-10-11T00:39:49.428+0000] {dag.py:3239} INFO - Sync 1 DAGs
[2024-10-11T00:39:49.460+0000] {logging_mixin.py:190} INFO - [2024-10-11T00:39:49.460+0000] {dag.py:4180} INFO - Setting next_dagrun for kafka_to_minio to 2024-10-10 23:00:00+00:00, run_after=2024-10-11 00:00:00+00:00
[2024-10-11T00:39:49.482+0000] {processor.py:208} INFO - Processing /opt/airflow/dags/kafka_to_minio.py took 0.321 seconds
[2024-10-11T00:40:20.271+0000] {processor.py:186} INFO - Started process (PID=65560) to work on /opt/airflow/dags/kafka_to_minio.py
[2024-10-11T00:40:20.273+0000] {processor.py:914} INFO - Processing file /opt/airflow/dags/kafka_to_minio.py for tasks to queue
[2024-10-11T00:40:20.278+0000] {logging_mixin.py:190} INFO - [2024-10-11T00:40:20.277+0000] {dagbag.py:588} INFO - Filling up the DagBag from /opt/airflow/dags/kafka_to_minio.py
[2024-10-11T00:40:20.480+0000] {processor.py:925} INFO - DAG(s) 'kafka_to_minio' retrieved from /opt/airflow/dags/kafka_to_minio.py
[2024-10-11T00:40:20.514+0000] {logging_mixin.py:190} INFO - [2024-10-11T00:40:20.513+0000] {dag.py:3239} INFO - Sync 1 DAGs
[2024-10-11T00:40:20.546+0000] {logging_mixin.py:190} INFO - [2024-10-11T00:40:20.546+0000] {dag.py:4180} INFO - Setting next_dagrun for kafka_to_minio to 2024-10-10 23:00:00+00:00, run_after=2024-10-11 00:00:00+00:00
[2024-10-11T00:40:20.571+0000] {processor.py:208} INFO - Processing /opt/airflow/dags/kafka_to_minio.py took 0.314 seconds
[2024-10-11T00:40:50.728+0000] {processor.py:186} INFO - Started process (PID=65573) to work on /opt/airflow/dags/kafka_to_minio.py
[2024-10-11T00:40:50.730+0000] {processor.py:914} INFO - Processing file /opt/airflow/dags/kafka_to_minio.py for tasks to queue
[2024-10-11T00:40:50.735+0000] {logging_mixin.py:190} INFO - [2024-10-11T00:40:50.734+0000] {dagbag.py:588} INFO - Filling up the DagBag from /opt/airflow/dags/kafka_to_minio.py
[2024-10-11T00:40:50.943+0000] {processor.py:925} INFO - DAG(s) 'kafka_to_minio' retrieved from /opt/airflow/dags/kafka_to_minio.py
[2024-10-11T00:40:50.990+0000] {logging_mixin.py:190} INFO - [2024-10-11T00:40:50.989+0000] {dag.py:3239} INFO - Sync 1 DAGs
[2024-10-11T00:40:51.038+0000] {logging_mixin.py:190} INFO - [2024-10-11T00:40:51.038+0000] {dag.py:4180} INFO - Setting next_dagrun for kafka_to_minio to 2024-10-10 23:00:00+00:00, run_after=2024-10-11 00:00:00+00:00
[2024-10-11T00:40:51.067+0000] {processor.py:208} INFO - Processing /opt/airflow/dags/kafka_to_minio.py took 0.355 seconds
[2024-10-11T00:41:21.343+0000] {processor.py:186} INFO - Started process (PID=65585) to work on /opt/airflow/dags/kafka_to_minio.py
[2024-10-11T00:41:21.345+0000] {processor.py:914} INFO - Processing file /opt/airflow/dags/kafka_to_minio.py for tasks to queue
[2024-10-11T00:41:21.350+0000] {logging_mixin.py:190} INFO - [2024-10-11T00:41:21.349+0000] {dagbag.py:588} INFO - Filling up the DagBag from /opt/airflow/dags/kafka_to_minio.py
[2024-10-11T00:41:21.524+0000] {processor.py:925} INFO - DAG(s) 'kafka_to_minio' retrieved from /opt/airflow/dags/kafka_to_minio.py
[2024-10-11T00:41:21.557+0000] {logging_mixin.py:190} INFO - [2024-10-11T00:41:21.557+0000] {dag.py:3239} INFO - Sync 1 DAGs
[2024-10-11T00:41:21.597+0000] {logging_mixin.py:190} INFO - [2024-10-11T00:41:21.597+0000] {dag.py:4180} INFO - Setting next_dagrun for kafka_to_minio to 2024-10-10 23:00:00+00:00, run_after=2024-10-11 00:00:00+00:00
[2024-10-11T00:41:21.622+0000] {processor.py:208} INFO - Processing /opt/airflow/dags/kafka_to_minio.py took 0.294 seconds
[2024-10-11T00:41:51.711+0000] {processor.py:186} INFO - Started process (PID=65593) to work on /opt/airflow/dags/kafka_to_minio.py
[2024-10-11T00:41:51.713+0000] {processor.py:914} INFO - Processing file /opt/airflow/dags/kafka_to_minio.py for tasks to queue
[2024-10-11T00:41:51.718+0000] {logging_mixin.py:190} INFO - [2024-10-11T00:41:51.717+0000] {dagbag.py:588} INFO - Filling up the DagBag from /opt/airflow/dags/kafka_to_minio.py
[2024-10-11T00:41:51.938+0000] {processor.py:925} INFO - DAG(s) 'kafka_to_minio' retrieved from /opt/airflow/dags/kafka_to_minio.py
[2024-10-11T00:41:51.984+0000] {logging_mixin.py:190} INFO - [2024-10-11T00:41:51.983+0000] {dag.py:3239} INFO - Sync 1 DAGs
[2024-10-11T00:41:52.033+0000] {logging_mixin.py:190} INFO - [2024-10-11T00:41:52.033+0000] {dag.py:4180} INFO - Setting next_dagrun for kafka_to_minio to 2024-10-10 23:00:00+00:00, run_after=2024-10-11 00:00:00+00:00
[2024-10-11T00:41:52.068+0000] {processor.py:208} INFO - Processing /opt/airflow/dags/kafka_to_minio.py took 0.371 seconds
[2024-10-11T00:42:22.449+0000] {processor.py:186} INFO - Started process (PID=65604) to work on /opt/airflow/dags/kafka_to_minio.py
[2024-10-11T00:42:22.452+0000] {processor.py:914} INFO - Processing file /opt/airflow/dags/kafka_to_minio.py for tasks to queue
[2024-10-11T00:42:22.457+0000] {logging_mixin.py:190} INFO - [2024-10-11T00:42:22.456+0000] {dagbag.py:588} INFO - Filling up the DagBag from /opt/airflow/dags/kafka_to_minio.py
[2024-10-11T00:42:22.680+0000] {processor.py:925} INFO - DAG(s) 'kafka_to_minio' retrieved from /opt/airflow/dags/kafka_to_minio.py
[2024-10-11T00:42:22.715+0000] {logging_mixin.py:190} INFO - [2024-10-11T00:42:22.714+0000] {dag.py:3239} INFO - Sync 1 DAGs
[2024-10-11T00:42:22.750+0000] {logging_mixin.py:190} INFO - [2024-10-11T00:42:22.750+0000] {dag.py:4180} INFO - Setting next_dagrun for kafka_to_minio to 2024-10-10 23:00:00+00:00, run_after=2024-10-11 00:00:00+00:00
[2024-10-11T00:42:22.776+0000] {processor.py:208} INFO - Processing /opt/airflow/dags/kafka_to_minio.py took 0.347 seconds
[2024-10-11T00:42:53.157+0000] {processor.py:186} INFO - Started process (PID=65616) to work on /opt/airflow/dags/kafka_to_minio.py
[2024-10-11T00:42:53.159+0000] {processor.py:914} INFO - Processing file /opt/airflow/dags/kafka_to_minio.py for tasks to queue
[2024-10-11T00:42:53.164+0000] {logging_mixin.py:190} INFO - [2024-10-11T00:42:53.163+0000] {dagbag.py:588} INFO - Filling up the DagBag from /opt/airflow/dags/kafka_to_minio.py
[2024-10-11T00:42:53.391+0000] {processor.py:925} INFO - DAG(s) 'kafka_to_minio' retrieved from /opt/airflow/dags/kafka_to_minio.py
[2024-10-11T00:42:53.438+0000] {logging_mixin.py:190} INFO - [2024-10-11T00:42:53.438+0000] {dag.py:3239} INFO - Sync 1 DAGs
[2024-10-11T00:42:53.494+0000] {logging_mixin.py:190} INFO - [2024-10-11T00:42:53.493+0000] {dag.py:4180} INFO - Setting next_dagrun for kafka_to_minio to 2024-10-10 23:00:00+00:00, run_after=2024-10-11 00:00:00+00:00
[2024-10-11T00:42:53.524+0000] {processor.py:208} INFO - Processing /opt/airflow/dags/kafka_to_minio.py took 0.383 seconds
[2024-10-11T00:43:24.239+0000] {processor.py:186} INFO - Started process (PID=65628) to work on /opt/airflow/dags/kafka_to_minio.py
[2024-10-11T00:43:24.241+0000] {processor.py:914} INFO - Processing file /opt/airflow/dags/kafka_to_minio.py for tasks to queue
[2024-10-11T00:43:24.244+0000] {logging_mixin.py:190} INFO - [2024-10-11T00:43:24.244+0000] {dagbag.py:588} INFO - Filling up the DagBag from /opt/airflow/dags/kafka_to_minio.py
[2024-10-11T00:43:24.386+0000] {processor.py:925} INFO - DAG(s) 'kafka_to_minio' retrieved from /opt/airflow/dags/kafka_to_minio.py
[2024-10-11T00:43:24.424+0000] {logging_mixin.py:190} INFO - [2024-10-11T00:43:24.423+0000] {dag.py:3239} INFO - Sync 1 DAGs
[2024-10-11T00:43:24.456+0000] {logging_mixin.py:190} INFO - [2024-10-11T00:43:24.456+0000] {dag.py:4180} INFO - Setting next_dagrun for kafka_to_minio to 2024-10-10 23:00:00+00:00, run_after=2024-10-11 00:00:00+00:00
[2024-10-11T00:43:24.695+0000] {processor.py:208} INFO - Processing /opt/airflow/dags/kafka_to_minio.py took 0.469 seconds
[2024-10-11T00:43:55.406+0000] {processor.py:186} INFO - Started process (PID=65640) to work on /opt/airflow/dags/kafka_to_minio.py
[2024-10-11T00:43:55.408+0000] {processor.py:914} INFO - Processing file /opt/airflow/dags/kafka_to_minio.py for tasks to queue
[2024-10-11T00:43:55.412+0000] {logging_mixin.py:190} INFO - [2024-10-11T00:43:55.411+0000] {dagbag.py:588} INFO - Filling up the DagBag from /opt/airflow/dags/kafka_to_minio.py
[2024-10-11T00:43:55.557+0000] {processor.py:925} INFO - DAG(s) 'kafka_to_minio' retrieved from /opt/airflow/dags/kafka_to_minio.py
[2024-10-11T00:43:55.590+0000] {logging_mixin.py:190} INFO - [2024-10-11T00:43:55.590+0000] {dag.py:3239} INFO - Sync 1 DAGs
[2024-10-11T00:43:55.624+0000] {logging_mixin.py:190} INFO - [2024-10-11T00:43:55.624+0000] {dag.py:4180} INFO - Setting next_dagrun for kafka_to_minio to 2024-10-10 23:00:00+00:00, run_after=2024-10-11 00:00:00+00:00
[2024-10-11T00:43:55.647+0000] {processor.py:208} INFO - Processing /opt/airflow/dags/kafka_to_minio.py took 0.251 seconds
[2024-10-11T00:44:26.124+0000] {processor.py:186} INFO - Started process (PID=65652) to work on /opt/airflow/dags/kafka_to_minio.py
[2024-10-11T00:44:26.127+0000] {processor.py:914} INFO - Processing file /opt/airflow/dags/kafka_to_minio.py for tasks to queue
[2024-10-11T00:44:26.132+0000] {logging_mixin.py:190} INFO - [2024-10-11T00:44:26.131+0000] {dagbag.py:588} INFO - Filling up the DagBag from /opt/airflow/dags/kafka_to_minio.py
[2024-10-11T00:44:26.279+0000] {processor.py:925} INFO - DAG(s) 'kafka_to_minio' retrieved from /opt/airflow/dags/kafka_to_minio.py
[2024-10-11T00:44:26.314+0000] {logging_mixin.py:190} INFO - [2024-10-11T00:44:26.314+0000] {dag.py:3239} INFO - Sync 1 DAGs
[2024-10-11T00:44:26.349+0000] {logging_mixin.py:190} INFO - [2024-10-11T00:44:26.348+0000] {dag.py:4180} INFO - Setting next_dagrun for kafka_to_minio to 2024-10-10 23:00:00+00:00, run_after=2024-10-11 00:00:00+00:00
[2024-10-11T00:44:26.372+0000] {processor.py:208} INFO - Processing /opt/airflow/dags/kafka_to_minio.py took 0.263 seconds
[2024-10-11T00:44:56.828+0000] {processor.py:186} INFO - Started process (PID=65664) to work on /opt/airflow/dags/kafka_to_minio.py
[2024-10-11T00:44:56.830+0000] {processor.py:914} INFO - Processing file /opt/airflow/dags/kafka_to_minio.py for tasks to queue
[2024-10-11T00:44:56.833+0000] {logging_mixin.py:190} INFO - [2024-10-11T00:44:56.833+0000] {dagbag.py:588} INFO - Filling up the DagBag from /opt/airflow/dags/kafka_to_minio.py
[2024-10-11T00:44:56.978+0000] {processor.py:925} INFO - DAG(s) 'kafka_to_minio' retrieved from /opt/airflow/dags/kafka_to_minio.py
[2024-10-11T00:44:57.010+0000] {logging_mixin.py:190} INFO - [2024-10-11T00:44:57.010+0000] {dag.py:3239} INFO - Sync 1 DAGs
[2024-10-11T00:44:57.043+0000] {logging_mixin.py:190} INFO - [2024-10-11T00:44:57.043+0000] {dag.py:4180} INFO - Setting next_dagrun for kafka_to_minio to 2024-10-10 23:00:00+00:00, run_after=2024-10-11 00:00:00+00:00
[2024-10-11T00:44:57.298+0000] {processor.py:208} INFO - Processing /opt/airflow/dags/kafka_to_minio.py took 0.482 seconds
[2024-10-11T00:45:27.557+0000] {processor.py:186} INFO - Started process (PID=65676) to work on /opt/airflow/dags/kafka_to_minio.py
[2024-10-11T00:45:27.559+0000] {processor.py:914} INFO - Processing file /opt/airflow/dags/kafka_to_minio.py for tasks to queue
[2024-10-11T00:45:27.564+0000] {logging_mixin.py:190} INFO - [2024-10-11T00:45:27.563+0000] {dagbag.py:588} INFO - Filling up the DagBag from /opt/airflow/dags/kafka_to_minio.py
[2024-10-11T00:45:27.721+0000] {processor.py:925} INFO - DAG(s) 'kafka_to_minio' retrieved from /opt/airflow/dags/kafka_to_minio.py
[2024-10-11T00:45:27.756+0000] {logging_mixin.py:190} INFO - [2024-10-11T00:45:27.755+0000] {dag.py:3239} INFO - Sync 1 DAGs
[2024-10-11T00:45:27.791+0000] {logging_mixin.py:190} INFO - [2024-10-11T00:45:27.791+0000] {dag.py:4180} INFO - Setting next_dagrun for kafka_to_minio to 2024-10-10 23:00:00+00:00, run_after=2024-10-11 00:00:00+00:00
[2024-10-11T00:45:27.814+0000] {processor.py:208} INFO - Processing /opt/airflow/dags/kafka_to_minio.py took 0.270 seconds
[2024-10-11T00:45:58.210+0000] {processor.py:186} INFO - Started process (PID=65688) to work on /opt/airflow/dags/kafka_to_minio.py
[2024-10-11T00:45:58.212+0000] {processor.py:914} INFO - Processing file /opt/airflow/dags/kafka_to_minio.py for tasks to queue
[2024-10-11T00:45:58.216+0000] {logging_mixin.py:190} INFO - [2024-10-11T00:45:58.216+0000] {dagbag.py:588} INFO - Filling up the DagBag from /opt/airflow/dags/kafka_to_minio.py
[2024-10-11T00:45:58.391+0000] {processor.py:925} INFO - DAG(s) 'kafka_to_minio' retrieved from /opt/airflow/dags/kafka_to_minio.py
[2024-10-11T00:45:58.438+0000] {logging_mixin.py:190} INFO - [2024-10-11T00:45:58.438+0000] {dag.py:3239} INFO - Sync 1 DAGs
[2024-10-11T00:45:58.478+0000] {logging_mixin.py:190} INFO - [2024-10-11T00:45:58.478+0000] {dag.py:4180} INFO - Setting next_dagrun for kafka_to_minio to 2024-10-10 23:00:00+00:00, run_after=2024-10-11 00:00:00+00:00
[2024-10-11T00:45:58.501+0000] {processor.py:208} INFO - Processing /opt/airflow/dags/kafka_to_minio.py took 0.302 seconds
[2024-10-11T00:46:28.994+0000] {processor.py:186} INFO - Started process (PID=65700) to work on /opt/airflow/dags/kafka_to_minio.py
[2024-10-11T00:46:28.996+0000] {processor.py:914} INFO - Processing file /opt/airflow/dags/kafka_to_minio.py for tasks to queue
[2024-10-11T00:46:29.000+0000] {logging_mixin.py:190} INFO - [2024-10-11T00:46:29.000+0000] {dagbag.py:588} INFO - Filling up the DagBag from /opt/airflow/dags/kafka_to_minio.py
[2024-10-11T00:46:29.155+0000] {processor.py:925} INFO - DAG(s) 'kafka_to_minio' retrieved from /opt/airflow/dags/kafka_to_minio.py
[2024-10-11T00:46:29.192+0000] {logging_mixin.py:190} INFO - [2024-10-11T00:46:29.191+0000] {dag.py:3239} INFO - Sync 1 DAGs
[2024-10-11T00:46:29.231+0000] {logging_mixin.py:190} INFO - [2024-10-11T00:46:29.231+0000] {dag.py:4180} INFO - Setting next_dagrun for kafka_to_minio to 2024-10-10 23:00:00+00:00, run_after=2024-10-11 00:00:00+00:00
[2024-10-11T00:46:29.489+0000] {processor.py:208} INFO - Processing /opt/airflow/dags/kafka_to_minio.py took 0.506 seconds
