[2024-10-11T00:00:05.841+0000] {processor.py:186} INFO - Started process (PID=64616) to work on /opt/airflow/dags/log_dag.py
[2024-10-11T00:00:05.845+0000] {processor.py:914} INFO - Processing file /opt/airflow/dags/log_dag.py for tasks to queue
[2024-10-11T00:00:05.854+0000] {logging_mixin.py:190} INFO - [2024-10-11T00:00:05.853+0000] {dagbag.py:588} INFO - Filling up the DagBag from /opt/airflow/dags/log_dag.py
[2024-10-11T00:00:05.887+0000] {processor.py:925} INFO - DAG(s) 'log_dag' retrieved from /opt/airflow/dags/log_dag.py
[2024-10-11T00:00:06.015+0000] {logging_mixin.py:190} INFO - [2024-10-11T00:00:06.014+0000] {dag.py:3239} INFO - Sync 1 DAGs
[2024-10-11T00:00:06.056+0000] {logging_mixin.py:190} INFO - [2024-10-11T00:00:06.056+0000] {dag.py:4180} INFO - Setting next_dagrun for log_dag to None, run_after=None
[2024-10-11T00:00:06.106+0000] {processor.py:208} INFO - Processing /opt/airflow/dags/log_dag.py took 0.290 seconds
[2024-10-11T00:00:36.199+0000] {processor.py:186} INFO - Started process (PID=64628) to work on /opt/airflow/dags/log_dag.py
[2024-10-11T00:00:36.201+0000] {processor.py:914} INFO - Processing file /opt/airflow/dags/log_dag.py for tasks to queue
[2024-10-11T00:00:36.204+0000] {logging_mixin.py:190} INFO - [2024-10-11T00:00:36.204+0000] {dagbag.py:588} INFO - Filling up the DagBag from /opt/airflow/dags/log_dag.py
[2024-10-11T00:00:36.216+0000] {processor.py:925} INFO - DAG(s) 'log_dag' retrieved from /opt/airflow/dags/log_dag.py
[2024-10-11T00:00:36.255+0000] {logging_mixin.py:190} INFO - [2024-10-11T00:00:36.255+0000] {dag.py:3239} INFO - Sync 1 DAGs
[2024-10-11T00:00:36.275+0000] {logging_mixin.py:190} INFO - [2024-10-11T00:00:36.275+0000] {dag.py:4180} INFO - Setting next_dagrun for log_dag to None, run_after=None
[2024-10-11T00:00:36.299+0000] {processor.py:208} INFO - Processing /opt/airflow/dags/log_dag.py took 0.111 seconds
[2024-10-11T00:01:07.022+0000] {processor.py:186} INFO - Started process (PID=64640) to work on /opt/airflow/dags/log_dag.py
[2024-10-11T00:01:07.030+0000] {processor.py:914} INFO - Processing file /opt/airflow/dags/log_dag.py for tasks to queue
[2024-10-11T00:01:07.053+0000] {logging_mixin.py:190} INFO - [2024-10-11T00:01:07.052+0000] {dagbag.py:588} INFO - Filling up the DagBag from /opt/airflow/dags/log_dag.py
[2024-10-11T00:01:07.142+0000] {processor.py:925} INFO - DAG(s) 'log_dag' retrieved from /opt/airflow/dags/log_dag.py
[2024-10-11T00:01:07.333+0000] {logging_mixin.py:190} INFO - [2024-10-11T00:01:07.327+0000] {dag.py:3239} INFO - Sync 1 DAGs
[2024-10-11T00:01:07.434+0000] {logging_mixin.py:190} INFO - [2024-10-11T00:01:07.430+0000] {dag.py:4180} INFO - Setting next_dagrun for log_dag to None, run_after=None
[2024-10-11T00:01:07.562+0000] {processor.py:208} INFO - Processing /opt/airflow/dags/log_dag.py took 0.645 seconds
[2024-10-11T00:01:37.910+0000] {processor.py:186} INFO - Started process (PID=64657) to work on /opt/airflow/dags/log_dag.py
[2024-10-11T00:01:37.911+0000] {processor.py:914} INFO - Processing file /opt/airflow/dags/log_dag.py for tasks to queue
[2024-10-11T00:01:37.916+0000] {logging_mixin.py:190} INFO - [2024-10-11T00:01:37.915+0000] {dagbag.py:588} INFO - Filling up the DagBag from /opt/airflow/dags/log_dag.py
[2024-10-11T00:01:37.932+0000] {processor.py:925} INFO - DAG(s) 'log_dag' retrieved from /opt/airflow/dags/log_dag.py
[2024-10-11T00:01:38.013+0000] {logging_mixin.py:190} INFO - [2024-10-11T00:01:38.013+0000] {dag.py:3239} INFO - Sync 1 DAGs
[2024-10-11T00:01:38.065+0000] {logging_mixin.py:190} INFO - [2024-10-11T00:01:38.065+0000] {dag.py:4180} INFO - Setting next_dagrun for log_dag to None, run_after=None
[2024-10-11T00:01:38.110+0000] {processor.py:208} INFO - Processing /opt/airflow/dags/log_dag.py took 0.215 seconds
[2024-10-11T00:02:08.310+0000] {processor.py:186} INFO - Started process (PID=64668) to work on /opt/airflow/dags/log_dag.py
[2024-10-11T00:02:08.312+0000] {processor.py:914} INFO - Processing file /opt/airflow/dags/log_dag.py for tasks to queue
[2024-10-11T00:02:08.316+0000] {logging_mixin.py:190} INFO - [2024-10-11T00:02:08.315+0000] {dagbag.py:588} INFO - Filling up the DagBag from /opt/airflow/dags/log_dag.py
[2024-10-11T00:02:08.328+0000] {processor.py:925} INFO - DAG(s) 'log_dag' retrieved from /opt/airflow/dags/log_dag.py
[2024-10-11T00:02:08.369+0000] {logging_mixin.py:190} INFO - [2024-10-11T00:02:08.369+0000] {dag.py:3239} INFO - Sync 1 DAGs
[2024-10-11T00:02:08.401+0000] {logging_mixin.py:190} INFO - [2024-10-11T00:02:08.400+0000] {dag.py:4180} INFO - Setting next_dagrun for log_dag to None, run_after=None
[2024-10-11T00:02:08.430+0000] {processor.py:208} INFO - Processing /opt/airflow/dags/log_dag.py took 0.131 seconds
[2024-10-11T00:02:38.740+0000] {processor.py:186} INFO - Started process (PID=64679) to work on /opt/airflow/dags/log_dag.py
[2024-10-11T00:02:38.743+0000] {processor.py:914} INFO - Processing file /opt/airflow/dags/log_dag.py for tasks to queue
[2024-10-11T00:02:38.750+0000] {logging_mixin.py:190} INFO - [2024-10-11T00:02:38.749+0000] {dagbag.py:588} INFO - Filling up the DagBag from /opt/airflow/dags/log_dag.py
[2024-10-11T00:02:38.778+0000] {processor.py:925} INFO - DAG(s) 'log_dag' retrieved from /opt/airflow/dags/log_dag.py
[2024-10-11T00:02:38.861+0000] {logging_mixin.py:190} INFO - [2024-10-11T00:02:38.861+0000] {dag.py:3239} INFO - Sync 1 DAGs
[2024-10-11T00:02:38.890+0000] {logging_mixin.py:190} INFO - [2024-10-11T00:02:38.890+0000] {dag.py:4180} INFO - Setting next_dagrun for log_dag to None, run_after=None
[2024-10-11T00:02:38.922+0000] {processor.py:208} INFO - Processing /opt/airflow/dags/log_dag.py took 0.207 seconds
[2024-10-11T00:03:09.238+0000] {processor.py:186} INFO - Started process (PID=64690) to work on /opt/airflow/dags/log_dag.py
[2024-10-11T00:03:09.240+0000] {processor.py:914} INFO - Processing file /opt/airflow/dags/log_dag.py for tasks to queue
[2024-10-11T00:03:09.244+0000] {logging_mixin.py:190} INFO - [2024-10-11T00:03:09.244+0000] {dagbag.py:588} INFO - Filling up the DagBag from /opt/airflow/dags/log_dag.py
[2024-10-11T00:03:09.260+0000] {processor.py:925} INFO - DAG(s) 'log_dag' retrieved from /opt/airflow/dags/log_dag.py
[2024-10-11T00:03:09.308+0000] {logging_mixin.py:190} INFO - [2024-10-11T00:03:09.308+0000] {dag.py:3239} INFO - Sync 1 DAGs
[2024-10-11T00:03:09.336+0000] {logging_mixin.py:190} INFO - [2024-10-11T00:03:09.335+0000] {dag.py:4180} INFO - Setting next_dagrun for log_dag to None, run_after=None
[2024-10-11T00:03:09.369+0000] {processor.py:208} INFO - Processing /opt/airflow/dags/log_dag.py took 0.159 seconds
[2024-10-11T00:03:39.582+0000] {processor.py:186} INFO - Started process (PID=64702) to work on /opt/airflow/dags/log_dag.py
[2024-10-11T00:03:39.584+0000] {processor.py:914} INFO - Processing file /opt/airflow/dags/log_dag.py for tasks to queue
[2024-10-11T00:03:39.587+0000] {logging_mixin.py:190} INFO - [2024-10-11T00:03:39.587+0000] {dagbag.py:588} INFO - Filling up the DagBag from /opt/airflow/dags/log_dag.py
[2024-10-11T00:03:39.599+0000] {processor.py:925} INFO - DAG(s) 'log_dag' retrieved from /opt/airflow/dags/log_dag.py
[2024-10-11T00:03:39.638+0000] {logging_mixin.py:190} INFO - [2024-10-11T00:03:39.637+0000] {dag.py:3239} INFO - Sync 1 DAGs
[2024-10-11T00:03:39.657+0000] {logging_mixin.py:190} INFO - [2024-10-11T00:03:39.657+0000] {dag.py:4180} INFO - Setting next_dagrun for log_dag to None, run_after=None
[2024-10-11T00:03:39.682+0000] {processor.py:208} INFO - Processing /opt/airflow/dags/log_dag.py took 0.112 seconds
[2024-10-11T00:04:09.920+0000] {processor.py:186} INFO - Started process (PID=64714) to work on /opt/airflow/dags/log_dag.py
[2024-10-11T00:04:09.922+0000] {processor.py:914} INFO - Processing file /opt/airflow/dags/log_dag.py for tasks to queue
[2024-10-11T00:04:09.926+0000] {logging_mixin.py:190} INFO - [2024-10-11T00:04:09.926+0000] {dagbag.py:588} INFO - Filling up the DagBag from /opt/airflow/dags/log_dag.py
[2024-10-11T00:04:09.941+0000] {processor.py:925} INFO - DAG(s) 'log_dag' retrieved from /opt/airflow/dags/log_dag.py
[2024-10-11T00:04:09.990+0000] {logging_mixin.py:190} INFO - [2024-10-11T00:04:09.990+0000] {dag.py:3239} INFO - Sync 1 DAGs
[2024-10-11T00:04:10.009+0000] {logging_mixin.py:190} INFO - [2024-10-11T00:04:10.009+0000] {dag.py:4180} INFO - Setting next_dagrun for log_dag to None, run_after=None
[2024-10-11T00:04:10.035+0000] {processor.py:208} INFO - Processing /opt/airflow/dags/log_dag.py took 0.128 seconds
[2024-10-11T00:04:40.494+0000] {processor.py:186} INFO - Started process (PID=64726) to work on /opt/airflow/dags/log_dag.py
[2024-10-11T00:04:40.495+0000] {processor.py:914} INFO - Processing file /opt/airflow/dags/log_dag.py for tasks to queue
[2024-10-11T00:04:40.499+0000] {logging_mixin.py:190} INFO - [2024-10-11T00:04:40.498+0000] {dagbag.py:588} INFO - Filling up the DagBag from /opt/airflow/dags/log_dag.py
[2024-10-11T00:04:40.510+0000] {processor.py:925} INFO - DAG(s) 'log_dag' retrieved from /opt/airflow/dags/log_dag.py
[2024-10-11T00:04:40.548+0000] {logging_mixin.py:190} INFO - [2024-10-11T00:04:40.547+0000] {dag.py:3239} INFO - Sync 1 DAGs
[2024-10-11T00:04:40.569+0000] {logging_mixin.py:190} INFO - [2024-10-11T00:04:40.569+0000] {dag.py:4180} INFO - Setting next_dagrun for log_dag to None, run_after=None
[2024-10-11T00:04:40.596+0000] {processor.py:208} INFO - Processing /opt/airflow/dags/log_dag.py took 0.115 seconds
[2024-10-11T00:05:10.898+0000] {processor.py:186} INFO - Started process (PID=64738) to work on /opt/airflow/dags/log_dag.py
[2024-10-11T00:05:10.900+0000] {processor.py:914} INFO - Processing file /opt/airflow/dags/log_dag.py for tasks to queue
[2024-10-11T00:05:10.905+0000] {logging_mixin.py:190} INFO - [2024-10-11T00:05:10.904+0000] {dagbag.py:588} INFO - Filling up the DagBag from /opt/airflow/dags/log_dag.py
[2024-10-11T00:05:10.921+0000] {processor.py:925} INFO - DAG(s) 'log_dag' retrieved from /opt/airflow/dags/log_dag.py
[2024-10-11T00:05:11.003+0000] {logging_mixin.py:190} INFO - [2024-10-11T00:05:11.003+0000] {dag.py:3239} INFO - Sync 1 DAGs
[2024-10-11T00:05:11.057+0000] {logging_mixin.py:190} INFO - [2024-10-11T00:05:11.055+0000] {dag.py:4180} INFO - Setting next_dagrun for log_dag to None, run_after=None
[2024-10-11T00:05:11.089+0000] {processor.py:208} INFO - Processing /opt/airflow/dags/log_dag.py took 0.208 seconds
[2024-10-11T00:05:41.378+0000] {processor.py:186} INFO - Started process (PID=64750) to work on /opt/airflow/dags/log_dag.py
[2024-10-11T00:05:41.381+0000] {processor.py:914} INFO - Processing file /opt/airflow/dags/log_dag.py for tasks to queue
[2024-10-11T00:05:41.385+0000] {logging_mixin.py:190} INFO - [2024-10-11T00:05:41.384+0000] {dagbag.py:588} INFO - Filling up the DagBag from /opt/airflow/dags/log_dag.py
[2024-10-11T00:05:41.396+0000] {processor.py:925} INFO - DAG(s) 'log_dag' retrieved from /opt/airflow/dags/log_dag.py
[2024-10-11T00:05:41.433+0000] {logging_mixin.py:190} INFO - [2024-10-11T00:05:41.433+0000] {dag.py:3239} INFO - Sync 1 DAGs
[2024-10-11T00:05:41.452+0000] {logging_mixin.py:190} INFO - [2024-10-11T00:05:41.452+0000] {dag.py:4180} INFO - Setting next_dagrun for log_dag to None, run_after=None
[2024-10-11T00:05:41.477+0000] {processor.py:208} INFO - Processing /opt/airflow/dags/log_dag.py took 0.113 seconds
[2024-10-11T00:06:11.749+0000] {processor.py:186} INFO - Started process (PID=64762) to work on /opt/airflow/dags/log_dag.py
[2024-10-11T00:06:11.751+0000] {processor.py:914} INFO - Processing file /opt/airflow/dags/log_dag.py for tasks to queue
[2024-10-11T00:06:11.756+0000] {logging_mixin.py:190} INFO - [2024-10-11T00:06:11.755+0000] {dagbag.py:588} INFO - Filling up the DagBag from /opt/airflow/dags/log_dag.py
[2024-10-11T00:06:11.771+0000] {processor.py:925} INFO - DAG(s) 'log_dag' retrieved from /opt/airflow/dags/log_dag.py
[2024-10-11T00:06:11.808+0000] {logging_mixin.py:190} INFO - [2024-10-11T00:06:11.808+0000] {dag.py:3239} INFO - Sync 1 DAGs
[2024-10-11T00:06:11.827+0000] {logging_mixin.py:190} INFO - [2024-10-11T00:06:11.827+0000] {dag.py:4180} INFO - Setting next_dagrun for log_dag to None, run_after=None
[2024-10-11T00:06:11.850+0000] {processor.py:208} INFO - Processing /opt/airflow/dags/log_dag.py took 0.117 seconds
[2024-10-11T00:06:42.138+0000] {processor.py:186} INFO - Started process (PID=64774) to work on /opt/airflow/dags/log_dag.py
[2024-10-11T00:06:42.141+0000] {processor.py:914} INFO - Processing file /opt/airflow/dags/log_dag.py for tasks to queue
[2024-10-11T00:06:42.146+0000] {logging_mixin.py:190} INFO - [2024-10-11T00:06:42.145+0000] {dagbag.py:588} INFO - Filling up the DagBag from /opt/airflow/dags/log_dag.py
[2024-10-11T00:06:42.163+0000] {processor.py:925} INFO - DAG(s) 'log_dag' retrieved from /opt/airflow/dags/log_dag.py
[2024-10-11T00:06:42.217+0000] {logging_mixin.py:190} INFO - [2024-10-11T00:06:42.217+0000] {dag.py:3239} INFO - Sync 1 DAGs
[2024-10-11T00:06:42.257+0000] {logging_mixin.py:190} INFO - [2024-10-11T00:06:42.257+0000] {dag.py:4180} INFO - Setting next_dagrun for log_dag to None, run_after=None
[2024-10-11T00:06:42.290+0000] {processor.py:208} INFO - Processing /opt/airflow/dags/log_dag.py took 0.169 seconds
[2024-10-11T00:07:12.566+0000] {processor.py:186} INFO - Started process (PID=64786) to work on /opt/airflow/dags/log_dag.py
[2024-10-11T00:07:12.568+0000] {processor.py:914} INFO - Processing file /opt/airflow/dags/log_dag.py for tasks to queue
[2024-10-11T00:07:12.571+0000] {logging_mixin.py:190} INFO - [2024-10-11T00:07:12.571+0000] {dagbag.py:588} INFO - Filling up the DagBag from /opt/airflow/dags/log_dag.py
[2024-10-11T00:07:12.583+0000] {processor.py:925} INFO - DAG(s) 'log_dag' retrieved from /opt/airflow/dags/log_dag.py
[2024-10-11T00:07:12.621+0000] {logging_mixin.py:190} INFO - [2024-10-11T00:07:12.621+0000] {dag.py:3239} INFO - Sync 1 DAGs
[2024-10-11T00:07:12.644+0000] {logging_mixin.py:190} INFO - [2024-10-11T00:07:12.644+0000] {dag.py:4180} INFO - Setting next_dagrun for log_dag to None, run_after=None
[2024-10-11T00:07:12.671+0000] {processor.py:208} INFO - Processing /opt/airflow/dags/log_dag.py took 0.116 seconds
[2024-10-11T00:07:42.966+0000] {processor.py:186} INFO - Started process (PID=64798) to work on /opt/airflow/dags/log_dag.py
[2024-10-11T00:07:42.969+0000] {processor.py:914} INFO - Processing file /opt/airflow/dags/log_dag.py for tasks to queue
[2024-10-11T00:07:42.976+0000] {logging_mixin.py:190} INFO - [2024-10-11T00:07:42.975+0000] {dagbag.py:588} INFO - Filling up the DagBag from /opt/airflow/dags/log_dag.py
[2024-10-11T00:07:42.998+0000] {processor.py:925} INFO - DAG(s) 'log_dag' retrieved from /opt/airflow/dags/log_dag.py
[2024-10-11T00:07:43.056+0000] {logging_mixin.py:190} INFO - [2024-10-11T00:07:43.056+0000] {dag.py:3239} INFO - Sync 1 DAGs
[2024-10-11T00:07:43.088+0000] {logging_mixin.py:190} INFO - [2024-10-11T00:07:43.088+0000] {dag.py:4180} INFO - Setting next_dagrun for log_dag to None, run_after=None
[2024-10-11T00:07:43.138+0000] {processor.py:208} INFO - Processing /opt/airflow/dags/log_dag.py took 0.201 seconds
[2024-10-11T00:08:13.434+0000] {processor.py:186} INFO - Started process (PID=64810) to work on /opt/airflow/dags/log_dag.py
[2024-10-11T00:08:13.438+0000] {processor.py:914} INFO - Processing file /opt/airflow/dags/log_dag.py for tasks to queue
[2024-10-11T00:08:13.441+0000] {logging_mixin.py:190} INFO - [2024-10-11T00:08:13.440+0000] {dagbag.py:588} INFO - Filling up the DagBag from /opt/airflow/dags/log_dag.py
[2024-10-11T00:08:13.452+0000] {processor.py:925} INFO - DAG(s) 'log_dag' retrieved from /opt/airflow/dags/log_dag.py
[2024-10-11T00:08:13.487+0000] {logging_mixin.py:190} INFO - [2024-10-11T00:08:13.487+0000] {dag.py:3239} INFO - Sync 1 DAGs
[2024-10-11T00:08:13.506+0000] {logging_mixin.py:190} INFO - [2024-10-11T00:08:13.505+0000] {dag.py:4180} INFO - Setting next_dagrun for log_dag to None, run_after=None
[2024-10-11T00:08:13.529+0000] {processor.py:208} INFO - Processing /opt/airflow/dags/log_dag.py took 0.109 seconds
[2024-10-11T00:08:43.771+0000] {processor.py:186} INFO - Started process (PID=64822) to work on /opt/airflow/dags/log_dag.py
[2024-10-11T00:08:43.774+0000] {processor.py:914} INFO - Processing file /opt/airflow/dags/log_dag.py for tasks to queue
[2024-10-11T00:08:43.778+0000] {logging_mixin.py:190} INFO - [2024-10-11T00:08:43.777+0000] {dagbag.py:588} INFO - Filling up the DagBag from /opt/airflow/dags/log_dag.py
[2024-10-11T00:08:43.791+0000] {processor.py:925} INFO - DAG(s) 'log_dag' retrieved from /opt/airflow/dags/log_dag.py
[2024-10-11T00:08:43.830+0000] {logging_mixin.py:190} INFO - [2024-10-11T00:08:43.830+0000] {dag.py:3239} INFO - Sync 1 DAGs
[2024-10-11T00:08:43.850+0000] {logging_mixin.py:190} INFO - [2024-10-11T00:08:43.849+0000] {dag.py:4180} INFO - Setting next_dagrun for log_dag to None, run_after=None
[2024-10-11T00:08:43.876+0000] {processor.py:208} INFO - Processing /opt/airflow/dags/log_dag.py took 0.122 seconds
[2024-10-11T00:09:14.406+0000] {processor.py:186} INFO - Started process (PID=64834) to work on /opt/airflow/dags/log_dag.py
[2024-10-11T00:09:14.408+0000] {processor.py:914} INFO - Processing file /opt/airflow/dags/log_dag.py for tasks to queue
[2024-10-11T00:09:14.411+0000] {logging_mixin.py:190} INFO - [2024-10-11T00:09:14.411+0000] {dagbag.py:588} INFO - Filling up the DagBag from /opt/airflow/dags/log_dag.py
[2024-10-11T00:09:14.423+0000] {processor.py:925} INFO - DAG(s) 'log_dag' retrieved from /opt/airflow/dags/log_dag.py
[2024-10-11T00:09:14.464+0000] {logging_mixin.py:190} INFO - [2024-10-11T00:09:14.463+0000] {dag.py:3239} INFO - Sync 1 DAGs
[2024-10-11T00:09:14.483+0000] {logging_mixin.py:190} INFO - [2024-10-11T00:09:14.483+0000] {dag.py:4180} INFO - Setting next_dagrun for log_dag to None, run_after=None
[2024-10-11T00:09:14.507+0000] {processor.py:208} INFO - Processing /opt/airflow/dags/log_dag.py took 0.112 seconds
[2024-10-11T00:09:44.757+0000] {processor.py:186} INFO - Started process (PID=64846) to work on /opt/airflow/dags/log_dag.py
[2024-10-11T00:09:44.758+0000] {processor.py:914} INFO - Processing file /opt/airflow/dags/log_dag.py for tasks to queue
[2024-10-11T00:09:44.762+0000] {logging_mixin.py:190} INFO - [2024-10-11T00:09:44.761+0000] {dagbag.py:588} INFO - Filling up the DagBag from /opt/airflow/dags/log_dag.py
[2024-10-11T00:09:44.773+0000] {processor.py:925} INFO - DAG(s) 'log_dag' retrieved from /opt/airflow/dags/log_dag.py
[2024-10-11T00:09:44.811+0000] {logging_mixin.py:190} INFO - [2024-10-11T00:09:44.811+0000] {dag.py:3239} INFO - Sync 1 DAGs
[2024-10-11T00:09:44.831+0000] {logging_mixin.py:190} INFO - [2024-10-11T00:09:44.830+0000] {dag.py:4180} INFO - Setting next_dagrun for log_dag to None, run_after=None
[2024-10-11T00:09:44.857+0000] {processor.py:208} INFO - Processing /opt/airflow/dags/log_dag.py took 0.111 seconds
[2024-10-11T00:10:15.301+0000] {processor.py:186} INFO - Started process (PID=64858) to work on /opt/airflow/dags/log_dag.py
[2024-10-11T00:10:15.303+0000] {processor.py:914} INFO - Processing file /opt/airflow/dags/log_dag.py for tasks to queue
[2024-10-11T00:10:15.307+0000] {logging_mixin.py:190} INFO - [2024-10-11T00:10:15.306+0000] {dagbag.py:588} INFO - Filling up the DagBag from /opt/airflow/dags/log_dag.py
[2024-10-11T00:10:15.319+0000] {processor.py:925} INFO - DAG(s) 'log_dag' retrieved from /opt/airflow/dags/log_dag.py
[2024-10-11T00:10:15.358+0000] {logging_mixin.py:190} INFO - [2024-10-11T00:10:15.358+0000] {dag.py:3239} INFO - Sync 1 DAGs
[2024-10-11T00:10:15.379+0000] {logging_mixin.py:190} INFO - [2024-10-11T00:10:15.378+0000] {dag.py:4180} INFO - Setting next_dagrun for log_dag to None, run_after=None
[2024-10-11T00:10:15.413+0000] {processor.py:208} INFO - Processing /opt/airflow/dags/log_dag.py took 0.124 seconds
[2024-10-11T00:10:45.874+0000] {processor.py:186} INFO - Started process (PID=64870) to work on /opt/airflow/dags/log_dag.py
[2024-10-11T00:10:45.876+0000] {processor.py:914} INFO - Processing file /opt/airflow/dags/log_dag.py for tasks to queue
[2024-10-11T00:10:45.881+0000] {logging_mixin.py:190} INFO - [2024-10-11T00:10:45.880+0000] {dagbag.py:588} INFO - Filling up the DagBag from /opt/airflow/dags/log_dag.py
[2024-10-11T00:10:45.893+0000] {processor.py:925} INFO - DAG(s) 'log_dag' retrieved from /opt/airflow/dags/log_dag.py
[2024-10-11T00:10:45.932+0000] {logging_mixin.py:190} INFO - [2024-10-11T00:10:45.932+0000] {dag.py:3239} INFO - Sync 1 DAGs
[2024-10-11T00:10:45.951+0000] {logging_mixin.py:190} INFO - [2024-10-11T00:10:45.951+0000] {dag.py:4180} INFO - Setting next_dagrun for log_dag to None, run_after=None
[2024-10-11T00:10:45.980+0000] {processor.py:208} INFO - Processing /opt/airflow/dags/log_dag.py took 0.122 seconds
[2024-10-11T00:11:16.054+0000] {processor.py:186} INFO - Started process (PID=64881) to work on /opt/airflow/dags/log_dag.py
[2024-10-11T00:11:16.056+0000] {processor.py:914} INFO - Processing file /opt/airflow/dags/log_dag.py for tasks to queue
[2024-10-11T00:11:16.059+0000] {logging_mixin.py:190} INFO - [2024-10-11T00:11:16.059+0000] {dagbag.py:588} INFO - Filling up the DagBag from /opt/airflow/dags/log_dag.py
[2024-10-11T00:11:16.071+0000] {processor.py:925} INFO - DAG(s) 'log_dag' retrieved from /opt/airflow/dags/log_dag.py
[2024-10-11T00:11:16.107+0000] {logging_mixin.py:190} INFO - [2024-10-11T00:11:16.107+0000] {dag.py:3239} INFO - Sync 1 DAGs
[2024-10-11T00:11:16.137+0000] {logging_mixin.py:190} INFO - [2024-10-11T00:11:16.136+0000] {dag.py:4180} INFO - Setting next_dagrun for log_dag to None, run_after=None
[2024-10-11T00:11:16.162+0000] {processor.py:208} INFO - Processing /opt/airflow/dags/log_dag.py took 0.118 seconds
[2024-10-11T00:11:46.417+0000] {processor.py:186} INFO - Started process (PID=64893) to work on /opt/airflow/dags/log_dag.py
[2024-10-11T00:11:46.419+0000] {processor.py:914} INFO - Processing file /opt/airflow/dags/log_dag.py for tasks to queue
[2024-10-11T00:11:46.423+0000] {logging_mixin.py:190} INFO - [2024-10-11T00:11:46.423+0000] {dagbag.py:588} INFO - Filling up the DagBag from /opt/airflow/dags/log_dag.py
[2024-10-11T00:11:46.440+0000] {processor.py:925} INFO - DAG(s) 'log_dag' retrieved from /opt/airflow/dags/log_dag.py
[2024-10-11T00:11:46.493+0000] {logging_mixin.py:190} INFO - [2024-10-11T00:11:46.493+0000] {dag.py:3239} INFO - Sync 1 DAGs
[2024-10-11T00:11:46.528+0000] {logging_mixin.py:190} INFO - [2024-10-11T00:11:46.528+0000] {dag.py:4180} INFO - Setting next_dagrun for log_dag to None, run_after=None
[2024-10-11T00:11:46.557+0000] {processor.py:208} INFO - Processing /opt/airflow/dags/log_dag.py took 0.156 seconds
[2024-10-11T00:12:16.828+0000] {processor.py:186} INFO - Started process (PID=64905) to work on /opt/airflow/dags/log_dag.py
[2024-10-11T00:12:16.832+0000] {processor.py:914} INFO - Processing file /opt/airflow/dags/log_dag.py for tasks to queue
[2024-10-11T00:12:16.837+0000] {logging_mixin.py:190} INFO - [2024-10-11T00:12:16.836+0000] {dagbag.py:588} INFO - Filling up the DagBag from /opt/airflow/dags/log_dag.py
[2024-10-11T00:12:16.856+0000] {processor.py:925} INFO - DAG(s) 'log_dag' retrieved from /opt/airflow/dags/log_dag.py
[2024-10-11T00:12:16.927+0000] {logging_mixin.py:190} INFO - [2024-10-11T00:12:16.925+0000] {dag.py:3239} INFO - Sync 1 DAGs
[2024-10-11T00:12:16.956+0000] {logging_mixin.py:190} INFO - [2024-10-11T00:12:16.956+0000] {dag.py:4180} INFO - Setting next_dagrun for log_dag to None, run_after=None
[2024-10-11T00:12:16.989+0000] {processor.py:208} INFO - Processing /opt/airflow/dags/log_dag.py took 0.177 seconds
[2024-10-11T00:12:47.750+0000] {processor.py:186} INFO - Started process (PID=64917) to work on /opt/airflow/dags/log_dag.py
[2024-10-11T00:12:47.752+0000] {processor.py:914} INFO - Processing file /opt/airflow/dags/log_dag.py for tasks to queue
[2024-10-11T00:12:47.757+0000] {logging_mixin.py:190} INFO - [2024-10-11T00:12:47.756+0000] {dagbag.py:588} INFO - Filling up the DagBag from /opt/airflow/dags/log_dag.py
[2024-10-11T00:12:47.770+0000] {processor.py:925} INFO - DAG(s) 'log_dag' retrieved from /opt/airflow/dags/log_dag.py
[2024-10-11T00:12:47.811+0000] {logging_mixin.py:190} INFO - [2024-10-11T00:12:47.810+0000] {dag.py:3239} INFO - Sync 1 DAGs
[2024-10-11T00:12:47.831+0000] {logging_mixin.py:190} INFO - [2024-10-11T00:12:47.830+0000] {dag.py:4180} INFO - Setting next_dagrun for log_dag to None, run_after=None
[2024-10-11T00:12:47.854+0000] {processor.py:208} INFO - Processing /opt/airflow/dags/log_dag.py took 0.116 seconds
[2024-10-11T00:13:17.992+0000] {processor.py:186} INFO - Started process (PID=64929) to work on /opt/airflow/dags/log_dag.py
[2024-10-11T00:13:17.996+0000] {processor.py:914} INFO - Processing file /opt/airflow/dags/log_dag.py for tasks to queue
[2024-10-11T00:13:18.000+0000] {logging_mixin.py:190} INFO - [2024-10-11T00:13:17.999+0000] {dagbag.py:588} INFO - Filling up the DagBag from /opt/airflow/dags/log_dag.py
[2024-10-11T00:13:18.011+0000] {processor.py:925} INFO - DAG(s) 'log_dag' retrieved from /opt/airflow/dags/log_dag.py
[2024-10-11T00:13:18.050+0000] {logging_mixin.py:190} INFO - [2024-10-11T00:13:18.050+0000] {dag.py:3239} INFO - Sync 1 DAGs
[2024-10-11T00:13:18.070+0000] {logging_mixin.py:190} INFO - [2024-10-11T00:13:18.070+0000] {dag.py:4180} INFO - Setting next_dagrun for log_dag to None, run_after=None
[2024-10-11T00:13:18.094+0000] {processor.py:208} INFO - Processing /opt/airflow/dags/log_dag.py took 0.113 seconds
[2024-10-11T00:13:48.223+0000] {processor.py:186} INFO - Started process (PID=64941) to work on /opt/airflow/dags/log_dag.py
[2024-10-11T00:13:48.225+0000] {processor.py:914} INFO - Processing file /opt/airflow/dags/log_dag.py for tasks to queue
[2024-10-11T00:13:48.229+0000] {logging_mixin.py:190} INFO - [2024-10-11T00:13:48.229+0000] {dagbag.py:588} INFO - Filling up the DagBag from /opt/airflow/dags/log_dag.py
[2024-10-11T00:13:48.242+0000] {processor.py:925} INFO - DAG(s) 'log_dag' retrieved from /opt/airflow/dags/log_dag.py
[2024-10-11T00:13:48.283+0000] {logging_mixin.py:190} INFO - [2024-10-11T00:13:48.283+0000] {dag.py:3239} INFO - Sync 1 DAGs
[2024-10-11T00:13:48.303+0000] {logging_mixin.py:190} INFO - [2024-10-11T00:13:48.302+0000] {dag.py:4180} INFO - Setting next_dagrun for log_dag to None, run_after=None
[2024-10-11T00:13:48.326+0000] {processor.py:208} INFO - Processing /opt/airflow/dags/log_dag.py took 0.114 seconds
[2024-10-11T00:14:18.463+0000] {processor.py:186} INFO - Started process (PID=64953) to work on /opt/airflow/dags/log_dag.py
[2024-10-11T00:14:18.465+0000] {processor.py:914} INFO - Processing file /opt/airflow/dags/log_dag.py for tasks to queue
[2024-10-11T00:14:18.470+0000] {logging_mixin.py:190} INFO - [2024-10-11T00:14:18.469+0000] {dagbag.py:588} INFO - Filling up the DagBag from /opt/airflow/dags/log_dag.py
[2024-10-11T00:14:18.482+0000] {processor.py:925} INFO - DAG(s) 'log_dag' retrieved from /opt/airflow/dags/log_dag.py
[2024-10-11T00:14:18.520+0000] {logging_mixin.py:190} INFO - [2024-10-11T00:14:18.519+0000] {dag.py:3239} INFO - Sync 1 DAGs
[2024-10-11T00:14:18.538+0000] {logging_mixin.py:190} INFO - [2024-10-11T00:14:18.538+0000] {dag.py:4180} INFO - Setting next_dagrun for log_dag to None, run_after=None
[2024-10-11T00:14:18.561+0000] {processor.py:208} INFO - Processing /opt/airflow/dags/log_dag.py took 0.108 seconds
[2024-10-11T00:14:48.622+0000] {processor.py:186} INFO - Started process (PID=64965) to work on /opt/airflow/dags/log_dag.py
[2024-10-11T00:14:48.624+0000] {processor.py:914} INFO - Processing file /opt/airflow/dags/log_dag.py for tasks to queue
[2024-10-11T00:14:48.628+0000] {logging_mixin.py:190} INFO - [2024-10-11T00:14:48.627+0000] {dagbag.py:588} INFO - Filling up the DagBag from /opt/airflow/dags/log_dag.py
[2024-10-11T00:14:48.639+0000] {processor.py:925} INFO - DAG(s) 'log_dag' retrieved from /opt/airflow/dags/log_dag.py
[2024-10-11T00:14:48.687+0000] {logging_mixin.py:190} INFO - [2024-10-11T00:14:48.687+0000] {dag.py:3239} INFO - Sync 1 DAGs
[2024-10-11T00:14:48.711+0000] {logging_mixin.py:190} INFO - [2024-10-11T00:14:48.711+0000] {dag.py:4180} INFO - Setting next_dagrun for log_dag to None, run_after=None
[2024-10-11T00:14:48.734+0000] {processor.py:208} INFO - Processing /opt/airflow/dags/log_dag.py took 0.126 seconds
[2024-10-11T00:15:18.993+0000] {processor.py:186} INFO - Started process (PID=64977) to work on /opt/airflow/dags/log_dag.py
[2024-10-11T00:15:18.996+0000] {processor.py:914} INFO - Processing file /opt/airflow/dags/log_dag.py for tasks to queue
[2024-10-11T00:15:19.000+0000] {logging_mixin.py:190} INFO - [2024-10-11T00:15:19.000+0000] {dagbag.py:588} INFO - Filling up the DagBag from /opt/airflow/dags/log_dag.py
[2024-10-11T00:15:19.017+0000] {processor.py:925} INFO - DAG(s) 'log_dag' retrieved from /opt/airflow/dags/log_dag.py
[2024-10-11T00:15:19.075+0000] {logging_mixin.py:190} INFO - [2024-10-11T00:15:19.074+0000] {dag.py:3239} INFO - Sync 1 DAGs
[2024-10-11T00:15:19.101+0000] {logging_mixin.py:190} INFO - [2024-10-11T00:15:19.101+0000] {dag.py:4180} INFO - Setting next_dagrun for log_dag to None, run_after=None
[2024-10-11T00:15:19.128+0000] {processor.py:208} INFO - Processing /opt/airflow/dags/log_dag.py took 0.150 seconds
[2024-10-11T00:15:49.820+0000] {processor.py:186} INFO - Started process (PID=64988) to work on /opt/airflow/dags/log_dag.py
[2024-10-11T00:15:49.824+0000] {processor.py:914} INFO - Processing file /opt/airflow/dags/log_dag.py for tasks to queue
[2024-10-11T00:15:49.833+0000] {logging_mixin.py:190} INFO - [2024-10-11T00:15:49.832+0000] {dagbag.py:588} INFO - Filling up the DagBag from /opt/airflow/dags/log_dag.py
[2024-10-11T00:15:49.879+0000] {processor.py:925} INFO - DAG(s) 'log_dag' retrieved from /opt/airflow/dags/log_dag.py
[2024-10-11T00:15:49.950+0000] {logging_mixin.py:190} INFO - [2024-10-11T00:15:49.949+0000] {dag.py:3239} INFO - Sync 1 DAGs
[2024-10-11T00:15:49.981+0000] {logging_mixin.py:190} INFO - [2024-10-11T00:15:49.981+0000] {dag.py:4180} INFO - Setting next_dagrun for log_dag to None, run_after=None
[2024-10-11T00:15:50.048+0000] {processor.py:208} INFO - Processing /opt/airflow/dags/log_dag.py took 0.256 seconds
[2024-10-11T00:16:20.274+0000] {processor.py:186} INFO - Started process (PID=64999) to work on /opt/airflow/dags/log_dag.py
[2024-10-11T00:16:20.277+0000] {processor.py:914} INFO - Processing file /opt/airflow/dags/log_dag.py for tasks to queue
[2024-10-11T00:16:20.281+0000] {logging_mixin.py:190} INFO - [2024-10-11T00:16:20.280+0000] {dagbag.py:588} INFO - Filling up the DagBag from /opt/airflow/dags/log_dag.py
[2024-10-11T00:16:20.292+0000] {processor.py:925} INFO - DAG(s) 'log_dag' retrieved from /opt/airflow/dags/log_dag.py
[2024-10-11T00:16:20.330+0000] {logging_mixin.py:190} INFO - [2024-10-11T00:16:20.330+0000] {dag.py:3239} INFO - Sync 1 DAGs
[2024-10-11T00:16:20.350+0000] {logging_mixin.py:190} INFO - [2024-10-11T00:16:20.349+0000] {dag.py:4180} INFO - Setting next_dagrun for log_dag to None, run_after=None
[2024-10-11T00:16:20.371+0000] {processor.py:208} INFO - Processing /opt/airflow/dags/log_dag.py took 0.112 seconds
[2024-10-11T00:16:50.705+0000] {processor.py:186} INFO - Started process (PID=65010) to work on /opt/airflow/dags/log_dag.py
[2024-10-11T00:16:50.707+0000] {processor.py:914} INFO - Processing file /opt/airflow/dags/log_dag.py for tasks to queue
[2024-10-11T00:16:50.711+0000] {logging_mixin.py:190} INFO - [2024-10-11T00:16:50.711+0000] {dagbag.py:588} INFO - Filling up the DagBag from /opt/airflow/dags/log_dag.py
[2024-10-11T00:16:50.729+0000] {processor.py:925} INFO - DAG(s) 'log_dag' retrieved from /opt/airflow/dags/log_dag.py
[2024-10-11T00:16:50.781+0000] {logging_mixin.py:190} INFO - [2024-10-11T00:16:50.781+0000] {dag.py:3239} INFO - Sync 1 DAGs
[2024-10-11T00:16:50.809+0000] {logging_mixin.py:190} INFO - [2024-10-11T00:16:50.808+0000] {dag.py:4180} INFO - Setting next_dagrun for log_dag to None, run_after=None
[2024-10-11T00:16:50.839+0000] {processor.py:208} INFO - Processing /opt/airflow/dags/log_dag.py took 0.149 seconds
[2024-10-11T00:17:21.113+0000] {processor.py:186} INFO - Started process (PID=65021) to work on /opt/airflow/dags/log_dag.py
[2024-10-11T00:17:21.116+0000] {processor.py:914} INFO - Processing file /opt/airflow/dags/log_dag.py for tasks to queue
[2024-10-11T00:17:21.119+0000] {logging_mixin.py:190} INFO - [2024-10-11T00:17:21.119+0000] {dagbag.py:588} INFO - Filling up the DagBag from /opt/airflow/dags/log_dag.py
[2024-10-11T00:17:21.131+0000] {processor.py:925} INFO - DAG(s) 'log_dag' retrieved from /opt/airflow/dags/log_dag.py
[2024-10-11T00:17:21.168+0000] {logging_mixin.py:190} INFO - [2024-10-11T00:17:21.168+0000] {dag.py:3239} INFO - Sync 1 DAGs
[2024-10-11T00:17:21.187+0000] {logging_mixin.py:190} INFO - [2024-10-11T00:17:21.186+0000] {dag.py:4180} INFO - Setting next_dagrun for log_dag to None, run_after=None
[2024-10-11T00:17:21.209+0000] {processor.py:208} INFO - Processing /opt/airflow/dags/log_dag.py took 0.107 seconds
[2024-10-11T00:17:51.485+0000] {processor.py:186} INFO - Started process (PID=65033) to work on /opt/airflow/dags/log_dag.py
[2024-10-11T00:17:51.487+0000] {processor.py:914} INFO - Processing file /opt/airflow/dags/log_dag.py for tasks to queue
[2024-10-11T00:17:51.492+0000] {logging_mixin.py:190} INFO - [2024-10-11T00:17:51.491+0000] {dagbag.py:588} INFO - Filling up the DagBag from /opt/airflow/dags/log_dag.py
[2024-10-11T00:17:51.504+0000] {processor.py:925} INFO - DAG(s) 'log_dag' retrieved from /opt/airflow/dags/log_dag.py
[2024-10-11T00:17:51.543+0000] {logging_mixin.py:190} INFO - [2024-10-11T00:17:51.543+0000] {dag.py:3239} INFO - Sync 1 DAGs
[2024-10-11T00:17:51.562+0000] {logging_mixin.py:190} INFO - [2024-10-11T00:17:51.562+0000] {dag.py:4180} INFO - Setting next_dagrun for log_dag to None, run_after=None
[2024-10-11T00:17:51.588+0000] {processor.py:208} INFO - Processing /opt/airflow/dags/log_dag.py took 0.115 seconds
[2024-10-11T00:18:21.880+0000] {processor.py:186} INFO - Started process (PID=65046) to work on /opt/airflow/dags/log_dag.py
[2024-10-11T00:18:21.882+0000] {processor.py:914} INFO - Processing file /opt/airflow/dags/log_dag.py for tasks to queue
[2024-10-11T00:18:21.886+0000] {logging_mixin.py:190} INFO - [2024-10-11T00:18:21.886+0000] {dagbag.py:588} INFO - Filling up the DagBag from /opt/airflow/dags/log_dag.py
[2024-10-11T00:18:21.898+0000] {processor.py:925} INFO - DAG(s) 'log_dag' retrieved from /opt/airflow/dags/log_dag.py
[2024-10-11T00:18:21.936+0000] {logging_mixin.py:190} INFO - [2024-10-11T00:18:21.936+0000] {dag.py:3239} INFO - Sync 1 DAGs
[2024-10-11T00:18:21.955+0000] {logging_mixin.py:190} INFO - [2024-10-11T00:18:21.954+0000] {dag.py:4180} INFO - Setting next_dagrun for log_dag to None, run_after=None
[2024-10-11T00:18:21.984+0000] {processor.py:208} INFO - Processing /opt/airflow/dags/log_dag.py took 0.119 seconds
[2024-10-11T00:18:52.172+0000] {processor.py:186} INFO - Started process (PID=65058) to work on /opt/airflow/dags/log_dag.py
[2024-10-11T00:18:52.174+0000] {processor.py:914} INFO - Processing file /opt/airflow/dags/log_dag.py for tasks to queue
[2024-10-11T00:18:52.178+0000] {logging_mixin.py:190} INFO - [2024-10-11T00:18:52.178+0000] {dagbag.py:588} INFO - Filling up the DagBag from /opt/airflow/dags/log_dag.py
[2024-10-11T00:18:52.189+0000] {processor.py:925} INFO - DAG(s) 'log_dag' retrieved from /opt/airflow/dags/log_dag.py
[2024-10-11T00:18:52.236+0000] {logging_mixin.py:190} INFO - [2024-10-11T00:18:52.235+0000] {dag.py:3239} INFO - Sync 1 DAGs
[2024-10-11T00:18:52.254+0000] {logging_mixin.py:190} INFO - [2024-10-11T00:18:52.254+0000] {dag.py:4180} INFO - Setting next_dagrun for log_dag to None, run_after=None
[2024-10-11T00:18:52.278+0000] {processor.py:208} INFO - Processing /opt/airflow/dags/log_dag.py took 0.117 seconds
[2024-10-11T00:19:22.583+0000] {processor.py:186} INFO - Started process (PID=65070) to work on /opt/airflow/dags/log_dag.py
[2024-10-11T00:19:22.586+0000] {processor.py:914} INFO - Processing file /opt/airflow/dags/log_dag.py for tasks to queue
[2024-10-11T00:19:22.599+0000] {logging_mixin.py:190} INFO - [2024-10-11T00:19:22.595+0000] {dagbag.py:588} INFO - Filling up the DagBag from /opt/airflow/dags/log_dag.py
[2024-10-11T00:19:22.634+0000] {processor.py:925} INFO - DAG(s) 'log_dag' retrieved from /opt/airflow/dags/log_dag.py
[2024-10-11T00:19:22.752+0000] {logging_mixin.py:190} INFO - [2024-10-11T00:19:22.751+0000] {dag.py:3239} INFO - Sync 1 DAGs
[2024-10-11T00:19:22.862+0000] {logging_mixin.py:190} INFO - [2024-10-11T00:19:22.861+0000] {dag.py:4180} INFO - Setting next_dagrun for log_dag to None, run_after=None
[2024-10-11T00:19:22.980+0000] {processor.py:208} INFO - Processing /opt/airflow/dags/log_dag.py took 0.433 seconds
[2024-10-11T00:19:53.173+0000] {processor.py:186} INFO - Started process (PID=65082) to work on /opt/airflow/dags/log_dag.py
[2024-10-11T00:19:53.176+0000] {processor.py:914} INFO - Processing file /opt/airflow/dags/log_dag.py for tasks to queue
[2024-10-11T00:19:53.182+0000] {logging_mixin.py:190} INFO - [2024-10-11T00:19:53.181+0000] {dagbag.py:588} INFO - Filling up the DagBag from /opt/airflow/dags/log_dag.py
[2024-10-11T00:19:53.199+0000] {processor.py:925} INFO - DAG(s) 'log_dag' retrieved from /opt/airflow/dags/log_dag.py
[2024-10-11T00:19:53.244+0000] {logging_mixin.py:190} INFO - [2024-10-11T00:19:53.244+0000] {dag.py:3239} INFO - Sync 1 DAGs
[2024-10-11T00:19:53.264+0000] {logging_mixin.py:190} INFO - [2024-10-11T00:19:53.264+0000] {dag.py:4180} INFO - Setting next_dagrun for log_dag to None, run_after=None
[2024-10-11T00:19:53.287+0000] {processor.py:208} INFO - Processing /opt/airflow/dags/log_dag.py took 0.135 seconds
[2024-10-11T00:20:23.604+0000] {processor.py:186} INFO - Started process (PID=65094) to work on /opt/airflow/dags/log_dag.py
[2024-10-11T00:20:23.606+0000] {processor.py:914} INFO - Processing file /opt/airflow/dags/log_dag.py for tasks to queue
[2024-10-11T00:20:23.609+0000] {logging_mixin.py:190} INFO - [2024-10-11T00:20:23.609+0000] {dagbag.py:588} INFO - Filling up the DagBag from /opt/airflow/dags/log_dag.py
[2024-10-11T00:20:23.621+0000] {processor.py:925} INFO - DAG(s) 'log_dag' retrieved from /opt/airflow/dags/log_dag.py
[2024-10-11T00:20:23.666+0000] {logging_mixin.py:190} INFO - [2024-10-11T00:20:23.665+0000] {dag.py:3239} INFO - Sync 1 DAGs
[2024-10-11T00:20:23.687+0000] {logging_mixin.py:190} INFO - [2024-10-11T00:20:23.686+0000] {dag.py:4180} INFO - Setting next_dagrun for log_dag to None, run_after=None
[2024-10-11T00:20:23.713+0000] {processor.py:208} INFO - Processing /opt/airflow/dags/log_dag.py took 0.120 seconds
[2024-10-11T00:20:54.191+0000] {processor.py:186} INFO - Started process (PID=65106) to work on /opt/airflow/dags/log_dag.py
[2024-10-11T00:20:54.193+0000] {processor.py:914} INFO - Processing file /opt/airflow/dags/log_dag.py for tasks to queue
[2024-10-11T00:20:54.197+0000] {logging_mixin.py:190} INFO - [2024-10-11T00:20:54.197+0000] {dagbag.py:588} INFO - Filling up the DagBag from /opt/airflow/dags/log_dag.py
[2024-10-11T00:20:54.210+0000] {processor.py:925} INFO - DAG(s) 'log_dag' retrieved from /opt/airflow/dags/log_dag.py
[2024-10-11T00:20:54.249+0000] {logging_mixin.py:190} INFO - [2024-10-11T00:20:54.249+0000] {dag.py:3239} INFO - Sync 1 DAGs
[2024-10-11T00:20:54.268+0000] {logging_mixin.py:190} INFO - [2024-10-11T00:20:54.268+0000] {dag.py:4180} INFO - Setting next_dagrun for log_dag to None, run_after=None
[2024-10-11T00:20:54.290+0000] {processor.py:208} INFO - Processing /opt/airflow/dags/log_dag.py took 0.110 seconds
[2024-10-11T00:21:24.425+0000] {processor.py:186} INFO - Started process (PID=65118) to work on /opt/airflow/dags/log_dag.py
[2024-10-11T00:21:24.426+0000] {processor.py:914} INFO - Processing file /opt/airflow/dags/log_dag.py for tasks to queue
[2024-10-11T00:21:24.430+0000] {logging_mixin.py:190} INFO - [2024-10-11T00:21:24.430+0000] {dagbag.py:588} INFO - Filling up the DagBag from /opt/airflow/dags/log_dag.py
[2024-10-11T00:21:24.441+0000] {processor.py:925} INFO - DAG(s) 'log_dag' retrieved from /opt/airflow/dags/log_dag.py
[2024-10-11T00:21:24.479+0000] {logging_mixin.py:190} INFO - [2024-10-11T00:21:24.479+0000] {dag.py:3239} INFO - Sync 1 DAGs
[2024-10-11T00:21:24.498+0000] {logging_mixin.py:190} INFO - [2024-10-11T00:21:24.498+0000] {dag.py:4180} INFO - Setting next_dagrun for log_dag to None, run_after=None
[2024-10-11T00:21:24.521+0000] {processor.py:208} INFO - Processing /opt/airflow/dags/log_dag.py took 0.106 seconds
[2024-10-11T00:21:55.005+0000] {processor.py:186} INFO - Started process (PID=65130) to work on /opt/airflow/dags/log_dag.py
[2024-10-11T00:21:55.008+0000] {processor.py:914} INFO - Processing file /opt/airflow/dags/log_dag.py for tasks to queue
[2024-10-11T00:21:55.011+0000] {logging_mixin.py:190} INFO - [2024-10-11T00:21:55.011+0000] {dagbag.py:588} INFO - Filling up the DagBag from /opt/airflow/dags/log_dag.py
[2024-10-11T00:21:55.023+0000] {processor.py:925} INFO - DAG(s) 'log_dag' retrieved from /opt/airflow/dags/log_dag.py
[2024-10-11T00:21:55.061+0000] {logging_mixin.py:190} INFO - [2024-10-11T00:21:55.061+0000] {dag.py:3239} INFO - Sync 1 DAGs
[2024-10-11T00:21:55.081+0000] {logging_mixin.py:190} INFO - [2024-10-11T00:21:55.080+0000] {dag.py:4180} INFO - Setting next_dagrun for log_dag to None, run_after=None
[2024-10-11T00:21:55.104+0000] {processor.py:208} INFO - Processing /opt/airflow/dags/log_dag.py took 0.110 seconds
[2024-10-11T00:22:25.635+0000] {processor.py:186} INFO - Started process (PID=65142) to work on /opt/airflow/dags/log_dag.py
[2024-10-11T00:22:25.637+0000] {processor.py:914} INFO - Processing file /opt/airflow/dags/log_dag.py for tasks to queue
[2024-10-11T00:22:25.641+0000] {logging_mixin.py:190} INFO - [2024-10-11T00:22:25.641+0000] {dagbag.py:588} INFO - Filling up the DagBag from /opt/airflow/dags/log_dag.py
[2024-10-11T00:22:25.655+0000] {processor.py:925} INFO - DAG(s) 'log_dag' retrieved from /opt/airflow/dags/log_dag.py
[2024-10-11T00:22:25.695+0000] {logging_mixin.py:190} INFO - [2024-10-11T00:22:25.694+0000] {dag.py:3239} INFO - Sync 1 DAGs
[2024-10-11T00:22:25.714+0000] {logging_mixin.py:190} INFO - [2024-10-11T00:22:25.714+0000] {dag.py:4180} INFO - Setting next_dagrun for log_dag to None, run_after=None
[2024-10-11T00:22:25.739+0000] {processor.py:208} INFO - Processing /opt/airflow/dags/log_dag.py took 0.115 seconds
[2024-10-11T00:22:56.297+0000] {processor.py:186} INFO - Started process (PID=65154) to work on /opt/airflow/dags/log_dag.py
[2024-10-11T00:22:56.301+0000] {processor.py:914} INFO - Processing file /opt/airflow/dags/log_dag.py for tasks to queue
[2024-10-11T00:22:56.312+0000] {logging_mixin.py:190} INFO - [2024-10-11T00:22:56.311+0000] {dagbag.py:588} INFO - Filling up the DagBag from /opt/airflow/dags/log_dag.py
[2024-10-11T00:22:56.342+0000] {processor.py:925} INFO - DAG(s) 'log_dag' retrieved from /opt/airflow/dags/log_dag.py
[2024-10-11T00:22:56.398+0000] {logging_mixin.py:190} INFO - [2024-10-11T00:22:56.397+0000] {dag.py:3239} INFO - Sync 1 DAGs
[2024-10-11T00:22:56.427+0000] {logging_mixin.py:190} INFO - [2024-10-11T00:22:56.426+0000] {dag.py:4180} INFO - Setting next_dagrun for log_dag to None, run_after=None
[2024-10-11T00:22:56.460+0000] {processor.py:208} INFO - Processing /opt/airflow/dags/log_dag.py took 0.193 seconds
[2024-10-11T00:23:27.123+0000] {processor.py:186} INFO - Started process (PID=65166) to work on /opt/airflow/dags/log_dag.py
[2024-10-11T00:23:27.126+0000] {processor.py:914} INFO - Processing file /opt/airflow/dags/log_dag.py for tasks to queue
[2024-10-11T00:23:27.131+0000] {logging_mixin.py:190} INFO - [2024-10-11T00:23:27.130+0000] {dagbag.py:588} INFO - Filling up the DagBag from /opt/airflow/dags/log_dag.py
[2024-10-11T00:23:27.147+0000] {processor.py:925} INFO - DAG(s) 'log_dag' retrieved from /opt/airflow/dags/log_dag.py
[2024-10-11T00:23:27.199+0000] {logging_mixin.py:190} INFO - [2024-10-11T00:23:27.198+0000] {dag.py:3239} INFO - Sync 1 DAGs
[2024-10-11T00:23:27.228+0000] {logging_mixin.py:190} INFO - [2024-10-11T00:23:27.227+0000] {dag.py:4180} INFO - Setting next_dagrun for log_dag to None, run_after=None
[2024-10-11T00:23:27.257+0000] {processor.py:208} INFO - Processing /opt/airflow/dags/log_dag.py took 0.149 seconds
[2024-10-11T00:23:57.670+0000] {processor.py:186} INFO - Started process (PID=65178) to work on /opt/airflow/dags/log_dag.py
[2024-10-11T00:23:57.672+0000] {processor.py:914} INFO - Processing file /opt/airflow/dags/log_dag.py for tasks to queue
[2024-10-11T00:23:57.675+0000] {logging_mixin.py:190} INFO - [2024-10-11T00:23:57.675+0000] {dagbag.py:588} INFO - Filling up the DagBag from /opt/airflow/dags/log_dag.py
[2024-10-11T00:23:57.687+0000] {processor.py:925} INFO - DAG(s) 'log_dag' retrieved from /opt/airflow/dags/log_dag.py
[2024-10-11T00:23:57.746+0000] {logging_mixin.py:190} INFO - [2024-10-11T00:23:57.746+0000] {dag.py:3239} INFO - Sync 1 DAGs
[2024-10-11T00:23:57.778+0000] {logging_mixin.py:190} INFO - [2024-10-11T00:23:57.778+0000] {dag.py:4180} INFO - Setting next_dagrun for log_dag to None, run_after=None
[2024-10-11T00:23:57.810+0000] {processor.py:208} INFO - Processing /opt/airflow/dags/log_dag.py took 0.150 seconds
[2024-10-11T00:24:28.225+0000] {processor.py:186} INFO - Started process (PID=65189) to work on /opt/airflow/dags/log_dag.py
[2024-10-11T00:24:28.227+0000] {processor.py:914} INFO - Processing file /opt/airflow/dags/log_dag.py for tasks to queue
[2024-10-11T00:24:28.231+0000] {logging_mixin.py:190} INFO - [2024-10-11T00:24:28.230+0000] {dagbag.py:588} INFO - Filling up the DagBag from /opt/airflow/dags/log_dag.py
[2024-10-11T00:24:28.243+0000] {processor.py:925} INFO - DAG(s) 'log_dag' retrieved from /opt/airflow/dags/log_dag.py
[2024-10-11T00:24:28.280+0000] {logging_mixin.py:190} INFO - [2024-10-11T00:24:28.280+0000] {dag.py:3239} INFO - Sync 1 DAGs
[2024-10-11T00:24:28.300+0000] {logging_mixin.py:190} INFO - [2024-10-11T00:24:28.299+0000] {dag.py:4180} INFO - Setting next_dagrun for log_dag to None, run_after=None
[2024-10-11T00:24:28.321+0000] {processor.py:208} INFO - Processing /opt/airflow/dags/log_dag.py took 0.107 seconds
[2024-10-11T00:24:58.842+0000] {processor.py:186} INFO - Started process (PID=65201) to work on /opt/airflow/dags/log_dag.py
[2024-10-11T00:24:58.844+0000] {processor.py:914} INFO - Processing file /opt/airflow/dags/log_dag.py for tasks to queue
[2024-10-11T00:24:58.847+0000] {logging_mixin.py:190} INFO - [2024-10-11T00:24:58.846+0000] {dagbag.py:588} INFO - Filling up the DagBag from /opt/airflow/dags/log_dag.py
[2024-10-11T00:24:58.862+0000] {processor.py:925} INFO - DAG(s) 'log_dag' retrieved from /opt/airflow/dags/log_dag.py
[2024-10-11T00:24:58.898+0000] {logging_mixin.py:190} INFO - [2024-10-11T00:24:58.897+0000] {dag.py:3239} INFO - Sync 1 DAGs
[2024-10-11T00:24:58.918+0000] {logging_mixin.py:190} INFO - [2024-10-11T00:24:58.918+0000] {dag.py:4180} INFO - Setting next_dagrun for log_dag to None, run_after=None
[2024-10-11T00:24:58.942+0000] {processor.py:208} INFO - Processing /opt/airflow/dags/log_dag.py took 0.111 seconds
[2024-10-11T00:25:29.472+0000] {processor.py:186} INFO - Started process (PID=65213) to work on /opt/airflow/dags/log_dag.py
[2024-10-11T00:25:29.474+0000] {processor.py:914} INFO - Processing file /opt/airflow/dags/log_dag.py for tasks to queue
[2024-10-11T00:25:29.477+0000] {logging_mixin.py:190} INFO - [2024-10-11T00:25:29.477+0000] {dagbag.py:588} INFO - Filling up the DagBag from /opt/airflow/dags/log_dag.py
[2024-10-11T00:25:29.489+0000] {processor.py:925} INFO - DAG(s) 'log_dag' retrieved from /opt/airflow/dags/log_dag.py
[2024-10-11T00:25:29.531+0000] {logging_mixin.py:190} INFO - [2024-10-11T00:25:29.531+0000] {dag.py:3239} INFO - Sync 1 DAGs
[2024-10-11T00:25:29.552+0000] {logging_mixin.py:190} INFO - [2024-10-11T00:25:29.552+0000] {dag.py:4180} INFO - Setting next_dagrun for log_dag to None, run_after=None
[2024-10-11T00:25:29.578+0000] {processor.py:208} INFO - Processing /opt/airflow/dags/log_dag.py took 0.118 seconds
[2024-10-11T00:26:00.031+0000] {processor.py:186} INFO - Started process (PID=65225) to work on /opt/airflow/dags/log_dag.py
[2024-10-11T00:26:00.033+0000] {processor.py:914} INFO - Processing file /opt/airflow/dags/log_dag.py for tasks to queue
[2024-10-11T00:26:00.038+0000] {logging_mixin.py:190} INFO - [2024-10-11T00:26:00.037+0000] {dagbag.py:588} INFO - Filling up the DagBag from /opt/airflow/dags/log_dag.py
[2024-10-11T00:26:00.054+0000] {processor.py:925} INFO - DAG(s) 'log_dag' retrieved from /opt/airflow/dags/log_dag.py
[2024-10-11T00:26:00.096+0000] {logging_mixin.py:190} INFO - [2024-10-11T00:26:00.096+0000] {dag.py:3239} INFO - Sync 1 DAGs
[2024-10-11T00:26:00.116+0000] {logging_mixin.py:190} INFO - [2024-10-11T00:26:00.115+0000] {dag.py:4180} INFO - Setting next_dagrun for log_dag to None, run_after=None
[2024-10-11T00:26:00.140+0000] {processor.py:208} INFO - Processing /opt/airflow/dags/log_dag.py took 0.121 seconds
[2024-10-11T00:26:30.670+0000] {processor.py:186} INFO - Started process (PID=65236) to work on /opt/airflow/dags/log_dag.py
[2024-10-11T00:26:30.672+0000] {processor.py:914} INFO - Processing file /opt/airflow/dags/log_dag.py for tasks to queue
[2024-10-11T00:26:30.676+0000] {logging_mixin.py:190} INFO - [2024-10-11T00:26:30.676+0000] {dagbag.py:588} INFO - Filling up the DagBag from /opt/airflow/dags/log_dag.py
[2024-10-11T00:26:30.687+0000] {processor.py:925} INFO - DAG(s) 'log_dag' retrieved from /opt/airflow/dags/log_dag.py
[2024-10-11T00:26:30.726+0000] {logging_mixin.py:190} INFO - [2024-10-11T00:26:30.726+0000] {dag.py:3239} INFO - Sync 1 DAGs
[2024-10-11T00:26:30.746+0000] {logging_mixin.py:190} INFO - [2024-10-11T00:26:30.746+0000] {dag.py:4180} INFO - Setting next_dagrun for log_dag to None, run_after=None
[2024-10-11T00:26:30.771+0000] {processor.py:208} INFO - Processing /opt/airflow/dags/log_dag.py took 0.112 seconds
[2024-10-11T00:27:00.965+0000] {processor.py:186} INFO - Started process (PID=65248) to work on /opt/airflow/dags/log_dag.py
[2024-10-11T00:27:00.967+0000] {processor.py:914} INFO - Processing file /opt/airflow/dags/log_dag.py for tasks to queue
[2024-10-11T00:27:00.971+0000] {logging_mixin.py:190} INFO - [2024-10-11T00:27:00.971+0000] {dagbag.py:588} INFO - Filling up the DagBag from /opt/airflow/dags/log_dag.py
[2024-10-11T00:27:00.983+0000] {processor.py:925} INFO - DAG(s) 'log_dag' retrieved from /opt/airflow/dags/log_dag.py
[2024-10-11T00:27:01.021+0000] {logging_mixin.py:190} INFO - [2024-10-11T00:27:01.020+0000] {dag.py:3239} INFO - Sync 1 DAGs
[2024-10-11T00:27:01.040+0000] {logging_mixin.py:190} INFO - [2024-10-11T00:27:01.039+0000] {dag.py:4180} INFO - Setting next_dagrun for log_dag to None, run_after=None
[2024-10-11T00:27:01.062+0000] {processor.py:208} INFO - Processing /opt/airflow/dags/log_dag.py took 0.107 seconds
[2024-10-11T00:27:31.263+0000] {processor.py:186} INFO - Started process (PID=65260) to work on /opt/airflow/dags/log_dag.py
[2024-10-11T00:27:31.267+0000] {processor.py:914} INFO - Processing file /opt/airflow/dags/log_dag.py for tasks to queue
[2024-10-11T00:27:31.272+0000] {logging_mixin.py:190} INFO - [2024-10-11T00:27:31.271+0000] {dagbag.py:588} INFO - Filling up the DagBag from /opt/airflow/dags/log_dag.py
[2024-10-11T00:27:31.288+0000] {processor.py:925} INFO - DAG(s) 'log_dag' retrieved from /opt/airflow/dags/log_dag.py
[2024-10-11T00:27:31.340+0000] {logging_mixin.py:190} INFO - [2024-10-11T00:27:31.340+0000] {dag.py:3239} INFO - Sync 1 DAGs
[2024-10-11T00:27:31.371+0000] {logging_mixin.py:190} INFO - [2024-10-11T00:27:31.370+0000] {dag.py:4180} INFO - Setting next_dagrun for log_dag to None, run_after=None
[2024-10-11T00:27:31.422+0000] {processor.py:208} INFO - Processing /opt/airflow/dags/log_dag.py took 0.173 seconds
[2024-10-11T00:28:03.319+0000] {processor.py:186} INFO - Started process (PID=65272) to work on /opt/airflow/dags/log_dag.py
[2024-10-11T00:28:03.321+0000] {processor.py:914} INFO - Processing file /opt/airflow/dags/log_dag.py for tasks to queue
[2024-10-11T00:28:03.333+0000] {logging_mixin.py:190} INFO - [2024-10-11T00:28:03.333+0000] {dagbag.py:588} INFO - Filling up the DagBag from /opt/airflow/dags/log_dag.py
[2024-10-11T00:28:03.390+0000] {processor.py:925} INFO - DAG(s) 'log_dag' retrieved from /opt/airflow/dags/log_dag.py
[2024-10-11T00:28:03.452+0000] {logging_mixin.py:190} INFO - [2024-10-11T00:28:03.451+0000] {dag.py:3239} INFO - Sync 1 DAGs
[2024-10-11T00:28:03.483+0000] {logging_mixin.py:190} INFO - [2024-10-11T00:28:03.482+0000] {dag.py:4180} INFO - Setting next_dagrun for log_dag to None, run_after=None
[2024-10-11T00:28:03.535+0000] {processor.py:208} INFO - Processing /opt/airflow/dags/log_dag.py took 0.255 seconds
[2024-10-11T00:28:34.527+0000] {processor.py:186} INFO - Started process (PID=65284) to work on /opt/airflow/dags/log_dag.py
[2024-10-11T00:28:34.529+0000] {processor.py:914} INFO - Processing file /opt/airflow/dags/log_dag.py for tasks to queue
[2024-10-11T00:28:34.534+0000] {logging_mixin.py:190} INFO - [2024-10-11T00:28:34.533+0000] {dagbag.py:588} INFO - Filling up the DagBag from /opt/airflow/dags/log_dag.py
[2024-10-11T00:28:34.550+0000] {processor.py:925} INFO - DAG(s) 'log_dag' retrieved from /opt/airflow/dags/log_dag.py
[2024-10-11T00:28:34.605+0000] {logging_mixin.py:190} INFO - [2024-10-11T00:28:34.605+0000] {dag.py:3239} INFO - Sync 1 DAGs
[2024-10-11T00:28:34.634+0000] {logging_mixin.py:190} INFO - [2024-10-11T00:28:34.634+0000] {dag.py:4180} INFO - Setting next_dagrun for log_dag to None, run_after=None
[2024-10-11T00:28:34.667+0000] {processor.py:208} INFO - Processing /opt/airflow/dags/log_dag.py took 0.157 seconds
[2024-10-11T00:29:04.947+0000] {processor.py:186} INFO - Started process (PID=65293) to work on /opt/airflow/dags/log_dag.py
[2024-10-11T00:29:04.950+0000] {processor.py:914} INFO - Processing file /opt/airflow/dags/log_dag.py for tasks to queue
[2024-10-11T00:29:04.954+0000] {logging_mixin.py:190} INFO - [2024-10-11T00:29:04.953+0000] {dagbag.py:588} INFO - Filling up the DagBag from /opt/airflow/dags/log_dag.py
[2024-10-11T00:29:04.970+0000] {processor.py:925} INFO - DAG(s) 'log_dag' retrieved from /opt/airflow/dags/log_dag.py
[2024-10-11T00:29:05.022+0000] {logging_mixin.py:190} INFO - [2024-10-11T00:29:05.022+0000] {dag.py:3239} INFO - Sync 1 DAGs
[2024-10-11T00:29:05.051+0000] {logging_mixin.py:190} INFO - [2024-10-11T00:29:05.050+0000] {dag.py:4180} INFO - Setting next_dagrun for log_dag to None, run_after=None
[2024-10-11T00:29:05.084+0000] {processor.py:208} INFO - Processing /opt/airflow/dags/log_dag.py took 0.152 seconds
[2024-10-11T00:29:35.390+0000] {processor.py:186} INFO - Started process (PID=65304) to work on /opt/airflow/dags/log_dag.py
[2024-10-11T00:29:35.392+0000] {processor.py:914} INFO - Processing file /opt/airflow/dags/log_dag.py for tasks to queue
[2024-10-11T00:29:35.397+0000] {logging_mixin.py:190} INFO - [2024-10-11T00:29:35.396+0000] {dagbag.py:588} INFO - Filling up the DagBag from /opt/airflow/dags/log_dag.py
[2024-10-11T00:29:35.413+0000] {processor.py:925} INFO - DAG(s) 'log_dag' retrieved from /opt/airflow/dags/log_dag.py
[2024-10-11T00:29:35.465+0000] {logging_mixin.py:190} INFO - [2024-10-11T00:29:35.464+0000] {dag.py:3239} INFO - Sync 1 DAGs
[2024-10-11T00:29:35.494+0000] {logging_mixin.py:190} INFO - [2024-10-11T00:29:35.494+0000] {dag.py:4180} INFO - Setting next_dagrun for log_dag to None, run_after=None
[2024-10-11T00:29:35.523+0000] {processor.py:208} INFO - Processing /opt/airflow/dags/log_dag.py took 0.155 seconds
[2024-10-11T00:30:06.085+0000] {processor.py:186} INFO - Started process (PID=65316) to work on /opt/airflow/dags/log_dag.py
[2024-10-11T00:30:06.086+0000] {processor.py:914} INFO - Processing file /opt/airflow/dags/log_dag.py for tasks to queue
[2024-10-11T00:30:06.090+0000] {logging_mixin.py:190} INFO - [2024-10-11T00:30:06.089+0000] {dagbag.py:588} INFO - Filling up the DagBag from /opt/airflow/dags/log_dag.py
[2024-10-11T00:30:06.101+0000] {processor.py:925} INFO - DAG(s) 'log_dag' retrieved from /opt/airflow/dags/log_dag.py
[2024-10-11T00:30:06.137+0000] {logging_mixin.py:190} INFO - [2024-10-11T00:30:06.137+0000] {dag.py:3239} INFO - Sync 1 DAGs
[2024-10-11T00:30:06.156+0000] {logging_mixin.py:190} INFO - [2024-10-11T00:30:06.156+0000] {dag.py:4180} INFO - Setting next_dagrun for log_dag to None, run_after=None
[2024-10-11T00:30:06.180+0000] {processor.py:208} INFO - Processing /opt/airflow/dags/log_dag.py took 0.107 seconds
[2024-10-11T00:30:36.470+0000] {processor.py:186} INFO - Started process (PID=65328) to work on /opt/airflow/dags/log_dag.py
[2024-10-11T00:30:36.472+0000] {processor.py:914} INFO - Processing file /opt/airflow/dags/log_dag.py for tasks to queue
[2024-10-11T00:30:36.476+0000] {logging_mixin.py:190} INFO - [2024-10-11T00:30:36.476+0000] {dagbag.py:588} INFO - Filling up the DagBag from /opt/airflow/dags/log_dag.py
[2024-10-11T00:30:36.488+0000] {processor.py:925} INFO - DAG(s) 'log_dag' retrieved from /opt/airflow/dags/log_dag.py
[2024-10-11T00:30:36.527+0000] {logging_mixin.py:190} INFO - [2024-10-11T00:30:36.526+0000] {dag.py:3239} INFO - Sync 1 DAGs
[2024-10-11T00:30:36.546+0000] {logging_mixin.py:190} INFO - [2024-10-11T00:30:36.545+0000] {dag.py:4180} INFO - Setting next_dagrun for log_dag to None, run_after=None
[2024-10-11T00:30:36.569+0000] {processor.py:208} INFO - Processing /opt/airflow/dags/log_dag.py took 0.111 seconds
[2024-10-11T00:31:06.847+0000] {processor.py:186} INFO - Started process (PID=65340) to work on /opt/airflow/dags/log_dag.py
[2024-10-11T00:31:06.849+0000] {processor.py:914} INFO - Processing file /opt/airflow/dags/log_dag.py for tasks to queue
[2024-10-11T00:31:06.854+0000] {logging_mixin.py:190} INFO - [2024-10-11T00:31:06.853+0000] {dagbag.py:588} INFO - Filling up the DagBag from /opt/airflow/dags/log_dag.py
[2024-10-11T00:31:06.870+0000] {processor.py:925} INFO - DAG(s) 'log_dag' retrieved from /opt/airflow/dags/log_dag.py
[2024-10-11T00:31:06.923+0000] {logging_mixin.py:190} INFO - [2024-10-11T00:31:06.923+0000] {dag.py:3239} INFO - Sync 1 DAGs
[2024-10-11T00:31:06.957+0000] {logging_mixin.py:190} INFO - [2024-10-11T00:31:06.953+0000] {dag.py:4180} INFO - Setting next_dagrun for log_dag to None, run_after=None
[2024-10-11T00:31:06.991+0000] {processor.py:208} INFO - Processing /opt/airflow/dags/log_dag.py took 0.159 seconds
[2024-10-11T00:31:37.256+0000] {processor.py:186} INFO - Started process (PID=65352) to work on /opt/airflow/dags/log_dag.py
[2024-10-11T00:31:37.258+0000] {processor.py:914} INFO - Processing file /opt/airflow/dags/log_dag.py for tasks to queue
[2024-10-11T00:31:37.261+0000] {logging_mixin.py:190} INFO - [2024-10-11T00:31:37.260+0000] {dagbag.py:588} INFO - Filling up the DagBag from /opt/airflow/dags/log_dag.py
[2024-10-11T00:31:37.272+0000] {processor.py:925} INFO - DAG(s) 'log_dag' retrieved from /opt/airflow/dags/log_dag.py
[2024-10-11T00:31:37.309+0000] {logging_mixin.py:190} INFO - [2024-10-11T00:31:37.309+0000] {dag.py:3239} INFO - Sync 1 DAGs
[2024-10-11T00:31:37.331+0000] {logging_mixin.py:190} INFO - [2024-10-11T00:31:37.330+0000] {dag.py:4180} INFO - Setting next_dagrun for log_dag to None, run_after=None
[2024-10-11T00:31:37.353+0000] {processor.py:208} INFO - Processing /opt/airflow/dags/log_dag.py took 0.107 seconds
[2024-10-11T00:32:07.592+0000] {processor.py:186} INFO - Started process (PID=65364) to work on /opt/airflow/dags/log_dag.py
[2024-10-11T00:32:07.594+0000] {processor.py:914} INFO - Processing file /opt/airflow/dags/log_dag.py for tasks to queue
[2024-10-11T00:32:07.598+0000] {logging_mixin.py:190} INFO - [2024-10-11T00:32:07.597+0000] {dagbag.py:588} INFO - Filling up the DagBag from /opt/airflow/dags/log_dag.py
[2024-10-11T00:32:07.610+0000] {processor.py:925} INFO - DAG(s) 'log_dag' retrieved from /opt/airflow/dags/log_dag.py
[2024-10-11T00:32:07.649+0000] {logging_mixin.py:190} INFO - [2024-10-11T00:32:07.648+0000] {dag.py:3239} INFO - Sync 1 DAGs
[2024-10-11T00:32:07.668+0000] {logging_mixin.py:190} INFO - [2024-10-11T00:32:07.667+0000] {dag.py:4180} INFO - Setting next_dagrun for log_dag to None, run_after=None
[2024-10-11T00:32:07.692+0000] {processor.py:208} INFO - Processing /opt/airflow/dags/log_dag.py took 0.111 seconds
[2024-10-11T00:32:37.832+0000] {processor.py:186} INFO - Started process (PID=65376) to work on /opt/airflow/dags/log_dag.py
[2024-10-11T00:32:37.836+0000] {processor.py:914} INFO - Processing file /opt/airflow/dags/log_dag.py for tasks to queue
[2024-10-11T00:32:37.847+0000] {logging_mixin.py:190} INFO - [2024-10-11T00:32:37.844+0000] {dagbag.py:588} INFO - Filling up the DagBag from /opt/airflow/dags/log_dag.py
[2024-10-11T00:32:37.882+0000] {processor.py:925} INFO - DAG(s) 'log_dag' retrieved from /opt/airflow/dags/log_dag.py
[2024-10-11T00:32:37.992+0000] {logging_mixin.py:190} INFO - [2024-10-11T00:32:37.992+0000] {dag.py:3239} INFO - Sync 1 DAGs
[2024-10-11T00:32:38.058+0000] {logging_mixin.py:190} INFO - [2024-10-11T00:32:38.056+0000] {dag.py:4180} INFO - Setting next_dagrun for log_dag to None, run_after=None
[2024-10-11T00:32:38.124+0000] {processor.py:208} INFO - Processing /opt/airflow/dags/log_dag.py took 0.314 seconds
[2024-10-11T00:33:08.610+0000] {processor.py:186} INFO - Started process (PID=65388) to work on /opt/airflow/dags/log_dag.py
[2024-10-11T00:33:08.615+0000] {processor.py:914} INFO - Processing file /opt/airflow/dags/log_dag.py for tasks to queue
[2024-10-11T00:33:08.619+0000] {logging_mixin.py:190} INFO - [2024-10-11T00:33:08.619+0000] {dagbag.py:588} INFO - Filling up the DagBag from /opt/airflow/dags/log_dag.py
[2024-10-11T00:33:08.635+0000] {processor.py:925} INFO - DAG(s) 'log_dag' retrieved from /opt/airflow/dags/log_dag.py
[2024-10-11T00:33:08.688+0000] {logging_mixin.py:190} INFO - [2024-10-11T00:33:08.687+0000] {dag.py:3239} INFO - Sync 1 DAGs
[2024-10-11T00:33:08.717+0000] {logging_mixin.py:190} INFO - [2024-10-11T00:33:08.716+0000] {dag.py:4180} INFO - Setting next_dagrun for log_dag to None, run_after=None
[2024-10-11T00:33:08.747+0000] {processor.py:208} INFO - Processing /opt/airflow/dags/log_dag.py took 0.154 seconds
[2024-10-11T00:33:39.257+0000] {processor.py:186} INFO - Started process (PID=65400) to work on /opt/airflow/dags/log_dag.py
[2024-10-11T00:33:39.259+0000] {processor.py:914} INFO - Processing file /opt/airflow/dags/log_dag.py for tasks to queue
[2024-10-11T00:33:39.264+0000] {logging_mixin.py:190} INFO - [2024-10-11T00:33:39.263+0000] {dagbag.py:588} INFO - Filling up the DagBag from /opt/airflow/dags/log_dag.py
[2024-10-11T00:33:39.283+0000] {processor.py:925} INFO - DAG(s) 'log_dag' retrieved from /opt/airflow/dags/log_dag.py
[2024-10-11T00:33:39.340+0000] {logging_mixin.py:190} INFO - [2024-10-11T00:33:39.340+0000] {dag.py:3239} INFO - Sync 1 DAGs
[2024-10-11T00:33:39.371+0000] {logging_mixin.py:190} INFO - [2024-10-11T00:33:39.370+0000] {dag.py:4180} INFO - Setting next_dagrun for log_dag to None, run_after=None
[2024-10-11T00:33:39.408+0000] {processor.py:208} INFO - Processing /opt/airflow/dags/log_dag.py took 0.166 seconds
[2024-10-11T00:34:10.029+0000] {processor.py:186} INFO - Started process (PID=65412) to work on /opt/airflow/dags/log_dag.py
[2024-10-11T00:34:10.034+0000] {processor.py:914} INFO - Processing file /opt/airflow/dags/log_dag.py for tasks to queue
[2024-10-11T00:34:10.047+0000] {logging_mixin.py:190} INFO - [2024-10-11T00:34:10.046+0000] {dagbag.py:588} INFO - Filling up the DagBag from /opt/airflow/dags/log_dag.py
[2024-10-11T00:34:10.064+0000] {processor.py:925} INFO - DAG(s) 'log_dag' retrieved from /opt/airflow/dags/log_dag.py
[2024-10-11T00:34:10.119+0000] {logging_mixin.py:190} INFO - [2024-10-11T00:34:10.119+0000] {dag.py:3239} INFO - Sync 1 DAGs
[2024-10-11T00:34:10.148+0000] {logging_mixin.py:190} INFO - [2024-10-11T00:34:10.147+0000] {dag.py:4180} INFO - Setting next_dagrun for log_dag to None, run_after=None
[2024-10-11T00:34:10.178+0000] {processor.py:208} INFO - Processing /opt/airflow/dags/log_dag.py took 0.169 seconds
[2024-10-11T00:34:40.928+0000] {processor.py:186} INFO - Started process (PID=65424) to work on /opt/airflow/dags/log_dag.py
[2024-10-11T00:34:40.929+0000] {processor.py:914} INFO - Processing file /opt/airflow/dags/log_dag.py for tasks to queue
[2024-10-11T00:34:40.934+0000] {logging_mixin.py:190} INFO - [2024-10-11T00:34:40.933+0000] {dagbag.py:588} INFO - Filling up the DagBag from /opt/airflow/dags/log_dag.py
[2024-10-11T00:34:40.949+0000] {processor.py:925} INFO - DAG(s) 'log_dag' retrieved from /opt/airflow/dags/log_dag.py
[2024-10-11T00:34:41.002+0000] {logging_mixin.py:190} INFO - [2024-10-11T00:34:41.001+0000] {dag.py:3239} INFO - Sync 1 DAGs
[2024-10-11T00:34:41.030+0000] {logging_mixin.py:190} INFO - [2024-10-11T00:34:41.030+0000] {dag.py:4180} INFO - Setting next_dagrun for log_dag to None, run_after=None
[2024-10-11T00:34:41.065+0000] {processor.py:208} INFO - Processing /opt/airflow/dags/log_dag.py took 0.161 seconds
[2024-10-11T00:35:12.061+0000] {processor.py:186} INFO - Started process (PID=65436) to work on /opt/airflow/dags/log_dag.py
[2024-10-11T00:35:12.068+0000] {processor.py:914} INFO - Processing file /opt/airflow/dags/log_dag.py for tasks to queue
[2024-10-11T00:35:12.083+0000] {logging_mixin.py:190} INFO - [2024-10-11T00:35:12.082+0000] {dagbag.py:588} INFO - Filling up the DagBag from /opt/airflow/dags/log_dag.py
[2024-10-11T00:35:12.132+0000] {processor.py:925} INFO - DAG(s) 'log_dag' retrieved from /opt/airflow/dags/log_dag.py
[2024-10-11T00:35:12.183+0000] {logging_mixin.py:190} INFO - [2024-10-11T00:35:12.183+0000] {dag.py:3239} INFO - Sync 1 DAGs
[2024-10-11T00:35:12.233+0000] {logging_mixin.py:190} INFO - [2024-10-11T00:35:12.229+0000] {dag.py:4180} INFO - Setting next_dagrun for log_dag to None, run_after=None
[2024-10-11T00:35:12.287+0000] {processor.py:208} INFO - Processing /opt/airflow/dags/log_dag.py took 0.258 seconds
[2024-10-11T00:35:42.902+0000] {processor.py:186} INFO - Started process (PID=65448) to work on /opt/airflow/dags/log_dag.py
[2024-10-11T00:35:42.904+0000] {processor.py:914} INFO - Processing file /opt/airflow/dags/log_dag.py for tasks to queue
[2024-10-11T00:35:42.908+0000] {logging_mixin.py:190} INFO - [2024-10-11T00:35:42.907+0000] {dagbag.py:588} INFO - Filling up the DagBag from /opt/airflow/dags/log_dag.py
[2024-10-11T00:35:42.923+0000] {processor.py:925} INFO - DAG(s) 'log_dag' retrieved from /opt/airflow/dags/log_dag.py
[2024-10-11T00:35:42.974+0000] {logging_mixin.py:190} INFO - [2024-10-11T00:35:42.974+0000] {dag.py:3239} INFO - Sync 1 DAGs
[2024-10-11T00:35:43.003+0000] {logging_mixin.py:190} INFO - [2024-10-11T00:35:43.002+0000] {dag.py:4180} INFO - Setting next_dagrun for log_dag to None, run_after=None
[2024-10-11T00:35:43.038+0000] {processor.py:208} INFO - Processing /opt/airflow/dags/log_dag.py took 0.160 seconds
[2024-10-11T00:36:13.456+0000] {processor.py:186} INFO - Started process (PID=65461) to work on /opt/airflow/dags/log_dag.py
[2024-10-11T00:36:13.458+0000] {processor.py:914} INFO - Processing file /opt/airflow/dags/log_dag.py for tasks to queue
[2024-10-11T00:36:13.462+0000] {logging_mixin.py:190} INFO - [2024-10-11T00:36:13.462+0000] {dagbag.py:588} INFO - Filling up the DagBag from /opt/airflow/dags/log_dag.py
[2024-10-11T00:36:13.478+0000] {processor.py:925} INFO - DAG(s) 'log_dag' retrieved from /opt/airflow/dags/log_dag.py
[2024-10-11T00:36:13.533+0000] {logging_mixin.py:190} INFO - [2024-10-11T00:36:13.532+0000] {dag.py:3239} INFO - Sync 1 DAGs
[2024-10-11T00:36:13.562+0000] {logging_mixin.py:190} INFO - [2024-10-11T00:36:13.562+0000] {dag.py:4180} INFO - Setting next_dagrun for log_dag to None, run_after=None
[2024-10-11T00:36:13.620+0000] {processor.py:208} INFO - Processing /opt/airflow/dags/log_dag.py took 0.180 seconds
[2024-10-11T00:36:44.272+0000] {processor.py:186} INFO - Started process (PID=65479) to work on /opt/airflow/dags/log_dag.py
[2024-10-11T00:36:44.274+0000] {processor.py:914} INFO - Processing file /opt/airflow/dags/log_dag.py for tasks to queue
[2024-10-11T00:36:44.278+0000] {logging_mixin.py:190} INFO - [2024-10-11T00:36:44.277+0000] {dagbag.py:588} INFO - Filling up the DagBag from /opt/airflow/dags/log_dag.py
[2024-10-11T00:36:44.293+0000] {processor.py:925} INFO - DAG(s) 'log_dag' retrieved from /opt/airflow/dags/log_dag.py
[2024-10-11T00:36:44.344+0000] {logging_mixin.py:190} INFO - [2024-10-11T00:36:44.343+0000] {dag.py:3239} INFO - Sync 1 DAGs
[2024-10-11T00:36:44.373+0000] {logging_mixin.py:190} INFO - [2024-10-11T00:36:44.372+0000] {dag.py:4180} INFO - Setting next_dagrun for log_dag to None, run_after=None
[2024-10-11T00:36:44.426+0000] {processor.py:208} INFO - Processing /opt/airflow/dags/log_dag.py took 0.176 seconds
[2024-10-11T00:37:15.037+0000] {processor.py:186} INFO - Started process (PID=65491) to work on /opt/airflow/dags/log_dag.py
[2024-10-11T00:37:15.042+0000] {processor.py:914} INFO - Processing file /opt/airflow/dags/log_dag.py for tasks to queue
[2024-10-11T00:37:15.047+0000] {logging_mixin.py:190} INFO - [2024-10-11T00:37:15.046+0000] {dagbag.py:588} INFO - Filling up the DagBag from /opt/airflow/dags/log_dag.py
[2024-10-11T00:37:15.062+0000] {processor.py:925} INFO - DAG(s) 'log_dag' retrieved from /opt/airflow/dags/log_dag.py
[2024-10-11T00:37:15.116+0000] {logging_mixin.py:190} INFO - [2024-10-11T00:37:15.115+0000] {dag.py:3239} INFO - Sync 1 DAGs
[2024-10-11T00:37:15.158+0000] {logging_mixin.py:190} INFO - [2024-10-11T00:37:15.156+0000] {dag.py:4180} INFO - Setting next_dagrun for log_dag to None, run_after=None
[2024-10-11T00:37:15.222+0000] {processor.py:208} INFO - Processing /opt/airflow/dags/log_dag.py took 0.209 seconds
[2024-10-11T00:37:46.026+0000] {processor.py:186} INFO - Started process (PID=65502) to work on /opt/airflow/dags/log_dag.py
[2024-10-11T00:37:46.033+0000] {processor.py:914} INFO - Processing file /opt/airflow/dags/log_dag.py for tasks to queue
[2024-10-11T00:37:46.048+0000] {logging_mixin.py:190} INFO - [2024-10-11T00:37:46.047+0000] {dagbag.py:588} INFO - Filling up the DagBag from /opt/airflow/dags/log_dag.py
[2024-10-11T00:37:46.097+0000] {processor.py:925} INFO - DAG(s) 'log_dag' retrieved from /opt/airflow/dags/log_dag.py
[2024-10-11T00:37:46.317+0000] {logging_mixin.py:190} INFO - [2024-10-11T00:37:46.316+0000] {dag.py:3239} INFO - Sync 1 DAGs
[2024-10-11T00:37:46.426+0000] {logging_mixin.py:190} INFO - [2024-10-11T00:37:46.426+0000] {dag.py:4180} INFO - Setting next_dagrun for log_dag to None, run_after=None
[2024-10-11T00:37:46.478+0000] {processor.py:208} INFO - Processing /opt/airflow/dags/log_dag.py took 0.523 seconds
[2024-10-11T00:38:17.109+0000] {processor.py:186} INFO - Started process (PID=65514) to work on /opt/airflow/dags/log_dag.py
[2024-10-11T00:38:17.113+0000] {processor.py:914} INFO - Processing file /opt/airflow/dags/log_dag.py for tasks to queue
[2024-10-11T00:38:17.118+0000] {logging_mixin.py:190} INFO - [2024-10-11T00:38:17.118+0000] {dagbag.py:588} INFO - Filling up the DagBag from /opt/airflow/dags/log_dag.py
[2024-10-11T00:38:17.136+0000] {processor.py:925} INFO - DAG(s) 'log_dag' retrieved from /opt/airflow/dags/log_dag.py
[2024-10-11T00:38:17.192+0000] {logging_mixin.py:190} INFO - [2024-10-11T00:38:17.192+0000] {dag.py:3239} INFO - Sync 1 DAGs
[2024-10-11T00:38:17.227+0000] {logging_mixin.py:190} INFO - [2024-10-11T00:38:17.227+0000] {dag.py:4180} INFO - Setting next_dagrun for log_dag to None, run_after=None
[2024-10-11T00:38:17.260+0000] {processor.py:208} INFO - Processing /opt/airflow/dags/log_dag.py took 0.167 seconds
[2024-10-11T00:38:47.895+0000] {processor.py:186} INFO - Started process (PID=65526) to work on /opt/airflow/dags/log_dag.py
[2024-10-11T00:38:47.897+0000] {processor.py:914} INFO - Processing file /opt/airflow/dags/log_dag.py for tasks to queue
[2024-10-11T00:38:47.902+0000] {logging_mixin.py:190} INFO - [2024-10-11T00:38:47.901+0000] {dagbag.py:588} INFO - Filling up the DagBag from /opt/airflow/dags/log_dag.py
[2024-10-11T00:38:47.917+0000] {processor.py:925} INFO - DAG(s) 'log_dag' retrieved from /opt/airflow/dags/log_dag.py
[2024-10-11T00:38:47.969+0000] {logging_mixin.py:190} INFO - [2024-10-11T00:38:47.969+0000] {dag.py:3239} INFO - Sync 1 DAGs
[2024-10-11T00:38:47.998+0000] {logging_mixin.py:190} INFO - [2024-10-11T00:38:47.997+0000] {dag.py:4180} INFO - Setting next_dagrun for log_dag to None, run_after=None
[2024-10-11T00:38:48.027+0000] {processor.py:208} INFO - Processing /opt/airflow/dags/log_dag.py took 0.148 seconds
[2024-10-11T00:39:18.648+0000] {processor.py:186} INFO - Started process (PID=65538) to work on /opt/airflow/dags/log_dag.py
[2024-10-11T00:39:18.650+0000] {processor.py:914} INFO - Processing file /opt/airflow/dags/log_dag.py for tasks to queue
[2024-10-11T00:39:18.655+0000] {logging_mixin.py:190} INFO - [2024-10-11T00:39:18.654+0000] {dagbag.py:588} INFO - Filling up the DagBag from /opt/airflow/dags/log_dag.py
[2024-10-11T00:39:18.670+0000] {processor.py:925} INFO - DAG(s) 'log_dag' retrieved from /opt/airflow/dags/log_dag.py
[2024-10-11T00:39:18.722+0000] {logging_mixin.py:190} INFO - [2024-10-11T00:39:18.722+0000] {dag.py:3239} INFO - Sync 1 DAGs
[2024-10-11T00:39:18.752+0000] {logging_mixin.py:190} INFO - [2024-10-11T00:39:18.751+0000] {dag.py:4180} INFO - Setting next_dagrun for log_dag to None, run_after=None
[2024-10-11T00:39:18.786+0000] {processor.py:208} INFO - Processing /opt/airflow/dags/log_dag.py took 0.159 seconds
[2024-10-11T00:39:49.194+0000] {processor.py:186} INFO - Started process (PID=65549) to work on /opt/airflow/dags/log_dag.py
[2024-10-11T00:39:49.199+0000] {processor.py:914} INFO - Processing file /opt/airflow/dags/log_dag.py for tasks to queue
[2024-10-11T00:39:49.204+0000] {logging_mixin.py:190} INFO - [2024-10-11T00:39:49.203+0000] {dagbag.py:588} INFO - Filling up the DagBag from /opt/airflow/dags/log_dag.py
[2024-10-11T00:39:49.221+0000] {processor.py:925} INFO - DAG(s) 'log_dag' retrieved from /opt/airflow/dags/log_dag.py
[2024-10-11T00:39:49.273+0000] {logging_mixin.py:190} INFO - [2024-10-11T00:39:49.272+0000] {dag.py:3239} INFO - Sync 1 DAGs
[2024-10-11T00:39:49.301+0000] {logging_mixin.py:190} INFO - [2024-10-11T00:39:49.301+0000] {dag.py:4180} INFO - Setting next_dagrun for log_dag to None, run_after=None
[2024-10-11T00:39:49.335+0000] {processor.py:208} INFO - Processing /opt/airflow/dags/log_dag.py took 0.155 seconds
[2024-10-11T00:40:20.290+0000] {processor.py:186} INFO - Started process (PID=65561) to work on /opt/airflow/dags/log_dag.py
[2024-10-11T00:40:20.293+0000] {processor.py:914} INFO - Processing file /opt/airflow/dags/log_dag.py for tasks to queue
[2024-10-11T00:40:20.297+0000] {logging_mixin.py:190} INFO - [2024-10-11T00:40:20.297+0000] {dagbag.py:588} INFO - Filling up the DagBag from /opt/airflow/dags/log_dag.py
[2024-10-11T00:40:20.313+0000] {processor.py:925} INFO - DAG(s) 'log_dag' retrieved from /opt/airflow/dags/log_dag.py
[2024-10-11T00:40:20.377+0000] {logging_mixin.py:190} INFO - [2024-10-11T00:40:20.376+0000] {dag.py:3239} INFO - Sync 1 DAGs
[2024-10-11T00:40:20.406+0000] {logging_mixin.py:190} INFO - [2024-10-11T00:40:20.406+0000] {dag.py:4180} INFO - Setting next_dagrun for log_dag to None, run_after=None
[2024-10-11T00:40:20.438+0000] {processor.py:208} INFO - Processing /opt/airflow/dags/log_dag.py took 0.163 seconds
[2024-10-11T00:40:50.529+0000] {processor.py:186} INFO - Started process (PID=65572) to work on /opt/airflow/dags/log_dag.py
[2024-10-11T00:40:50.532+0000] {processor.py:914} INFO - Processing file /opt/airflow/dags/log_dag.py for tasks to queue
[2024-10-11T00:40:50.536+0000] {logging_mixin.py:190} INFO - [2024-10-11T00:40:50.536+0000] {dagbag.py:588} INFO - Filling up the DagBag from /opt/airflow/dags/log_dag.py
[2024-10-11T00:40:50.553+0000] {processor.py:925} INFO - DAG(s) 'log_dag' retrieved from /opt/airflow/dags/log_dag.py
[2024-10-11T00:40:50.605+0000] {logging_mixin.py:190} INFO - [2024-10-11T00:40:50.604+0000] {dag.py:3239} INFO - Sync 1 DAGs
[2024-10-11T00:40:50.637+0000] {logging_mixin.py:190} INFO - [2024-10-11T00:40:50.636+0000] {dag.py:4180} INFO - Setting next_dagrun for log_dag to None, run_after=None
[2024-10-11T00:40:50.665+0000] {processor.py:208} INFO - Processing /opt/airflow/dags/log_dag.py took 0.151 seconds
[2024-10-11T00:41:21.301+0000] {processor.py:186} INFO - Started process (PID=65584) to work on /opt/airflow/dags/log_dag.py
[2024-10-11T00:41:21.304+0000] {processor.py:914} INFO - Processing file /opt/airflow/dags/log_dag.py for tasks to queue
[2024-10-11T00:41:21.308+0000] {logging_mixin.py:190} INFO - [2024-10-11T00:41:21.308+0000] {dagbag.py:588} INFO - Filling up the DagBag from /opt/airflow/dags/log_dag.py
[2024-10-11T00:41:21.322+0000] {processor.py:925} INFO - DAG(s) 'log_dag' retrieved from /opt/airflow/dags/log_dag.py
[2024-10-11T00:41:21.372+0000] {logging_mixin.py:190} INFO - [2024-10-11T00:41:21.371+0000] {dag.py:3239} INFO - Sync 1 DAGs
[2024-10-11T00:41:21.400+0000] {logging_mixin.py:190} INFO - [2024-10-11T00:41:21.399+0000] {dag.py:4180} INFO - Setting next_dagrun for log_dag to None, run_after=None
[2024-10-11T00:41:21.431+0000] {processor.py:208} INFO - Processing /opt/airflow/dags/log_dag.py took 0.144 seconds
[2024-10-11T00:41:53.017+0000] {processor.py:186} INFO - Started process (PID=65597) to work on /opt/airflow/dags/log_dag.py
[2024-10-11T00:41:53.018+0000] {processor.py:914} INFO - Processing file /opt/airflow/dags/log_dag.py for tasks to queue
[2024-10-11T00:41:53.023+0000] {logging_mixin.py:190} INFO - [2024-10-11T00:41:53.022+0000] {dagbag.py:588} INFO - Filling up the DagBag from /opt/airflow/dags/log_dag.py
[2024-10-11T00:41:53.039+0000] {processor.py:925} INFO - DAG(s) 'log_dag' retrieved from /opt/airflow/dags/log_dag.py
[2024-10-11T00:41:53.090+0000] {logging_mixin.py:190} INFO - [2024-10-11T00:41:53.089+0000] {dag.py:3239} INFO - Sync 1 DAGs
[2024-10-11T00:41:53.118+0000] {logging_mixin.py:190} INFO - [2024-10-11T00:41:53.118+0000] {dag.py:4180} INFO - Setting next_dagrun for log_dag to None, run_after=None
[2024-10-11T00:41:53.164+0000] {processor.py:208} INFO - Processing /opt/airflow/dags/log_dag.py took 0.162 seconds
[2024-10-11T00:42:24.913+0000] {processor.py:186} INFO - Started process (PID=65609) to work on /opt/airflow/dags/log_dag.py
[2024-10-11T00:42:24.915+0000] {processor.py:914} INFO - Processing file /opt/airflow/dags/log_dag.py for tasks to queue
[2024-10-11T00:42:24.920+0000] {logging_mixin.py:190} INFO - [2024-10-11T00:42:24.919+0000] {dagbag.py:588} INFO - Filling up the DagBag from /opt/airflow/dags/log_dag.py
[2024-10-11T00:42:24.936+0000] {processor.py:925} INFO - DAG(s) 'log_dag' retrieved from /opt/airflow/dags/log_dag.py
[2024-10-11T00:42:24.973+0000] {logging_mixin.py:190} INFO - [2024-10-11T00:42:24.972+0000] {dag.py:3239} INFO - Sync 1 DAGs
[2024-10-11T00:42:24.991+0000] {logging_mixin.py:190} INFO - [2024-10-11T00:42:24.990+0000] {dag.py:4180} INFO - Setting next_dagrun for log_dag to None, run_after=None
[2024-10-11T00:42:25.012+0000] {processor.py:208} INFO - Processing /opt/airflow/dags/log_dag.py took 0.113 seconds
[2024-10-11T00:42:57.917+0000] {processor.py:186} INFO - Started process (PID=65621) to work on /opt/airflow/dags/log_dag.py
[2024-10-11T00:42:57.923+0000] {processor.py:914} INFO - Processing file /opt/airflow/dags/log_dag.py for tasks to queue
[2024-10-11T00:42:57.930+0000] {logging_mixin.py:190} INFO - [2024-10-11T00:42:57.929+0000] {dagbag.py:588} INFO - Filling up the DagBag from /opt/airflow/dags/log_dag.py
[2024-10-11T00:42:57.946+0000] {processor.py:925} INFO - DAG(s) 'log_dag' retrieved from /opt/airflow/dags/log_dag.py
[2024-10-11T00:42:58.012+0000] {logging_mixin.py:190} INFO - [2024-10-11T00:42:58.012+0000] {dag.py:3239} INFO - Sync 1 DAGs
[2024-10-11T00:42:58.037+0000] {logging_mixin.py:190} INFO - [2024-10-11T00:42:58.037+0000] {dag.py:4180} INFO - Setting next_dagrun for log_dag to None, run_after=None
[2024-10-11T00:42:58.060+0000] {processor.py:208} INFO - Processing /opt/airflow/dags/log_dag.py took 0.194 seconds
[2024-10-11T00:43:31.221+0000] {processor.py:186} INFO - Started process (PID=65633) to work on /opt/airflow/dags/log_dag.py
[2024-10-11T00:43:31.225+0000] {processor.py:914} INFO - Processing file /opt/airflow/dags/log_dag.py for tasks to queue
[2024-10-11T00:43:31.229+0000] {logging_mixin.py:190} INFO - [2024-10-11T00:43:31.229+0000] {dagbag.py:588} INFO - Filling up the DagBag from /opt/airflow/dags/log_dag.py
[2024-10-11T00:43:31.245+0000] {processor.py:925} INFO - DAG(s) 'log_dag' retrieved from /opt/airflow/dags/log_dag.py
[2024-10-11T00:43:31.296+0000] {logging_mixin.py:190} INFO - [2024-10-11T00:43:31.295+0000] {dag.py:3239} INFO - Sync 1 DAGs
[2024-10-11T00:43:31.325+0000] {logging_mixin.py:190} INFO - [2024-10-11T00:43:31.324+0000] {dag.py:4180} INFO - Setting next_dagrun for log_dag to None, run_after=None
[2024-10-11T00:43:31.357+0000] {processor.py:208} INFO - Processing /opt/airflow/dags/log_dag.py took 0.149 seconds
[2024-10-11T00:44:02.941+0000] {processor.py:186} INFO - Started process (PID=65645) to work on /opt/airflow/dags/log_dag.py
[2024-10-11T00:44:02.943+0000] {processor.py:914} INFO - Processing file /opt/airflow/dags/log_dag.py for tasks to queue
[2024-10-11T00:44:02.947+0000] {logging_mixin.py:190} INFO - [2024-10-11T00:44:02.947+0000] {dagbag.py:588} INFO - Filling up the DagBag from /opt/airflow/dags/log_dag.py
[2024-10-11T00:44:02.959+0000] {processor.py:925} INFO - DAG(s) 'log_dag' retrieved from /opt/airflow/dags/log_dag.py
[2024-10-11T00:44:03.000+0000] {logging_mixin.py:190} INFO - [2024-10-11T00:44:02.999+0000] {dag.py:3239} INFO - Sync 1 DAGs
[2024-10-11T00:44:03.023+0000] {logging_mixin.py:190} INFO - [2024-10-11T00:44:03.023+0000] {dag.py:4180} INFO - Setting next_dagrun for log_dag to None, run_after=None
[2024-10-11T00:44:03.049+0000] {processor.py:208} INFO - Processing /opt/airflow/dags/log_dag.py took 0.118 seconds
[2024-10-11T00:44:34.631+0000] {processor.py:186} INFO - Started process (PID=65657) to work on /opt/airflow/dags/log_dag.py
[2024-10-11T00:44:34.633+0000] {processor.py:914} INFO - Processing file /opt/airflow/dags/log_dag.py for tasks to queue
[2024-10-11T00:44:34.637+0000] {logging_mixin.py:190} INFO - [2024-10-11T00:44:34.637+0000] {dagbag.py:588} INFO - Filling up the DagBag from /opt/airflow/dags/log_dag.py
[2024-10-11T00:44:34.652+0000] {processor.py:925} INFO - DAG(s) 'log_dag' retrieved from /opt/airflow/dags/log_dag.py
[2024-10-11T00:44:34.689+0000] {logging_mixin.py:190} INFO - [2024-10-11T00:44:34.688+0000] {dag.py:3239} INFO - Sync 1 DAGs
[2024-10-11T00:44:34.711+0000] {logging_mixin.py:190} INFO - [2024-10-11T00:44:34.711+0000] {dag.py:4180} INFO - Setting next_dagrun for log_dag to None, run_after=None
[2024-10-11T00:44:34.737+0000] {processor.py:208} INFO - Processing /opt/airflow/dags/log_dag.py took 0.119 seconds
[2024-10-11T00:45:06.331+0000] {processor.py:186} INFO - Started process (PID=65669) to work on /opt/airflow/dags/log_dag.py
[2024-10-11T00:45:06.333+0000] {processor.py:914} INFO - Processing file /opt/airflow/dags/log_dag.py for tasks to queue
[2024-10-11T00:45:06.338+0000] {logging_mixin.py:190} INFO - [2024-10-11T00:45:06.337+0000] {dagbag.py:588} INFO - Filling up the DagBag from /opt/airflow/dags/log_dag.py
[2024-10-11T00:45:06.353+0000] {processor.py:925} INFO - DAG(s) 'log_dag' retrieved from /opt/airflow/dags/log_dag.py
[2024-10-11T00:45:06.402+0000] {logging_mixin.py:190} INFO - [2024-10-11T00:45:06.402+0000] {dag.py:3239} INFO - Sync 1 DAGs
[2024-10-11T00:45:06.423+0000] {logging_mixin.py:190} INFO - [2024-10-11T00:45:06.423+0000] {dag.py:4180} INFO - Setting next_dagrun for log_dag to None, run_after=None
[2024-10-11T00:45:06.447+0000] {processor.py:208} INFO - Processing /opt/airflow/dags/log_dag.py took 0.131 seconds
[2024-10-11T00:45:38.025+0000] {processor.py:186} INFO - Started process (PID=65681) to work on /opt/airflow/dags/log_dag.py
[2024-10-11T00:45:38.027+0000] {processor.py:914} INFO - Processing file /opt/airflow/dags/log_dag.py for tasks to queue
[2024-10-11T00:45:38.032+0000] {logging_mixin.py:190} INFO - [2024-10-11T00:45:38.031+0000] {dagbag.py:588} INFO - Filling up the DagBag from /opt/airflow/dags/log_dag.py
[2024-10-11T00:45:38.047+0000] {processor.py:925} INFO - DAG(s) 'log_dag' retrieved from /opt/airflow/dags/log_dag.py
[2024-10-11T00:45:38.085+0000] {logging_mixin.py:190} INFO - [2024-10-11T00:45:38.084+0000] {dag.py:3239} INFO - Sync 1 DAGs
[2024-10-11T00:45:38.103+0000] {logging_mixin.py:190} INFO - [2024-10-11T00:45:38.103+0000] {dag.py:4180} INFO - Setting next_dagrun for log_dag to None, run_after=None
[2024-10-11T00:45:38.126+0000] {processor.py:208} INFO - Processing /opt/airflow/dags/log_dag.py took 0.115 seconds
[2024-10-11T00:46:09.778+0000] {processor.py:186} INFO - Started process (PID=65693) to work on /opt/airflow/dags/log_dag.py
[2024-10-11T00:46:09.785+0000] {processor.py:914} INFO - Processing file /opt/airflow/dags/log_dag.py for tasks to queue
[2024-10-11T00:46:09.792+0000] {logging_mixin.py:190} INFO - [2024-10-11T00:46:09.791+0000] {dagbag.py:588} INFO - Filling up the DagBag from /opt/airflow/dags/log_dag.py
[2024-10-11T00:46:09.813+0000] {processor.py:925} INFO - DAG(s) 'log_dag' retrieved from /opt/airflow/dags/log_dag.py
[2024-10-11T00:46:09.849+0000] {logging_mixin.py:190} INFO - [2024-10-11T00:46:09.849+0000] {dag.py:3239} INFO - Sync 1 DAGs
[2024-10-11T00:46:09.869+0000] {logging_mixin.py:190} INFO - [2024-10-11T00:46:09.869+0000] {dag.py:4180} INFO - Setting next_dagrun for log_dag to None, run_after=None
[2024-10-11T00:46:09.893+0000] {processor.py:208} INFO - Processing /opt/airflow/dags/log_dag.py took 0.158 seconds
[2024-10-11T00:46:41.457+0000] {processor.py:186} INFO - Started process (PID=65705) to work on /opt/airflow/dags/log_dag.py
[2024-10-11T00:46:41.459+0000] {processor.py:914} INFO - Processing file /opt/airflow/dags/log_dag.py for tasks to queue
[2024-10-11T00:46:41.464+0000] {logging_mixin.py:190} INFO - [2024-10-11T00:46:41.463+0000] {dagbag.py:588} INFO - Filling up the DagBag from /opt/airflow/dags/log_dag.py
[2024-10-11T00:46:41.477+0000] {processor.py:925} INFO - DAG(s) 'log_dag' retrieved from /opt/airflow/dags/log_dag.py
[2024-10-11T00:46:41.512+0000] {logging_mixin.py:190} INFO - [2024-10-11T00:46:41.512+0000] {dag.py:3239} INFO - Sync 1 DAGs
[2024-10-11T00:46:41.531+0000] {logging_mixin.py:190} INFO - [2024-10-11T00:46:41.531+0000] {dag.py:4180} INFO - Setting next_dagrun for log_dag to None, run_after=None
[2024-10-11T00:46:41.553+0000] {processor.py:208} INFO - Processing /opt/airflow/dags/log_dag.py took 0.109 seconds
