[2024-10-11T00:00:02.859+0000] {local_task_job_runner.py:123} INFO - ::group::Pre task execution logs
[2024-10-11T00:00:02.881+0000] {taskinstance.py:2612} INFO - Dependencies all met for dep_context=non-requeueable deps ti=<TaskInstance: stock_data_dag.extract scheduled__2024-10-10T00:00:00+00:00 [queued]>
[2024-10-11T00:00:02.893+0000] {taskinstance.py:2612} INFO - Dependencies all met for dep_context=requeueable deps ti=<TaskInstance: stock_data_dag.extract scheduled__2024-10-10T00:00:00+00:00 [queued]>
[2024-10-11T00:00:02.893+0000] {taskinstance.py:2865} INFO - Starting attempt 1 of 2
[2024-10-11T00:00:02.909+0000] {taskinstance.py:2888} INFO - Executing <Task(_PythonDecoratedOperator): extract> on 2024-10-10 00:00:00+00:00
[2024-10-11T00:00:02.919+0000] {standard_task_runner.py:72} INFO - Started process 34445 to run task
[2024-10-11T00:00:02.927+0000] {standard_task_runner.py:104} INFO - Running: ['***', 'tasks', 'run', 'stock_data_dag', 'extract', 'scheduled__2024-10-10T00:00:00+00:00', '--job-id', '123', '--raw', '--subdir', 'DAGS_FOLDER/stock_data_dag.py', '--cfg-path', '/tmp/tmpb_2wv2d5']
[2024-10-11T00:00:02.932+0000] {standard_task_runner.py:105} INFO - Job 123: Subtask extract
[2024-10-11T00:00:03.013+0000] {task_command.py:467} INFO - Running <TaskInstance: stock_data_dag.extract scheduled__2024-10-10T00:00:00+00:00 [running]> on host 2a293f7fa826
[2024-10-11T00:00:03.121+0000] {taskinstance.py:3131} INFO - Exporting env vars: AIRFLOW_CTX_DAG_OWNER='***' AIRFLOW_CTX_DAG_ID='stock_data_dag' AIRFLOW_CTX_TASK_ID='extract' AIRFLOW_CTX_EXECUTION_DATE='2024-10-10T00:00:00+00:00' AIRFLOW_CTX_TRY_NUMBER='1' AIRFLOW_CTX_DAG_RUN_ID='scheduled__2024-10-10T00:00:00+00:00'
[2024-10-11T00:00:03.124+0000] {taskinstance.py:731} INFO - ::endgroup::
[2024-10-11T00:00:03.129+0000] {logging_mixin.py:190} INFO - Start extracting from CAFE
[2024-10-11T00:00:03.145+0000] {cafe.py:35} INFO - Start downloading data symbols ['AAA'] from CAFEF, start: 11/10/2024, end: 11/10/2024!
[2024-10-11T00:00:03.409+0000] {cafe.py:60} ERROR - Data of the symbol AAA is not available
[2024-10-11T00:00:03.410+0000] {logging_mixin.py:190} INFO - AAA not found
[2024-10-11T00:00:03.410+0000] {cafe.py:35} INFO - Start downloading data symbols ['AAAI'] from CAFEF, start: 11/10/2024, end: 11/10/2024!
[2024-10-11T00:00:03.544+0000] {cafe.py:60} ERROR - Data of the symbol AAAI is not available
[2024-10-11T00:00:03.545+0000] {logging_mixin.py:190} INFO - AAAI not found
[2024-10-11T00:00:03.546+0000] {cafe.py:35} INFO - Start downloading data symbols ['AACORP'] from CAFEF, start: 11/10/2024, end: 11/10/2024!
[2024-10-11T00:00:03.662+0000] {cafe.py:60} ERROR - Data of the symbol AACORP is not available
[2024-10-11T00:00:03.663+0000] {logging_mixin.py:190} INFO - AACORP not found
[2024-10-11T00:00:03.663+0000] {cafe.py:35} INFO - Start downloading data symbols ['AAM'] from CAFEF, start: 11/10/2024, end: 11/10/2024!
[2024-10-11T00:00:03.804+0000] {cafe.py:60} ERROR - Data of the symbol AAM is not available
[2024-10-11T00:00:03.805+0000] {logging_mixin.py:190} INFO - AAM not found
[2024-10-11T00:00:03.806+0000] {cafe.py:35} INFO - Start downloading data symbols ['AAS'] from CAFEF, start: 11/10/2024, end: 11/10/2024!
[2024-10-11T00:00:03.957+0000] {cafe.py:60} ERROR - Data of the symbol AAS is not available
[2024-10-11T00:00:03.957+0000] {logging_mixin.py:190} INFO - AAS not found
[2024-10-11T00:00:03.958+0000] {cafe.py:35} INFO - Start downloading data symbols ['ABB'] from CAFEF, start: 11/10/2024, end: 11/10/2024!
[2024-10-11T00:00:04.082+0000] {cafe.py:60} ERROR - Data of the symbol ABB is not available
[2024-10-11T00:00:04.083+0000] {logging_mixin.py:190} INFO - ABB not found
[2024-10-11T00:00:04.083+0000] {cafe.py:35} INFO - Start downloading data symbols ['ABC'] from CAFEF, start: 11/10/2024, end: 11/10/2024!
[2024-10-11T00:00:04.212+0000] {cafe.py:60} ERROR - Data of the symbol ABC is not available
[2024-10-11T00:00:04.213+0000] {logging_mixin.py:190} INFO - ABC not found
[2024-10-11T00:00:04.213+0000] {cafe.py:35} INFO - Start downloading data symbols ['ABF'] from CAFEF, start: 11/10/2024, end: 11/10/2024!
[2024-10-11T00:00:04.327+0000] {cafe.py:60} ERROR - Data of the symbol ABF is not available
[2024-10-11T00:00:04.328+0000] {logging_mixin.py:190} INFO - ABF not found
[2024-10-11T00:00:04.328+0000] {cafe.py:35} INFO - Start downloading data symbols ['ABI'] from CAFEF, start: 11/10/2024, end: 11/10/2024!
[2024-10-11T00:00:04.467+0000] {cafe.py:60} ERROR - Data of the symbol ABI is not available
[2024-10-11T00:00:04.468+0000] {logging_mixin.py:190} INFO - ABI not found
[2024-10-11T00:00:04.469+0000] {cafe.py:35} INFO - Start downloading data symbols ['ABS'] from CAFEF, start: 11/10/2024, end: 11/10/2024!
[2024-10-11T00:00:04.584+0000] {cafe.py:60} ERROR - Data of the symbol ABS is not available
[2024-10-11T00:00:04.584+0000] {logging_mixin.py:190} INFO - ABS not found
[2024-10-11T00:00:04.585+0000] {logging_mixin.py:190} INFO - Extracting successfully
[2024-10-11T00:00:04.585+0000] {python.py:240} INFO - Done. Returned value was: Empty DataFrame
Columns: []
Index: []
[2024-10-11T00:00:04.669+0000] {taskinstance.py:340} INFO - ::group::Post task execution logs
[2024-10-11T00:00:04.669+0000] {taskinstance.py:352} INFO - Marking task as SUCCESS. dag_id=stock_data_dag, task_id=extract, run_id=scheduled__2024-10-10T00:00:00+00:00, execution_date=20241010T000000, start_date=20241011T000002, end_date=20241011T000004
[2024-10-11T00:00:04.710+0000] {local_task_job_runner.py:266} INFO - Task exited with return code 0
[2024-10-11T00:00:04.750+0000] {taskinstance.py:3900} INFO - 2 downstream tasks scheduled from follow-on schedule check
[2024-10-11T00:00:04.752+0000] {local_task_job_runner.py:245} INFO - ::endgroup::
