[2024-10-06T02:37:52.982+0000] {local_task_job_runner.py:123} INFO - ::group::Pre task execution logs
[2024-10-06T02:37:53.030+0000] {taskinstance.py:2612} INFO - Dependencies all met for dep_context=non-requeueable deps ti=<TaskInstance: stock_data_dag.extract__1 scheduled__2024-10-05T00:00:00+00:00 [queued]>
[2024-10-06T02:37:53.053+0000] {taskinstance.py:2612} INFO - Dependencies all met for dep_context=requeueable deps ti=<TaskInstance: stock_data_dag.extract__1 scheduled__2024-10-05T00:00:00+00:00 [queued]>
[2024-10-06T02:37:53.053+0000] {taskinstance.py:2865} INFO - Starting attempt 1 of 2
[2024-10-06T02:37:53.106+0000] {taskinstance.py:2888} INFO - Executing <Task(_PythonDecoratedOperator): extract__1> on 2024-10-05 00:00:00+00:00
[2024-10-06T02:37:53.134+0000] {standard_task_runner.py:72} INFO - Started process 65 to run task
[2024-10-06T02:37:53.153+0000] {standard_task_runner.py:104} INFO - Running: ['***', 'tasks', 'run', 'stock_data_dag', 'extract__1', 'scheduled__2024-10-05T00:00:00+00:00', '--job-id', '51', '--raw', '--subdir', 'DAGS_FOLDER/stock_data_dag.py', '--cfg-path', '/tmp/tmp43igdof4']
[2024-10-06T02:37:53.166+0000] {standard_task_runner.py:105} INFO - Job 51: Subtask extract__1
[2024-10-06T02:37:53.343+0000] {task_command.py:467} INFO - Running <TaskInstance: stock_data_dag.extract__1 scheduled__2024-10-05T00:00:00+00:00 [running]> on host 2a293f7fa826
[2024-10-06T02:37:53.608+0000] {taskinstance.py:3131} INFO - Exporting env vars: AIRFLOW_CTX_DAG_OWNER='***' AIRFLOW_CTX_DAG_ID='stock_data_dag' AIRFLOW_CTX_TASK_ID='extract__1' AIRFLOW_CTX_EXECUTION_DATE='2024-10-05T00:00:00+00:00' AIRFLOW_CTX_TRY_NUMBER='1' AIRFLOW_CTX_DAG_RUN_ID='scheduled__2024-10-05T00:00:00+00:00'
[2024-10-06T02:37:53.613+0000] {taskinstance.py:731} INFO - ::endgroup::
[2024-10-06T02:37:53.621+0000] {logging_mixin.py:190} INFO - Start extracting from VND
[2024-10-06T02:37:53.645+0000] {vnd.py:32} INFO - Start downloading data symbols ['AAA'] from VNDIRECT, start: 06/10/2024, end: 06/10/2024!
[2024-10-06T02:37:53.810+0000] {vnd.py:55} ERROR - Data of the symbol AAA is not available
[2024-10-06T02:37:53.812+0000] {logging_mixin.py:190} INFO - AAA not found
[2024-10-06T02:37:53.814+0000] {vnd.py:32} INFO - Start downloading data symbols ['AAAI'] from VNDIRECT, start: 06/10/2024, end: 06/10/2024!
[2024-10-06T02:37:53.948+0000] {vnd.py:55} ERROR - Data of the symbol AAAI is not available
[2024-10-06T02:37:53.949+0000] {logging_mixin.py:190} INFO - AAAI not found
[2024-10-06T02:37:53.950+0000] {vnd.py:32} INFO - Start downloading data symbols ['AACORP'] from VNDIRECT, start: 06/10/2024, end: 06/10/2024!
[2024-10-06T02:37:54.084+0000] {vnd.py:55} ERROR - Data of the symbol AACORP is not available
[2024-10-06T02:37:54.085+0000] {logging_mixin.py:190} INFO - AACORP not found
[2024-10-06T02:37:54.086+0000] {vnd.py:32} INFO - Start downloading data symbols ['AAM'] from VNDIRECT, start: 06/10/2024, end: 06/10/2024!
[2024-10-06T02:37:54.210+0000] {vnd.py:55} ERROR - Data of the symbol AAM is not available
[2024-10-06T02:37:54.211+0000] {logging_mixin.py:190} INFO - AAM not found
[2024-10-06T02:37:54.212+0000] {vnd.py:32} INFO - Start downloading data symbols ['AAS'] from VNDIRECT, start: 06/10/2024, end: 06/10/2024!
[2024-10-06T02:37:54.337+0000] {vnd.py:55} ERROR - Data of the symbol AAS is not available
[2024-10-06T02:37:54.338+0000] {logging_mixin.py:190} INFO - AAS not found
[2024-10-06T02:37:54.339+0000] {vnd.py:32} INFO - Start downloading data symbols ['ABB'] from VNDIRECT, start: 06/10/2024, end: 06/10/2024!
[2024-10-06T02:37:54.468+0000] {vnd.py:55} ERROR - Data of the symbol ABB is not available
[2024-10-06T02:37:54.469+0000] {logging_mixin.py:190} INFO - ABB not found
[2024-10-06T02:37:54.470+0000] {vnd.py:32} INFO - Start downloading data symbols ['ABC'] from VNDIRECT, start: 06/10/2024, end: 06/10/2024!
[2024-10-06T02:37:54.602+0000] {vnd.py:55} ERROR - Data of the symbol ABC is not available
[2024-10-06T02:37:54.603+0000] {logging_mixin.py:190} INFO - ABC not found
[2024-10-06T02:37:54.604+0000] {vnd.py:32} INFO - Start downloading data symbols ['ABF'] from VNDIRECT, start: 06/10/2024, end: 06/10/2024!
[2024-10-06T02:37:54.736+0000] {vnd.py:55} ERROR - Data of the symbol ABF is not available
[2024-10-06T02:37:54.743+0000] {logging_mixin.py:190} INFO - ABF not found
[2024-10-06T02:37:54.752+0000] {vnd.py:32} INFO - Start downloading data symbols ['ABI'] from VNDIRECT, start: 06/10/2024, end: 06/10/2024!
[2024-10-06T02:37:54.895+0000] {vnd.py:55} ERROR - Data of the symbol ABI is not available
[2024-10-06T02:37:54.898+0000] {logging_mixin.py:190} INFO - ABI not found
[2024-10-06T02:37:54.899+0000] {vnd.py:32} INFO - Start downloading data symbols ['ABS'] from VNDIRECT, start: 06/10/2024, end: 06/10/2024!
[2024-10-06T02:37:55.029+0000] {vnd.py:55} ERROR - Data of the symbol ABS is not available
[2024-10-06T02:37:55.032+0000] {logging_mixin.py:190} INFO - ABS not found
[2024-10-06T02:37:55.032+0000] {logging_mixin.py:190} INFO - Extracting successfully
[2024-10-06T02:37:55.033+0000] {python.py:240} INFO - Done. Returned value was: Empty DataFrame
Columns: []
Index: []
[2024-10-06T02:37:55.162+0000] {taskinstance.py:340} INFO - ::group::Post task execution logs
[2024-10-06T02:37:55.163+0000] {taskinstance.py:352} INFO - Marking task as SUCCESS. dag_id=stock_data_dag, task_id=extract__1, run_id=scheduled__2024-10-05T00:00:00+00:00, execution_date=20241005T000000, start_date=20241006T023753, end_date=20241006T023755
[2024-10-06T02:37:55.244+0000] {local_task_job_runner.py:266} INFO - Task exited with return code 0
[2024-10-06T02:37:55.374+0000] {taskinstance.py:3900} INFO - 2 downstream tasks scheduled from follow-on schedule check
[2024-10-06T02:37:55.376+0000] {local_task_job_runner.py:245} INFO - ::endgroup::
