[2024-10-09T02:27:59.137+0000] {local_task_job_runner.py:123} INFO - ::group::Pre task execution logs
[2024-10-09T02:27:59.183+0000] {taskinstance.py:2612} INFO - Dependencies all met for dep_context=non-requeueable deps ti=<TaskInstance: stock_data_dag.extract scheduled__2024-10-08T00:00:00+00:00 [queued]>
[2024-10-09T02:27:59.207+0000] {taskinstance.py:2612} INFO - Dependencies all met for dep_context=requeueable deps ti=<TaskInstance: stock_data_dag.extract scheduled__2024-10-08T00:00:00+00:00 [queued]>
[2024-10-09T02:27:59.208+0000] {taskinstance.py:2865} INFO - Starting attempt 1 of 2
[2024-10-09T02:27:59.234+0000] {taskinstance.py:2888} INFO - Executing <Task(_PythonDecoratedOperator): extract> on 2024-10-08 00:00:00+00:00
[2024-10-09T02:27:59.245+0000] {standard_task_runner.py:72} INFO - Started process 805 to run task
[2024-10-09T02:27:59.259+0000] {standard_task_runner.py:104} INFO - Running: ['***', 'tasks', 'run', 'stock_data_dag', 'extract', 'scheduled__2024-10-08T00:00:00+00:00', '--job-id', '85', '--raw', '--subdir', 'DAGS_FOLDER/stock_data_dag.py', '--cfg-path', '/tmp/tmpdvn7ebdq']
[2024-10-09T02:27:59.268+0000] {standard_task_runner.py:105} INFO - Job 85: Subtask extract
[2024-10-09T02:27:59.364+0000] {task_command.py:467} INFO - Running <TaskInstance: stock_data_dag.extract scheduled__2024-10-08T00:00:00+00:00 [running]> on host 2a293f7fa826
[2024-10-09T02:27:59.520+0000] {taskinstance.py:3131} INFO - Exporting env vars: AIRFLOW_CTX_DAG_OWNER='***' AIRFLOW_CTX_DAG_ID='stock_data_dag' AIRFLOW_CTX_TASK_ID='extract' AIRFLOW_CTX_EXECUTION_DATE='2024-10-08T00:00:00+00:00' AIRFLOW_CTX_TRY_NUMBER='1' AIRFLOW_CTX_DAG_RUN_ID='scheduled__2024-10-08T00:00:00+00:00'
[2024-10-09T02:27:59.524+0000] {taskinstance.py:731} INFO - ::endgroup::
[2024-10-09T02:27:59.534+0000] {logging_mixin.py:190} INFO - Start extracting from CAFE
[2024-10-09T02:27:59.554+0000] {cafe.py:35} INFO - Start downloading data symbols ['AAA'] from CAFEF, start: 09/10/2024, end: 09/10/2024!
[2024-10-09T02:27:59.737+0000] {warnings.py:109} WARNING - /opt/***/dags/../lib/stock/data/loader/cafe.py:86: FutureWarning: DataFrame.fillna with 'method' is deprecated and will raise in a future version. Use obj.ffill() or obj.bfill() instead.
  stock_data.fillna(method='ffill', inplace=True)

[2024-10-09T02:27:59.743+0000] {cafe.py:95} INFO - data AAA from 2024-10-09 to 2024-10-09 have already cloned!
[2024-10-09T02:27:59.768+0000] {logging_mixin.py:190} INFO - Add AAA to data
[2024-10-09T02:27:59.768+0000] {cafe.py:35} INFO - Start downloading data symbols ['AAAI'] from CAFEF, start: 09/10/2024, end: 09/10/2024!
[2024-10-09T02:27:59.887+0000] {cafe.py:60} ERROR - Data of the symbol AAAI is not available
[2024-10-09T02:27:59.888+0000] {logging_mixin.py:190} INFO - AAAI not found
[2024-10-09T02:27:59.889+0000] {cafe.py:35} INFO - Start downloading data symbols ['AACORP'] from CAFEF, start: 09/10/2024, end: 09/10/2024!
[2024-10-09T02:28:00.146+0000] {cafe.py:60} ERROR - Data of the symbol AACORP is not available
[2024-10-09T02:28:00.149+0000] {logging_mixin.py:190} INFO - AACORP not found
[2024-10-09T02:28:00.150+0000] {cafe.py:35} INFO - Start downloading data symbols ['AAM'] from CAFEF, start: 09/10/2024, end: 09/10/2024!
[2024-10-09T02:28:00.322+0000] {warnings.py:109} WARNING - /opt/***/dags/../lib/stock/data/loader/cafe.py:86: FutureWarning: DataFrame.fillna with 'method' is deprecated and will raise in a future version. Use obj.ffill() or obj.bfill() instead.
  stock_data.fillna(method='ffill', inplace=True)

[2024-10-09T02:28:00.331+0000] {cafe.py:95} INFO - data AAM from 2024-10-09 to 2024-10-09 have already cloned!
[2024-10-09T02:28:00.367+0000] {logging_mixin.py:190} INFO - Add AAM to data
[2024-10-09T02:28:00.370+0000] {cafe.py:35} INFO - Start downloading data symbols ['AAS'] from CAFEF, start: 09/10/2024, end: 09/10/2024!
[2024-10-09T02:28:00.557+0000] {warnings.py:109} WARNING - /opt/***/dags/../lib/stock/data/loader/cafe.py:86: FutureWarning: DataFrame.fillna with 'method' is deprecated and will raise in a future version. Use obj.ffill() or obj.bfill() instead.
  stock_data.fillna(method='ffill', inplace=True)

[2024-10-09T02:28:00.566+0000] {cafe.py:95} INFO - data AAS from 2024-10-09 to 2024-10-09 have already cloned!
[2024-10-09T02:28:00.585+0000] {logging_mixin.py:190} INFO - Add AAS to data
[2024-10-09T02:28:00.585+0000] {cafe.py:35} INFO - Start downloading data symbols ['ABB'] from CAFEF, start: 09/10/2024, end: 09/10/2024!
[2024-10-09T02:28:00.779+0000] {warnings.py:109} WARNING - /opt/***/dags/../lib/stock/data/loader/cafe.py:86: FutureWarning: DataFrame.fillna with 'method' is deprecated and will raise in a future version. Use obj.ffill() or obj.bfill() instead.
  stock_data.fillna(method='ffill', inplace=True)

[2024-10-09T02:28:00.793+0000] {cafe.py:95} INFO - data ABB from 2024-10-09 to 2024-10-09 have already cloned!
[2024-10-09T02:28:00.824+0000] {logging_mixin.py:190} INFO - Add ABB to data
[2024-10-09T02:28:00.825+0000] {cafe.py:35} INFO - Start downloading data symbols ['ABC'] from CAFEF, start: 09/10/2024, end: 09/10/2024!
[2024-10-09T02:28:00.983+0000] {warnings.py:109} WARNING - /opt/***/dags/../lib/stock/data/loader/cafe.py:86: FutureWarning: DataFrame.fillna with 'method' is deprecated and will raise in a future version. Use obj.ffill() or obj.bfill() instead.
  stock_data.fillna(method='ffill', inplace=True)

[2024-10-09T02:28:00.993+0000] {cafe.py:95} INFO - data ABC from 2024-10-09 to 2024-10-09 have already cloned!
[2024-10-09T02:28:01.027+0000] {logging_mixin.py:190} INFO - Add ABC to data
[2024-10-09T02:28:01.028+0000] {cafe.py:35} INFO - Start downloading data symbols ['ABF'] from CAFEF, start: 09/10/2024, end: 09/10/2024!
[2024-10-09T02:28:01.186+0000] {cafe.py:60} ERROR - Data of the symbol ABF is not available
[2024-10-09T02:28:01.189+0000] {logging_mixin.py:190} INFO - ABF not found
[2024-10-09T02:28:01.190+0000] {cafe.py:35} INFO - Start downloading data symbols ['ABI'] from CAFEF, start: 09/10/2024, end: 09/10/2024!
[2024-10-09T02:28:02.023+0000] {warnings.py:109} WARNING - /opt/***/dags/../lib/stock/data/loader/cafe.py:86: FutureWarning: DataFrame.fillna with 'method' is deprecated and will raise in a future version. Use obj.ffill() or obj.bfill() instead.
  stock_data.fillna(method='ffill', inplace=True)

[2024-10-09T02:28:02.032+0000] {cafe.py:95} INFO - data ABI from 2024-10-09 to 2024-10-09 have already cloned!
[2024-10-09T02:28:02.071+0000] {logging_mixin.py:190} INFO - Add ABI to data
[2024-10-09T02:28:02.071+0000] {cafe.py:35} INFO - Start downloading data symbols ['ABS'] from CAFEF, start: 09/10/2024, end: 09/10/2024!
[2024-10-09T02:28:02.235+0000] {warnings.py:109} WARNING - /opt/***/dags/../lib/stock/data/loader/cafe.py:86: FutureWarning: DataFrame.fillna with 'method' is deprecated and will raise in a future version. Use obj.ffill() or obj.bfill() instead.
  stock_data.fillna(method='ffill', inplace=True)

[2024-10-09T02:28:02.246+0000] {cafe.py:95} INFO - data ABS from 2024-10-09 to 2024-10-09 have already cloned!
[2024-10-09T02:28:02.283+0000] {logging_mixin.py:190} INFO - Add ABS to data
[2024-10-09T02:28:02.283+0000] {logging_mixin.py:190} INFO - Extracting successfully
[2024-10-09T02:28:02.284+0000] {python.py:240} INFO - Done. Returned value was: Attributes Symbols code   high    low  ...  close  adjust  volume_match  value_match
date                                   ...                                          
2024-10-09     AAA  AAA   9.45   9.44  ...   9.45    9.45       41300.0  390000000.0
2024-10-09     AAM  AAM   7.45   7.45  ...   7.45    7.45         100.0          0.0
2024-10-09     AAS  AAS   7.40   7.30  ...   7.30    7.30       17608.0  128490000.0
2024-10-09     ABB  ABB   7.90   7.80  ...   7.90    7.90        1696.0   11830000.0
2024-10-09     ABC  ABC  10.60  10.40  ...  10.50   10.50        2701.0   28330000.0
2024-10-09     ABI  ABI  24.70  24.70  ...  24.70   24.70         392.0    7410000.0
2024-10-09     ABS  ABS   4.23   4.19  ...   4.23    4.23         300.0    1000000.0

[7 rows x 9 columns]
[2024-10-09T02:28:02.467+0000] {taskinstance.py:340} INFO - ::group::Post task execution logs
[2024-10-09T02:28:02.468+0000] {taskinstance.py:352} INFO - Marking task as SUCCESS. dag_id=stock_data_dag, task_id=extract, run_id=scheduled__2024-10-08T00:00:00+00:00, execution_date=20241008T000000, start_date=20241009T022759, end_date=20241009T022802
[2024-10-09T02:28:02.543+0000] {local_task_job_runner.py:266} INFO - Task exited with return code 0
[2024-10-09T02:28:02.651+0000] {taskinstance.py:3900} INFO - 2 downstream tasks scheduled from follow-on schedule check
[2024-10-09T02:28:02.656+0000] {local_task_job_runner.py:245} INFO - ::endgroup::
