[2024-10-14T02:29:31.658+0000] {local_task_job_runner.py:123} INFO - ::group::Pre task execution logs
[2024-10-14T02:29:31.791+0000] {taskinstance.py:2612} INFO - Dependencies all met for dep_context=non-requeueable deps ti=<TaskInstance: stock_data_dag.transform__1 scheduled__2024-10-13T00:00:00+00:00 [queued]>
[2024-10-14T02:29:31.871+0000] {taskinstance.py:2612} INFO - Dependencies all met for dep_context=requeueable deps ti=<TaskInstance: stock_data_dag.transform__1 scheduled__2024-10-13T00:00:00+00:00 [queued]>
[2024-10-14T02:29:31.871+0000] {taskinstance.py:2865} INFO - Starting attempt 1 of 2
[2024-10-14T02:29:31.984+0000] {taskinstance.py:2888} INFO - Executing <Task(_PythonDecoratedOperator): transform__1> on 2024-10-13 00:00:00+00:00
[2024-10-14T02:29:32.028+0000] {standard_task_runner.py:72} INFO - Started process 35118 to run task
[2024-10-14T02:29:32.060+0000] {standard_task_runner.py:104} INFO - Running: ['***', 'tasks', 'run', 'stock_data_dag', 'transform__1', 'scheduled__2024-10-13T00:00:00+00:00', '--job-id', '140', '--raw', '--subdir', 'DAGS_FOLDER/stock_data_dag.py', '--cfg-path', '/tmp/tmpdyj9992y']
[2024-10-14T02:29:32.079+0000] {standard_task_runner.py:105} INFO - Job 140: Subtask transform__1
[2024-10-14T02:29:32.361+0000] {task_command.py:467} INFO - Running <TaskInstance: stock_data_dag.transform__1 scheduled__2024-10-13T00:00:00+00:00 [running]> on host 2a293f7fa826
[2024-10-14T02:29:33.193+0000] {taskinstance.py:3131} INFO - Exporting env vars: AIRFLOW_CTX_DAG_OWNER='***' AIRFLOW_CTX_DAG_ID='stock_data_dag' AIRFLOW_CTX_TASK_ID='transform__1' AIRFLOW_CTX_EXECUTION_DATE='2024-10-13T00:00:00+00:00' AIRFLOW_CTX_TRY_NUMBER='1' AIRFLOW_CTX_DAG_RUN_ID='scheduled__2024-10-13T00:00:00+00:00'
[2024-10-14T02:29:33.204+0000] {taskinstance.py:731} INFO - ::endgroup::
[2024-10-14T02:29:33.221+0000] {logging_mixin.py:190} INFO - Start transforming
[2024-10-14T02:29:33.262+0000] {logging_mixin.py:190} INFO - Transform successfully
[2024-10-14T02:29:33.262+0000] {python.py:240} INFO - Done. Returned value was: Attributes       date code   high  ...  adjust  volume_match   value_match
0          2024-10-14  AAA   9.59  ...    9.56      119700.0  1.143000e+09
1          2024-10-14  AAM   7.25  ...    7.25        1200.0  8.000000e+06
2          2024-10-14  AAS   7.40  ...    7.40        2000.0  1.454000e+07
3          2024-10-14  ABB   7.90  ...    7.80       38200.0  2.990500e+08
4          2024-10-14  ABC  10.30  ...   10.30        2000.0  2.060000e+07
5          2024-10-14  ABI  25.80  ...   25.80           0.0  0.000000e+00
6          2024-10-14  ABS   4.10  ...    4.10       17400.0  7.100000e+07

[7 rows x 9 columns]
[2024-10-14T02:29:33.404+0000] {taskinstance.py:340} INFO - ::group::Post task execution logs
[2024-10-14T02:29:33.405+0000] {taskinstance.py:352} INFO - Marking task as SUCCESS. dag_id=stock_data_dag, task_id=transform__1, run_id=scheduled__2024-10-13T00:00:00+00:00, execution_date=20241013T000000, start_date=20241014T022931, end_date=20241014T022933
[2024-10-14T02:29:33.509+0000] {local_task_job_runner.py:266} INFO - Task exited with return code 0
[2024-10-14T02:29:33.639+0000] {taskinstance.py:3900} INFO - 1 downstream tasks scheduled from follow-on schedule check
[2024-10-14T02:29:33.644+0000] {local_task_job_runner.py:245} INFO - ::endgroup::
