[2024-10-06T02:52:02.079+0000] {local_task_job_runner.py:123} INFO - ::group::Pre task execution logs
[2024-10-06T02:52:02.107+0000] {taskinstance.py:2612} INFO - Dependencies all met for dep_context=non-requeueable deps ti=<TaskInstance: stock_data_dag.transform manual__2024-10-06T02:51:54.268759+00:00 [queued]>
[2024-10-06T02:52:02.121+0000] {taskinstance.py:2612} INFO - Dependencies all met for dep_context=requeueable deps ti=<TaskInstance: stock_data_dag.transform manual__2024-10-06T02:51:54.268759+00:00 [queued]>
[2024-10-06T02:52:02.121+0000] {taskinstance.py:2865} INFO - Starting attempt 1 of 2
[2024-10-06T02:52:02.143+0000] {taskinstance.py:2888} INFO - Executing <Task(_PythonDecoratedOperator): transform> on 2024-10-06 02:51:54.268759+00:00
[2024-10-06T02:52:02.155+0000] {standard_task_runner.py:72} INFO - Started process 265 to run task
[2024-10-06T02:52:02.170+0000] {standard_task_runner.py:104} INFO - Running: ['***', 'tasks', 'run', 'stock_data_dag', 'transform', 'manual__2024-10-06T02:51:54.268759+00:00', '--job-id', '58', '--raw', '--subdir', 'DAGS_FOLDER/stock_data_dag.py', '--cfg-path', '/tmp/tmpnppynhcr']
[2024-10-06T02:52:02.176+0000] {standard_task_runner.py:105} INFO - Job 58: Subtask transform
[2024-10-06T02:52:02.270+0000] {task_command.py:467} INFO - Running <TaskInstance: stock_data_dag.transform manual__2024-10-06T02:51:54.268759+00:00 [running]> on host 2a293f7fa826
[2024-10-06T02:52:02.545+0000] {taskinstance.py:3131} INFO - Exporting env vars: AIRFLOW_CTX_DAG_OWNER='***' AIRFLOW_CTX_DAG_ID='stock_data_dag' AIRFLOW_CTX_TASK_ID='transform' AIRFLOW_CTX_EXECUTION_DATE='2024-10-06T02:51:54.268759+00:00' AIRFLOW_CTX_TRY_NUMBER='1' AIRFLOW_CTX_DAG_RUN_ID='manual__2024-10-06T02:51:54.268759+00:00'
[2024-10-06T02:52:02.547+0000] {taskinstance.py:731} INFO - ::endgroup::
[2024-10-06T02:52:02.551+0000] {logging_mixin.py:190} INFO - Start transforming
[2024-10-06T02:52:02.555+0000] {logging_mixin.py:190} INFO - Transform successfully
[2024-10-06T02:52:02.556+0000] {python.py:240} INFO - Done. Returned value was: Attributes       date code   high  ...  adjust  volume_match   value_match
0          2024-10-04  AAA   9.54  ...    9.43     1088800.0  1.030200e+10
1          2024-10-04  AAM   7.70  ...    7.35        2500.0  1.800000e+07
2          2024-10-04  AAS   7.50  ...    7.40      139251.0  1.030190e+09
3          2024-10-04  ABB   8.10  ...    8.00     1025050.0  8.039780e+09
4          2024-10-04  ABC  10.70  ...   10.60       17694.0  1.841600e+08
5          2024-10-04  ABI  24.50  ...   24.50       25065.0  6.093600e+08
6          2024-10-04  ABS   4.29  ...    4.21       84700.0  3.570000e+08

[7 rows x 9 columns]
[2024-10-06T02:52:02.603+0000] {taskinstance.py:340} INFO - ::group::Post task execution logs
[2024-10-06T02:52:02.603+0000] {taskinstance.py:352} INFO - Marking task as SUCCESS. dag_id=stock_data_dag, task_id=transform, run_id=manual__2024-10-06T02:51:54.268759+00:00, execution_date=20241006T025154, start_date=20241006T025202, end_date=20241006T025202
[2024-10-06T02:52:02.629+0000] {local_task_job_runner.py:266} INFO - Task exited with return code 0
[2024-10-06T02:52:02.668+0000] {taskinstance.py:3900} INFO - 1 downstream tasks scheduled from follow-on schedule check
[2024-10-06T02:52:02.670+0000] {local_task_job_runner.py:245} INFO - ::endgroup::
