[2024-10-06T03:07:39.275+0000] {local_task_job_runner.py:123} INFO - ::group::Pre task execution logs
[2024-10-06T03:07:39.315+0000] {taskinstance.py:2612} INFO - Dependencies all met for dep_context=non-requeueable deps ti=<TaskInstance: stock_data_dag.extract__1 manual__2024-10-06T03:07:32.353733+00:00 [queued]>
[2024-10-06T03:07:39.332+0000] {taskinstance.py:2612} INFO - Dependencies all met for dep_context=requeueable deps ti=<TaskInstance: stock_data_dag.extract__1 manual__2024-10-06T03:07:32.353733+00:00 [queued]>
[2024-10-06T03:07:39.333+0000] {taskinstance.py:2865} INFO - Starting attempt 1 of 2
[2024-10-06T03:07:39.361+0000] {taskinstance.py:2888} INFO - Executing <Task(_PythonDecoratedOperator): extract__1> on 2024-10-06 03:07:32.353733+00:00
[2024-10-06T03:07:39.394+0000] {standard_task_runner.py:72} INFO - Started process 542 to run task
[2024-10-06T03:07:39.409+0000] {standard_task_runner.py:104} INFO - Running: ['***', 'tasks', 'run', 'stock_data_dag', 'extract__1', 'manual__2024-10-06T03:07:32.353733+00:00', '--job-id', '72', '--raw', '--subdir', 'DAGS_FOLDER/stock_data_dag.py', '--cfg-path', '/tmp/tmpi89gdf3h']
[2024-10-06T03:07:39.422+0000] {standard_task_runner.py:105} INFO - Job 72: Subtask extract__1
[2024-10-06T03:07:39.565+0000] {task_command.py:467} INFO - Running <TaskInstance: stock_data_dag.extract__1 manual__2024-10-06T03:07:32.353733+00:00 [running]> on host 2a293f7fa826
[2024-10-06T03:07:39.836+0000] {taskinstance.py:3131} INFO - Exporting env vars: AIRFLOW_CTX_DAG_OWNER='***' AIRFLOW_CTX_DAG_ID='stock_data_dag' AIRFLOW_CTX_TASK_ID='extract__1' AIRFLOW_CTX_EXECUTION_DATE='2024-10-06T03:07:32.353733+00:00' AIRFLOW_CTX_TRY_NUMBER='1' AIRFLOW_CTX_DAG_RUN_ID='manual__2024-10-06T03:07:32.353733+00:00'
[2024-10-06T03:07:39.840+0000] {taskinstance.py:731} INFO - ::endgroup::
[2024-10-06T03:07:39.850+0000] {logging_mixin.py:190} INFO - Start extracting from VND
[2024-10-06T03:07:39.878+0000] {vnd.py:32} INFO - Start downloading data symbols ['AAA'] from VNDIRECT, start: 06/10/2024, end: 06/10/2024!
[2024-10-06T03:07:40.076+0000] {vnd.py:55} ERROR - Data of the symbol AAA is not available
[2024-10-06T03:07:40.081+0000] {logging_mixin.py:190} INFO - AAA not found
[2024-10-06T03:07:40.082+0000] {vnd.py:32} INFO - Start downloading data symbols ['AAAI'] from VNDIRECT, start: 06/10/2024, end: 06/10/2024!
[2024-10-06T03:07:40.216+0000] {vnd.py:55} ERROR - Data of the symbol AAAI is not available
[2024-10-06T03:07:40.224+0000] {logging_mixin.py:190} INFO - AAAI not found
[2024-10-06T03:07:40.225+0000] {vnd.py:32} INFO - Start downloading data symbols ['AACORP'] from VNDIRECT, start: 06/10/2024, end: 06/10/2024!
[2024-10-06T03:07:40.371+0000] {vnd.py:55} ERROR - Data of the symbol AACORP is not available
[2024-10-06T03:07:40.372+0000] {logging_mixin.py:190} INFO - AACORP not found
[2024-10-06T03:07:40.377+0000] {vnd.py:32} INFO - Start downloading data symbols ['AAM'] from VNDIRECT, start: 06/10/2024, end: 06/10/2024!
[2024-10-06T03:07:40.522+0000] {vnd.py:55} ERROR - Data of the symbol AAM is not available
[2024-10-06T03:07:40.532+0000] {logging_mixin.py:190} INFO - AAM not found
[2024-10-06T03:07:40.533+0000] {vnd.py:32} INFO - Start downloading data symbols ['AAS'] from VNDIRECT, start: 06/10/2024, end: 06/10/2024!
[2024-10-06T03:07:40.694+0000] {vnd.py:55} ERROR - Data of the symbol AAS is not available
[2024-10-06T03:07:40.701+0000] {logging_mixin.py:190} INFO - AAS not found
[2024-10-06T03:07:40.701+0000] {vnd.py:32} INFO - Start downloading data symbols ['ABB'] from VNDIRECT, start: 06/10/2024, end: 06/10/2024!
[2024-10-06T03:07:40.840+0000] {vnd.py:55} ERROR - Data of the symbol ABB is not available
[2024-10-06T03:07:40.844+0000] {logging_mixin.py:190} INFO - ABB not found
[2024-10-06T03:07:40.845+0000] {vnd.py:32} INFO - Start downloading data symbols ['ABC'] from VNDIRECT, start: 06/10/2024, end: 06/10/2024!
[2024-10-06T03:07:40.979+0000] {vnd.py:55} ERROR - Data of the symbol ABC is not available
[2024-10-06T03:07:40.983+0000] {logging_mixin.py:190} INFO - ABC not found
[2024-10-06T03:07:40.983+0000] {vnd.py:32} INFO - Start downloading data symbols ['ABF'] from VNDIRECT, start: 06/10/2024, end: 06/10/2024!
[2024-10-06T03:07:41.126+0000] {vnd.py:55} ERROR - Data of the symbol ABF is not available
[2024-10-06T03:07:41.128+0000] {logging_mixin.py:190} INFO - ABF not found
[2024-10-06T03:07:41.129+0000] {vnd.py:32} INFO - Start downloading data symbols ['ABI'] from VNDIRECT, start: 06/10/2024, end: 06/10/2024!
[2024-10-06T03:07:41.261+0000] {vnd.py:55} ERROR - Data of the symbol ABI is not available
[2024-10-06T03:07:41.265+0000] {logging_mixin.py:190} INFO - ABI not found
[2024-10-06T03:07:41.267+0000] {vnd.py:32} INFO - Start downloading data symbols ['ABS'] from VNDIRECT, start: 06/10/2024, end: 06/10/2024!
[2024-10-06T03:07:41.410+0000] {vnd.py:55} ERROR - Data of the symbol ABS is not available
[2024-10-06T03:07:41.414+0000] {logging_mixin.py:190} INFO - ABS not found
[2024-10-06T03:07:41.415+0000] {logging_mixin.py:190} INFO - Extracting successfully
[2024-10-06T03:07:41.416+0000] {python.py:240} INFO - Done. Returned value was: Empty DataFrame
Columns: []
Index: []
[2024-10-06T03:07:41.576+0000] {taskinstance.py:340} INFO - ::group::Post task execution logs
[2024-10-06T03:07:41.580+0000] {taskinstance.py:352} INFO - Marking task as SUCCESS. dag_id=stock_data_dag, task_id=extract__1, run_id=manual__2024-10-06T03:07:32.353733+00:00, execution_date=20241006T030732, start_date=20241006T030739, end_date=20241006T030741
[2024-10-06T03:07:41.699+0000] {local_task_job_runner.py:266} INFO - Task exited with return code 0
[2024-10-06T03:07:41.809+0000] {taskinstance.py:3900} INFO - 2 downstream tasks scheduled from follow-on schedule check
[2024-10-06T03:07:41.815+0000] {local_task_job_runner.py:245} INFO - ::endgroup::
