[2024-10-14T02:28:51.743+0000] {processor.py:186} INFO - Started process (PID=65715) to work on /opt/airflow/dags/crawl_to_kafka.py
[2024-10-14T02:28:51.749+0000] {processor.py:914} INFO - Processing file /opt/airflow/dags/crawl_to_kafka.py for tasks to queue
[2024-10-14T02:28:51.764+0000] {logging_mixin.py:190} INFO - [2024-10-14T02:28:51.764+0000] {dagbag.py:588} INFO - Filling up the DagBag from /opt/airflow/dags/crawl_to_kafka.py
[2024-10-14T02:28:55.686+0000] {processor.py:925} INFO - DAG(s) 'crawl_to_kafka' retrieved from /opt/airflow/dags/crawl_to_kafka.py
[2024-10-14T02:28:56.008+0000] {logging_mixin.py:190} WARNING - [2024-10-14 02:28:56] - airflow.models.dag - INFO      - bulk_write_to_db - line 3239 - Sync 1 DAGs
[2024-10-14T02:28:56.141+0000] {logging_mixin.py:190} WARNING - [2024-10-14 02:28:56] - airflow.models.dag - INFO      - calculate_dagrun_date_fields - line 4180 - Setting next_dagrun for crawl_to_kafka to 2024-10-13 00:00:00+00:00, run_after=2024-10-14 00:00:00+00:00
[2024-10-14T02:28:56.245+0000] {processor.py:208} INFO - Processing /opt/airflow/dags/crawl_to_kafka.py took 4.556 seconds
[2024-10-14T02:29:26.505+0000] {processor.py:186} INFO - Started process (PID=65734) to work on /opt/airflow/dags/crawl_to_kafka.py
[2024-10-14T02:29:26.519+0000] {processor.py:914} INFO - Processing file /opt/airflow/dags/crawl_to_kafka.py for tasks to queue
[2024-10-14T02:29:26.535+0000] {logging_mixin.py:190} INFO - [2024-10-14T02:29:26.533+0000] {dagbag.py:588} INFO - Filling up the DagBag from /opt/airflow/dags/crawl_to_kafka.py
[2024-10-14T02:29:28.229+0000] {processor.py:925} INFO - DAG(s) 'crawl_to_kafka' retrieved from /opt/airflow/dags/crawl_to_kafka.py
[2024-10-14T02:29:28.336+0000] {logging_mixin.py:190} WARNING - [2024-10-14 02:29:28] - airflow.models.dag - INFO      - bulk_write_to_db - line 3239 - Sync 1 DAGs
[2024-10-14T02:29:28.406+0000] {logging_mixin.py:190} WARNING - [2024-10-14 02:29:28] - airflow.models.dag - INFO      - calculate_dagrun_date_fields - line 4180 - Setting next_dagrun for crawl_to_kafka to 2024-10-13 00:00:00+00:00, run_after=2024-10-14 00:00:00+00:00
[2024-10-14T02:29:28.476+0000] {processor.py:208} INFO - Processing /opt/airflow/dags/crawl_to_kafka.py took 2.012 seconds
[2024-10-14T02:29:58.730+0000] {processor.py:186} INFO - Started process (PID=65746) to work on /opt/airflow/dags/crawl_to_kafka.py
[2024-10-14T02:29:58.734+0000] {processor.py:914} INFO - Processing file /opt/airflow/dags/crawl_to_kafka.py for tasks to queue
[2024-10-14T02:29:58.738+0000] {logging_mixin.py:190} INFO - [2024-10-14T02:29:58.737+0000] {dagbag.py:588} INFO - Filling up the DagBag from /opt/airflow/dags/crawl_to_kafka.py
[2024-10-14T02:29:59.568+0000] {processor.py:925} INFO - DAG(s) 'crawl_to_kafka' retrieved from /opt/airflow/dags/crawl_to_kafka.py
[2024-10-14T02:29:59.603+0000] {logging_mixin.py:190} WARNING - [2024-10-14 02:29:59] - airflow.models.dag - INFO      - bulk_write_to_db - line 3239 - Sync 1 DAGs
[2024-10-14T02:29:59.632+0000] {logging_mixin.py:190} WARNING - [2024-10-14 02:29:59] - airflow.models.dag - INFO      - calculate_dagrun_date_fields - line 4180 - Setting next_dagrun for crawl_to_kafka to 2024-10-13 00:00:00+00:00, run_after=2024-10-14 00:00:00+00:00
[2024-10-14T02:29:59.655+0000] {processor.py:208} INFO - Processing /opt/airflow/dags/crawl_to_kafka.py took 0.935 seconds
[2024-10-14T02:30:30.212+0000] {processor.py:186} INFO - Started process (PID=65758) to work on /opt/airflow/dags/crawl_to_kafka.py
[2024-10-14T02:30:30.214+0000] {processor.py:914} INFO - Processing file /opt/airflow/dags/crawl_to_kafka.py for tasks to queue
[2024-10-14T02:30:30.218+0000] {logging_mixin.py:190} INFO - [2024-10-14T02:30:30.218+0000] {dagbag.py:588} INFO - Filling up the DagBag from /opt/airflow/dags/crawl_to_kafka.py
[2024-10-14T02:30:30.975+0000] {processor.py:925} INFO - DAG(s) 'crawl_to_kafka' retrieved from /opt/airflow/dags/crawl_to_kafka.py
[2024-10-14T02:30:31.009+0000] {logging_mixin.py:190} WARNING - [2024-10-14 02:30:31] - airflow.models.dag - INFO      - bulk_write_to_db - line 3239 - Sync 1 DAGs
[2024-10-14T02:30:31.036+0000] {logging_mixin.py:190} WARNING - [2024-10-14 02:30:31] - airflow.models.dag - INFO      - calculate_dagrun_date_fields - line 4180 - Setting next_dagrun for crawl_to_kafka to 2024-10-13 00:00:00+00:00, run_after=2024-10-14 00:00:00+00:00
[2024-10-14T02:30:31.058+0000] {processor.py:208} INFO - Processing /opt/airflow/dags/crawl_to_kafka.py took 0.858 seconds
[2024-10-14T02:31:01.650+0000] {processor.py:186} INFO - Started process (PID=65770) to work on /opt/airflow/dags/crawl_to_kafka.py
[2024-10-14T02:31:01.652+0000] {processor.py:914} INFO - Processing file /opt/airflow/dags/crawl_to_kafka.py for tasks to queue
[2024-10-14T02:31:01.657+0000] {logging_mixin.py:190} INFO - [2024-10-14T02:31:01.656+0000] {dagbag.py:588} INFO - Filling up the DagBag from /opt/airflow/dags/crawl_to_kafka.py
[2024-10-14T02:31:02.434+0000] {processor.py:925} INFO - DAG(s) 'crawl_to_kafka' retrieved from /opt/airflow/dags/crawl_to_kafka.py
[2024-10-14T02:31:02.468+0000] {logging_mixin.py:190} WARNING - [2024-10-14 02:31:02] - airflow.models.dag - INFO      - bulk_write_to_db - line 3239 - Sync 1 DAGs
[2024-10-14T02:31:02.495+0000] {logging_mixin.py:190} WARNING - [2024-10-14 02:31:02] - airflow.models.dag - INFO      - calculate_dagrun_date_fields - line 4180 - Setting next_dagrun for crawl_to_kafka to 2024-10-13 00:00:00+00:00, run_after=2024-10-14 00:00:00+00:00
[2024-10-14T02:31:02.521+0000] {processor.py:208} INFO - Processing /opt/airflow/dags/crawl_to_kafka.py took 0.882 seconds
[2024-10-14T02:31:33.123+0000] {processor.py:186} INFO - Started process (PID=65782) to work on /opt/airflow/dags/crawl_to_kafka.py
[2024-10-14T02:31:33.125+0000] {processor.py:914} INFO - Processing file /opt/airflow/dags/crawl_to_kafka.py for tasks to queue
[2024-10-14T02:31:33.129+0000] {logging_mixin.py:190} INFO - [2024-10-14T02:31:33.129+0000] {dagbag.py:588} INFO - Filling up the DagBag from /opt/airflow/dags/crawl_to_kafka.py
[2024-10-14T02:31:33.923+0000] {processor.py:925} INFO - DAG(s) 'crawl_to_kafka' retrieved from /opt/airflow/dags/crawl_to_kafka.py
[2024-10-14T02:31:33.962+0000] {logging_mixin.py:190} WARNING - [2024-10-14 02:31:33] - airflow.models.dag - INFO      - bulk_write_to_db - line 3239 - Sync 1 DAGs
[2024-10-14T02:31:33.991+0000] {logging_mixin.py:190} WARNING - [2024-10-14 02:31:33] - airflow.models.dag - INFO      - calculate_dagrun_date_fields - line 4180 - Setting next_dagrun for crawl_to_kafka to 2024-10-13 00:00:00+00:00, run_after=2024-10-14 00:00:00+00:00
[2024-10-14T02:31:34.015+0000] {processor.py:208} INFO - Processing /opt/airflow/dags/crawl_to_kafka.py took 0.907 seconds
[2024-10-14T02:32:04.571+0000] {processor.py:186} INFO - Started process (PID=65794) to work on /opt/airflow/dags/crawl_to_kafka.py
[2024-10-14T02:32:04.575+0000] {processor.py:914} INFO - Processing file /opt/airflow/dags/crawl_to_kafka.py for tasks to queue
[2024-10-14T02:32:04.584+0000] {logging_mixin.py:190} INFO - [2024-10-14T02:32:04.583+0000] {dagbag.py:588} INFO - Filling up the DagBag from /opt/airflow/dags/crawl_to_kafka.py
[2024-10-14T02:32:06.176+0000] {processor.py:925} INFO - DAG(s) 'crawl_to_kafka' retrieved from /opt/airflow/dags/crawl_to_kafka.py
[2024-10-14T02:32:06.241+0000] {logging_mixin.py:190} WARNING - [2024-10-14 02:32:06] - airflow.models.dag - INFO      - bulk_write_to_db - line 3239 - Sync 1 DAGs
[2024-10-14T02:32:06.282+0000] {logging_mixin.py:190} WARNING - [2024-10-14 02:32:06] - airflow.models.dag - INFO      - calculate_dagrun_date_fields - line 4180 - Setting next_dagrun for crawl_to_kafka to 2024-10-13 00:00:00+00:00, run_after=2024-10-14 00:00:00+00:00
[2024-10-14T02:32:06.313+0000] {processor.py:208} INFO - Processing /opt/airflow/dags/crawl_to_kafka.py took 1.781 seconds
[2024-10-14T02:32:36.800+0000] {processor.py:186} INFO - Started process (PID=65806) to work on /opt/airflow/dags/crawl_to_kafka.py
[2024-10-14T02:32:36.803+0000] {processor.py:914} INFO - Processing file /opt/airflow/dags/crawl_to_kafka.py for tasks to queue
[2024-10-14T02:32:36.806+0000] {logging_mixin.py:190} INFO - [2024-10-14T02:32:36.806+0000] {dagbag.py:588} INFO - Filling up the DagBag from /opt/airflow/dags/crawl_to_kafka.py
[2024-10-14T02:32:37.584+0000] {processor.py:925} INFO - DAG(s) 'crawl_to_kafka' retrieved from /opt/airflow/dags/crawl_to_kafka.py
[2024-10-14T02:32:37.622+0000] {logging_mixin.py:190} WARNING - [2024-10-14 02:32:37] - airflow.models.dag - INFO      - bulk_write_to_db - line 3239 - Sync 1 DAGs
[2024-10-14T02:32:37.659+0000] {logging_mixin.py:190} WARNING - [2024-10-14 02:32:37] - airflow.models.dag - INFO      - calculate_dagrun_date_fields - line 4180 - Setting next_dagrun for crawl_to_kafka to 2024-10-13 00:00:00+00:00, run_after=2024-10-14 00:00:00+00:00
[2024-10-14T02:32:37.687+0000] {processor.py:208} INFO - Processing /opt/airflow/dags/crawl_to_kafka.py took 0.897 seconds
[2024-10-14T02:33:07.831+0000] {processor.py:186} INFO - Started process (PID=65818) to work on /opt/airflow/dags/crawl_to_kafka.py
[2024-10-14T02:33:07.833+0000] {processor.py:914} INFO - Processing file /opt/airflow/dags/crawl_to_kafka.py for tasks to queue
[2024-10-14T02:33:07.837+0000] {logging_mixin.py:190} INFO - [2024-10-14T02:33:07.836+0000] {dagbag.py:588} INFO - Filling up the DagBag from /opt/airflow/dags/crawl_to_kafka.py
[2024-10-14T02:33:08.632+0000] {processor.py:925} INFO - DAG(s) 'crawl_to_kafka' retrieved from /opt/airflow/dags/crawl_to_kafka.py
[2024-10-14T02:33:08.668+0000] {logging_mixin.py:190} WARNING - [2024-10-14 02:33:08] - airflow.models.dag - INFO      - bulk_write_to_db - line 3239 - Sync 1 DAGs
[2024-10-14T02:33:08.697+0000] {logging_mixin.py:190} WARNING - [2024-10-14 02:33:08] - airflow.models.dag - INFO      - calculate_dagrun_date_fields - line 4180 - Setting next_dagrun for crawl_to_kafka to 2024-10-13 00:00:00+00:00, run_after=2024-10-14 00:00:00+00:00
[2024-10-14T02:33:08.722+0000] {processor.py:208} INFO - Processing /opt/airflow/dags/crawl_to_kafka.py took 0.902 seconds
[2024-10-14T02:33:39.247+0000] {processor.py:186} INFO - Started process (PID=65830) to work on /opt/airflow/dags/crawl_to_kafka.py
[2024-10-14T02:33:39.250+0000] {processor.py:914} INFO - Processing file /opt/airflow/dags/crawl_to_kafka.py for tasks to queue
[2024-10-14T02:33:39.257+0000] {logging_mixin.py:190} INFO - [2024-10-14T02:33:39.256+0000] {dagbag.py:588} INFO - Filling up the DagBag from /opt/airflow/dags/crawl_to_kafka.py
[2024-10-14T02:33:40.033+0000] {processor.py:925} INFO - DAG(s) 'crawl_to_kafka' retrieved from /opt/airflow/dags/crawl_to_kafka.py
[2024-10-14T02:33:40.069+0000] {logging_mixin.py:190} WARNING - [2024-10-14 02:33:40] - airflow.models.dag - INFO      - bulk_write_to_db - line 3239 - Sync 1 DAGs
[2024-10-14T02:33:40.096+0000] {logging_mixin.py:190} WARNING - [2024-10-14 02:33:40] - airflow.models.dag - INFO      - calculate_dagrun_date_fields - line 4180 - Setting next_dagrun for crawl_to_kafka to 2024-10-13 00:00:00+00:00, run_after=2024-10-14 00:00:00+00:00
[2024-10-14T02:33:40.118+0000] {processor.py:208} INFO - Processing /opt/airflow/dags/crawl_to_kafka.py took 0.886 seconds
[2024-10-14T02:34:10.518+0000] {processor.py:186} INFO - Started process (PID=65842) to work on /opt/airflow/dags/crawl_to_kafka.py
[2024-10-14T02:34:10.521+0000] {processor.py:914} INFO - Processing file /opt/airflow/dags/crawl_to_kafka.py for tasks to queue
[2024-10-14T02:34:10.524+0000] {logging_mixin.py:190} INFO - [2024-10-14T02:34:10.524+0000] {dagbag.py:588} INFO - Filling up the DagBag from /opt/airflow/dags/crawl_to_kafka.py
[2024-10-14T02:34:11.301+0000] {processor.py:925} INFO - DAG(s) 'crawl_to_kafka' retrieved from /opt/airflow/dags/crawl_to_kafka.py
[2024-10-14T02:34:11.336+0000] {logging_mixin.py:190} WARNING - [2024-10-14 02:34:11] - airflow.models.dag - INFO      - bulk_write_to_db - line 3239 - Sync 1 DAGs
[2024-10-14T02:34:11.363+0000] {logging_mixin.py:190} WARNING - [2024-10-14 02:34:11] - airflow.models.dag - INFO      - calculate_dagrun_date_fields - line 4180 - Setting next_dagrun for crawl_to_kafka to 2024-10-13 00:00:00+00:00, run_after=2024-10-14 00:00:00+00:00
[2024-10-14T02:34:11.388+0000] {processor.py:208} INFO - Processing /opt/airflow/dags/crawl_to_kafka.py took 0.881 seconds
[2024-10-14T02:34:42.023+0000] {processor.py:186} INFO - Started process (PID=65854) to work on /opt/airflow/dags/crawl_to_kafka.py
[2024-10-14T02:34:42.027+0000] {processor.py:914} INFO - Processing file /opt/airflow/dags/crawl_to_kafka.py for tasks to queue
[2024-10-14T02:34:42.036+0000] {logging_mixin.py:190} INFO - [2024-10-14T02:34:42.035+0000] {dagbag.py:588} INFO - Filling up the DagBag from /opt/airflow/dags/crawl_to_kafka.py
[2024-10-14T02:34:43.515+0000] {processor.py:925} INFO - DAG(s) 'crawl_to_kafka' retrieved from /opt/airflow/dags/crawl_to_kafka.py
[2024-10-14T02:34:43.573+0000] {logging_mixin.py:190} WARNING - [2024-10-14 02:34:43] - airflow.models.dag - INFO      - bulk_write_to_db - line 3239 - Sync 1 DAGs
[2024-10-14T02:34:43.615+0000] {logging_mixin.py:190} WARNING - [2024-10-14 02:34:43] - airflow.models.dag - INFO      - calculate_dagrun_date_fields - line 4180 - Setting next_dagrun for crawl_to_kafka to 2024-10-13 00:00:00+00:00, run_after=2024-10-14 00:00:00+00:00
[2024-10-14T02:34:43.645+0000] {processor.py:208} INFO - Processing /opt/airflow/dags/crawl_to_kafka.py took 1.651 seconds
[2024-10-14T02:35:14.288+0000] {processor.py:186} INFO - Started process (PID=65866) to work on /opt/airflow/dags/crawl_to_kafka.py
[2024-10-14T02:35:14.295+0000] {processor.py:914} INFO - Processing file /opt/airflow/dags/crawl_to_kafka.py for tasks to queue
[2024-10-14T02:35:14.302+0000] {logging_mixin.py:190} INFO - [2024-10-14T02:35:14.302+0000] {dagbag.py:588} INFO - Filling up the DagBag from /opt/airflow/dags/crawl_to_kafka.py
[2024-10-14T02:35:15.717+0000] {processor.py:925} INFO - DAG(s) 'crawl_to_kafka' retrieved from /opt/airflow/dags/crawl_to_kafka.py
[2024-10-14T02:35:15.766+0000] {logging_mixin.py:190} WARNING - [2024-10-14 02:35:15] - airflow.models.dag - INFO      - bulk_write_to_db - line 3239 - Sync 1 DAGs
[2024-10-14T02:35:15.809+0000] {logging_mixin.py:190} WARNING - [2024-10-14 02:35:15] - airflow.models.dag - INFO      - calculate_dagrun_date_fields - line 4180 - Setting next_dagrun for crawl_to_kafka to 2024-10-13 00:00:00+00:00, run_after=2024-10-14 00:00:00+00:00
[2024-10-14T02:35:15.839+0000] {processor.py:208} INFO - Processing /opt/airflow/dags/crawl_to_kafka.py took 1.580 seconds
[2024-10-14T02:35:46.091+0000] {processor.py:186} INFO - Started process (PID=65878) to work on /opt/airflow/dags/crawl_to_kafka.py
[2024-10-14T02:35:46.095+0000] {processor.py:914} INFO - Processing file /opt/airflow/dags/crawl_to_kafka.py for tasks to queue
[2024-10-14T02:35:46.099+0000] {logging_mixin.py:190} INFO - [2024-10-14T02:35:46.099+0000] {dagbag.py:588} INFO - Filling up the DagBag from /opt/airflow/dags/crawl_to_kafka.py
[2024-10-14T02:35:46.884+0000] {processor.py:925} INFO - DAG(s) 'crawl_to_kafka' retrieved from /opt/airflow/dags/crawl_to_kafka.py
[2024-10-14T02:35:46.920+0000] {logging_mixin.py:190} WARNING - [2024-10-14 02:35:46] - airflow.models.dag - INFO      - bulk_write_to_db - line 3239 - Sync 1 DAGs
[2024-10-14T02:35:46.949+0000] {logging_mixin.py:190} WARNING - [2024-10-14 02:35:46] - airflow.models.dag - INFO      - calculate_dagrun_date_fields - line 4180 - Setting next_dagrun for crawl_to_kafka to 2024-10-13 00:00:00+00:00, run_after=2024-10-14 00:00:00+00:00
[2024-10-14T02:35:46.973+0000] {processor.py:208} INFO - Processing /opt/airflow/dags/crawl_to_kafka.py took 0.893 seconds
[2024-10-14T02:36:17.310+0000] {processor.py:186} INFO - Started process (PID=65890) to work on /opt/airflow/dags/crawl_to_kafka.py
[2024-10-14T02:36:17.313+0000] {processor.py:914} INFO - Processing file /opt/airflow/dags/crawl_to_kafka.py for tasks to queue
[2024-10-14T02:36:17.317+0000] {logging_mixin.py:190} INFO - [2024-10-14T02:36:17.316+0000] {dagbag.py:588} INFO - Filling up the DagBag from /opt/airflow/dags/crawl_to_kafka.py
[2024-10-14T02:36:18.106+0000] {processor.py:925} INFO - DAG(s) 'crawl_to_kafka' retrieved from /opt/airflow/dags/crawl_to_kafka.py
[2024-10-14T02:36:18.141+0000] {logging_mixin.py:190} WARNING - [2024-10-14 02:36:18] - airflow.models.dag - INFO      - bulk_write_to_db - line 3239 - Sync 1 DAGs
[2024-10-14T02:36:18.167+0000] {logging_mixin.py:190} WARNING - [2024-10-14 02:36:18] - airflow.models.dag - INFO      - calculate_dagrun_date_fields - line 4180 - Setting next_dagrun for crawl_to_kafka to 2024-10-13 00:00:00+00:00, run_after=2024-10-14 00:00:00+00:00
[2024-10-14T02:36:18.189+0000] {processor.py:208} INFO - Processing /opt/airflow/dags/crawl_to_kafka.py took 0.890 seconds
[2024-10-14T02:36:48.539+0000] {processor.py:186} INFO - Started process (PID=65903) to work on /opt/airflow/dags/crawl_to_kafka.py
[2024-10-14T02:36:48.541+0000] {processor.py:914} INFO - Processing file /opt/airflow/dags/crawl_to_kafka.py for tasks to queue
[2024-10-14T02:36:48.545+0000] {logging_mixin.py:190} INFO - [2024-10-14T02:36:48.545+0000] {dagbag.py:588} INFO - Filling up the DagBag from /opt/airflow/dags/crawl_to_kafka.py
[2024-10-14T02:36:49.369+0000] {processor.py:925} INFO - DAG(s) 'crawl_to_kafka' retrieved from /opt/airflow/dags/crawl_to_kafka.py
[2024-10-14T02:36:49.405+0000] {logging_mixin.py:190} WARNING - [2024-10-14 02:36:49] - airflow.models.dag - INFO      - bulk_write_to_db - line 3239 - Sync 1 DAGs
[2024-10-14T02:36:49.433+0000] {logging_mixin.py:190} WARNING - [2024-10-14 02:36:49] - airflow.models.dag - INFO      - calculate_dagrun_date_fields - line 4180 - Setting next_dagrun for crawl_to_kafka to 2024-10-13 00:00:00+00:00, run_after=2024-10-14 00:00:00+00:00
[2024-10-14T02:36:49.459+0000] {processor.py:208} INFO - Processing /opt/airflow/dags/crawl_to_kafka.py took 0.930 seconds
[2024-10-14T02:37:19.947+0000] {processor.py:186} INFO - Started process (PID=65915) to work on /opt/airflow/dags/crawl_to_kafka.py
[2024-10-14T02:37:19.951+0000] {processor.py:914} INFO - Processing file /opt/airflow/dags/crawl_to_kafka.py for tasks to queue
[2024-10-14T02:37:19.961+0000] {logging_mixin.py:190} INFO - [2024-10-14T02:37:19.961+0000] {dagbag.py:588} INFO - Filling up the DagBag from /opt/airflow/dags/crawl_to_kafka.py
[2024-10-14T02:37:21.540+0000] {processor.py:925} INFO - DAG(s) 'crawl_to_kafka' retrieved from /opt/airflow/dags/crawl_to_kafka.py
[2024-10-14T02:37:21.574+0000] {logging_mixin.py:190} WARNING - [2024-10-14 02:37:21] - airflow.models.dag - INFO      - bulk_write_to_db - line 3239 - Sync 1 DAGs
[2024-10-14T02:37:21.602+0000] {logging_mixin.py:190} WARNING - [2024-10-14 02:37:21] - airflow.models.dag - INFO      - calculate_dagrun_date_fields - line 4180 - Setting next_dagrun for crawl_to_kafka to 2024-10-13 00:00:00+00:00, run_after=2024-10-14 00:00:00+00:00
[2024-10-14T02:37:21.628+0000] {processor.py:208} INFO - Processing /opt/airflow/dags/crawl_to_kafka.py took 1.711 seconds
[2024-10-14T02:37:52.141+0000] {processor.py:186} INFO - Started process (PID=65927) to work on /opt/airflow/dags/crawl_to_kafka.py
[2024-10-14T02:37:52.146+0000] {processor.py:914} INFO - Processing file /opt/airflow/dags/crawl_to_kafka.py for tasks to queue
[2024-10-14T02:37:52.154+0000] {logging_mixin.py:190} INFO - [2024-10-14T02:37:52.153+0000] {dagbag.py:588} INFO - Filling up the DagBag from /opt/airflow/dags/crawl_to_kafka.py
