[2024-10-14T02:28:47.118+0000] {processor.py:186} INFO - Started process (PID=65713) to work on /opt/airflow/dags/kafka_to_minio.py
[2024-10-14T02:28:47.140+0000] {processor.py:914} INFO - Processing file /opt/airflow/dags/kafka_to_minio.py for tasks to queue
[2024-10-14T02:28:47.209+0000] {logging_mixin.py:190} INFO - [2024-10-14T02:28:47.202+0000] {dagbag.py:588} INFO - Filling up the DagBag from /opt/airflow/dags/kafka_to_minio.py
[2024-10-14T02:28:49.055+0000] {processor.py:925} INFO - DAG(s) 'kafka_to_minio' retrieved from /opt/airflow/dags/kafka_to_minio.py
[2024-10-14T02:28:51.265+0000] {logging_mixin.py:190} INFO - [2024-10-14T02:28:51.265+0000] {dag.py:3239} INFO - Sync 1 DAGs
[2024-10-14T02:28:51.418+0000] {logging_mixin.py:190} INFO - [2024-10-14T02:28:51.417+0000] {dag.py:4180} INFO - Setting next_dagrun for kafka_to_minio to 2024-10-14 01:00:00+00:00, run_after=2024-10-14 02:00:00+00:00
[2024-10-14T02:28:51.525+0000] {processor.py:208} INFO - Processing /opt/airflow/dags/kafka_to_minio.py took 4.644 seconds
[2024-10-14T02:29:21.992+0000] {processor.py:186} INFO - Started process (PID=65724) to work on /opt/airflow/dags/kafka_to_minio.py
[2024-10-14T02:29:22.006+0000] {processor.py:914} INFO - Processing file /opt/airflow/dags/kafka_to_minio.py for tasks to queue
[2024-10-14T02:29:22.027+0000] {logging_mixin.py:190} INFO - [2024-10-14T02:29:22.020+0000] {dagbag.py:588} INFO - Filling up the DagBag from /opt/airflow/dags/kafka_to_minio.py
[2024-10-14T02:29:22.580+0000] {processor.py:925} INFO - DAG(s) 'kafka_to_minio' retrieved from /opt/airflow/dags/kafka_to_minio.py
[2024-10-14T02:29:22.687+0000] {logging_mixin.py:190} INFO - [2024-10-14T02:29:22.686+0000] {dag.py:3239} INFO - Sync 1 DAGs
[2024-10-14T02:29:22.775+0000] {logging_mixin.py:190} INFO - [2024-10-14T02:29:22.775+0000] {dag.py:4180} INFO - Setting next_dagrun for kafka_to_minio to 2024-10-14 01:00:00+00:00, run_after=2024-10-14 02:00:00+00:00
[2024-10-14T02:29:22.837+0000] {processor.py:208} INFO - Processing /opt/airflow/dags/kafka_to_minio.py took 0.916 seconds
[2024-10-14T02:29:53.771+0000] {processor.py:186} INFO - Started process (PID=65742) to work on /opt/airflow/dags/kafka_to_minio.py
[2024-10-14T02:29:53.775+0000] {processor.py:914} INFO - Processing file /opt/airflow/dags/kafka_to_minio.py for tasks to queue
[2024-10-14T02:29:53.778+0000] {logging_mixin.py:190} INFO - [2024-10-14T02:29:53.778+0000] {dagbag.py:588} INFO - Filling up the DagBag from /opt/airflow/dags/kafka_to_minio.py
[2024-10-14T02:29:53.919+0000] {processor.py:925} INFO - DAG(s) 'kafka_to_minio' retrieved from /opt/airflow/dags/kafka_to_minio.py
[2024-10-14T02:29:53.952+0000] {logging_mixin.py:190} INFO - [2024-10-14T02:29:53.951+0000] {dag.py:3239} INFO - Sync 1 DAGs
[2024-10-14T02:29:54.216+0000] {logging_mixin.py:190} INFO - [2024-10-14T02:29:54.215+0000] {dag.py:4180} INFO - Setting next_dagrun for kafka_to_minio to 2024-10-14 01:00:00+00:00, run_after=2024-10-14 02:00:00+00:00
[2024-10-14T02:29:54.238+0000] {processor.py:208} INFO - Processing /opt/airflow/dags/kafka_to_minio.py took 0.479 seconds
[2024-10-14T02:30:24.869+0000] {processor.py:186} INFO - Started process (PID=65754) to work on /opt/airflow/dags/kafka_to_minio.py
[2024-10-14T02:30:24.877+0000] {processor.py:914} INFO - Processing file /opt/airflow/dags/kafka_to_minio.py for tasks to queue
[2024-10-14T02:30:24.881+0000] {logging_mixin.py:190} INFO - [2024-10-14T02:30:24.881+0000] {dagbag.py:588} INFO - Filling up the DagBag from /opt/airflow/dags/kafka_to_minio.py
[2024-10-14T02:30:25.025+0000] {processor.py:925} INFO - DAG(s) 'kafka_to_minio' retrieved from /opt/airflow/dags/kafka_to_minio.py
[2024-10-14T02:30:25.063+0000] {logging_mixin.py:190} INFO - [2024-10-14T02:30:25.062+0000] {dag.py:3239} INFO - Sync 1 DAGs
[2024-10-14T02:30:25.097+0000] {logging_mixin.py:190} INFO - [2024-10-14T02:30:25.096+0000] {dag.py:4180} INFO - Setting next_dagrun for kafka_to_minio to 2024-10-14 01:00:00+00:00, run_after=2024-10-14 02:00:00+00:00
[2024-10-14T02:30:25.122+0000] {processor.py:208} INFO - Processing /opt/airflow/dags/kafka_to_minio.py took 0.264 seconds
[2024-10-14T02:30:55.283+0000] {processor.py:186} INFO - Started process (PID=65766) to work on /opt/airflow/dags/kafka_to_minio.py
[2024-10-14T02:30:55.285+0000] {processor.py:914} INFO - Processing file /opt/airflow/dags/kafka_to_minio.py for tasks to queue
[2024-10-14T02:30:55.291+0000] {logging_mixin.py:190} INFO - [2024-10-14T02:30:55.290+0000] {dagbag.py:588} INFO - Filling up the DagBag from /opt/airflow/dags/kafka_to_minio.py
[2024-10-14T02:30:55.507+0000] {processor.py:925} INFO - DAG(s) 'kafka_to_minio' retrieved from /opt/airflow/dags/kafka_to_minio.py
[2024-10-14T02:30:55.555+0000] {logging_mixin.py:190} INFO - [2024-10-14T02:30:55.555+0000] {dag.py:3239} INFO - Sync 1 DAGs
[2024-10-14T02:30:55.605+0000] {logging_mixin.py:190} INFO - [2024-10-14T02:30:55.604+0000] {dag.py:4180} INFO - Setting next_dagrun for kafka_to_minio to 2024-10-14 01:00:00+00:00, run_after=2024-10-14 02:00:00+00:00
[2024-10-14T02:30:55.638+0000] {processor.py:208} INFO - Processing /opt/airflow/dags/kafka_to_minio.py took 0.372 seconds
[2024-10-14T02:31:25.714+0000] {processor.py:186} INFO - Started process (PID=65778) to work on /opt/airflow/dags/kafka_to_minio.py
[2024-10-14T02:31:25.718+0000] {processor.py:914} INFO - Processing file /opt/airflow/dags/kafka_to_minio.py for tasks to queue
[2024-10-14T02:31:25.721+0000] {logging_mixin.py:190} INFO - [2024-10-14T02:31:25.721+0000] {dagbag.py:588} INFO - Filling up the DagBag from /opt/airflow/dags/kafka_to_minio.py
[2024-10-14T02:31:25.871+0000] {processor.py:925} INFO - DAG(s) 'kafka_to_minio' retrieved from /opt/airflow/dags/kafka_to_minio.py
[2024-10-14T02:31:25.905+0000] {logging_mixin.py:190} INFO - [2024-10-14T02:31:25.905+0000] {dag.py:3239} INFO - Sync 1 DAGs
[2024-10-14T02:31:26.170+0000] {logging_mixin.py:190} INFO - [2024-10-14T02:31:26.170+0000] {dag.py:4180} INFO - Setting next_dagrun for kafka_to_minio to 2024-10-14 01:00:00+00:00, run_after=2024-10-14 02:00:00+00:00
[2024-10-14T02:31:26.194+0000] {processor.py:208} INFO - Processing /opt/airflow/dags/kafka_to_minio.py took 0.491 seconds
[2024-10-14T02:31:56.383+0000] {processor.py:186} INFO - Started process (PID=65790) to work on /opt/airflow/dags/kafka_to_minio.py
[2024-10-14T02:31:56.386+0000] {processor.py:914} INFO - Processing file /opt/airflow/dags/kafka_to_minio.py for tasks to queue
[2024-10-14T02:31:56.390+0000] {logging_mixin.py:190} INFO - [2024-10-14T02:31:56.390+0000] {dagbag.py:588} INFO - Filling up the DagBag from /opt/airflow/dags/kafka_to_minio.py
[2024-10-14T02:31:56.540+0000] {processor.py:925} INFO - DAG(s) 'kafka_to_minio' retrieved from /opt/airflow/dags/kafka_to_minio.py
[2024-10-14T02:31:56.575+0000] {logging_mixin.py:190} INFO - [2024-10-14T02:31:56.575+0000] {dag.py:3239} INFO - Sync 1 DAGs
[2024-10-14T02:31:56.610+0000] {logging_mixin.py:190} INFO - [2024-10-14T02:31:56.610+0000] {dag.py:4180} INFO - Setting next_dagrun for kafka_to_minio to 2024-10-14 01:00:00+00:00, run_after=2024-10-14 02:00:00+00:00
[2024-10-14T02:31:56.635+0000] {processor.py:208} INFO - Processing /opt/airflow/dags/kafka_to_minio.py took 0.264 seconds
[2024-10-14T02:32:26.812+0000] {processor.py:186} INFO - Started process (PID=65802) to work on /opt/airflow/dags/kafka_to_minio.py
[2024-10-14T02:32:26.814+0000] {processor.py:914} INFO - Processing file /opt/airflow/dags/kafka_to_minio.py for tasks to queue
[2024-10-14T02:32:26.817+0000] {logging_mixin.py:190} INFO - [2024-10-14T02:32:26.817+0000] {dagbag.py:588} INFO - Filling up the DagBag from /opt/airflow/dags/kafka_to_minio.py
[2024-10-14T02:32:26.965+0000] {processor.py:925} INFO - DAG(s) 'kafka_to_minio' retrieved from /opt/airflow/dags/kafka_to_minio.py
[2024-10-14T02:32:27.000+0000] {logging_mixin.py:190} INFO - [2024-10-14T02:32:27.000+0000] {dag.py:3239} INFO - Sync 1 DAGs
[2024-10-14T02:32:27.041+0000] {logging_mixin.py:190} INFO - [2024-10-14T02:32:27.041+0000] {dag.py:4180} INFO - Setting next_dagrun for kafka_to_minio to 2024-10-14 01:00:00+00:00, run_after=2024-10-14 02:00:00+00:00
[2024-10-14T02:32:27.065+0000] {processor.py:208} INFO - Processing /opt/airflow/dags/kafka_to_minio.py took 0.264 seconds
[2024-10-14T02:32:57.430+0000] {processor.py:186} INFO - Started process (PID=65814) to work on /opt/airflow/dags/kafka_to_minio.py
[2024-10-14T02:32:57.435+0000] {processor.py:914} INFO - Processing file /opt/airflow/dags/kafka_to_minio.py for tasks to queue
[2024-10-14T02:32:57.446+0000] {logging_mixin.py:190} INFO - [2024-10-14T02:32:57.445+0000] {dagbag.py:588} INFO - Filling up the DagBag from /opt/airflow/dags/kafka_to_minio.py
[2024-10-14T02:32:57.828+0000] {processor.py:925} INFO - DAG(s) 'kafka_to_minio' retrieved from /opt/airflow/dags/kafka_to_minio.py
[2024-10-14T02:32:57.901+0000] {logging_mixin.py:190} INFO - [2024-10-14T02:32:57.901+0000] {dag.py:3239} INFO - Sync 1 DAGs
[2024-10-14T02:32:58.713+0000] {logging_mixin.py:190} INFO - [2024-10-14T02:32:58.711+0000] {dag.py:4180} INFO - Setting next_dagrun for kafka_to_minio to 2024-10-14 01:00:00+00:00, run_after=2024-10-14 02:00:00+00:00
[2024-10-14T02:32:58.772+0000] {processor.py:208} INFO - Processing /opt/airflow/dags/kafka_to_minio.py took 1.373 seconds
[2024-10-14T02:33:28.899+0000] {processor.py:186} INFO - Started process (PID=65826) to work on /opt/airflow/dags/kafka_to_minio.py
[2024-10-14T02:33:28.902+0000] {processor.py:914} INFO - Processing file /opt/airflow/dags/kafka_to_minio.py for tasks to queue
[2024-10-14T02:33:28.905+0000] {logging_mixin.py:190} INFO - [2024-10-14T02:33:28.905+0000] {dagbag.py:588} INFO - Filling up the DagBag from /opt/airflow/dags/kafka_to_minio.py
[2024-10-14T02:33:29.053+0000] {processor.py:925} INFO - DAG(s) 'kafka_to_minio' retrieved from /opt/airflow/dags/kafka_to_minio.py
[2024-10-14T02:33:29.090+0000] {logging_mixin.py:190} INFO - [2024-10-14T02:33:29.089+0000] {dag.py:3239} INFO - Sync 1 DAGs
[2024-10-14T02:33:29.131+0000] {logging_mixin.py:190} INFO - [2024-10-14T02:33:29.130+0000] {dag.py:4180} INFO - Setting next_dagrun for kafka_to_minio to 2024-10-14 01:00:00+00:00, run_after=2024-10-14 02:00:00+00:00
[2024-10-14T02:33:29.173+0000] {processor.py:208} INFO - Processing /opt/airflow/dags/kafka_to_minio.py took 0.284 seconds
[2024-10-14T02:33:59.318+0000] {processor.py:186} INFO - Started process (PID=65838) to work on /opt/airflow/dags/kafka_to_minio.py
[2024-10-14T02:33:59.323+0000] {processor.py:914} INFO - Processing file /opt/airflow/dags/kafka_to_minio.py for tasks to queue
[2024-10-14T02:33:59.327+0000] {logging_mixin.py:190} INFO - [2024-10-14T02:33:59.326+0000] {dagbag.py:588} INFO - Filling up the DagBag from /opt/airflow/dags/kafka_to_minio.py
[2024-10-14T02:33:59.524+0000] {processor.py:925} INFO - DAG(s) 'kafka_to_minio' retrieved from /opt/airflow/dags/kafka_to_minio.py
[2024-10-14T02:33:59.558+0000] {logging_mixin.py:190} INFO - [2024-10-14T02:33:59.558+0000] {dag.py:3239} INFO - Sync 1 DAGs
[2024-10-14T02:33:59.592+0000] {logging_mixin.py:190} INFO - [2024-10-14T02:33:59.592+0000] {dag.py:4180} INFO - Setting next_dagrun for kafka_to_minio to 2024-10-14 01:00:00+00:00, run_after=2024-10-14 02:00:00+00:00
[2024-10-14T02:33:59.617+0000] {processor.py:208} INFO - Processing /opt/airflow/dags/kafka_to_minio.py took 0.310 seconds
[2024-10-14T02:34:29.831+0000] {processor.py:186} INFO - Started process (PID=65850) to work on /opt/airflow/dags/kafka_to_minio.py
[2024-10-14T02:34:29.837+0000] {processor.py:914} INFO - Processing file /opt/airflow/dags/kafka_to_minio.py for tasks to queue
[2024-10-14T02:34:29.840+0000] {logging_mixin.py:190} INFO - [2024-10-14T02:34:29.840+0000] {dagbag.py:588} INFO - Filling up the DagBag from /opt/airflow/dags/kafka_to_minio.py
[2024-10-14T02:34:29.996+0000] {processor.py:925} INFO - DAG(s) 'kafka_to_minio' retrieved from /opt/airflow/dags/kafka_to_minio.py
[2024-10-14T02:34:30.034+0000] {logging_mixin.py:190} INFO - [2024-10-14T02:34:30.033+0000] {dag.py:3239} INFO - Sync 1 DAGs
[2024-10-14T02:34:30.326+0000] {logging_mixin.py:190} INFO - [2024-10-14T02:34:30.326+0000] {dag.py:4180} INFO - Setting next_dagrun for kafka_to_minio to 2024-10-14 01:00:00+00:00, run_after=2024-10-14 02:00:00+00:00
[2024-10-14T02:34:30.349+0000] {processor.py:208} INFO - Processing /opt/airflow/dags/kafka_to_minio.py took 0.530 seconds
[2024-10-14T02:35:00.701+0000] {processor.py:186} INFO - Started process (PID=65862) to work on /opt/airflow/dags/kafka_to_minio.py
[2024-10-14T02:35:00.705+0000] {processor.py:914} INFO - Processing file /opt/airflow/dags/kafka_to_minio.py for tasks to queue
[2024-10-14T02:35:00.711+0000] {logging_mixin.py:190} INFO - [2024-10-14T02:35:00.710+0000] {dagbag.py:588} INFO - Filling up the DagBag from /opt/airflow/dags/kafka_to_minio.py
[2024-10-14T02:35:00.924+0000] {processor.py:925} INFO - DAG(s) 'kafka_to_minio' retrieved from /opt/airflow/dags/kafka_to_minio.py
[2024-10-14T02:35:00.970+0000] {logging_mixin.py:190} INFO - [2024-10-14T02:35:00.970+0000] {dag.py:3239} INFO - Sync 1 DAGs
[2024-10-14T02:35:01.022+0000] {logging_mixin.py:190} INFO - [2024-10-14T02:35:01.022+0000] {dag.py:4180} INFO - Setting next_dagrun for kafka_to_minio to 2024-10-14 01:00:00+00:00, run_after=2024-10-14 02:00:00+00:00
[2024-10-14T02:35:01.055+0000] {processor.py:208} INFO - Processing /opt/airflow/dags/kafka_to_minio.py took 0.369 seconds
[2024-10-14T02:35:31.797+0000] {processor.py:186} INFO - Started process (PID=65874) to work on /opt/airflow/dags/kafka_to_minio.py
[2024-10-14T02:35:31.802+0000] {processor.py:914} INFO - Processing file /opt/airflow/dags/kafka_to_minio.py for tasks to queue
[2024-10-14T02:35:31.808+0000] {logging_mixin.py:190} INFO - [2024-10-14T02:35:31.807+0000] {dagbag.py:588} INFO - Filling up the DagBag from /opt/airflow/dags/kafka_to_minio.py
[2024-10-14T02:35:32.049+0000] {processor.py:925} INFO - DAG(s) 'kafka_to_minio' retrieved from /opt/airflow/dags/kafka_to_minio.py
[2024-10-14T02:35:32.085+0000] {logging_mixin.py:190} INFO - [2024-10-14T02:35:32.084+0000] {dag.py:3239} INFO - Sync 1 DAGs
[2024-10-14T02:35:32.122+0000] {logging_mixin.py:190} INFO - [2024-10-14T02:35:32.122+0000] {dag.py:4180} INFO - Setting next_dagrun for kafka_to_minio to 2024-10-14 01:00:00+00:00, run_after=2024-10-14 02:00:00+00:00
[2024-10-14T02:35:32.438+0000] {processor.py:208} INFO - Processing /opt/airflow/dags/kafka_to_minio.py took 0.656 seconds
[2024-10-14T02:36:03.123+0000] {processor.py:186} INFO - Started process (PID=65887) to work on /opt/airflow/dags/kafka_to_minio.py
[2024-10-14T02:36:03.125+0000] {processor.py:914} INFO - Processing file /opt/airflow/dags/kafka_to_minio.py for tasks to queue
[2024-10-14T02:36:03.129+0000] {logging_mixin.py:190} INFO - [2024-10-14T02:36:03.128+0000] {dagbag.py:588} INFO - Filling up the DagBag from /opt/airflow/dags/kafka_to_minio.py
[2024-10-14T02:36:03.282+0000] {processor.py:925} INFO - DAG(s) 'kafka_to_minio' retrieved from /opt/airflow/dags/kafka_to_minio.py
[2024-10-14T02:36:03.316+0000] {logging_mixin.py:190} INFO - [2024-10-14T02:36:03.315+0000] {dag.py:3239} INFO - Sync 1 DAGs
[2024-10-14T02:36:03.352+0000] {logging_mixin.py:190} INFO - [2024-10-14T02:36:03.352+0000] {dag.py:4180} INFO - Setting next_dagrun for kafka_to_minio to 2024-10-14 01:00:00+00:00, run_after=2024-10-14 02:00:00+00:00
[2024-10-14T02:36:03.377+0000] {processor.py:208} INFO - Processing /opt/airflow/dags/kafka_to_minio.py took 0.264 seconds
[2024-10-14T02:36:33.508+0000] {processor.py:186} INFO - Started process (PID=65900) to work on /opt/airflow/dags/kafka_to_minio.py
[2024-10-14T02:36:33.511+0000] {processor.py:914} INFO - Processing file /opt/airflow/dags/kafka_to_minio.py for tasks to queue
[2024-10-14T02:36:33.514+0000] {logging_mixin.py:190} INFO - [2024-10-14T02:36:33.514+0000] {dagbag.py:588} INFO - Filling up the DagBag from /opt/airflow/dags/kafka_to_minio.py
[2024-10-14T02:36:33.661+0000] {processor.py:925} INFO - DAG(s) 'kafka_to_minio' retrieved from /opt/airflow/dags/kafka_to_minio.py
[2024-10-14T02:36:33.699+0000] {logging_mixin.py:190} INFO - [2024-10-14T02:36:33.698+0000] {dag.py:3239} INFO - Sync 1 DAGs
[2024-10-14T02:36:33.733+0000] {logging_mixin.py:190} INFO - [2024-10-14T02:36:33.732+0000] {dag.py:4180} INFO - Setting next_dagrun for kafka_to_minio to 2024-10-14 01:00:00+00:00, run_after=2024-10-14 02:00:00+00:00
[2024-10-14T02:36:33.757+0000] {processor.py:208} INFO - Processing /opt/airflow/dags/kafka_to_minio.py took 0.261 seconds
[2024-10-14T02:37:04.619+0000] {processor.py:186} INFO - Started process (PID=65912) to work on /opt/airflow/dags/kafka_to_minio.py
[2024-10-14T02:37:04.622+0000] {processor.py:914} INFO - Processing file /opt/airflow/dags/kafka_to_minio.py for tasks to queue
[2024-10-14T02:37:04.626+0000] {logging_mixin.py:190} INFO - [2024-10-14T02:37:04.625+0000] {dagbag.py:588} INFO - Filling up the DagBag from /opt/airflow/dags/kafka_to_minio.py
[2024-10-14T02:37:04.787+0000] {processor.py:925} INFO - DAG(s) 'kafka_to_minio' retrieved from /opt/airflow/dags/kafka_to_minio.py
[2024-10-14T02:37:04.834+0000] {logging_mixin.py:190} INFO - [2024-10-14T02:37:04.833+0000] {dag.py:3239} INFO - Sync 1 DAGs
[2024-10-14T02:37:04.897+0000] {logging_mixin.py:190} INFO - [2024-10-14T02:37:04.896+0000] {dag.py:4180} INFO - Setting next_dagrun for kafka_to_minio to 2024-10-14 01:00:00+00:00, run_after=2024-10-14 02:00:00+00:00
[2024-10-14T02:37:05.149+0000] {processor.py:208} INFO - Processing /opt/airflow/dags/kafka_to_minio.py took 0.543 seconds
[2024-10-14T02:37:35.776+0000] {processor.py:186} INFO - Started process (PID=65924) to work on /opt/airflow/dags/kafka_to_minio.py
[2024-10-14T02:37:35.778+0000] {processor.py:914} INFO - Processing file /opt/airflow/dags/kafka_to_minio.py for tasks to queue
[2024-10-14T02:37:35.782+0000] {logging_mixin.py:190} INFO - [2024-10-14T02:37:35.781+0000] {dagbag.py:588} INFO - Filling up the DagBag from /opt/airflow/dags/kafka_to_minio.py
[2024-10-14T02:37:35.948+0000] {processor.py:925} INFO - DAG(s) 'kafka_to_minio' retrieved from /opt/airflow/dags/kafka_to_minio.py
[2024-10-14T02:37:35.983+0000] {logging_mixin.py:190} INFO - [2024-10-14T02:37:35.982+0000] {dag.py:3239} INFO - Sync 1 DAGs
[2024-10-14T02:37:36.244+0000] {logging_mixin.py:190} INFO - [2024-10-14T02:37:36.243+0000] {dag.py:4180} INFO - Setting next_dagrun for kafka_to_minio to 2024-10-14 01:00:00+00:00, run_after=2024-10-14 02:00:00+00:00
[2024-10-14T02:37:36.266+0000] {processor.py:208} INFO - Processing /opt/airflow/dags/kafka_to_minio.py took 0.501 seconds
