[2024-10-14T02:28:54.916+0000] {processor.py:186} INFO - Started process (PID=65723) to work on /opt/airflow/dags/log_dag.py
[2024-10-14T02:28:54.920+0000] {processor.py:914} INFO - Processing file /opt/airflow/dags/log_dag.py for tasks to queue
[2024-10-14T02:28:54.938+0000] {logging_mixin.py:190} INFO - [2024-10-14T02:28:54.929+0000] {dagbag.py:588} INFO - Filling up the DagBag from /opt/airflow/dags/log_dag.py
[2024-10-14T02:28:54.990+0000] {processor.py:925} INFO - DAG(s) 'log_dag' retrieved from /opt/airflow/dags/log_dag.py
[2024-10-14T02:28:55.172+0000] {logging_mixin.py:190} INFO - [2024-10-14T02:28:55.172+0000] {dag.py:3239} INFO - Sync 1 DAGs
[2024-10-14T02:28:55.284+0000] {logging_mixin.py:190} INFO - [2024-10-14T02:28:55.282+0000] {dag.py:4180} INFO - Setting next_dagrun for log_dag to None, run_after=None
[2024-10-14T02:28:55.416+0000] {processor.py:208} INFO - Processing /opt/airflow/dags/log_dag.py took 0.545 seconds
[2024-10-14T02:29:26.008+0000] {processor.py:186} INFO - Started process (PID=65733) to work on /opt/airflow/dags/log_dag.py
[2024-10-14T02:29:26.013+0000] {processor.py:914} INFO - Processing file /opt/airflow/dags/log_dag.py for tasks to queue
[2024-10-14T02:29:26.024+0000] {logging_mixin.py:190} INFO - [2024-10-14T02:29:26.021+0000] {dagbag.py:588} INFO - Filling up the DagBag from /opt/airflow/dags/log_dag.py
[2024-10-14T02:29:26.059+0000] {processor.py:925} INFO - DAG(s) 'log_dag' retrieved from /opt/airflow/dags/log_dag.py
[2024-10-14T02:29:26.174+0000] {logging_mixin.py:190} INFO - [2024-10-14T02:29:26.174+0000] {dag.py:3239} INFO - Sync 1 DAGs
[2024-10-14T02:29:26.232+0000] {logging_mixin.py:190} INFO - [2024-10-14T02:29:26.229+0000] {dag.py:4180} INFO - Setting next_dagrun for log_dag to None, run_after=None
[2024-10-14T02:29:26.303+0000] {processor.py:208} INFO - Processing /opt/airflow/dags/log_dag.py took 0.326 seconds
[2024-10-14T02:29:56.808+0000] {processor.py:186} INFO - Started process (PID=65743) to work on /opt/airflow/dags/log_dag.py
[2024-10-14T02:29:56.818+0000] {processor.py:914} INFO - Processing file /opt/airflow/dags/log_dag.py for tasks to queue
[2024-10-14T02:29:56.822+0000] {logging_mixin.py:190} INFO - [2024-10-14T02:29:56.821+0000] {dagbag.py:588} INFO - Filling up the DagBag from /opt/airflow/dags/log_dag.py
[2024-10-14T02:29:56.833+0000] {processor.py:925} INFO - DAG(s) 'log_dag' retrieved from /opt/airflow/dags/log_dag.py
[2024-10-14T02:29:56.871+0000] {logging_mixin.py:190} INFO - [2024-10-14T02:29:56.871+0000] {dag.py:3239} INFO - Sync 1 DAGs
[2024-10-14T02:29:56.891+0000] {logging_mixin.py:190} INFO - [2024-10-14T02:29:56.891+0000] {dag.py:4180} INFO - Setting next_dagrun for log_dag to None, run_after=None
[2024-10-14T02:29:56.913+0000] {processor.py:208} INFO - Processing /opt/airflow/dags/log_dag.py took 0.116 seconds
[2024-10-14T02:30:27.176+0000] {processor.py:186} INFO - Started process (PID=65755) to work on /opt/airflow/dags/log_dag.py
[2024-10-14T02:30:27.178+0000] {processor.py:914} INFO - Processing file /opt/airflow/dags/log_dag.py for tasks to queue
[2024-10-14T02:30:27.181+0000] {logging_mixin.py:190} INFO - [2024-10-14T02:30:27.181+0000] {dagbag.py:588} INFO - Filling up the DagBag from /opt/airflow/dags/log_dag.py
[2024-10-14T02:30:27.193+0000] {processor.py:925} INFO - DAG(s) 'log_dag' retrieved from /opt/airflow/dags/log_dag.py
[2024-10-14T02:30:27.232+0000] {logging_mixin.py:190} INFO - [2024-10-14T02:30:27.231+0000] {dag.py:3239} INFO - Sync 1 DAGs
[2024-10-14T02:30:27.251+0000] {logging_mixin.py:190} INFO - [2024-10-14T02:30:27.251+0000] {dag.py:4180} INFO - Setting next_dagrun for log_dag to None, run_after=None
[2024-10-14T02:30:27.278+0000] {processor.py:208} INFO - Processing /opt/airflow/dags/log_dag.py took 0.115 seconds
[2024-10-14T02:30:57.606+0000] {processor.py:186} INFO - Started process (PID=65767) to work on /opt/airflow/dags/log_dag.py
[2024-10-14T02:30:57.611+0000] {processor.py:914} INFO - Processing file /opt/airflow/dags/log_dag.py for tasks to queue
[2024-10-14T02:30:57.616+0000] {logging_mixin.py:190} INFO - [2024-10-14T02:30:57.615+0000] {dagbag.py:588} INFO - Filling up the DagBag from /opt/airflow/dags/log_dag.py
[2024-10-14T02:30:57.632+0000] {processor.py:925} INFO - DAG(s) 'log_dag' retrieved from /opt/airflow/dags/log_dag.py
[2024-10-14T02:30:57.720+0000] {logging_mixin.py:190} INFO - [2024-10-14T02:30:57.719+0000] {dag.py:3239} INFO - Sync 1 DAGs
[2024-10-14T02:30:57.748+0000] {logging_mixin.py:190} INFO - [2024-10-14T02:30:57.747+0000] {dag.py:4180} INFO - Setting next_dagrun for log_dag to None, run_after=None
[2024-10-14T02:30:57.778+0000] {processor.py:208} INFO - Processing /opt/airflow/dags/log_dag.py took 0.187 seconds
[2024-10-14T02:31:28.031+0000] {processor.py:186} INFO - Started process (PID=65779) to work on /opt/airflow/dags/log_dag.py
[2024-10-14T02:31:28.033+0000] {processor.py:914} INFO - Processing file /opt/airflow/dags/log_dag.py for tasks to queue
[2024-10-14T02:31:28.037+0000] {logging_mixin.py:190} INFO - [2024-10-14T02:31:28.037+0000] {dagbag.py:588} INFO - Filling up the DagBag from /opt/airflow/dags/log_dag.py
[2024-10-14T02:31:28.049+0000] {processor.py:925} INFO - DAG(s) 'log_dag' retrieved from /opt/airflow/dags/log_dag.py
[2024-10-14T02:31:28.087+0000] {logging_mixin.py:190} INFO - [2024-10-14T02:31:28.087+0000] {dag.py:3239} INFO - Sync 1 DAGs
[2024-10-14T02:31:28.108+0000] {logging_mixin.py:190} INFO - [2024-10-14T02:31:28.107+0000] {dag.py:4180} INFO - Setting next_dagrun for log_dag to None, run_after=None
[2024-10-14T02:31:28.131+0000] {processor.py:208} INFO - Processing /opt/airflow/dags/log_dag.py took 0.110 seconds
[2024-10-14T02:31:58.418+0000] {processor.py:186} INFO - Started process (PID=65791) to work on /opt/airflow/dags/log_dag.py
[2024-10-14T02:31:58.420+0000] {processor.py:914} INFO - Processing file /opt/airflow/dags/log_dag.py for tasks to queue
[2024-10-14T02:31:58.427+0000] {logging_mixin.py:190} INFO - [2024-10-14T02:31:58.424+0000] {dagbag.py:588} INFO - Filling up the DagBag from /opt/airflow/dags/log_dag.py
[2024-10-14T02:31:58.445+0000] {processor.py:925} INFO - DAG(s) 'log_dag' retrieved from /opt/airflow/dags/log_dag.py
[2024-10-14T02:31:58.486+0000] {logging_mixin.py:190} INFO - [2024-10-14T02:31:58.485+0000] {dag.py:3239} INFO - Sync 1 DAGs
[2024-10-14T02:31:58.505+0000] {logging_mixin.py:190} INFO - [2024-10-14T02:31:58.505+0000] {dag.py:4180} INFO - Setting next_dagrun for log_dag to None, run_after=None
[2024-10-14T02:31:58.533+0000] {processor.py:208} INFO - Processing /opt/airflow/dags/log_dag.py took 0.128 seconds
[2024-10-14T02:32:28.833+0000] {processor.py:186} INFO - Started process (PID=65803) to work on /opt/airflow/dags/log_dag.py
[2024-10-14T02:32:28.835+0000] {processor.py:914} INFO - Processing file /opt/airflow/dags/log_dag.py for tasks to queue
[2024-10-14T02:32:28.839+0000] {logging_mixin.py:190} INFO - [2024-10-14T02:32:28.838+0000] {dagbag.py:588} INFO - Filling up the DagBag from /opt/airflow/dags/log_dag.py
[2024-10-14T02:32:28.850+0000] {processor.py:925} INFO - DAG(s) 'log_dag' retrieved from /opt/airflow/dags/log_dag.py
[2024-10-14T02:32:28.890+0000] {logging_mixin.py:190} INFO - [2024-10-14T02:32:28.889+0000] {dag.py:3239} INFO - Sync 1 DAGs
[2024-10-14T02:32:28.909+0000] {logging_mixin.py:190} INFO - [2024-10-14T02:32:28.909+0000] {dag.py:4180} INFO - Setting next_dagrun for log_dag to None, run_after=None
[2024-10-14T02:32:28.932+0000] {processor.py:208} INFO - Processing /opt/airflow/dags/log_dag.py took 0.110 seconds
[2024-10-14T02:32:59.512+0000] {processor.py:186} INFO - Started process (PID=65815) to work on /opt/airflow/dags/log_dag.py
[2024-10-14T02:32:59.515+0000] {processor.py:914} INFO - Processing file /opt/airflow/dags/log_dag.py for tasks to queue
[2024-10-14T02:32:59.520+0000] {logging_mixin.py:190} INFO - [2024-10-14T02:32:59.519+0000] {dagbag.py:588} INFO - Filling up the DagBag from /opt/airflow/dags/log_dag.py
[2024-10-14T02:32:59.535+0000] {processor.py:925} INFO - DAG(s) 'log_dag' retrieved from /opt/airflow/dags/log_dag.py
[2024-10-14T02:32:59.664+0000] {logging_mixin.py:190} INFO - [2024-10-14T02:32:59.663+0000] {dag.py:3239} INFO - Sync 1 DAGs
[2024-10-14T02:32:59.752+0000] {logging_mixin.py:190} INFO - [2024-10-14T02:32:59.750+0000] {dag.py:4180} INFO - Setting next_dagrun for log_dag to None, run_after=None
[2024-10-14T02:32:59.825+0000] {processor.py:208} INFO - Processing /opt/airflow/dags/log_dag.py took 0.342 seconds
[2024-10-14T02:33:30.098+0000] {processor.py:186} INFO - Started process (PID=65827) to work on /opt/airflow/dags/log_dag.py
[2024-10-14T02:33:30.102+0000] {processor.py:914} INFO - Processing file /opt/airflow/dags/log_dag.py for tasks to queue
[2024-10-14T02:33:30.106+0000] {logging_mixin.py:190} INFO - [2024-10-14T02:33:30.105+0000] {dagbag.py:588} INFO - Filling up the DagBag from /opt/airflow/dags/log_dag.py
[2024-10-14T02:33:30.122+0000] {processor.py:925} INFO - DAG(s) 'log_dag' retrieved from /opt/airflow/dags/log_dag.py
[2024-10-14T02:33:30.166+0000] {logging_mixin.py:190} INFO - [2024-10-14T02:33:30.165+0000] {dag.py:3239} INFO - Sync 1 DAGs
[2024-10-14T02:33:30.186+0000] {logging_mixin.py:190} INFO - [2024-10-14T02:33:30.185+0000] {dag.py:4180} INFO - Setting next_dagrun for log_dag to None, run_after=None
[2024-10-14T02:33:30.218+0000] {processor.py:208} INFO - Processing /opt/airflow/dags/log_dag.py took 0.131 seconds
[2024-10-14T02:34:00.494+0000] {processor.py:186} INFO - Started process (PID=65839) to work on /opt/airflow/dags/log_dag.py
[2024-10-14T02:34:00.496+0000] {processor.py:914} INFO - Processing file /opt/airflow/dags/log_dag.py for tasks to queue
[2024-10-14T02:34:00.500+0000] {logging_mixin.py:190} INFO - [2024-10-14T02:34:00.499+0000] {dagbag.py:588} INFO - Filling up the DagBag from /opt/airflow/dags/log_dag.py
[2024-10-14T02:34:00.512+0000] {processor.py:925} INFO - DAG(s) 'log_dag' retrieved from /opt/airflow/dags/log_dag.py
[2024-10-14T02:34:00.550+0000] {logging_mixin.py:190} INFO - [2024-10-14T02:34:00.550+0000] {dag.py:3239} INFO - Sync 1 DAGs
[2024-10-14T02:34:00.570+0000] {logging_mixin.py:190} INFO - [2024-10-14T02:34:00.569+0000] {dag.py:4180} INFO - Setting next_dagrun for log_dag to None, run_after=None
[2024-10-14T02:34:00.596+0000] {processor.py:208} INFO - Processing /opt/airflow/dags/log_dag.py took 0.115 seconds
[2024-10-14T02:34:30.848+0000] {processor.py:186} INFO - Started process (PID=65851) to work on /opt/airflow/dags/log_dag.py
[2024-10-14T02:34:30.852+0000] {processor.py:914} INFO - Processing file /opt/airflow/dags/log_dag.py for tasks to queue
[2024-10-14T02:34:30.855+0000] {logging_mixin.py:190} INFO - [2024-10-14T02:34:30.855+0000] {dagbag.py:588} INFO - Filling up the DagBag from /opt/airflow/dags/log_dag.py
[2024-10-14T02:34:30.868+0000] {processor.py:925} INFO - DAG(s) 'log_dag' retrieved from /opt/airflow/dags/log_dag.py
[2024-10-14T02:34:30.917+0000] {logging_mixin.py:190} INFO - [2024-10-14T02:34:30.916+0000] {dag.py:3239} INFO - Sync 1 DAGs
[2024-10-14T02:34:30.937+0000] {logging_mixin.py:190} INFO - [2024-10-14T02:34:30.936+0000] {dag.py:4180} INFO - Setting next_dagrun for log_dag to None, run_after=None
[2024-10-14T02:34:30.960+0000] {processor.py:208} INFO - Processing /opt/airflow/dags/log_dag.py took 0.124 seconds
[2024-10-14T02:35:01.116+0000] {processor.py:186} INFO - Started process (PID=65863) to work on /opt/airflow/dags/log_dag.py
[2024-10-14T02:35:01.120+0000] {processor.py:914} INFO - Processing file /opt/airflow/dags/log_dag.py for tasks to queue
[2024-10-14T02:35:01.125+0000] {logging_mixin.py:190} INFO - [2024-10-14T02:35:01.125+0000] {dagbag.py:588} INFO - Filling up the DagBag from /opt/airflow/dags/log_dag.py
[2024-10-14T02:35:01.145+0000] {processor.py:925} INFO - DAG(s) 'log_dag' retrieved from /opt/airflow/dags/log_dag.py
[2024-10-14T02:35:01.199+0000] {logging_mixin.py:190} INFO - [2024-10-14T02:35:01.199+0000] {dag.py:3239} INFO - Sync 1 DAGs
[2024-10-14T02:35:01.228+0000] {logging_mixin.py:190} INFO - [2024-10-14T02:35:01.228+0000] {dag.py:4180} INFO - Setting next_dagrun for log_dag to None, run_after=None
[2024-10-14T02:35:01.267+0000] {processor.py:208} INFO - Processing /opt/airflow/dags/log_dag.py took 0.166 seconds
[2024-10-14T02:35:31.820+0000] {processor.py:186} INFO - Started process (PID=65875) to work on /opt/airflow/dags/log_dag.py
[2024-10-14T02:35:31.822+0000] {processor.py:914} INFO - Processing file /opt/airflow/dags/log_dag.py for tasks to queue
[2024-10-14T02:35:31.828+0000] {logging_mixin.py:190} INFO - [2024-10-14T02:35:31.827+0000] {dagbag.py:588} INFO - Filling up the DagBag from /opt/airflow/dags/log_dag.py
[2024-10-14T02:35:31.847+0000] {processor.py:925} INFO - DAG(s) 'log_dag' retrieved from /opt/airflow/dags/log_dag.py
[2024-10-14T02:35:31.925+0000] {logging_mixin.py:190} INFO - [2024-10-14T02:35:31.924+0000] {dag.py:3239} INFO - Sync 1 DAGs
[2024-10-14T02:35:31.955+0000] {logging_mixin.py:190} INFO - [2024-10-14T02:35:31.954+0000] {dag.py:4180} INFO - Setting next_dagrun for log_dag to None, run_after=None
[2024-10-14T02:35:31.995+0000] {processor.py:208} INFO - Processing /opt/airflow/dags/log_dag.py took 0.191 seconds
[2024-10-14T02:36:02.107+0000] {processor.py:186} INFO - Started process (PID=65886) to work on /opt/airflow/dags/log_dag.py
[2024-10-14T02:36:02.110+0000] {processor.py:914} INFO - Processing file /opt/airflow/dags/log_dag.py for tasks to queue
[2024-10-14T02:36:02.114+0000] {logging_mixin.py:190} INFO - [2024-10-14T02:36:02.113+0000] {dagbag.py:588} INFO - Filling up the DagBag from /opt/airflow/dags/log_dag.py
[2024-10-14T02:36:02.127+0000] {processor.py:925} INFO - DAG(s) 'log_dag' retrieved from /opt/airflow/dags/log_dag.py
[2024-10-14T02:36:02.168+0000] {logging_mixin.py:190} INFO - [2024-10-14T02:36:02.167+0000] {dag.py:3239} INFO - Sync 1 DAGs
[2024-10-14T02:36:02.188+0000] {logging_mixin.py:190} INFO - [2024-10-14T02:36:02.187+0000] {dag.py:4180} INFO - Setting next_dagrun for log_dag to None, run_after=None
[2024-10-14T02:36:02.215+0000] {processor.py:208} INFO - Processing /opt/airflow/dags/log_dag.py took 0.119 seconds
[2024-10-14T02:36:32.346+0000] {processor.py:186} INFO - Started process (PID=65899) to work on /opt/airflow/dags/log_dag.py
[2024-10-14T02:36:32.349+0000] {processor.py:914} INFO - Processing file /opt/airflow/dags/log_dag.py for tasks to queue
[2024-10-14T02:36:32.353+0000] {logging_mixin.py:190} INFO - [2024-10-14T02:36:32.352+0000] {dagbag.py:588} INFO - Filling up the DagBag from /opt/airflow/dags/log_dag.py
[2024-10-14T02:36:32.365+0000] {processor.py:925} INFO - DAG(s) 'log_dag' retrieved from /opt/airflow/dags/log_dag.py
[2024-10-14T02:36:32.406+0000] {logging_mixin.py:190} INFO - [2024-10-14T02:36:32.405+0000] {dag.py:3239} INFO - Sync 1 DAGs
[2024-10-14T02:36:32.427+0000] {logging_mixin.py:190} INFO - [2024-10-14T02:36:32.426+0000] {dag.py:4180} INFO - Setting next_dagrun for log_dag to None, run_after=None
[2024-10-14T02:36:32.453+0000] {processor.py:208} INFO - Processing /opt/airflow/dags/log_dag.py took 0.122 seconds
[2024-10-14T02:37:02.593+0000] {processor.py:186} INFO - Started process (PID=65911) to work on /opt/airflow/dags/log_dag.py
[2024-10-14T02:37:02.595+0000] {processor.py:914} INFO - Processing file /opt/airflow/dags/log_dag.py for tasks to queue
[2024-10-14T02:37:02.599+0000] {logging_mixin.py:190} INFO - [2024-10-14T02:37:02.599+0000] {dagbag.py:588} INFO - Filling up the DagBag from /opt/airflow/dags/log_dag.py
[2024-10-14T02:37:02.612+0000] {processor.py:925} INFO - DAG(s) 'log_dag' retrieved from /opt/airflow/dags/log_dag.py
[2024-10-14T02:37:02.652+0000] {logging_mixin.py:190} INFO - [2024-10-14T02:37:02.652+0000] {dag.py:3239} INFO - Sync 1 DAGs
[2024-10-14T02:37:02.672+0000] {logging_mixin.py:190} INFO - [2024-10-14T02:37:02.671+0000] {dag.py:4180} INFO - Setting next_dagrun for log_dag to None, run_after=None
[2024-10-14T02:37:02.698+0000] {processor.py:208} INFO - Processing /opt/airflow/dags/log_dag.py took 0.116 seconds
[2024-10-14T02:37:32.750+0000] {processor.py:186} INFO - Started process (PID=65923) to work on /opt/airflow/dags/log_dag.py
[2024-10-14T02:37:32.756+0000] {processor.py:914} INFO - Processing file /opt/airflow/dags/log_dag.py for tasks to queue
[2024-10-14T02:37:32.761+0000] {logging_mixin.py:190} INFO - [2024-10-14T02:37:32.761+0000] {dagbag.py:588} INFO - Filling up the DagBag from /opt/airflow/dags/log_dag.py
[2024-10-14T02:37:32.777+0000] {processor.py:925} INFO - DAG(s) 'log_dag' retrieved from /opt/airflow/dags/log_dag.py
[2024-10-14T02:37:32.829+0000] {logging_mixin.py:190} INFO - [2024-10-14T02:37:32.828+0000] {dag.py:3239} INFO - Sync 1 DAGs
[2024-10-14T02:37:32.860+0000] {logging_mixin.py:190} INFO - [2024-10-14T02:37:32.859+0000] {dag.py:4180} INFO - Setting next_dagrun for log_dag to None, run_after=None
[2024-10-14T02:37:32.890+0000] {processor.py:208} INFO - Processing /opt/airflow/dags/log_dag.py took 0.156 seconds
