[2024-10-14T02:28:46.880+0000] {processor.py:186} INFO - Started process (PID=65712) to work on /opt/airflow/dags/stock_data_dag.py
[2024-10-14T02:28:46.922+0000] {processor.py:914} INFO - Processing file /opt/airflow/dags/stock_data_dag.py for tasks to queue
[2024-10-14T02:28:47.001+0000] {logging_mixin.py:190} INFO - [2024-10-14T02:28:46.989+0000] {dagbag.py:588} INFO - Filling up the DagBag from /opt/airflow/dags/stock_data_dag.py
[2024-10-14T02:28:53.229+0000] {processor.py:925} INFO - DAG(s) 'stock_data_dag' retrieved from /opt/airflow/dags/stock_data_dag.py
[2024-10-14T02:28:53.986+0000] {logging_mixin.py:190} WARNING - [2024-10-14 02:28:53] - airflow.models.dag - INFO      - bulk_write_to_db - line 3239 - Sync 1 DAGs
[2024-10-14T02:28:54.098+0000] {logging_mixin.py:190} WARNING - [2024-10-14 02:28:54] - airflow.models.dag - INFO      - calculate_dagrun_date_fields - line 4180 - Setting next_dagrun for stock_data_dag to 2024-10-14 00:00:00+00:00, run_after=2024-10-15 00:00:00+00:00
[2024-10-14T02:28:54.198+0000] {processor.py:208} INFO - Processing /opt/airflow/dags/stock_data_dag.py took 7.584 seconds
[2024-10-14T02:29:24.945+0000] {processor.py:186} INFO - Started process (PID=65731) to work on /opt/airflow/dags/stock_data_dag.py
[2024-10-14T02:29:24.951+0000] {processor.py:914} INFO - Processing file /opt/airflow/dags/stock_data_dag.py for tasks to queue
[2024-10-14T02:29:24.957+0000] {logging_mixin.py:190} INFO - [2024-10-14T02:29:24.956+0000] {dagbag.py:588} INFO - Filling up the DagBag from /opt/airflow/dags/stock_data_dag.py
[2024-10-14T02:29:26.767+0000] {processor.py:925} INFO - DAG(s) 'stock_data_dag' retrieved from /opt/airflow/dags/stock_data_dag.py
[2024-10-14T02:29:26.874+0000] {logging_mixin.py:190} WARNING - [2024-10-14 02:29:26] - airflow.models.dag - INFO      - bulk_write_to_db - line 3239 - Sync 1 DAGs
[2024-10-14T02:29:26.973+0000] {logging_mixin.py:190} WARNING - [2024-10-14 02:29:26] - airflow.models.dag - INFO      - calculate_dagrun_date_fields - line 4180 - Setting next_dagrun for stock_data_dag to 2024-10-14 00:00:00+00:00, run_after=2024-10-15 00:00:00+00:00
[2024-10-14T02:29:27.064+0000] {processor.py:208} INFO - Processing /opt/airflow/dags/stock_data_dag.py took 2.143 seconds
[2024-10-14T02:29:57.828+0000] {processor.py:186} INFO - Started process (PID=65744) to work on /opt/airflow/dags/stock_data_dag.py
[2024-10-14T02:29:57.830+0000] {processor.py:914} INFO - Processing file /opt/airflow/dags/stock_data_dag.py for tasks to queue
[2024-10-14T02:29:57.834+0000] {logging_mixin.py:190} INFO - [2024-10-14T02:29:57.834+0000] {dagbag.py:588} INFO - Filling up the DagBag from /opt/airflow/dags/stock_data_dag.py
[2024-10-14T02:29:58.602+0000] {processor.py:925} INFO - DAG(s) 'stock_data_dag' retrieved from /opt/airflow/dags/stock_data_dag.py
[2024-10-14T02:29:58.634+0000] {logging_mixin.py:190} WARNING - [2024-10-14 02:29:58] - airflow.models.dag - INFO      - bulk_write_to_db - line 3239 - Sync 1 DAGs
[2024-10-14T02:29:58.663+0000] {logging_mixin.py:190} WARNING - [2024-10-14 02:29:58] - airflow.models.dag - INFO      - calculate_dagrun_date_fields - line 4180 - Setting next_dagrun for stock_data_dag to 2024-10-14 00:00:00+00:00, run_after=2024-10-15 00:00:00+00:00
[2024-10-14T02:29:58.685+0000] {processor.py:208} INFO - Processing /opt/airflow/dags/stock_data_dag.py took 0.870 seconds
[2024-10-14T02:30:29.211+0000] {processor.py:186} INFO - Started process (PID=65756) to work on /opt/airflow/dags/stock_data_dag.py
[2024-10-14T02:30:29.215+0000] {processor.py:914} INFO - Processing file /opt/airflow/dags/stock_data_dag.py for tasks to queue
[2024-10-14T02:30:29.219+0000] {logging_mixin.py:190} INFO - [2024-10-14T02:30:29.218+0000] {dagbag.py:588} INFO - Filling up the DagBag from /opt/airflow/dags/stock_data_dag.py
[2024-10-14T02:30:30.077+0000] {processor.py:925} INFO - DAG(s) 'stock_data_dag' retrieved from /opt/airflow/dags/stock_data_dag.py
[2024-10-14T02:30:30.110+0000] {logging_mixin.py:190} WARNING - [2024-10-14 02:30:30] - airflow.models.dag - INFO      - bulk_write_to_db - line 3239 - Sync 1 DAGs
[2024-10-14T02:30:30.140+0000] {logging_mixin.py:190} WARNING - [2024-10-14 02:30:30] - airflow.models.dag - INFO      - calculate_dagrun_date_fields - line 4180 - Setting next_dagrun for stock_data_dag to 2024-10-14 00:00:00+00:00, run_after=2024-10-15 00:00:00+00:00
[2024-10-14T02:30:30.163+0000] {processor.py:208} INFO - Processing /opt/airflow/dags/stock_data_dag.py took 0.962 seconds
[2024-10-14T02:31:00.741+0000] {processor.py:186} INFO - Started process (PID=65768) to work on /opt/airflow/dags/stock_data_dag.py
[2024-10-14T02:31:00.743+0000] {processor.py:914} INFO - Processing file /opt/airflow/dags/stock_data_dag.py for tasks to queue
[2024-10-14T02:31:00.746+0000] {logging_mixin.py:190} INFO - [2024-10-14T02:31:00.746+0000] {dagbag.py:588} INFO - Filling up the DagBag from /opt/airflow/dags/stock_data_dag.py
[2024-10-14T02:31:01.505+0000] {processor.py:925} INFO - DAG(s) 'stock_data_dag' retrieved from /opt/airflow/dags/stock_data_dag.py
[2024-10-14T02:31:01.549+0000] {logging_mixin.py:190} WARNING - [2024-10-14 02:31:01] - airflow.models.dag - INFO      - bulk_write_to_db - line 3239 - Sync 1 DAGs
[2024-10-14T02:31:01.576+0000] {logging_mixin.py:190} WARNING - [2024-10-14 02:31:01] - airflow.models.dag - INFO      - calculate_dagrun_date_fields - line 4180 - Setting next_dagrun for stock_data_dag to 2024-10-14 00:00:00+00:00, run_after=2024-10-15 00:00:00+00:00
[2024-10-14T02:31:01.598+0000] {processor.py:208} INFO - Processing /opt/airflow/dags/stock_data_dag.py took 0.868 seconds
[2024-10-14T02:31:32.098+0000] {processor.py:186} INFO - Started process (PID=65780) to work on /opt/airflow/dags/stock_data_dag.py
[2024-10-14T02:31:32.100+0000] {processor.py:914} INFO - Processing file /opt/airflow/dags/stock_data_dag.py for tasks to queue
[2024-10-14T02:31:32.105+0000] {logging_mixin.py:190} INFO - [2024-10-14T02:31:32.105+0000] {dagbag.py:588} INFO - Filling up the DagBag from /opt/airflow/dags/stock_data_dag.py
[2024-10-14T02:31:33.059+0000] {processor.py:925} INFO - DAG(s) 'stock_data_dag' retrieved from /opt/airflow/dags/stock_data_dag.py
[2024-10-14T02:31:33.095+0000] {logging_mixin.py:190} WARNING - [2024-10-14 02:31:33] - airflow.models.dag - INFO      - bulk_write_to_db - line 3239 - Sync 1 DAGs
[2024-10-14T02:31:33.138+0000] {logging_mixin.py:190} WARNING - [2024-10-14 02:31:33] - airflow.models.dag - INFO      - calculate_dagrun_date_fields - line 4180 - Setting next_dagrun for stock_data_dag to 2024-10-14 00:00:00+00:00, run_after=2024-10-15 00:00:00+00:00
[2024-10-14T02:31:33.168+0000] {processor.py:208} INFO - Processing /opt/airflow/dags/stock_data_dag.py took 1.085 seconds
[2024-10-14T02:32:03.502+0000] {processor.py:186} INFO - Started process (PID=65792) to work on /opt/airflow/dags/stock_data_dag.py
[2024-10-14T02:32:03.505+0000] {processor.py:914} INFO - Processing file /opt/airflow/dags/stock_data_dag.py for tasks to queue
[2024-10-14T02:32:03.510+0000] {logging_mixin.py:190} INFO - [2024-10-14T02:32:03.510+0000] {dagbag.py:588} INFO - Filling up the DagBag from /opt/airflow/dags/stock_data_dag.py
[2024-10-14T02:32:05.041+0000] {processor.py:925} INFO - DAG(s) 'stock_data_dag' retrieved from /opt/airflow/dags/stock_data_dag.py
[2024-10-14T02:32:05.141+0000] {logging_mixin.py:190} WARNING - [2024-10-14 02:32:05] - airflow.models.dag - INFO      - bulk_write_to_db - line 3239 - Sync 1 DAGs
[2024-10-14T02:32:05.236+0000] {logging_mixin.py:190} WARNING - [2024-10-14 02:32:05] - airflow.models.dag - INFO      - calculate_dagrun_date_fields - line 4180 - Setting next_dagrun for stock_data_dag to 2024-10-14 00:00:00+00:00, run_after=2024-10-15 00:00:00+00:00
[2024-10-14T02:32:05.310+0000] {processor.py:208} INFO - Processing /opt/airflow/dags/stock_data_dag.py took 1.833 seconds
[2024-10-14T02:32:35.892+0000] {processor.py:186} INFO - Started process (PID=65804) to work on /opt/airflow/dags/stock_data_dag.py
[2024-10-14T02:32:35.895+0000] {processor.py:914} INFO - Processing file /opt/airflow/dags/stock_data_dag.py for tasks to queue
[2024-10-14T02:32:35.898+0000] {logging_mixin.py:190} INFO - [2024-10-14T02:32:35.898+0000] {dagbag.py:588} INFO - Filling up the DagBag from /opt/airflow/dags/stock_data_dag.py
[2024-10-14T02:32:36.659+0000] {processor.py:925} INFO - DAG(s) 'stock_data_dag' retrieved from /opt/airflow/dags/stock_data_dag.py
[2024-10-14T02:32:36.702+0000] {logging_mixin.py:190} WARNING - [2024-10-14 02:32:36] - airflow.models.dag - INFO      - bulk_write_to_db - line 3239 - Sync 1 DAGs
[2024-10-14T02:32:36.730+0000] {logging_mixin.py:190} WARNING - [2024-10-14 02:32:36] - airflow.models.dag - INFO      - calculate_dagrun_date_fields - line 4180 - Setting next_dagrun for stock_data_dag to 2024-10-14 00:00:00+00:00, run_after=2024-10-15 00:00:00+00:00
[2024-10-14T02:32:36.752+0000] {processor.py:208} INFO - Processing /opt/airflow/dags/stock_data_dag.py took 0.871 seconds
[2024-10-14T02:33:06.911+0000] {processor.py:186} INFO - Started process (PID=65816) to work on /opt/airflow/dags/stock_data_dag.py
[2024-10-14T02:33:06.913+0000] {processor.py:914} INFO - Processing file /opt/airflow/dags/stock_data_dag.py for tasks to queue
[2024-10-14T02:33:06.916+0000] {logging_mixin.py:190} INFO - [2024-10-14T02:33:06.916+0000] {dagbag.py:588} INFO - Filling up the DagBag from /opt/airflow/dags/stock_data_dag.py
[2024-10-14T02:33:07.699+0000] {processor.py:925} INFO - DAG(s) 'stock_data_dag' retrieved from /opt/airflow/dags/stock_data_dag.py
[2024-10-14T02:33:07.731+0000] {logging_mixin.py:190} WARNING - [2024-10-14 02:33:07] - airflow.models.dag - INFO      - bulk_write_to_db - line 3239 - Sync 1 DAGs
[2024-10-14T02:33:07.760+0000] {logging_mixin.py:190} WARNING - [2024-10-14 02:33:07] - airflow.models.dag - INFO      - calculate_dagrun_date_fields - line 4180 - Setting next_dagrun for stock_data_dag to 2024-10-14 00:00:00+00:00, run_after=2024-10-15 00:00:00+00:00
[2024-10-14T02:33:07.784+0000] {processor.py:208} INFO - Processing /opt/airflow/dags/stock_data_dag.py took 0.886 seconds
[2024-10-14T02:33:38.308+0000] {processor.py:186} INFO - Started process (PID=65828) to work on /opt/airflow/dags/stock_data_dag.py
[2024-10-14T02:33:38.312+0000] {processor.py:914} INFO - Processing file /opt/airflow/dags/stock_data_dag.py for tasks to queue
[2024-10-14T02:33:38.316+0000] {logging_mixin.py:190} INFO - [2024-10-14T02:33:38.315+0000] {dagbag.py:588} INFO - Filling up the DagBag from /opt/airflow/dags/stock_data_dag.py
[2024-10-14T02:33:39.094+0000] {processor.py:925} INFO - DAG(s) 'stock_data_dag' retrieved from /opt/airflow/dags/stock_data_dag.py
[2024-10-14T02:33:39.126+0000] {logging_mixin.py:190} WARNING - [2024-10-14 02:33:39] - airflow.models.dag - INFO      - bulk_write_to_db - line 3239 - Sync 1 DAGs
[2024-10-14T02:33:39.153+0000] {logging_mixin.py:190} WARNING - [2024-10-14 02:33:39] - airflow.models.dag - INFO      - calculate_dagrun_date_fields - line 4180 - Setting next_dagrun for stock_data_dag to 2024-10-14 00:00:00+00:00, run_after=2024-10-15 00:00:00+00:00
[2024-10-14T02:33:39.176+0000] {processor.py:208} INFO - Processing /opt/airflow/dags/stock_data_dag.py took 0.881 seconds
[2024-10-14T02:34:09.580+0000] {processor.py:186} INFO - Started process (PID=65840) to work on /opt/airflow/dags/stock_data_dag.py
[2024-10-14T02:34:09.583+0000] {processor.py:914} INFO - Processing file /opt/airflow/dags/stock_data_dag.py for tasks to queue
[2024-10-14T02:34:09.588+0000] {logging_mixin.py:190} INFO - [2024-10-14T02:34:09.587+0000] {dagbag.py:588} INFO - Filling up the DagBag from /opt/airflow/dags/stock_data_dag.py
[2024-10-14T02:34:10.367+0000] {processor.py:925} INFO - DAG(s) 'stock_data_dag' retrieved from /opt/airflow/dags/stock_data_dag.py
[2024-10-14T02:34:10.407+0000] {logging_mixin.py:190} WARNING - [2024-10-14 02:34:10] - airflow.models.dag - INFO      - bulk_write_to_db - line 3239 - Sync 1 DAGs
[2024-10-14T02:34:10.442+0000] {logging_mixin.py:190} WARNING - [2024-10-14 02:34:10] - airflow.models.dag - INFO      - calculate_dagrun_date_fields - line 4180 - Setting next_dagrun for stock_data_dag to 2024-10-14 00:00:00+00:00, run_after=2024-10-15 00:00:00+00:00
[2024-10-14T02:34:10.464+0000] {processor.py:208} INFO - Processing /opt/airflow/dags/stock_data_dag.py took 0.897 seconds
[2024-10-14T02:34:40.937+0000] {processor.py:186} INFO - Started process (PID=65852) to work on /opt/airflow/dags/stock_data_dag.py
[2024-10-14T02:34:40.939+0000] {processor.py:914} INFO - Processing file /opt/airflow/dags/stock_data_dag.py for tasks to queue
[2024-10-14T02:34:40.944+0000] {logging_mixin.py:190} INFO - [2024-10-14T02:34:40.944+0000] {dagbag.py:588} INFO - Filling up the DagBag from /opt/airflow/dags/stock_data_dag.py
[2024-10-14T02:34:42.209+0000] {processor.py:925} INFO - DAG(s) 'stock_data_dag' retrieved from /opt/airflow/dags/stock_data_dag.py
[2024-10-14T02:34:42.303+0000] {logging_mixin.py:190} WARNING - [2024-10-14 02:34:42] - airflow.models.dag - INFO      - bulk_write_to_db - line 3239 - Sync 1 DAGs
[2024-10-14T02:34:42.396+0000] {logging_mixin.py:190} WARNING - [2024-10-14 02:34:42] - airflow.models.dag - INFO      - calculate_dagrun_date_fields - line 4180 - Setting next_dagrun for stock_data_dag to 2024-10-14 00:00:00+00:00, run_after=2024-10-15 00:00:00+00:00
[2024-10-14T02:34:42.463+0000] {processor.py:208} INFO - Processing /opt/airflow/dags/stock_data_dag.py took 1.540 seconds
[2024-10-14T02:35:13.203+0000] {processor.py:186} INFO - Started process (PID=65864) to work on /opt/airflow/dags/stock_data_dag.py
[2024-10-14T02:35:13.205+0000] {processor.py:914} INFO - Processing file /opt/airflow/dags/stock_data_dag.py for tasks to queue
[2024-10-14T02:35:13.209+0000] {logging_mixin.py:190} INFO - [2024-10-14T02:35:13.209+0000] {dagbag.py:588} INFO - Filling up the DagBag from /opt/airflow/dags/stock_data_dag.py
[2024-10-14T02:35:14.317+0000] {processor.py:925} INFO - DAG(s) 'stock_data_dag' retrieved from /opt/airflow/dags/stock_data_dag.py
[2024-10-14T02:35:14.427+0000] {logging_mixin.py:190} WARNING - [2024-10-14 02:35:14] - airflow.models.dag - INFO      - bulk_write_to_db - line 3239 - Sync 1 DAGs
[2024-10-14T02:35:14.518+0000] {logging_mixin.py:190} WARNING - [2024-10-14 02:35:14] - airflow.models.dag - INFO      - calculate_dagrun_date_fields - line 4180 - Setting next_dagrun for stock_data_dag to 2024-10-14 00:00:00+00:00, run_after=2024-10-15 00:00:00+00:00
[2024-10-14T02:35:14.587+0000] {processor.py:208} INFO - Processing /opt/airflow/dags/stock_data_dag.py took 1.395 seconds
[2024-10-14T02:35:45.145+0000] {processor.py:186} INFO - Started process (PID=65876) to work on /opt/airflow/dags/stock_data_dag.py
[2024-10-14T02:35:45.148+0000] {processor.py:914} INFO - Processing file /opt/airflow/dags/stock_data_dag.py for tasks to queue
[2024-10-14T02:35:45.152+0000] {logging_mixin.py:190} INFO - [2024-10-14T02:35:45.151+0000] {dagbag.py:588} INFO - Filling up the DagBag from /opt/airflow/dags/stock_data_dag.py
[2024-10-14T02:35:45.953+0000] {processor.py:925} INFO - DAG(s) 'stock_data_dag' retrieved from /opt/airflow/dags/stock_data_dag.py
[2024-10-14T02:35:45.986+0000] {logging_mixin.py:190} WARNING - [2024-10-14 02:35:45] - airflow.models.dag - INFO      - bulk_write_to_db - line 3239 - Sync 1 DAGs
[2024-10-14T02:35:46.016+0000] {logging_mixin.py:190} WARNING - [2024-10-14 02:35:46] - airflow.models.dag - INFO      - calculate_dagrun_date_fields - line 4180 - Setting next_dagrun for stock_data_dag to 2024-10-14 00:00:00+00:00, run_after=2024-10-15 00:00:00+00:00
[2024-10-14T02:35:46.041+0000] {processor.py:208} INFO - Processing /opt/airflow/dags/stock_data_dag.py took 0.907 seconds
[2024-10-14T02:36:16.367+0000] {processor.py:186} INFO - Started process (PID=65888) to work on /opt/airflow/dags/stock_data_dag.py
[2024-10-14T02:36:16.369+0000] {processor.py:914} INFO - Processing file /opt/airflow/dags/stock_data_dag.py for tasks to queue
[2024-10-14T02:36:16.373+0000] {logging_mixin.py:190} INFO - [2024-10-14T02:36:16.373+0000] {dagbag.py:588} INFO - Filling up the DagBag from /opt/airflow/dags/stock_data_dag.py
[2024-10-14T02:36:17.174+0000] {processor.py:925} INFO - DAG(s) 'stock_data_dag' retrieved from /opt/airflow/dags/stock_data_dag.py
[2024-10-14T02:36:17.211+0000] {logging_mixin.py:190} WARNING - [2024-10-14 02:36:17] - airflow.models.dag - INFO      - bulk_write_to_db - line 3239 - Sync 1 DAGs
[2024-10-14T02:36:17.239+0000] {logging_mixin.py:190} WARNING - [2024-10-14 02:36:17] - airflow.models.dag - INFO      - calculate_dagrun_date_fields - line 4180 - Setting next_dagrun for stock_data_dag to 2024-10-14 00:00:00+00:00, run_after=2024-10-15 00:00:00+00:00
[2024-10-14T02:36:17.263+0000] {processor.py:208} INFO - Processing /opt/airflow/dags/stock_data_dag.py took 0.909 seconds
[2024-10-14T02:36:47.622+0000] {processor.py:186} INFO - Started process (PID=65901) to work on /opt/airflow/dags/stock_data_dag.py
[2024-10-14T02:36:47.625+0000] {processor.py:914} INFO - Processing file /opt/airflow/dags/stock_data_dag.py for tasks to queue
[2024-10-14T02:36:47.628+0000] {logging_mixin.py:190} INFO - [2024-10-14T02:36:47.628+0000] {dagbag.py:588} INFO - Filling up the DagBag from /opt/airflow/dags/stock_data_dag.py
[2024-10-14T02:36:48.407+0000] {processor.py:925} INFO - DAG(s) 'stock_data_dag' retrieved from /opt/airflow/dags/stock_data_dag.py
[2024-10-14T02:36:48.438+0000] {logging_mixin.py:190} WARNING - [2024-10-14 02:36:48] - airflow.models.dag - INFO      - bulk_write_to_db - line 3239 - Sync 1 DAGs
[2024-10-14T02:36:48.465+0000] {logging_mixin.py:190} WARNING - [2024-10-14 02:36:48] - airflow.models.dag - INFO      - calculate_dagrun_date_fields - line 4180 - Setting next_dagrun for stock_data_dag to 2024-10-14 00:00:00+00:00, run_after=2024-10-15 00:00:00+00:00
[2024-10-14T02:36:48.489+0000] {processor.py:208} INFO - Processing /opt/airflow/dags/stock_data_dag.py took 0.878 seconds
[2024-10-14T02:37:18.863+0000] {processor.py:186} INFO - Started process (PID=65913) to work on /opt/airflow/dags/stock_data_dag.py
[2024-10-14T02:37:18.865+0000] {processor.py:914} INFO - Processing file /opt/airflow/dags/stock_data_dag.py for tasks to queue
[2024-10-14T02:37:18.871+0000] {logging_mixin.py:190} INFO - [2024-10-14T02:37:18.870+0000] {dagbag.py:588} INFO - Filling up the DagBag from /opt/airflow/dags/stock_data_dag.py
[2024-10-14T02:37:20.468+0000] {processor.py:925} INFO - DAG(s) 'stock_data_dag' retrieved from /opt/airflow/dags/stock_data_dag.py
[2024-10-14T02:37:20.561+0000] {logging_mixin.py:190} WARNING - [2024-10-14 02:37:20] - airflow.models.dag - INFO      - bulk_write_to_db - line 3239 - Sync 1 DAGs
[2024-10-14T02:37:20.687+0000] {logging_mixin.py:190} WARNING - [2024-10-14 02:37:20] - airflow.models.dag - INFO      - calculate_dagrun_date_fields - line 4180 - Setting next_dagrun for stock_data_dag to 2024-10-14 00:00:00+00:00, run_after=2024-10-15 00:00:00+00:00
[2024-10-14T02:37:20.789+0000] {processor.py:208} INFO - Processing /opt/airflow/dags/stock_data_dag.py took 1.944 seconds
[2024-10-14T02:37:51.071+0000] {processor.py:186} INFO - Started process (PID=65925) to work on /opt/airflow/dags/stock_data_dag.py
[2024-10-14T02:37:51.073+0000] {processor.py:914} INFO - Processing file /opt/airflow/dags/stock_data_dag.py for tasks to queue
[2024-10-14T02:37:51.077+0000] {logging_mixin.py:190} INFO - [2024-10-14T02:37:51.077+0000] {dagbag.py:588} INFO - Filling up the DagBag from /opt/airflow/dags/stock_data_dag.py
[2024-10-14T02:37:53.018+0000] {processor.py:925} INFO - DAG(s) 'stock_data_dag' retrieved from /opt/airflow/dags/stock_data_dag.py
[2024-10-14T02:37:53.257+0000] {logging_mixin.py:190} WARNING - [2024-10-14 02:37:53] - airflow.models.dag - INFO      - bulk_write_to_db - line 3239 - Sync 1 DAGs
[2024-10-14T02:37:53.448+0000] {logging_mixin.py:190} WARNING - [2024-10-14 02:37:53] - airflow.models.dag - INFO      - calculate_dagrun_date_fields - line 4180 - Setting next_dagrun for stock_data_dag to 2024-10-14 00:00:00+00:00, run_after=2024-10-15 00:00:00+00:00
[2024-10-14T02:37:53.484+0000] {processor.py:208} INFO - Processing /opt/airflow/dags/stock_data_dag.py took 2.426 seconds
