[2024-10-10T00:00:07.104+0000] {local_task_job_runner.py:123} INFO - ::group::Pre task execution logs
[2024-10-10T00:00:07.133+0000] {taskinstance.py:2612} INFO - Dependencies all met for dep_context=non-requeueable deps ti=<TaskInstance: stock_data_dag.extract__1 scheduled__2024-10-09T00:00:00+00:00 [queued]>
[2024-10-10T00:00:07.146+0000] {taskinstance.py:2612} INFO - Dependencies all met for dep_context=requeueable deps ti=<TaskInstance: stock_data_dag.extract__1 scheduled__2024-10-09T00:00:00+00:00 [queued]>
[2024-10-10T00:00:07.147+0000] {taskinstance.py:2865} INFO - Starting attempt 1 of 2
[2024-10-10T00:00:07.170+0000] {taskinstance.py:2888} INFO - Executing <Task(_PythonDecoratedOperator): extract__1> on 2024-10-09 00:00:00+00:00
[2024-10-10T00:00:07.197+0000] {standard_task_runner.py:72} INFO - Started process 16722 to run task
[2024-10-10T00:00:07.231+0000] {standard_task_runner.py:104} INFO - Running: ['***', 'tasks', 'run', 'stock_data_dag', 'extract__1', 'scheduled__2024-10-09T00:00:00+00:00', '--job-id', '108', '--raw', '--subdir', 'DAGS_FOLDER/stock_data_dag.py', '--cfg-path', '/tmp/tmpokt7z4wk']
[2024-10-10T00:00:07.243+0000] {standard_task_runner.py:105} INFO - Job 108: Subtask extract__1
[2024-10-10T00:00:07.337+0000] {task_command.py:467} INFO - Running <TaskInstance: stock_data_dag.extract__1 scheduled__2024-10-09T00:00:00+00:00 [running]> on host 2a293f7fa826
[2024-10-10T00:00:07.484+0000] {taskinstance.py:3131} INFO - Exporting env vars: AIRFLOW_CTX_DAG_OWNER='***' AIRFLOW_CTX_DAG_ID='stock_data_dag' AIRFLOW_CTX_TASK_ID='extract__1' AIRFLOW_CTX_EXECUTION_DATE='2024-10-09T00:00:00+00:00' AIRFLOW_CTX_TRY_NUMBER='1' AIRFLOW_CTX_DAG_RUN_ID='scheduled__2024-10-09T00:00:00+00:00'
[2024-10-10T00:00:07.488+0000] {taskinstance.py:731} INFO - ::endgroup::
[2024-10-10T00:00:07.493+0000] {logging_mixin.py:190} INFO - Start extracting from VND
[2024-10-10T00:00:07.515+0000] {vnd.py:32} INFO - Start downloading data symbols ['AAA'] from VNDIRECT, start: 10/10/2024, end: 10/10/2024!
[2024-10-10T00:00:07.703+0000] {vnd.py:55} ERROR - Data of the symbol AAA is not available
[2024-10-10T00:00:07.711+0000] {logging_mixin.py:190} INFO - AAA not found
[2024-10-10T00:00:07.712+0000] {vnd.py:32} INFO - Start downloading data symbols ['AAAI'] from VNDIRECT, start: 10/10/2024, end: 10/10/2024!
[2024-10-10T00:00:07.846+0000] {vnd.py:55} ERROR - Data of the symbol AAAI is not available
[2024-10-10T00:00:07.848+0000] {logging_mixin.py:190} INFO - AAAI not found
[2024-10-10T00:00:07.850+0000] {vnd.py:32} INFO - Start downloading data symbols ['AACORP'] from VNDIRECT, start: 10/10/2024, end: 10/10/2024!
[2024-10-10T00:00:07.986+0000] {vnd.py:55} ERROR - Data of the symbol AACORP is not available
[2024-10-10T00:00:07.988+0000] {logging_mixin.py:190} INFO - AACORP not found
[2024-10-10T00:00:07.988+0000] {vnd.py:32} INFO - Start downloading data symbols ['AAM'] from VNDIRECT, start: 10/10/2024, end: 10/10/2024!
[2024-10-10T00:00:08.118+0000] {vnd.py:55} ERROR - Data of the symbol AAM is not available
[2024-10-10T00:00:08.119+0000] {logging_mixin.py:190} INFO - AAM not found
[2024-10-10T00:00:08.123+0000] {vnd.py:32} INFO - Start downloading data symbols ['AAS'] from VNDIRECT, start: 10/10/2024, end: 10/10/2024!
[2024-10-10T00:00:08.267+0000] {vnd.py:55} ERROR - Data of the symbol AAS is not available
[2024-10-10T00:00:08.269+0000] {logging_mixin.py:190} INFO - AAS not found
[2024-10-10T00:00:08.274+0000] {vnd.py:32} INFO - Start downloading data symbols ['ABB'] from VNDIRECT, start: 10/10/2024, end: 10/10/2024!
[2024-10-10T00:00:08.412+0000] {vnd.py:55} ERROR - Data of the symbol ABB is not available
[2024-10-10T00:00:08.413+0000] {logging_mixin.py:190} INFO - ABB not found
[2024-10-10T00:00:08.414+0000] {vnd.py:32} INFO - Start downloading data symbols ['ABC'] from VNDIRECT, start: 10/10/2024, end: 10/10/2024!
[2024-10-10T00:00:08.538+0000] {vnd.py:55} ERROR - Data of the symbol ABC is not available
[2024-10-10T00:00:08.539+0000] {logging_mixin.py:190} INFO - ABC not found
[2024-10-10T00:00:08.540+0000] {vnd.py:32} INFO - Start downloading data symbols ['ABF'] from VNDIRECT, start: 10/10/2024, end: 10/10/2024!
[2024-10-10T00:00:08.665+0000] {vnd.py:55} ERROR - Data of the symbol ABF is not available
[2024-10-10T00:00:08.666+0000] {logging_mixin.py:190} INFO - ABF not found
[2024-10-10T00:00:08.667+0000] {vnd.py:32} INFO - Start downloading data symbols ['ABI'] from VNDIRECT, start: 10/10/2024, end: 10/10/2024!
[2024-10-10T00:00:08.805+0000] {vnd.py:55} ERROR - Data of the symbol ABI is not available
[2024-10-10T00:00:08.807+0000] {logging_mixin.py:190} INFO - ABI not found
[2024-10-10T00:00:08.807+0000] {vnd.py:32} INFO - Start downloading data symbols ['ABS'] from VNDIRECT, start: 10/10/2024, end: 10/10/2024!
[2024-10-10T00:00:08.933+0000] {vnd.py:55} ERROR - Data of the symbol ABS is not available
[2024-10-10T00:00:08.934+0000] {logging_mixin.py:190} INFO - ABS not found
[2024-10-10T00:00:08.935+0000] {logging_mixin.py:190} INFO - Extracting successfully
[2024-10-10T00:00:08.935+0000] {python.py:240} INFO - Done. Returned value was: Empty DataFrame
Columns: []
Index: []
[2024-10-10T00:00:09.001+0000] {taskinstance.py:340} INFO - ::group::Post task execution logs
[2024-10-10T00:00:09.002+0000] {taskinstance.py:352} INFO - Marking task as SUCCESS. dag_id=stock_data_dag, task_id=extract__1, run_id=scheduled__2024-10-09T00:00:00+00:00, execution_date=20241009T000000, start_date=20241010T000007, end_date=20241010T000009
[2024-10-10T00:00:09.071+0000] {local_task_job_runner.py:266} INFO - Task exited with return code 0
[2024-10-10T00:00:09.126+0000] {taskinstance.py:3900} INFO - 2 downstream tasks scheduled from follow-on schedule check
[2024-10-10T00:00:09.128+0000] {local_task_job_runner.py:245} INFO - ::endgroup::
