[2024-10-10T06:30:37.123+0000] {local_task_job_runner.py:123} INFO - ::group::Pre task execution logs
[2024-10-10T06:30:37.196+0000] {taskinstance.py:2612} INFO - Dependencies all met for dep_context=non-requeueable deps ti=<TaskInstance: stock_data_dag.extract__1 manual__2024-10-10T06:30:27.892175+00:00 [queued]>
[2024-10-10T06:30:37.229+0000] {taskinstance.py:2612} INFO - Dependencies all met for dep_context=requeueable deps ti=<TaskInstance: stock_data_dag.extract__1 manual__2024-10-10T06:30:27.892175+00:00 [queued]>
[2024-10-10T06:30:37.231+0000] {taskinstance.py:2865} INFO - Starting attempt 1 of 2
[2024-10-10T06:30:37.282+0000] {taskinstance.py:2888} INFO - Executing <Task(_PythonDecoratedOperator): extract__1> on 2024-10-10 06:30:27.892175+00:00
[2024-10-10T06:30:37.317+0000] {standard_task_runner.py:72} INFO - Started process 21558 to run task
[2024-10-10T06:30:37.356+0000] {standard_task_runner.py:104} INFO - Running: ['***', 'tasks', 'run', 'stock_data_dag', 'extract__1', 'manual__2024-10-10T06:30:27.892175+00:00', '--job-id', '115', '--raw', '--subdir', 'DAGS_FOLDER/stock_data_dag.py', '--cfg-path', '/tmp/tmpc8chanqz']
[2024-10-10T06:30:37.376+0000] {standard_task_runner.py:105} INFO - Job 115: Subtask extract__1
[2024-10-10T06:30:37.612+0000] {task_command.py:467} INFO - Running <TaskInstance: stock_data_dag.extract__1 manual__2024-10-10T06:30:27.892175+00:00 [running]> on host 2a293f7fa826
[2024-10-10T06:30:38.024+0000] {taskinstance.py:3131} INFO - Exporting env vars: AIRFLOW_CTX_DAG_OWNER='***' AIRFLOW_CTX_DAG_ID='stock_data_dag' AIRFLOW_CTX_TASK_ID='extract__1' AIRFLOW_CTX_EXECUTION_DATE='2024-10-10T06:30:27.892175+00:00' AIRFLOW_CTX_TRY_NUMBER='1' AIRFLOW_CTX_DAG_RUN_ID='manual__2024-10-10T06:30:27.892175+00:00'
[2024-10-10T06:30:38.032+0000] {taskinstance.py:731} INFO - ::endgroup::
[2024-10-10T06:30:38.049+0000] {logging_mixin.py:190} INFO - Start extracting from VND
[2024-10-10T06:30:38.102+0000] {vnd.py:32} INFO - Start downloading data symbols ['AAA'] from VNDIRECT, start: 10/10/2024, end: 10/10/2024!
[2024-10-10T06:30:38.384+0000] {warnings.py:109} WARNING - /opt/***/dags/../lib/stock/data/loader/vnd.py:77: FutureWarning: DataFrame.fillna with 'method' is deprecated and will raise in a future version. Use obj.ffill() or obj.bfill() instead.
  stock_data.fillna(method='ffill', inplace=True)

[2024-10-10T06:30:38.420+0000] {vnd.py:85} INFO - data AAA from 2024-10-10 to 2024-10-10 have already cloned!
[2024-10-10T06:30:38.504+0000] {logging_mixin.py:190} INFO - Add AAA to data
[2024-10-10T06:30:38.505+0000] {vnd.py:32} INFO - Start downloading data symbols ['AAAI'] from VNDIRECT, start: 10/10/2024, end: 10/10/2024!
[2024-10-10T06:30:38.662+0000] {vnd.py:55} ERROR - Data of the symbol AAAI is not available
[2024-10-10T06:30:38.666+0000] {logging_mixin.py:190} INFO - AAAI not found
[2024-10-10T06:30:38.667+0000] {vnd.py:32} INFO - Start downloading data symbols ['AACORP'] from VNDIRECT, start: 10/10/2024, end: 10/10/2024!
[2024-10-10T06:30:38.807+0000] {vnd.py:55} ERROR - Data of the symbol AACORP is not available
[2024-10-10T06:30:38.808+0000] {logging_mixin.py:190} INFO - AACORP not found
[2024-10-10T06:30:38.811+0000] {vnd.py:32} INFO - Start downloading data symbols ['AAM'] from VNDIRECT, start: 10/10/2024, end: 10/10/2024!
[2024-10-10T06:30:39.001+0000] {warnings.py:109} WARNING - /opt/***/dags/../lib/stock/data/loader/vnd.py:77: FutureWarning: DataFrame.fillna with 'method' is deprecated and will raise in a future version. Use obj.ffill() or obj.bfill() instead.
  stock_data.fillna(method='ffill', inplace=True)

[2024-10-10T06:30:39.013+0000] {vnd.py:85} INFO - data AAM from 2024-10-10 to 2024-10-10 have already cloned!
[2024-10-10T06:30:39.063+0000] {logging_mixin.py:190} INFO - Add AAM to data
[2024-10-10T06:30:39.068+0000] {vnd.py:32} INFO - Start downloading data symbols ['AAS'] from VNDIRECT, start: 10/10/2024, end: 10/10/2024!
[2024-10-10T06:30:39.267+0000] {warnings.py:109} WARNING - /opt/***/dags/../lib/stock/data/loader/vnd.py:77: FutureWarning: DataFrame.fillna with 'method' is deprecated and will raise in a future version. Use obj.ffill() or obj.bfill() instead.
  stock_data.fillna(method='ffill', inplace=True)

[2024-10-10T06:30:39.290+0000] {vnd.py:85} INFO - data AAS from 2024-10-10 to 2024-10-10 have already cloned!
[2024-10-10T06:30:39.314+0000] {logging_mixin.py:190} INFO - Add AAS to data
[2024-10-10T06:30:39.314+0000] {vnd.py:32} INFO - Start downloading data symbols ['ABB'] from VNDIRECT, start: 10/10/2024, end: 10/10/2024!
[2024-10-10T06:30:39.452+0000] {warnings.py:109} WARNING - /opt/***/dags/../lib/stock/data/loader/vnd.py:77: FutureWarning: DataFrame.fillna with 'method' is deprecated and will raise in a future version. Use obj.ffill() or obj.bfill() instead.
  stock_data.fillna(method='ffill', inplace=True)

[2024-10-10T06:30:39.458+0000] {vnd.py:85} INFO - data ABB from 2024-10-10 to 2024-10-10 have already cloned!
[2024-10-10T06:30:39.477+0000] {logging_mixin.py:190} INFO - Add ABB to data
[2024-10-10T06:30:39.477+0000] {vnd.py:32} INFO - Start downloading data symbols ['ABC'] from VNDIRECT, start: 10/10/2024, end: 10/10/2024!
[2024-10-10T06:30:39.627+0000] {warnings.py:109} WARNING - /opt/***/dags/../lib/stock/data/loader/vnd.py:77: FutureWarning: DataFrame.fillna with 'method' is deprecated and will raise in a future version. Use obj.ffill() or obj.bfill() instead.
  stock_data.fillna(method='ffill', inplace=True)

[2024-10-10T06:30:39.643+0000] {vnd.py:85} INFO - data ABC from 2024-10-10 to 2024-10-10 have already cloned!
[2024-10-10T06:30:39.692+0000] {logging_mixin.py:190} INFO - Add ABC to data
[2024-10-10T06:30:39.693+0000] {vnd.py:32} INFO - Start downloading data symbols ['ABF'] from VNDIRECT, start: 10/10/2024, end: 10/10/2024!
[2024-10-10T06:30:39.827+0000] {vnd.py:55} ERROR - Data of the symbol ABF is not available
[2024-10-10T06:30:39.830+0000] {logging_mixin.py:190} INFO - ABF not found
[2024-10-10T06:30:39.831+0000] {vnd.py:32} INFO - Start downloading data symbols ['ABI'] from VNDIRECT, start: 10/10/2024, end: 10/10/2024!
[2024-10-10T06:30:40.014+0000] {warnings.py:109} WARNING - /opt/***/dags/../lib/stock/data/loader/vnd.py:77: FutureWarning: DataFrame.fillna with 'method' is deprecated and will raise in a future version. Use obj.ffill() or obj.bfill() instead.
  stock_data.fillna(method='ffill', inplace=True)

[2024-10-10T06:30:40.023+0000] {vnd.py:85} INFO - data ABI from 2024-10-10 to 2024-10-10 have already cloned!
[2024-10-10T06:30:40.083+0000] {logging_mixin.py:190} INFO - Add ABI to data
[2024-10-10T06:30:40.084+0000] {vnd.py:32} INFO - Start downloading data symbols ['ABS'] from VNDIRECT, start: 10/10/2024, end: 10/10/2024!
[2024-10-10T06:30:40.255+0000] {warnings.py:109} WARNING - /opt/***/dags/../lib/stock/data/loader/vnd.py:77: FutureWarning: DataFrame.fillna with 'method' is deprecated and will raise in a future version. Use obj.ffill() or obj.bfill() instead.
  stock_data.fillna(method='ffill', inplace=True)

[2024-10-10T06:30:40.277+0000] {vnd.py:85} INFO - data ABS from 2024-10-10 to 2024-10-10 have already cloned!
[2024-10-10T06:30:40.344+0000] {logging_mixin.py:190} INFO - Add ABS to data
[2024-10-10T06:30:40.344+0000] {logging_mixin.py:190} INFO - Extracting successfully
[2024-10-10T06:30:40.345+0000] {python.py:240} INFO - Done. Returned value was: Attributes Symbols code   high  ...  adjust  volume_match   value_match
date                            ...                                    
2024-10-10     AAA  AAA   9.64  ...    9.59     1224400.0  1.175600e+10
2024-10-10     AAM  AAM   7.45  ...    7.43        5800.0  4.200000e+07
2024-10-10     AAS  AAS   7.40  ...    7.30       76400.0  5.580600e+08
2024-10-10     ABB  ABB   7.90  ...    7.90      903300.0  7.046870e+09
2024-10-10     ABC  ABC  10.60  ...   10.40        6900.0  7.193000e+07
2024-10-10     ABI  ABI  26.00  ...   25.80      158000.0  4.067190e+09
2024-10-10     ABS  ABS   4.20  ...    4.16       54200.0  2.250000e+08

[7 rows x 9 columns]
[2024-10-10T06:30:40.494+0000] {taskinstance.py:340} INFO - ::group::Post task execution logs
[2024-10-10T06:30:40.497+0000] {taskinstance.py:352} INFO - Marking task as SUCCESS. dag_id=stock_data_dag, task_id=extract__1, run_id=manual__2024-10-10T06:30:27.892175+00:00, execution_date=20241010T063027, start_date=20241010T063037, end_date=20241010T063040
[2024-10-10T06:30:40.566+0000] {local_task_job_runner.py:266} INFO - Task exited with return code 0
[2024-10-10T06:30:40.698+0000] {taskinstance.py:3900} INFO - 2 downstream tasks scheduled from follow-on schedule check
[2024-10-10T06:30:40.703+0000] {local_task_job_runner.py:245} INFO - ::endgroup::
