[2024-10-14T02:28:57.152+0000] {local_task_job_runner.py:123} INFO - ::group::Pre task execution logs
[2024-10-14T02:28:57.281+0000] {taskinstance.py:2612} INFO - Dependencies all met for dep_context=non-requeueable deps ti=<TaskInstance: stock_data_dag.extract scheduled__2024-10-11T00:00:00+00:00 [queued]>
[2024-10-14T02:28:57.369+0000] {taskinstance.py:2612} INFO - Dependencies all met for dep_context=requeueable deps ti=<TaskInstance: stock_data_dag.extract scheduled__2024-10-11T00:00:00+00:00 [queued]>
[2024-10-14T02:28:57.370+0000] {taskinstance.py:2865} INFO - Starting attempt 1 of 2
[2024-10-14T02:28:57.458+0000] {taskinstance.py:2888} INFO - Executing <Task(_PythonDecoratedOperator): extract> on 2024-10-11 00:00:00+00:00
[2024-10-14T02:28:57.489+0000] {standard_task_runner.py:72} INFO - Started process 35060 to run task
[2024-10-14T02:28:57.521+0000] {standard_task_runner.py:104} INFO - Running: ['***', 'tasks', 'run', 'stock_data_dag', 'extract', 'scheduled__2024-10-11T00:00:00+00:00', '--job-id', '130', '--raw', '--subdir', 'DAGS_FOLDER/stock_data_dag.py', '--cfg-path', '/tmp/tmpt3hqc087']
[2024-10-14T02:28:57.538+0000] {standard_task_runner.py:105} INFO - Job 130: Subtask extract
[2024-10-14T02:28:57.799+0000] {task_command.py:467} INFO - Running <TaskInstance: stock_data_dag.extract scheduled__2024-10-11T00:00:00+00:00 [running]> on host 2a293f7fa826
[2024-10-14T02:28:58.295+0000] {taskinstance.py:3131} INFO - Exporting env vars: AIRFLOW_CTX_DAG_OWNER='***' AIRFLOW_CTX_DAG_ID='stock_data_dag' AIRFLOW_CTX_TASK_ID='extract' AIRFLOW_CTX_EXECUTION_DATE='2024-10-11T00:00:00+00:00' AIRFLOW_CTX_TRY_NUMBER='1' AIRFLOW_CTX_DAG_RUN_ID='scheduled__2024-10-11T00:00:00+00:00'
[2024-10-14T02:28:58.302+0000] {taskinstance.py:731} INFO - ::endgroup::
[2024-10-14T02:28:58.318+0000] {logging_mixin.py:190} INFO - Start extracting from CAFE
[2024-10-14T02:28:58.354+0000] {cafe.py:35} INFO - Start downloading data symbols ['AAA'] from CAFEF, start: 14/10/2024, end: 14/10/2024!
[2024-10-14T02:28:58.904+0000] {warnings.py:109} WARNING - /opt/***/dags/../lib/stock/data/loader/cafe.py:86: FutureWarning: DataFrame.fillna with 'method' is deprecated and will raise in a future version. Use obj.ffill() or obj.bfill() instead.
  stock_data.fillna(method='ffill', inplace=True)

[2024-10-14T02:28:58.924+0000] {cafe.py:95} INFO - data AAA from 2024-10-14 to 2024-10-14 have already cloned!
[2024-10-14T02:28:58.960+0000] {logging_mixin.py:190} INFO - Add AAA to data
[2024-10-14T02:28:58.965+0000] {cafe.py:35} INFO - Start downloading data symbols ['AAAI'] from CAFEF, start: 14/10/2024, end: 14/10/2024!
[2024-10-14T02:28:59.097+0000] {cafe.py:60} ERROR - Data of the symbol AAAI is not available
[2024-10-14T02:28:59.107+0000] {logging_mixin.py:190} INFO - AAAI not found
[2024-10-14T02:28:59.108+0000] {cafe.py:35} INFO - Start downloading data symbols ['AACORP'] from CAFEF, start: 14/10/2024, end: 14/10/2024!
[2024-10-14T02:28:59.249+0000] {cafe.py:60} ERROR - Data of the symbol AACORP is not available
[2024-10-14T02:28:59.255+0000] {logging_mixin.py:190} INFO - AACORP not found
[2024-10-14T02:28:59.255+0000] {cafe.py:35} INFO - Start downloading data symbols ['AAM'] from CAFEF, start: 14/10/2024, end: 14/10/2024!
[2024-10-14T02:28:59.525+0000] {warnings.py:109} WARNING - /opt/***/dags/../lib/stock/data/loader/cafe.py:86: FutureWarning: DataFrame.fillna with 'method' is deprecated and will raise in a future version. Use obj.ffill() or obj.bfill() instead.
  stock_data.fillna(method='ffill', inplace=True)

[2024-10-14T02:28:59.553+0000] {cafe.py:95} INFO - data AAM from 2024-10-14 to 2024-10-14 have already cloned!
[2024-10-14T02:28:59.639+0000] {logging_mixin.py:190} INFO - Add AAM to data
[2024-10-14T02:28:59.640+0000] {cafe.py:35} INFO - Start downloading data symbols ['AAS'] from CAFEF, start: 14/10/2024, end: 14/10/2024!
[2024-10-14T02:28:59.889+0000] {warnings.py:109} WARNING - /opt/***/dags/../lib/stock/data/loader/cafe.py:86: FutureWarning: DataFrame.fillna with 'method' is deprecated and will raise in a future version. Use obj.ffill() or obj.bfill() instead.
  stock_data.fillna(method='ffill', inplace=True)

[2024-10-14T02:28:59.909+0000] {cafe.py:95} INFO - data AAS from 2024-10-14 to 2024-10-14 have already cloned!
[2024-10-14T02:28:59.949+0000] {logging_mixin.py:190} INFO - Add AAS to data
[2024-10-14T02:28:59.952+0000] {cafe.py:35} INFO - Start downloading data symbols ['ABB'] from CAFEF, start: 14/10/2024, end: 14/10/2024!
[2024-10-14T02:29:00.123+0000] {warnings.py:109} WARNING - /opt/***/dags/../lib/stock/data/loader/cafe.py:86: FutureWarning: DataFrame.fillna with 'method' is deprecated and will raise in a future version. Use obj.ffill() or obj.bfill() instead.
  stock_data.fillna(method='ffill', inplace=True)

[2024-10-14T02:29:00.139+0000] {cafe.py:95} INFO - data ABB from 2024-10-14 to 2024-10-14 have already cloned!
[2024-10-14T02:29:00.206+0000] {logging_mixin.py:190} INFO - Add ABB to data
[2024-10-14T02:29:00.206+0000] {cafe.py:35} INFO - Start downloading data symbols ['ABC'] from CAFEF, start: 14/10/2024, end: 14/10/2024!
[2024-10-14T02:29:00.445+0000] {warnings.py:109} WARNING - /opt/***/dags/../lib/stock/data/loader/cafe.py:86: FutureWarning: DataFrame.fillna with 'method' is deprecated and will raise in a future version. Use obj.ffill() or obj.bfill() instead.
  stock_data.fillna(method='ffill', inplace=True)

[2024-10-14T02:29:00.488+0000] {cafe.py:95} INFO - data ABC from 2024-10-14 to 2024-10-14 have already cloned!
[2024-10-14T02:29:00.564+0000] {logging_mixin.py:190} INFO - Add ABC to data
[2024-10-14T02:29:00.565+0000] {cafe.py:35} INFO - Start downloading data symbols ['ABF'] from CAFEF, start: 14/10/2024, end: 14/10/2024!
[2024-10-14T02:29:00.755+0000] {cafe.py:60} ERROR - Data of the symbol ABF is not available
[2024-10-14T02:29:00.761+0000] {logging_mixin.py:190} INFO - ABF not found
[2024-10-14T02:29:00.767+0000] {cafe.py:35} INFO - Start downloading data symbols ['ABI'] from CAFEF, start: 14/10/2024, end: 14/10/2024!
[2024-10-14T02:29:01.001+0000] {warnings.py:109} WARNING - /opt/***/dags/../lib/stock/data/loader/cafe.py:86: FutureWarning: DataFrame.fillna with 'method' is deprecated and will raise in a future version. Use obj.ffill() or obj.bfill() instead.
  stock_data.fillna(method='ffill', inplace=True)

[2024-10-14T02:29:01.035+0000] {cafe.py:95} INFO - data ABI from 2024-10-14 to 2024-10-14 have already cloned!
[2024-10-14T02:29:01.199+0000] {logging_mixin.py:190} INFO - Add ABI to data
[2024-10-14T02:29:01.205+0000] {cafe.py:35} INFO - Start downloading data symbols ['ABS'] from CAFEF, start: 14/10/2024, end: 14/10/2024!
[2024-10-14T02:29:01.408+0000] {warnings.py:109} WARNING - /opt/***/dags/../lib/stock/data/loader/cafe.py:86: FutureWarning: DataFrame.fillna with 'method' is deprecated and will raise in a future version. Use obj.ffill() or obj.bfill() instead.
  stock_data.fillna(method='ffill', inplace=True)

[2024-10-14T02:29:01.427+0000] {cafe.py:95} INFO - data ABS from 2024-10-14 to 2024-10-14 have already cloned!
[2024-10-14T02:29:01.487+0000] {logging_mixin.py:190} INFO - Add ABS to data
[2024-10-14T02:29:01.491+0000] {logging_mixin.py:190} INFO - Extracting successfully
[2024-10-14T02:29:01.492+0000] {python.py:240} INFO - Done. Returned value was: Attributes Symbols code   high  ...  adjust  volume_match   value_match
date                            ...                                    
2024-10-14     AAA  AAA   9.59  ...    9.55      135700.0  1.296000e+09
2024-10-14     AAM  AAM   7.25  ...    7.25        1200.0  8.000000e+06
2024-10-14     AAS  AAS   7.40  ...    7.40        2008.0  1.454000e+07
2024-10-14     ABB  ABB   7.90  ...    7.80       38581.0  2.990500e+08
2024-10-14     ABC  ABC  10.30  ...   10.30        2082.0  2.060000e+07
2024-10-14     ABI  ABI   0.00  ...   25.80           0.0  0.000000e+00
2024-10-14     ABS  ABS   4.10  ...    4.10       17400.0  7.100000e+07

[7 rows x 9 columns]
[2024-10-14T02:29:01.832+0000] {taskinstance.py:340} INFO - ::group::Post task execution logs
[2024-10-14T02:29:01.835+0000] {taskinstance.py:352} INFO - Marking task as SUCCESS. dag_id=stock_data_dag, task_id=extract, run_id=scheduled__2024-10-11T00:00:00+00:00, execution_date=20241011T000000, start_date=20241014T022857, end_date=20241014T022901
[2024-10-14T02:29:01.910+0000] {local_task_job_runner.py:266} INFO - Task exited with return code 0
[2024-10-14T02:29:02.078+0000] {taskinstance.py:3900} INFO - 2 downstream tasks scheduled from follow-on schedule check
[2024-10-14T02:29:02.089+0000] {local_task_job_runner.py:245} INFO - ::endgroup::
