[2024-10-04T02:55:18.633+0000] {local_task_job_runner.py:123} INFO - ::group::Pre task execution logs
[2024-10-04T02:55:18.668+0000] {taskinstance.py:2612} INFO - Dependencies all met for dep_context=non-requeueable deps ti=<TaskInstance: stock_data_dag.transform manual__2024-10-04T02:55:10.230651+00:00 [queued]>
[2024-10-04T02:55:18.687+0000] {taskinstance.py:2612} INFO - Dependencies all met for dep_context=requeueable deps ti=<TaskInstance: stock_data_dag.transform manual__2024-10-04T02:55:10.230651+00:00 [queued]>
[2024-10-04T02:55:18.687+0000] {taskinstance.py:2865} INFO - Starting attempt 1 of 2
[2024-10-04T02:55:18.713+0000] {taskinstance.py:2888} INFO - Executing <Task(_PythonDecoratedOperator): transform> on 2024-10-04 02:55:10.230651+00:00
[2024-10-04T02:55:18.736+0000] {standard_task_runner.py:72} INFO - Started process 398 to run task
[2024-10-04T02:55:18.753+0000] {standard_task_runner.py:104} INFO - Running: ['***', 'tasks', 'run', 'stock_data_dag', 'transform', 'manual__2024-10-04T02:55:10.230651+00:00', '--job-id', '37', '--raw', '--subdir', 'DAGS_FOLDER/test_dag.py', '--cfg-path', '/tmp/tmp8deg0m4j']
[2024-10-04T02:55:18.760+0000] {standard_task_runner.py:105} INFO - Job 37: Subtask transform
[2024-10-04T02:55:18.920+0000] {task_command.py:467} INFO - Running <TaskInstance: stock_data_dag.transform manual__2024-10-04T02:55:10.230651+00:00 [running]> on host 2a293f7fa826
[2024-10-04T02:55:19.286+0000] {taskinstance.py:3131} INFO - Exporting env vars: AIRFLOW_CTX_DAG_OWNER='***' AIRFLOW_CTX_DAG_ID='stock_data_dag' AIRFLOW_CTX_TASK_ID='transform' AIRFLOW_CTX_EXECUTION_DATE='2024-10-04T02:55:10.230651+00:00' AIRFLOW_CTX_TRY_NUMBER='1' AIRFLOW_CTX_DAG_RUN_ID='manual__2024-10-04T02:55:10.230651+00:00'
[2024-10-04T02:55:19.295+0000] {taskinstance.py:731} INFO - ::endgroup::
[2024-10-04T02:55:19.302+0000] {logging_mixin.py:190} INFO - Start transforming
[2024-10-04T02:55:19.310+0000] {logging_mixin.py:190} INFO - Transform successfully
[2024-10-04T02:55:19.311+0000] {python.py:240} INFO - Done. Returned value was: Attributes       date code   high  ...  adjust  volume_match   value_match
0          2024-10-04  AAA   9.54  ...    9.49      212300.0  2.013000e+09
1          2024-10-04  AAM   7.26  ...    7.25        1900.0  1.300000e+07
2          2024-10-04  AAS   7.50  ...    7.40       39846.0  2.948300e+08
3          2024-10-04  ABB   8.10  ...    8.10       78080.0  6.242300e+08
4          2024-10-04  ABC  10.70  ...   10.50        3251.0  3.400000e+07
5          2024-10-04  ABI  24.30  ...   24.30         201.0  4.860000e+06
6          2024-10-04  ABS   4.29  ...    4.29       39700.0  1.670000e+08

[7 rows x 9 columns]
[2024-10-04T02:55:19.401+0000] {taskinstance.py:340} INFO - ::group::Post task execution logs
[2024-10-04T02:55:19.402+0000] {taskinstance.py:352} INFO - Marking task as SUCCESS. dag_id=stock_data_dag, task_id=transform, run_id=manual__2024-10-04T02:55:10.230651+00:00, execution_date=20241004T025510, start_date=20241004T025518, end_date=20241004T025519
[2024-10-04T02:55:19.487+0000] {local_task_job_runner.py:266} INFO - Task exited with return code 0
[2024-10-04T02:55:19.533+0000] {taskinstance.py:3900} INFO - 1 downstream tasks scheduled from follow-on schedule check
[2024-10-04T02:55:19.541+0000] {local_task_job_runner.py:245} INFO - ::endgroup::
