[2024-10-06T02:52:02.074+0000] {local_task_job_runner.py:123} INFO - ::group::Pre task execution logs
[2024-10-06T02:52:02.102+0000] {taskinstance.py:2612} INFO - Dependencies all met for dep_context=non-requeueable deps ti=<TaskInstance: stock_data_dag.extract__1 manual__2024-10-06T02:51:54.268759+00:00 [queued]>
[2024-10-06T02:52:02.116+0000] {taskinstance.py:2612} INFO - Dependencies all met for dep_context=requeueable deps ti=<TaskInstance: stock_data_dag.extract__1 manual__2024-10-06T02:51:54.268759+00:00 [queued]>
[2024-10-06T02:52:02.117+0000] {taskinstance.py:2865} INFO - Starting attempt 1 of 2
[2024-10-06T02:52:02.139+0000] {taskinstance.py:2888} INFO - Executing <Task(_PythonDecoratedOperator): extract__1> on 2024-10-06 02:51:54.268759+00:00
[2024-10-06T02:52:02.156+0000] {standard_task_runner.py:72} INFO - Started process 264 to run task
[2024-10-06T02:52:02.173+0000] {standard_task_runner.py:104} INFO - Running: ['***', 'tasks', 'run', 'stock_data_dag', 'extract__1', 'manual__2024-10-06T02:51:54.268759+00:00', '--job-id', '57', '--raw', '--subdir', 'DAGS_FOLDER/stock_data_dag.py', '--cfg-path', '/tmp/tmp2qw864lx']
[2024-10-06T02:52:02.179+0000] {standard_task_runner.py:105} INFO - Job 57: Subtask extract__1
[2024-10-06T02:52:02.273+0000] {task_command.py:467} INFO - Running <TaskInstance: stock_data_dag.extract__1 manual__2024-10-06T02:51:54.268759+00:00 [running]> on host 2a293f7fa826
[2024-10-06T02:52:02.437+0000] {taskinstance.py:3131} INFO - Exporting env vars: AIRFLOW_CTX_DAG_OWNER='***' AIRFLOW_CTX_DAG_ID='stock_data_dag' AIRFLOW_CTX_TASK_ID='extract__1' AIRFLOW_CTX_EXECUTION_DATE='2024-10-06T02:51:54.268759+00:00' AIRFLOW_CTX_TRY_NUMBER='1' AIRFLOW_CTX_DAG_RUN_ID='manual__2024-10-06T02:51:54.268759+00:00'
[2024-10-06T02:52:02.444+0000] {taskinstance.py:731} INFO - ::endgroup::
[2024-10-06T02:52:02.468+0000] {logging_mixin.py:190} INFO - Start extracting from VND
[2024-10-06T02:52:02.494+0000] {vnd.py:32} INFO - Start downloading data symbols ['AAA'] from VNDIRECT, start: 06/10/2024, end: 06/10/2024!
[2024-10-06T02:52:02.769+0000] {vnd.py:55} ERROR - Data of the symbol AAA is not available
[2024-10-06T02:52:02.770+0000] {logging_mixin.py:190} INFO - AAA not found
[2024-10-06T02:52:02.770+0000] {vnd.py:32} INFO - Start downloading data symbols ['AAAI'] from VNDIRECT, start: 06/10/2024, end: 06/10/2024!
[2024-10-06T02:52:02.899+0000] {vnd.py:55} ERROR - Data of the symbol AAAI is not available
[2024-10-06T02:52:02.900+0000] {logging_mixin.py:190} INFO - AAAI not found
[2024-10-06T02:52:02.901+0000] {vnd.py:32} INFO - Start downloading data symbols ['AACORP'] from VNDIRECT, start: 06/10/2024, end: 06/10/2024!
[2024-10-06T02:52:03.024+0000] {vnd.py:55} ERROR - Data of the symbol AACORP is not available
[2024-10-06T02:52:03.024+0000] {logging_mixin.py:190} INFO - AACORP not found
[2024-10-06T02:52:03.025+0000] {vnd.py:32} INFO - Start downloading data symbols ['AAM'] from VNDIRECT, start: 06/10/2024, end: 06/10/2024!
[2024-10-06T02:52:03.157+0000] {vnd.py:55} ERROR - Data of the symbol AAM is not available
[2024-10-06T02:52:03.158+0000] {logging_mixin.py:190} INFO - AAM not found
[2024-10-06T02:52:03.158+0000] {vnd.py:32} INFO - Start downloading data symbols ['AAS'] from VNDIRECT, start: 06/10/2024, end: 06/10/2024!
[2024-10-06T02:52:03.285+0000] {vnd.py:55} ERROR - Data of the symbol AAS is not available
[2024-10-06T02:52:03.286+0000] {logging_mixin.py:190} INFO - AAS not found
[2024-10-06T02:52:03.286+0000] {vnd.py:32} INFO - Start downloading data symbols ['ABB'] from VNDIRECT, start: 06/10/2024, end: 06/10/2024!
[2024-10-06T02:52:03.417+0000] {vnd.py:55} ERROR - Data of the symbol ABB is not available
[2024-10-06T02:52:03.418+0000] {logging_mixin.py:190} INFO - ABB not found
[2024-10-06T02:52:03.419+0000] {vnd.py:32} INFO - Start downloading data symbols ['ABC'] from VNDIRECT, start: 06/10/2024, end: 06/10/2024!
[2024-10-06T02:52:03.545+0000] {vnd.py:55} ERROR - Data of the symbol ABC is not available
[2024-10-06T02:52:03.546+0000] {logging_mixin.py:190} INFO - ABC not found
[2024-10-06T02:52:03.547+0000] {vnd.py:32} INFO - Start downloading data symbols ['ABF'] from VNDIRECT, start: 06/10/2024, end: 06/10/2024!
[2024-10-06T02:52:03.685+0000] {vnd.py:55} ERROR - Data of the symbol ABF is not available
[2024-10-06T02:52:03.689+0000] {logging_mixin.py:190} INFO - ABF not found
[2024-10-06T02:52:03.690+0000] {vnd.py:32} INFO - Start downloading data symbols ['ABI'] from VNDIRECT, start: 06/10/2024, end: 06/10/2024!
[2024-10-06T02:52:03.828+0000] {vnd.py:55} ERROR - Data of the symbol ABI is not available
[2024-10-06T02:52:03.829+0000] {logging_mixin.py:190} INFO - ABI not found
[2024-10-06T02:52:03.829+0000] {vnd.py:32} INFO - Start downloading data symbols ['ABS'] from VNDIRECT, start: 06/10/2024, end: 06/10/2024!
[2024-10-06T02:52:03.962+0000] {vnd.py:55} ERROR - Data of the symbol ABS is not available
[2024-10-06T02:52:03.963+0000] {logging_mixin.py:190} INFO - ABS not found
[2024-10-06T02:52:03.963+0000] {logging_mixin.py:190} INFO - Extracting successfully
[2024-10-06T02:52:03.964+0000] {python.py:240} INFO - Done. Returned value was: Empty DataFrame
Columns: []
Index: []
[2024-10-06T02:52:04.037+0000] {taskinstance.py:340} INFO - ::group::Post task execution logs
[2024-10-06T02:52:04.038+0000] {taskinstance.py:352} INFO - Marking task as SUCCESS. dag_id=stock_data_dag, task_id=extract__1, run_id=manual__2024-10-06T02:51:54.268759+00:00, execution_date=20241006T025154, start_date=20241006T025202, end_date=20241006T025204
[2024-10-06T02:52:04.080+0000] {local_task_job_runner.py:266} INFO - Task exited with return code 0
[2024-10-06T02:52:04.136+0000] {taskinstance.py:3900} INFO - 2 downstream tasks scheduled from follow-on schedule check
[2024-10-06T02:52:04.138+0000] {local_task_job_runner.py:245} INFO - ::endgroup::
