[2024-10-06T02:37:43.848+0000] {local_task_job_runner.py:123} INFO - ::group::Pre task execution logs
[2024-10-06T02:37:43.867+0000] {taskinstance.py:2612} INFO - Dependencies all met for dep_context=non-requeueable deps ti=<TaskInstance: stock_data_dag.extract scheduled__2024-10-05T00:00:00+00:00 [queued]>
[2024-10-06T02:37:43.877+0000] {taskinstance.py:2612} INFO - Dependencies all met for dep_context=requeueable deps ti=<TaskInstance: stock_data_dag.extract scheduled__2024-10-05T00:00:00+00:00 [queued]>
[2024-10-06T02:37:43.878+0000] {taskinstance.py:2865} INFO - Starting attempt 1 of 2
[2024-10-06T02:37:43.893+0000] {taskinstance.py:2888} INFO - Executing <Task(_PythonDecoratedOperator): extract> on 2024-10-05 00:00:00+00:00
[2024-10-06T02:37:43.906+0000] {standard_task_runner.py:72} INFO - Started process 51 to run task
[2024-10-06T02:37:43.914+0000] {standard_task_runner.py:104} INFO - Running: ['***', 'tasks', 'run', 'stock_data_dag', 'extract', 'scheduled__2024-10-05T00:00:00+00:00', '--job-id', '49', '--raw', '--subdir', 'DAGS_FOLDER/stock_data_dag.py', '--cfg-path', '/tmp/tmpvz4p7imj']
[2024-10-06T02:37:43.919+0000] {standard_task_runner.py:105} INFO - Job 49: Subtask extract
[2024-10-06T02:37:43.985+0000] {task_command.py:467} INFO - Running <TaskInstance: stock_data_dag.extract scheduled__2024-10-05T00:00:00+00:00 [running]> on host 2a293f7fa826
[2024-10-06T02:37:44.090+0000] {taskinstance.py:3131} INFO - Exporting env vars: AIRFLOW_CTX_DAG_OWNER='***' AIRFLOW_CTX_DAG_ID='stock_data_dag' AIRFLOW_CTX_TASK_ID='extract' AIRFLOW_CTX_EXECUTION_DATE='2024-10-05T00:00:00+00:00' AIRFLOW_CTX_TRY_NUMBER='1' AIRFLOW_CTX_DAG_RUN_ID='scheduled__2024-10-05T00:00:00+00:00'
[2024-10-06T02:37:44.092+0000] {taskinstance.py:731} INFO - ::endgroup::
[2024-10-06T02:37:44.096+0000] {logging_mixin.py:190} INFO - Start extracting from CAFE
[2024-10-06T02:37:44.133+0000] {cafe.py:35} INFO - Start downloading data symbols ['AAA'] from CAFEF, start: 06/10/2024, end: 06/10/2024!
[2024-10-06T02:37:44.495+0000] {warnings.py:109} WARNING - /opt/***/dags/../lib/stock/data/loader/cafe.py:86: FutureWarning: DataFrame.fillna with 'method' is deprecated and will raise in a future version. Use obj.ffill() or obj.bfill() instead.
  stock_data.fillna(method='ffill', inplace=True)

[2024-10-06T02:37:44.504+0000] {cafe.py:95} INFO - data AAA from 2024-10-06 to 2024-10-06 have already cloned!
[2024-10-06T02:37:44.524+0000] {logging_mixin.py:190} INFO - Add AAA to data
[2024-10-06T02:37:44.525+0000] {cafe.py:35} INFO - Start downloading data symbols ['AAAI'] from CAFEF, start: 06/10/2024, end: 06/10/2024!
[2024-10-06T02:37:44.637+0000] {cafe.py:60} ERROR - Data of the symbol AAAI is not available
[2024-10-06T02:37:44.638+0000] {logging_mixin.py:190} INFO - AAAI not found
[2024-10-06T02:37:44.638+0000] {cafe.py:35} INFO - Start downloading data symbols ['AACORP'] from CAFEF, start: 06/10/2024, end: 06/10/2024!
[2024-10-06T02:37:44.751+0000] {cafe.py:60} ERROR - Data of the symbol AACORP is not available
[2024-10-06T02:37:44.752+0000] {logging_mixin.py:190} INFO - AACORP not found
[2024-10-06T02:37:44.752+0000] {cafe.py:35} INFO - Start downloading data symbols ['AAM'] from CAFEF, start: 06/10/2024, end: 06/10/2024!
[2024-10-06T02:37:44.895+0000] {warnings.py:109} WARNING - /opt/***/dags/../lib/stock/data/loader/cafe.py:86: FutureWarning: DataFrame.fillna with 'method' is deprecated and will raise in a future version. Use obj.ffill() or obj.bfill() instead.
  stock_data.fillna(method='ffill', inplace=True)

[2024-10-06T02:37:44.898+0000] {cafe.py:95} INFO - data AAM from 2024-10-06 to 2024-10-06 have already cloned!
[2024-10-06T02:37:44.911+0000] {logging_mixin.py:190} INFO - Add AAM to data
[2024-10-06T02:37:44.912+0000] {cafe.py:35} INFO - Start downloading data symbols ['AAS'] from CAFEF, start: 06/10/2024, end: 06/10/2024!
[2024-10-06T02:37:45.057+0000] {warnings.py:109} WARNING - /opt/***/dags/../lib/stock/data/loader/cafe.py:86: FutureWarning: DataFrame.fillna with 'method' is deprecated and will raise in a future version. Use obj.ffill() or obj.bfill() instead.
  stock_data.fillna(method='ffill', inplace=True)

[2024-10-06T02:37:45.060+0000] {cafe.py:95} INFO - data AAS from 2024-10-06 to 2024-10-06 have already cloned!
[2024-10-06T02:37:45.071+0000] {logging_mixin.py:190} INFO - Add AAS to data
[2024-10-06T02:37:45.071+0000] {cafe.py:35} INFO - Start downloading data symbols ['ABB'] from CAFEF, start: 06/10/2024, end: 06/10/2024!
[2024-10-06T02:37:45.200+0000] {warnings.py:109} WARNING - /opt/***/dags/../lib/stock/data/loader/cafe.py:86: FutureWarning: DataFrame.fillna with 'method' is deprecated and will raise in a future version. Use obj.ffill() or obj.bfill() instead.
  stock_data.fillna(method='ffill', inplace=True)

[2024-10-06T02:37:45.203+0000] {cafe.py:95} INFO - data ABB from 2024-10-06 to 2024-10-06 have already cloned!
[2024-10-06T02:37:45.214+0000] {logging_mixin.py:190} INFO - Add ABB to data
[2024-10-06T02:37:45.214+0000] {cafe.py:35} INFO - Start downloading data symbols ['ABC'] from CAFEF, start: 06/10/2024, end: 06/10/2024!
[2024-10-06T02:37:45.386+0000] {warnings.py:109} WARNING - /opt/***/dags/../lib/stock/data/loader/cafe.py:86: FutureWarning: DataFrame.fillna with 'method' is deprecated and will raise in a future version. Use obj.ffill() or obj.bfill() instead.
  stock_data.fillna(method='ffill', inplace=True)

[2024-10-06T02:37:45.389+0000] {cafe.py:95} INFO - data ABC from 2024-10-06 to 2024-10-06 have already cloned!
[2024-10-06T02:37:45.400+0000] {logging_mixin.py:190} INFO - Add ABC to data
[2024-10-06T02:37:45.401+0000] {cafe.py:35} INFO - Start downloading data symbols ['ABF'] from CAFEF, start: 06/10/2024, end: 06/10/2024!
[2024-10-06T02:37:45.514+0000] {cafe.py:60} ERROR - Data of the symbol ABF is not available
[2024-10-06T02:37:45.515+0000] {logging_mixin.py:190} INFO - ABF not found
[2024-10-06T02:37:45.515+0000] {cafe.py:35} INFO - Start downloading data symbols ['ABI'] from CAFEF, start: 06/10/2024, end: 06/10/2024!
[2024-10-06T02:37:45.642+0000] {warnings.py:109} WARNING - /opt/***/dags/../lib/stock/data/loader/cafe.py:86: FutureWarning: DataFrame.fillna with 'method' is deprecated and will raise in a future version. Use obj.ffill() or obj.bfill() instead.
  stock_data.fillna(method='ffill', inplace=True)

[2024-10-06T02:37:45.645+0000] {cafe.py:95} INFO - data ABI from 2024-10-06 to 2024-10-06 have already cloned!
[2024-10-06T02:37:45.656+0000] {logging_mixin.py:190} INFO - Add ABI to data
[2024-10-06T02:37:45.656+0000] {cafe.py:35} INFO - Start downloading data symbols ['ABS'] from CAFEF, start: 06/10/2024, end: 06/10/2024!
[2024-10-06T02:37:45.780+0000] {warnings.py:109} WARNING - /opt/***/dags/../lib/stock/data/loader/cafe.py:86: FutureWarning: DataFrame.fillna with 'method' is deprecated and will raise in a future version. Use obj.ffill() or obj.bfill() instead.
  stock_data.fillna(method='ffill', inplace=True)

[2024-10-06T02:37:45.783+0000] {cafe.py:95} INFO - data ABS from 2024-10-06 to 2024-10-06 have already cloned!
[2024-10-06T02:37:45.793+0000] {logging_mixin.py:190} INFO - Add ABS to data
[2024-10-06T02:37:45.794+0000] {logging_mixin.py:190} INFO - Extracting successfully
[2024-10-06T02:37:45.794+0000] {python.py:240} INFO - Done. Returned value was: Attributes Symbols code   high  ...  adjust  volume_match   value_match
date                            ...                                    
2024-10-04     AAA  AAA   9.54  ...    9.43     1088800.0  1.030200e+10
2024-10-04     AAM  AAM   7.70  ...    7.35        2500.0  1.800000e+07
2024-10-04     AAS  AAS   7.50  ...    7.40      139251.0  1.030190e+09
2024-10-04     ABB  ABB   8.10  ...    8.00     1025050.0  8.039780e+09
2024-10-04     ABC  ABC  10.70  ...   10.60       17694.0  1.841600e+08
2024-10-04     ABI  ABI  24.50  ...   24.50       25065.0  6.093600e+08
2024-10-04     ABS  ABS   4.29  ...    4.21       84700.0  3.570000e+08

[7 rows x 9 columns]
[2024-10-06T02:37:45.958+0000] {taskinstance.py:340} INFO - ::group::Post task execution logs
[2024-10-06T02:37:45.959+0000] {taskinstance.py:352} INFO - Marking task as SUCCESS. dag_id=stock_data_dag, task_id=extract, run_id=scheduled__2024-10-05T00:00:00+00:00, execution_date=20241005T000000, start_date=20241006T023743, end_date=20241006T023745
[2024-10-06T02:37:46.016+0000] {local_task_job_runner.py:266} INFO - Task exited with return code 0
[2024-10-06T02:37:46.055+0000] {taskinstance.py:3900} INFO - 2 downstream tasks scheduled from follow-on schedule check
[2024-10-06T02:37:46.057+0000] {local_task_job_runner.py:245} INFO - ::endgroup::
