[2024-10-10T00:00:02.271+0000] {local_task_job_runner.py:123} INFO - ::group::Pre task execution logs
[2024-10-10T00:00:02.297+0000] {taskinstance.py:2612} INFO - Dependencies all met for dep_context=non-requeueable deps ti=<TaskInstance: stock_data_dag.extract scheduled__2024-10-09T00:00:00+00:00 [queued]>
[2024-10-10T00:00:02.308+0000] {taskinstance.py:2612} INFO - Dependencies all met for dep_context=requeueable deps ti=<TaskInstance: stock_data_dag.extract scheduled__2024-10-09T00:00:00+00:00 [queued]>
[2024-10-10T00:00:02.308+0000] {taskinstance.py:2865} INFO - Starting attempt 1 of 2
[2024-10-10T00:00:02.326+0000] {taskinstance.py:2888} INFO - Executing <Task(_PythonDecoratedOperator): extract> on 2024-10-09 00:00:00+00:00
[2024-10-10T00:00:02.336+0000] {standard_task_runner.py:72} INFO - Started process 16716 to run task
[2024-10-10T00:00:02.344+0000] {standard_task_runner.py:104} INFO - Running: ['***', 'tasks', 'run', 'stock_data_dag', 'extract', 'scheduled__2024-10-09T00:00:00+00:00', '--job-id', '107', '--raw', '--subdir', 'DAGS_FOLDER/stock_data_dag.py', '--cfg-path', '/tmp/tmphe1j93y9']
[2024-10-10T00:00:02.349+0000] {standard_task_runner.py:105} INFO - Job 107: Subtask extract
[2024-10-10T00:00:02.416+0000] {task_command.py:467} INFO - Running <TaskInstance: stock_data_dag.extract scheduled__2024-10-09T00:00:00+00:00 [running]> on host 2a293f7fa826
[2024-10-10T00:00:02.523+0000] {taskinstance.py:3131} INFO - Exporting env vars: AIRFLOW_CTX_DAG_OWNER='***' AIRFLOW_CTX_DAG_ID='stock_data_dag' AIRFLOW_CTX_TASK_ID='extract' AIRFLOW_CTX_EXECUTION_DATE='2024-10-09T00:00:00+00:00' AIRFLOW_CTX_TRY_NUMBER='1' AIRFLOW_CTX_DAG_RUN_ID='scheduled__2024-10-09T00:00:00+00:00'
[2024-10-10T00:00:02.525+0000] {taskinstance.py:731} INFO - ::endgroup::
[2024-10-10T00:00:02.530+0000] {logging_mixin.py:190} INFO - Start extracting from CAFE
[2024-10-10T00:00:02.565+0000] {cafe.py:35} INFO - Start downloading data symbols ['AAA'] from CAFEF, start: 10/10/2024, end: 10/10/2024!
[2024-10-10T00:00:02.897+0000] {cafe.py:60} ERROR - Data of the symbol AAA is not available
[2024-10-10T00:00:02.899+0000] {logging_mixin.py:190} INFO - AAA not found
[2024-10-10T00:00:02.899+0000] {cafe.py:35} INFO - Start downloading data symbols ['AAAI'] from CAFEF, start: 10/10/2024, end: 10/10/2024!
[2024-10-10T00:00:03.012+0000] {cafe.py:60} ERROR - Data of the symbol AAAI is not available
[2024-10-10T00:00:03.012+0000] {logging_mixin.py:190} INFO - AAAI not found
[2024-10-10T00:00:03.013+0000] {cafe.py:35} INFO - Start downloading data symbols ['AACORP'] from CAFEF, start: 10/10/2024, end: 10/10/2024!
[2024-10-10T00:00:03.140+0000] {cafe.py:60} ERROR - Data of the symbol AACORP is not available
[2024-10-10T00:00:03.141+0000] {logging_mixin.py:190} INFO - AACORP not found
[2024-10-10T00:00:03.142+0000] {cafe.py:35} INFO - Start downloading data symbols ['AAM'] from CAFEF, start: 10/10/2024, end: 10/10/2024!
[2024-10-10T00:00:03.290+0000] {cafe.py:60} ERROR - Data of the symbol AAM is not available
[2024-10-10T00:00:03.290+0000] {logging_mixin.py:190} INFO - AAM not found
[2024-10-10T00:00:03.291+0000] {cafe.py:35} INFO - Start downloading data symbols ['AAS'] from CAFEF, start: 10/10/2024, end: 10/10/2024!
[2024-10-10T00:00:03.411+0000] {cafe.py:60} ERROR - Data of the symbol AAS is not available
[2024-10-10T00:00:03.411+0000] {logging_mixin.py:190} INFO - AAS not found
[2024-10-10T00:00:03.412+0000] {cafe.py:35} INFO - Start downloading data symbols ['ABB'] from CAFEF, start: 10/10/2024, end: 10/10/2024!
[2024-10-10T00:00:03.550+0000] {cafe.py:60} ERROR - Data of the symbol ABB is not available
[2024-10-10T00:00:03.551+0000] {logging_mixin.py:190} INFO - ABB not found
[2024-10-10T00:00:03.551+0000] {cafe.py:35} INFO - Start downloading data symbols ['ABC'] from CAFEF, start: 10/10/2024, end: 10/10/2024!
[2024-10-10T00:00:03.669+0000] {cafe.py:60} ERROR - Data of the symbol ABC is not available
[2024-10-10T00:00:03.670+0000] {logging_mixin.py:190} INFO - ABC not found
[2024-10-10T00:00:03.671+0000] {cafe.py:35} INFO - Start downloading data symbols ['ABF'] from CAFEF, start: 10/10/2024, end: 10/10/2024!
[2024-10-10T00:00:03.798+0000] {cafe.py:60} ERROR - Data of the symbol ABF is not available
[2024-10-10T00:00:03.800+0000] {logging_mixin.py:190} INFO - ABF not found
[2024-10-10T00:00:03.801+0000] {cafe.py:35} INFO - Start downloading data symbols ['ABI'] from CAFEF, start: 10/10/2024, end: 10/10/2024!
[2024-10-10T00:00:03.926+0000] {cafe.py:60} ERROR - Data of the symbol ABI is not available
[2024-10-10T00:00:03.927+0000] {logging_mixin.py:190} INFO - ABI not found
[2024-10-10T00:00:03.928+0000] {cafe.py:35} INFO - Start downloading data symbols ['ABS'] from CAFEF, start: 10/10/2024, end: 10/10/2024!
[2024-10-10T00:00:04.054+0000] {cafe.py:60} ERROR - Data of the symbol ABS is not available
[2024-10-10T00:00:04.055+0000] {logging_mixin.py:190} INFO - ABS not found
[2024-10-10T00:00:04.055+0000] {logging_mixin.py:190} INFO - Extracting successfully
[2024-10-10T00:00:04.056+0000] {python.py:240} INFO - Done. Returned value was: Empty DataFrame
Columns: []
Index: []
[2024-10-10T00:00:04.187+0000] {taskinstance.py:340} INFO - ::group::Post task execution logs
[2024-10-10T00:00:04.187+0000] {taskinstance.py:352} INFO - Marking task as SUCCESS. dag_id=stock_data_dag, task_id=extract, run_id=scheduled__2024-10-09T00:00:00+00:00, execution_date=20241009T000000, start_date=20241010T000002, end_date=20241010T000004
[2024-10-10T00:00:04.245+0000] {local_task_job_runner.py:266} INFO - Task exited with return code 0
[2024-10-10T00:00:04.285+0000] {taskinstance.py:3900} INFO - 2 downstream tasks scheduled from follow-on schedule check
[2024-10-10T00:00:04.287+0000] {local_task_job_runner.py:245} INFO - ::endgroup::
