[2024-10-05T00:00:02.563+0000] {local_task_job_runner.py:123} INFO - ::group::Pre task execution logs
[2024-10-05T00:00:02.590+0000] {taskinstance.py:2612} INFO - Dependencies all met for dep_context=non-requeueable deps ti=<TaskInstance: stock_data_dag.extract scheduled__2024-10-04T00:00:00+00:00 [queued]>
[2024-10-05T00:00:02.604+0000] {taskinstance.py:2612} INFO - Dependencies all met for dep_context=requeueable deps ti=<TaskInstance: stock_data_dag.extract scheduled__2024-10-04T00:00:00+00:00 [queued]>
[2024-10-05T00:00:02.605+0000] {taskinstance.py:2865} INFO - Starting attempt 1 of 2
[2024-10-05T00:00:02.626+0000] {taskinstance.py:2888} INFO - Executing <Task(_PythonDecoratedOperator): extract> on 2024-10-04 00:00:00+00:00
[2024-10-05T00:00:02.641+0000] {standard_task_runner.py:72} INFO - Started process 14075 to run task
[2024-10-05T00:00:02.652+0000] {standard_task_runner.py:104} INFO - Running: ['***', 'tasks', 'run', 'stock_data_dag', 'extract', 'scheduled__2024-10-04T00:00:00+00:00', '--job-id', '40', '--raw', '--subdir', 'DAGS_FOLDER/stock_data_dag.py', '--cfg-path', '/tmp/tmpealzr9rl']
[2024-10-05T00:00:02.657+0000] {standard_task_runner.py:105} INFO - Job 40: Subtask extract
[2024-10-05T00:00:02.783+0000] {task_command.py:467} INFO - Running <TaskInstance: stock_data_dag.extract scheduled__2024-10-04T00:00:00+00:00 [running]> on host 2a293f7fa826
[2024-10-05T00:00:03.103+0000] {taskinstance.py:3131} INFO - Exporting env vars: AIRFLOW_CTX_DAG_OWNER='***' AIRFLOW_CTX_DAG_ID='stock_data_dag' AIRFLOW_CTX_TASK_ID='extract' AIRFLOW_CTX_EXECUTION_DATE='2024-10-04T00:00:00+00:00' AIRFLOW_CTX_TRY_NUMBER='1' AIRFLOW_CTX_DAG_RUN_ID='scheduled__2024-10-04T00:00:00+00:00'
[2024-10-05T00:00:03.109+0000] {taskinstance.py:731} INFO - ::endgroup::
[2024-10-05T00:00:03.122+0000] {logging_mixin.py:190} INFO - Start extracting from CAFE
[2024-10-05T00:00:03.162+0000] {cafe.py:35} INFO - Start downloading data symbols ['AAA'] from CAFEF, start: 05/10/2024, end: 05/10/2024!
[2024-10-05T00:00:03.369+0000] {cafe.py:60} ERROR - Data of the symbol AAA is not available
[2024-10-05T00:00:03.370+0000] {logging_mixin.py:190} INFO - AAA not found
[2024-10-05T00:00:03.371+0000] {cafe.py:35} INFO - Start downloading data symbols ['AAAI'] from CAFEF, start: 05/10/2024, end: 05/10/2024!
[2024-10-05T00:00:03.496+0000] {cafe.py:60} ERROR - Data of the symbol AAAI is not available
[2024-10-05T00:00:03.498+0000] {logging_mixin.py:190} INFO - AAAI not found
[2024-10-05T00:00:03.499+0000] {cafe.py:35} INFO - Start downloading data symbols ['AACORP'] from CAFEF, start: 05/10/2024, end: 05/10/2024!
[2024-10-05T00:00:03.624+0000] {cafe.py:60} ERROR - Data of the symbol AACORP is not available
[2024-10-05T00:00:03.625+0000] {logging_mixin.py:190} INFO - AACORP not found
[2024-10-05T00:00:03.626+0000] {cafe.py:35} INFO - Start downloading data symbols ['AAM'] from CAFEF, start: 05/10/2024, end: 05/10/2024!
[2024-10-05T00:00:03.783+0000] {cafe.py:60} ERROR - Data of the symbol AAM is not available
[2024-10-05T00:00:03.784+0000] {logging_mixin.py:190} INFO - AAM not found
[2024-10-05T00:00:03.784+0000] {cafe.py:35} INFO - Start downloading data symbols ['AAS'] from CAFEF, start: 05/10/2024, end: 05/10/2024!
[2024-10-05T00:00:03.915+0000] {cafe.py:60} ERROR - Data of the symbol AAS is not available
[2024-10-05T00:00:03.916+0000] {logging_mixin.py:190} INFO - AAS not found
[2024-10-05T00:00:03.917+0000] {cafe.py:35} INFO - Start downloading data symbols ['ABB'] from CAFEF, start: 05/10/2024, end: 05/10/2024!
[2024-10-05T00:00:04.064+0000] {cafe.py:60} ERROR - Data of the symbol ABB is not available
[2024-10-05T00:00:04.065+0000] {logging_mixin.py:190} INFO - ABB not found
[2024-10-05T00:00:04.066+0000] {cafe.py:35} INFO - Start downloading data symbols ['ABC'] from CAFEF, start: 05/10/2024, end: 05/10/2024!
[2024-10-05T00:00:04.194+0000] {cafe.py:60} ERROR - Data of the symbol ABC is not available
[2024-10-05T00:00:04.195+0000] {logging_mixin.py:190} INFO - ABC not found
[2024-10-05T00:00:04.196+0000] {cafe.py:35} INFO - Start downloading data symbols ['ABF'] from CAFEF, start: 05/10/2024, end: 05/10/2024!
[2024-10-05T00:00:04.328+0000] {cafe.py:60} ERROR - Data of the symbol ABF is not available
[2024-10-05T00:00:04.328+0000] {logging_mixin.py:190} INFO - ABF not found
[2024-10-05T00:00:04.329+0000] {cafe.py:35} INFO - Start downloading data symbols ['ABI'] from CAFEF, start: 05/10/2024, end: 05/10/2024!
[2024-10-05T00:00:04.465+0000] {cafe.py:60} ERROR - Data of the symbol ABI is not available
[2024-10-05T00:00:04.466+0000] {logging_mixin.py:190} INFO - ABI not found
[2024-10-05T00:00:04.467+0000] {cafe.py:35} INFO - Start downloading data symbols ['ABS'] from CAFEF, start: 05/10/2024, end: 05/10/2024!
[2024-10-05T00:00:04.589+0000] {cafe.py:60} ERROR - Data of the symbol ABS is not available
[2024-10-05T00:00:04.590+0000] {logging_mixin.py:190} INFO - ABS not found
[2024-10-05T00:00:04.591+0000] {logging_mixin.py:190} INFO - Extracting successfully
[2024-10-05T00:00:04.591+0000] {python.py:240} INFO - Done. Returned value was: Empty DataFrame
Columns: []
Index: []
[2024-10-05T00:00:04.706+0000] {taskinstance.py:340} INFO - ::group::Post task execution logs
[2024-10-05T00:00:04.707+0000] {taskinstance.py:352} INFO - Marking task as SUCCESS. dag_id=stock_data_dag, task_id=extract, run_id=scheduled__2024-10-04T00:00:00+00:00, execution_date=20241004T000000, start_date=20241005T000002, end_date=20241005T000004
[2024-10-05T00:00:04.764+0000] {local_task_job_runner.py:266} INFO - Task exited with return code 0
[2024-10-05T00:00:04.811+0000] {taskinstance.py:3900} INFO - 2 downstream tasks scheduled from follow-on schedule check
[2024-10-05T00:00:04.814+0000] {local_task_job_runner.py:245} INFO - ::endgroup::
