[2024-10-14T02:29:14.860+0000] {local_task_job_runner.py:123} INFO - ::group::Pre task execution logs
[2024-10-14T02:29:15.015+0000] {taskinstance.py:2612} INFO - Dependencies all met for dep_context=non-requeueable deps ti=<TaskInstance: stock_data_dag.extract__1 scheduled__2024-10-11T00:00:00+00:00 [queued]>
[2024-10-14T02:29:15.113+0000] {taskinstance.py:2612} INFO - Dependencies all met for dep_context=requeueable deps ti=<TaskInstance: stock_data_dag.extract__1 scheduled__2024-10-11T00:00:00+00:00 [queued]>
[2024-10-14T02:29:15.118+0000] {taskinstance.py:2865} INFO - Starting attempt 1 of 2
[2024-10-14T02:29:15.283+0000] {taskinstance.py:2888} INFO - Executing <Task(_PythonDecoratedOperator): extract__1> on 2024-10-11 00:00:00+00:00
[2024-10-14T02:29:15.350+0000] {standard_task_runner.py:72} INFO - Started process 35072 to run task
[2024-10-14T02:29:15.394+0000] {standard_task_runner.py:104} INFO - Running: ['***', 'tasks', 'run', 'stock_data_dag', 'extract__1', 'scheduled__2024-10-11T00:00:00+00:00', '--job-id', '132', '--raw', '--subdir', 'DAGS_FOLDER/stock_data_dag.py', '--cfg-path', '/tmp/tmpidkht3v_']
[2024-10-14T02:29:15.424+0000] {standard_task_runner.py:105} INFO - Job 132: Subtask extract__1
[2024-10-14T02:29:15.729+0000] {task_command.py:467} INFO - Running <TaskInstance: stock_data_dag.extract__1 scheduled__2024-10-11T00:00:00+00:00 [running]> on host 2a293f7fa826
[2024-10-14T02:29:16.413+0000] {taskinstance.py:3131} INFO - Exporting env vars: AIRFLOW_CTX_DAG_OWNER='***' AIRFLOW_CTX_DAG_ID='stock_data_dag' AIRFLOW_CTX_TASK_ID='extract__1' AIRFLOW_CTX_EXECUTION_DATE='2024-10-11T00:00:00+00:00' AIRFLOW_CTX_TRY_NUMBER='1' AIRFLOW_CTX_DAG_RUN_ID='scheduled__2024-10-11T00:00:00+00:00'
[2024-10-14T02:29:16.423+0000] {taskinstance.py:731} INFO - ::endgroup::
[2024-10-14T02:29:16.441+0000] {logging_mixin.py:190} INFO - Start extracting from VND
[2024-10-14T02:29:16.492+0000] {vnd.py:32} INFO - Start downloading data symbols ['AAA'] from VNDIRECT, start: 14/10/2024, end: 14/10/2024!
[2024-10-14T02:29:16.891+0000] {warnings.py:109} WARNING - /opt/***/dags/../lib/stock/data/loader/vnd.py:77: FutureWarning: DataFrame.fillna with 'method' is deprecated and will raise in a future version. Use obj.ffill() or obj.bfill() instead.
  stock_data.fillna(method='ffill', inplace=True)

[2024-10-14T02:29:16.976+0000] {vnd.py:85} INFO - data AAA from 2024-10-14 to 2024-10-14 have already cloned!
[2024-10-14T02:29:17.148+0000] {logging_mixin.py:190} INFO - Add AAA to data
[2024-10-14T02:29:17.158+0000] {vnd.py:32} INFO - Start downloading data symbols ['AAAI'] from VNDIRECT, start: 14/10/2024, end: 14/10/2024!
[2024-10-14T02:29:17.323+0000] {vnd.py:55} ERROR - Data of the symbol AAAI is not available
[2024-10-14T02:29:17.334+0000] {logging_mixin.py:190} INFO - AAAI not found
[2024-10-14T02:29:17.342+0000] {vnd.py:32} INFO - Start downloading data symbols ['AACORP'] from VNDIRECT, start: 14/10/2024, end: 14/10/2024!
[2024-10-14T02:29:17.507+0000] {vnd.py:55} ERROR - Data of the symbol AACORP is not available
[2024-10-14T02:29:17.509+0000] {logging_mixin.py:190} INFO - AACORP not found
[2024-10-14T02:29:17.510+0000] {vnd.py:32} INFO - Start downloading data symbols ['AAM'] from VNDIRECT, start: 14/10/2024, end: 14/10/2024!
[2024-10-14T02:29:18.577+0000] {warnings.py:109} WARNING - /opt/***/dags/../lib/stock/data/loader/vnd.py:77: FutureWarning: DataFrame.fillna with 'method' is deprecated and will raise in a future version. Use obj.ffill() or obj.bfill() instead.
  stock_data.fillna(method='ffill', inplace=True)

[2024-10-14T02:29:18.622+0000] {vnd.py:85} INFO - data AAM from 2024-10-14 to 2024-10-14 have already cloned!
[2024-10-14T02:29:18.732+0000] {logging_mixin.py:190} INFO - Add AAM to data
[2024-10-14T02:29:18.738+0000] {vnd.py:32} INFO - Start downloading data symbols ['AAS'] from VNDIRECT, start: 14/10/2024, end: 14/10/2024!
[2024-10-14T02:29:18.942+0000] {warnings.py:109} WARNING - /opt/***/dags/../lib/stock/data/loader/vnd.py:77: FutureWarning: DataFrame.fillna with 'method' is deprecated and will raise in a future version. Use obj.ffill() or obj.bfill() instead.
  stock_data.fillna(method='ffill', inplace=True)

[2024-10-14T02:29:18.965+0000] {vnd.py:85} INFO - data AAS from 2024-10-14 to 2024-10-14 have already cloned!
[2024-10-14T02:29:19.031+0000] {logging_mixin.py:190} INFO - Add AAS to data
[2024-10-14T02:29:19.031+0000] {vnd.py:32} INFO - Start downloading data symbols ['ABB'] from VNDIRECT, start: 14/10/2024, end: 14/10/2024!
[2024-10-14T02:29:19.236+0000] {warnings.py:109} WARNING - /opt/***/dags/../lib/stock/data/loader/vnd.py:77: FutureWarning: DataFrame.fillna with 'method' is deprecated and will raise in a future version. Use obj.ffill() or obj.bfill() instead.
  stock_data.fillna(method='ffill', inplace=True)

[2024-10-14T02:29:19.263+0000] {vnd.py:85} INFO - data ABB from 2024-10-14 to 2024-10-14 have already cloned!
[2024-10-14T02:29:19.352+0000] {logging_mixin.py:190} INFO - Add ABB to data
[2024-10-14T02:29:19.358+0000] {vnd.py:32} INFO - Start downloading data symbols ['ABC'] from VNDIRECT, start: 14/10/2024, end: 14/10/2024!
[2024-10-14T02:29:19.550+0000] {warnings.py:109} WARNING - /opt/***/dags/../lib/stock/data/loader/vnd.py:77: FutureWarning: DataFrame.fillna with 'method' is deprecated and will raise in a future version. Use obj.ffill() or obj.bfill() instead.
  stock_data.fillna(method='ffill', inplace=True)

[2024-10-14T02:29:19.563+0000] {vnd.py:85} INFO - data ABC from 2024-10-14 to 2024-10-14 have already cloned!
[2024-10-14T02:29:19.606+0000] {logging_mixin.py:190} INFO - Add ABC to data
[2024-10-14T02:29:19.607+0000] {vnd.py:32} INFO - Start downloading data symbols ['ABF'] from VNDIRECT, start: 14/10/2024, end: 14/10/2024!
[2024-10-14T02:29:19.743+0000] {vnd.py:55} ERROR - Data of the symbol ABF is not available
[2024-10-14T02:29:19.746+0000] {logging_mixin.py:190} INFO - ABF not found
[2024-10-14T02:29:19.747+0000] {vnd.py:32} INFO - Start downloading data symbols ['ABI'] from VNDIRECT, start: 14/10/2024, end: 14/10/2024!
[2024-10-14T02:29:19.936+0000] {warnings.py:109} WARNING - /opt/***/dags/../lib/stock/data/loader/vnd.py:77: FutureWarning: DataFrame.fillna with 'method' is deprecated and will raise in a future version. Use obj.ffill() or obj.bfill() instead.
  stock_data.fillna(method='ffill', inplace=True)

[2024-10-14T02:29:19.971+0000] {vnd.py:85} INFO - data ABI from 2024-10-14 to 2024-10-14 have already cloned!
[2024-10-14T02:29:20.118+0000] {logging_mixin.py:190} INFO - Add ABI to data
[2024-10-14T02:29:20.127+0000] {vnd.py:32} INFO - Start downloading data symbols ['ABS'] from VNDIRECT, start: 14/10/2024, end: 14/10/2024!
[2024-10-14T02:29:20.373+0000] {warnings.py:109} WARNING - /opt/***/dags/../lib/stock/data/loader/vnd.py:77: FutureWarning: DataFrame.fillna with 'method' is deprecated and will raise in a future version. Use obj.ffill() or obj.bfill() instead.
  stock_data.fillna(method='ffill', inplace=True)

[2024-10-14T02:29:20.401+0000] {vnd.py:85} INFO - data ABS from 2024-10-14 to 2024-10-14 have already cloned!
[2024-10-14T02:29:20.555+0000] {logging_mixin.py:190} INFO - Add ABS to data
[2024-10-14T02:29:20.567+0000] {logging_mixin.py:190} INFO - Extracting successfully
[2024-10-14T02:29:20.567+0000] {python.py:240} INFO - Done. Returned value was: Attributes Symbols code   high  ...  adjust  volume_match   value_match
date                            ...                                    
2024-10-14     AAA  AAA   9.59  ...    9.56      119700.0  1.143000e+09
2024-10-14     AAM  AAM   7.25  ...    7.25        1200.0  8.000000e+06
2024-10-14     AAS  AAS   7.40  ...    7.40        2000.0  1.454000e+07
2024-10-14     ABB  ABB   7.90  ...    7.80       38200.0  2.990500e+08
2024-10-14     ABC  ABC  10.30  ...   10.30        2000.0  2.060000e+07
2024-10-14     ABI  ABI  25.80  ...   25.80           0.0  0.000000e+00
2024-10-14     ABS  ABS   4.10  ...    4.10       17400.0  7.100000e+07

[7 rows x 9 columns]
[2024-10-14T02:29:20.877+0000] {taskinstance.py:340} INFO - ::group::Post task execution logs
[2024-10-14T02:29:20.886+0000] {taskinstance.py:352} INFO - Marking task as SUCCESS. dag_id=stock_data_dag, task_id=extract__1, run_id=scheduled__2024-10-11T00:00:00+00:00, execution_date=20241011T000000, start_date=20241014T022915, end_date=20241014T022920
[2024-10-14T02:29:20.991+0000] {local_task_job_runner.py:266} INFO - Task exited with return code 0
[2024-10-14T02:29:21.115+0000] {taskinstance.py:3900} INFO - 2 downstream tasks scheduled from follow-on schedule check
[2024-10-14T02:29:21.119+0000] {local_task_job_runner.py:245} INFO - ::endgroup::
