[2024-10-14T02:29:15.147+0000] {local_task_job_runner.py:123} INFO - ::group::Pre task execution logs
[2024-10-14T02:29:15.299+0000] {taskinstance.py:2612} INFO - Dependencies all met for dep_context=non-requeueable deps ti=<TaskInstance: stock_data_dag.transform scheduled__2024-10-11T00:00:00+00:00 [queued]>
[2024-10-14T02:29:15.385+0000] {taskinstance.py:2612} INFO - Dependencies all met for dep_context=requeueable deps ti=<TaskInstance: stock_data_dag.transform scheduled__2024-10-11T00:00:00+00:00 [queued]>
[2024-10-14T02:29:15.389+0000] {taskinstance.py:2865} INFO - Starting attempt 1 of 2
[2024-10-14T02:29:15.490+0000] {taskinstance.py:2888} INFO - Executing <Task(_PythonDecoratedOperator): transform> on 2024-10-11 00:00:00+00:00
[2024-10-14T02:29:15.544+0000] {standard_task_runner.py:72} INFO - Started process 35074 to run task
[2024-10-14T02:29:15.608+0000] {standard_task_runner.py:104} INFO - Running: ['***', 'tasks', 'run', 'stock_data_dag', 'transform', 'scheduled__2024-10-11T00:00:00+00:00', '--job-id', '133', '--raw', '--subdir', 'DAGS_FOLDER/stock_data_dag.py', '--cfg-path', '/tmp/tmphzkq0dl7']
[2024-10-14T02:29:15.651+0000] {standard_task_runner.py:105} INFO - Job 133: Subtask transform
[2024-10-14T02:29:16.050+0000] {task_command.py:467} INFO - Running <TaskInstance: stock_data_dag.transform scheduled__2024-10-11T00:00:00+00:00 [running]> on host 2a293f7fa826
[2024-10-14T02:29:17.268+0000] {taskinstance.py:3131} INFO - Exporting env vars: AIRFLOW_CTX_DAG_OWNER='***' AIRFLOW_CTX_DAG_ID='stock_data_dag' AIRFLOW_CTX_TASK_ID='transform' AIRFLOW_CTX_EXECUTION_DATE='2024-10-11T00:00:00+00:00' AIRFLOW_CTX_TRY_NUMBER='1' AIRFLOW_CTX_DAG_RUN_ID='scheduled__2024-10-11T00:00:00+00:00'
[2024-10-14T02:29:17.276+0000] {taskinstance.py:731} INFO - ::endgroup::
[2024-10-14T02:29:17.302+0000] {logging_mixin.py:190} INFO - Start transforming
[2024-10-14T02:29:17.364+0000] {logging_mixin.py:190} INFO - Transform successfully
[2024-10-14T02:29:17.367+0000] {python.py:240} INFO - Done. Returned value was: Attributes       date code   high  ...  adjust  volume_match   value_match
0          2024-10-14  AAA   9.59  ...    9.55      135700.0  1.296000e+09
1          2024-10-14  AAM   7.25  ...    7.25        1200.0  8.000000e+06
2          2024-10-14  AAS   7.40  ...    7.40        2008.0  1.454000e+07
3          2024-10-14  ABB   7.90  ...    7.80       38581.0  2.990500e+08
4          2024-10-14  ABC  10.30  ...   10.30        2082.0  2.060000e+07
5          2024-10-14  ABI   0.00  ...   25.80           0.0  0.000000e+00
6          2024-10-14  ABS   4.10  ...    4.10       17400.0  7.100000e+07

[7 rows x 9 columns]
[2024-10-14T02:29:17.554+0000] {taskinstance.py:340} INFO - ::group::Post task execution logs
[2024-10-14T02:29:17.558+0000] {taskinstance.py:352} INFO - Marking task as SUCCESS. dag_id=stock_data_dag, task_id=transform, run_id=scheduled__2024-10-11T00:00:00+00:00, execution_date=20241011T000000, start_date=20241014T022915, end_date=20241014T022917
[2024-10-14T02:29:17.678+0000] {local_task_job_runner.py:266} INFO - Task exited with return code 0
[2024-10-14T02:29:17.960+0000] {taskinstance.py:3900} INFO - 1 downstream tasks scheduled from follow-on schedule check
[2024-10-14T02:29:17.969+0000] {local_task_job_runner.py:245} INFO - ::endgroup::
