[2024-10-10T06:30:37.268+0000] {local_task_job_runner.py:123} INFO - ::group::Pre task execution logs
[2024-10-10T06:30:37.352+0000] {taskinstance.py:2612} INFO - Dependencies all met for dep_context=non-requeueable deps ti=<TaskInstance: stock_data_dag.transform manual__2024-10-10T06:30:27.892175+00:00 [queued]>
[2024-10-10T06:30:37.392+0000] {taskinstance.py:2612} INFO - Dependencies all met for dep_context=requeueable deps ti=<TaskInstance: stock_data_dag.transform manual__2024-10-10T06:30:27.892175+00:00 [queued]>
[2024-10-10T06:30:37.392+0000] {taskinstance.py:2865} INFO - Starting attempt 1 of 2
[2024-10-10T06:30:37.445+0000] {taskinstance.py:2888} INFO - Executing <Task(_PythonDecoratedOperator): transform> on 2024-10-10 06:30:27.892175+00:00
[2024-10-10T06:30:37.471+0000] {standard_task_runner.py:72} INFO - Started process 21560 to run task
[2024-10-10T06:30:37.524+0000] {standard_task_runner.py:104} INFO - Running: ['***', 'tasks', 'run', 'stock_data_dag', 'transform', 'manual__2024-10-10T06:30:27.892175+00:00', '--job-id', '116', '--raw', '--subdir', 'DAGS_FOLDER/stock_data_dag.py', '--cfg-path', '/tmp/tmpows32__w']
[2024-10-10T06:30:37.541+0000] {standard_task_runner.py:105} INFO - Job 116: Subtask transform
[2024-10-10T06:30:37.838+0000] {task_command.py:467} INFO - Running <TaskInstance: stock_data_dag.transform manual__2024-10-10T06:30:27.892175+00:00 [running]> on host 2a293f7fa826
[2024-10-10T06:30:38.713+0000] {taskinstance.py:3131} INFO - Exporting env vars: AIRFLOW_CTX_DAG_OWNER='***' AIRFLOW_CTX_DAG_ID='stock_data_dag' AIRFLOW_CTX_TASK_ID='transform' AIRFLOW_CTX_EXECUTION_DATE='2024-10-10T06:30:27.892175+00:00' AIRFLOW_CTX_TRY_NUMBER='1' AIRFLOW_CTX_DAG_RUN_ID='manual__2024-10-10T06:30:27.892175+00:00'
[2024-10-10T06:30:38.718+0000] {taskinstance.py:731} INFO - ::endgroup::
[2024-10-10T06:30:38.730+0000] {logging_mixin.py:190} INFO - Start transforming
[2024-10-10T06:30:38.746+0000] {logging_mixin.py:190} INFO - Transform successfully
[2024-10-10T06:30:38.748+0000] {python.py:240} INFO - Done. Returned value was: Attributes       date code   high  ...  adjust  volume_match   value_match
0          2024-10-10  AAA   9.64  ...    9.59     1224400.0  1.175600e+10
1          2024-10-10  AAM   7.45  ...    7.43        5800.0  4.200000e+07
2          2024-10-10  AAS   7.40  ...    7.30     6429230.0  5.580600e+08
3          2024-10-10  ABB   7.90  ...    7.90      903707.0  7.046870e+09
4          2024-10-10  ABC  10.60  ...   10.40        7044.0  7.193000e+07
5          2024-10-10  ABI  26.00  ...   25.80      168078.0  4.325190e+09
6          2024-10-10  ABS   4.20  ...    4.16       54200.0  2.250000e+08

[7 rows x 9 columns]
[2024-10-10T06:30:38.933+0000] {taskinstance.py:340} INFO - ::group::Post task execution logs
[2024-10-10T06:30:38.934+0000] {taskinstance.py:352} INFO - Marking task as SUCCESS. dag_id=stock_data_dag, task_id=transform, run_id=manual__2024-10-10T06:30:27.892175+00:00, execution_date=20241010T063027, start_date=20241010T063037, end_date=20241010T063038
[2024-10-10T06:30:39.032+0000] {local_task_job_runner.py:266} INFO - Task exited with return code 0
[2024-10-10T06:30:39.145+0000] {taskinstance.py:3900} INFO - 1 downstream tasks scheduled from follow-on schedule check
[2024-10-10T06:30:39.149+0000] {local_task_job_runner.py:245} INFO - ::endgroup::
