[2024-10-05T00:00:07.442+0000] {local_task_job_runner.py:123} INFO - ::group::Pre task execution logs
[2024-10-05T00:00:07.477+0000] {taskinstance.py:2612} INFO - Dependencies all met for dep_context=non-requeueable deps ti=<TaskInstance: stock_data_dag.extract__1 scheduled__2024-10-04T00:00:00+00:00 [queued]>
[2024-10-05T00:00:07.495+0000] {taskinstance.py:2612} INFO - Dependencies all met for dep_context=requeueable deps ti=<TaskInstance: stock_data_dag.extract__1 scheduled__2024-10-04T00:00:00+00:00 [queued]>
[2024-10-05T00:00:07.496+0000] {taskinstance.py:2865} INFO - Starting attempt 1 of 2
[2024-10-05T00:00:07.521+0000] {taskinstance.py:2888} INFO - Executing <Task(_PythonDecoratedOperator): extract__1> on 2024-10-04 00:00:00+00:00
[2024-10-05T00:00:07.535+0000] {standard_task_runner.py:72} INFO - Started process 14081 to run task
[2024-10-05T00:00:07.545+0000] {standard_task_runner.py:104} INFO - Running: ['***', 'tasks', 'run', 'stock_data_dag', 'extract__1', 'scheduled__2024-10-04T00:00:00+00:00', '--job-id', '41', '--raw', '--subdir', 'DAGS_FOLDER/stock_data_dag.py', '--cfg-path', '/tmp/tmpy7lnpckd']
[2024-10-05T00:00:07.555+0000] {standard_task_runner.py:105} INFO - Job 41: Subtask extract__1
[2024-10-05T00:00:07.679+0000] {task_command.py:467} INFO - Running <TaskInstance: stock_data_dag.extract__1 scheduled__2024-10-04T00:00:00+00:00 [running]> on host 2a293f7fa826
[2024-10-05T00:00:07.899+0000] {taskinstance.py:3131} INFO - Exporting env vars: AIRFLOW_CTX_DAG_OWNER='***' AIRFLOW_CTX_DAG_ID='stock_data_dag' AIRFLOW_CTX_TASK_ID='extract__1' AIRFLOW_CTX_EXECUTION_DATE='2024-10-04T00:00:00+00:00' AIRFLOW_CTX_TRY_NUMBER='1' AIRFLOW_CTX_DAG_RUN_ID='scheduled__2024-10-04T00:00:00+00:00'
[2024-10-05T00:00:07.914+0000] {taskinstance.py:731} INFO - ::endgroup::
[2024-10-05T00:00:07.938+0000] {logging_mixin.py:190} INFO - Start extracting from VND
[2024-10-05T00:00:07.969+0000] {vnd.py:32} INFO - Start downloading data symbols ['AAA'] from VNDIRECT, start: 05/10/2024, end: 05/10/2024!
[2024-10-05T00:00:08.164+0000] {vnd.py:55} ERROR - Data of the symbol AAA is not available
[2024-10-05T00:00:08.166+0000] {logging_mixin.py:190} INFO - AAA not found
[2024-10-05T00:00:08.167+0000] {vnd.py:32} INFO - Start downloading data symbols ['AAAI'] from VNDIRECT, start: 05/10/2024, end: 05/10/2024!
[2024-10-05T00:00:08.296+0000] {vnd.py:55} ERROR - Data of the symbol AAAI is not available
[2024-10-05T00:00:08.297+0000] {logging_mixin.py:190} INFO - AAAI not found
[2024-10-05T00:00:08.298+0000] {vnd.py:32} INFO - Start downloading data symbols ['AACORP'] from VNDIRECT, start: 05/10/2024, end: 05/10/2024!
[2024-10-05T00:00:08.430+0000] {vnd.py:55} ERROR - Data of the symbol AACORP is not available
[2024-10-05T00:00:08.431+0000] {logging_mixin.py:190} INFO - AACORP not found
[2024-10-05T00:00:08.432+0000] {vnd.py:32} INFO - Start downloading data symbols ['AAM'] from VNDIRECT, start: 05/10/2024, end: 05/10/2024!
[2024-10-05T00:00:08.566+0000] {vnd.py:55} ERROR - Data of the symbol AAM is not available
[2024-10-05T00:00:08.567+0000] {logging_mixin.py:190} INFO - AAM not found
[2024-10-05T00:00:08.567+0000] {vnd.py:32} INFO - Start downloading data symbols ['AAS'] from VNDIRECT, start: 05/10/2024, end: 05/10/2024!
[2024-10-05T00:00:08.696+0000] {vnd.py:55} ERROR - Data of the symbol AAS is not available
[2024-10-05T00:00:08.697+0000] {logging_mixin.py:190} INFO - AAS not found
[2024-10-05T00:00:08.698+0000] {vnd.py:32} INFO - Start downloading data symbols ['ABB'] from VNDIRECT, start: 05/10/2024, end: 05/10/2024!
[2024-10-05T00:00:08.831+0000] {vnd.py:55} ERROR - Data of the symbol ABB is not available
[2024-10-05T00:00:08.832+0000] {logging_mixin.py:190} INFO - ABB not found
[2024-10-05T00:00:08.832+0000] {vnd.py:32} INFO - Start downloading data symbols ['ABC'] from VNDIRECT, start: 05/10/2024, end: 05/10/2024!
[2024-10-05T00:00:08.962+0000] {vnd.py:55} ERROR - Data of the symbol ABC is not available
[2024-10-05T00:00:08.964+0000] {logging_mixin.py:190} INFO - ABC not found
[2024-10-05T00:00:08.964+0000] {vnd.py:32} INFO - Start downloading data symbols ['ABF'] from VNDIRECT, start: 05/10/2024, end: 05/10/2024!
[2024-10-05T00:00:09.097+0000] {vnd.py:55} ERROR - Data of the symbol ABF is not available
[2024-10-05T00:00:09.098+0000] {logging_mixin.py:190} INFO - ABF not found
[2024-10-05T00:00:09.099+0000] {vnd.py:32} INFO - Start downloading data symbols ['ABI'] from VNDIRECT, start: 05/10/2024, end: 05/10/2024!
[2024-10-05T00:00:09.239+0000] {vnd.py:55} ERROR - Data of the symbol ABI is not available
[2024-10-05T00:00:09.240+0000] {logging_mixin.py:190} INFO - ABI not found
[2024-10-05T00:00:09.243+0000] {vnd.py:32} INFO - Start downloading data symbols ['ABS'] from VNDIRECT, start: 05/10/2024, end: 05/10/2024!
[2024-10-05T00:00:09.369+0000] {vnd.py:55} ERROR - Data of the symbol ABS is not available
[2024-10-05T00:00:09.370+0000] {logging_mixin.py:190} INFO - ABS not found
[2024-10-05T00:00:09.370+0000] {logging_mixin.py:190} INFO - Extracting successfully
[2024-10-05T00:00:09.371+0000] {python.py:240} INFO - Done. Returned value was: Empty DataFrame
Columns: []
Index: []
[2024-10-05T00:00:09.456+0000] {taskinstance.py:340} INFO - ::group::Post task execution logs
[2024-10-05T00:00:09.457+0000] {taskinstance.py:352} INFO - Marking task as SUCCESS. dag_id=stock_data_dag, task_id=extract__1, run_id=scheduled__2024-10-04T00:00:00+00:00, execution_date=20241004T000000, start_date=20241005T000007, end_date=20241005T000009
[2024-10-05T00:00:09.508+0000] {local_task_job_runner.py:266} INFO - Task exited with return code 0
[2024-10-05T00:00:09.569+0000] {taskinstance.py:3900} INFO - 2 downstream tasks scheduled from follow-on schedule check
[2024-10-05T00:00:09.572+0000] {local_task_job_runner.py:245} INFO - ::endgroup::
