[2024-10-11T00:00:07.892+0000] {local_task_job_runner.py:123} INFO - ::group::Pre task execution logs
[2024-10-11T00:00:07.948+0000] {taskinstance.py:2612} INFO - Dependencies all met for dep_context=non-requeueable deps ti=<TaskInstance: stock_data_dag.extract__1 scheduled__2024-10-10T00:00:00+00:00 [queued]>
[2024-10-11T00:00:07.969+0000] {taskinstance.py:2612} INFO - Dependencies all met for dep_context=requeueable deps ti=<TaskInstance: stock_data_dag.extract__1 scheduled__2024-10-10T00:00:00+00:00 [queued]>
[2024-10-11T00:00:07.970+0000] {taskinstance.py:2865} INFO - Starting attempt 1 of 2
[2024-10-11T00:00:07.994+0000] {taskinstance.py:2888} INFO - Executing <Task(_PythonDecoratedOperator): extract__1> on 2024-10-10 00:00:00+00:00
[2024-10-11T00:00:08.013+0000] {standard_task_runner.py:72} INFO - Started process 34451 to run task
[2024-10-11T00:00:08.025+0000] {standard_task_runner.py:104} INFO - Running: ['***', 'tasks', 'run', 'stock_data_dag', 'extract__1', 'scheduled__2024-10-10T00:00:00+00:00', '--job-id', '124', '--raw', '--subdir', 'DAGS_FOLDER/stock_data_dag.py', '--cfg-path', '/tmp/tmpmetds5mg']
[2024-10-11T00:00:08.030+0000] {standard_task_runner.py:105} INFO - Job 124: Subtask extract__1
[2024-10-11T00:00:08.132+0000] {task_command.py:467} INFO - Running <TaskInstance: stock_data_dag.extract__1 scheduled__2024-10-10T00:00:00+00:00 [running]> on host 2a293f7fa826
[2024-10-11T00:00:08.299+0000] {taskinstance.py:3131} INFO - Exporting env vars: AIRFLOW_CTX_DAG_OWNER='***' AIRFLOW_CTX_DAG_ID='stock_data_dag' AIRFLOW_CTX_TASK_ID='extract__1' AIRFLOW_CTX_EXECUTION_DATE='2024-10-10T00:00:00+00:00' AIRFLOW_CTX_TRY_NUMBER='1' AIRFLOW_CTX_DAG_RUN_ID='scheduled__2024-10-10T00:00:00+00:00'
[2024-10-11T00:00:08.303+0000] {taskinstance.py:731} INFO - ::endgroup::
[2024-10-11T00:00:08.308+0000] {logging_mixin.py:190} INFO - Start extracting from VND
[2024-10-11T00:00:08.328+0000] {vnd.py:32} INFO - Start downloading data symbols ['AAA'] from VNDIRECT, start: 11/10/2024, end: 11/10/2024!
[2024-10-11T00:00:08.489+0000] {vnd.py:55} ERROR - Data of the symbol AAA is not available
[2024-10-11T00:00:08.491+0000] {logging_mixin.py:190} INFO - AAA not found
[2024-10-11T00:00:08.492+0000] {vnd.py:32} INFO - Start downloading data symbols ['AAAI'] from VNDIRECT, start: 11/10/2024, end: 11/10/2024!
[2024-10-11T00:00:08.626+0000] {vnd.py:55} ERROR - Data of the symbol AAAI is not available
[2024-10-11T00:00:08.627+0000] {logging_mixin.py:190} INFO - AAAI not found
[2024-10-11T00:00:08.627+0000] {vnd.py:32} INFO - Start downloading data symbols ['AACORP'] from VNDIRECT, start: 11/10/2024, end: 11/10/2024!
[2024-10-11T00:00:08.759+0000] {vnd.py:55} ERROR - Data of the symbol AACORP is not available
[2024-10-11T00:00:08.760+0000] {logging_mixin.py:190} INFO - AACORP not found
[2024-10-11T00:00:08.761+0000] {vnd.py:32} INFO - Start downloading data symbols ['AAM'] from VNDIRECT, start: 11/10/2024, end: 11/10/2024!
[2024-10-11T00:00:08.891+0000] {vnd.py:55} ERROR - Data of the symbol AAM is not available
[2024-10-11T00:00:08.892+0000] {logging_mixin.py:190} INFO - AAM not found
[2024-10-11T00:00:08.893+0000] {vnd.py:32} INFO - Start downloading data symbols ['AAS'] from VNDIRECT, start: 11/10/2024, end: 11/10/2024!
[2024-10-11T00:00:09.020+0000] {vnd.py:55} ERROR - Data of the symbol AAS is not available
[2024-10-11T00:00:09.021+0000] {logging_mixin.py:190} INFO - AAS not found
[2024-10-11T00:00:09.022+0000] {vnd.py:32} INFO - Start downloading data symbols ['ABB'] from VNDIRECT, start: 11/10/2024, end: 11/10/2024!
[2024-10-11T00:00:09.153+0000] {vnd.py:55} ERROR - Data of the symbol ABB is not available
[2024-10-11T00:00:09.154+0000] {logging_mixin.py:190} INFO - ABB not found
[2024-10-11T00:00:09.155+0000] {vnd.py:32} INFO - Start downloading data symbols ['ABC'] from VNDIRECT, start: 11/10/2024, end: 11/10/2024!
[2024-10-11T00:00:09.281+0000] {vnd.py:55} ERROR - Data of the symbol ABC is not available
[2024-10-11T00:00:09.282+0000] {logging_mixin.py:190} INFO - ABC not found
[2024-10-11T00:00:09.283+0000] {vnd.py:32} INFO - Start downloading data symbols ['ABF'] from VNDIRECT, start: 11/10/2024, end: 11/10/2024!
[2024-10-11T00:00:09.406+0000] {vnd.py:55} ERROR - Data of the symbol ABF is not available
[2024-10-11T00:00:09.407+0000] {logging_mixin.py:190} INFO - ABF not found
[2024-10-11T00:00:09.408+0000] {vnd.py:32} INFO - Start downloading data symbols ['ABI'] from VNDIRECT, start: 11/10/2024, end: 11/10/2024!
[2024-10-11T00:00:09.546+0000] {vnd.py:55} ERROR - Data of the symbol ABI is not available
[2024-10-11T00:00:09.547+0000] {logging_mixin.py:190} INFO - ABI not found
[2024-10-11T00:00:09.548+0000] {vnd.py:32} INFO - Start downloading data symbols ['ABS'] from VNDIRECT, start: 11/10/2024, end: 11/10/2024!
[2024-10-11T00:00:09.674+0000] {vnd.py:55} ERROR - Data of the symbol ABS is not available
[2024-10-11T00:00:09.675+0000] {logging_mixin.py:190} INFO - ABS not found
[2024-10-11T00:00:09.675+0000] {logging_mixin.py:190} INFO - Extracting successfully
[2024-10-11T00:00:09.675+0000] {python.py:240} INFO - Done. Returned value was: Empty DataFrame
Columns: []
Index: []
[2024-10-11T00:00:09.730+0000] {taskinstance.py:340} INFO - ::group::Post task execution logs
[2024-10-11T00:00:09.730+0000] {taskinstance.py:352} INFO - Marking task as SUCCESS. dag_id=stock_data_dag, task_id=extract__1, run_id=scheduled__2024-10-10T00:00:00+00:00, execution_date=20241010T000000, start_date=20241011T000007, end_date=20241011T000009
[2024-10-11T00:00:09.774+0000] {local_task_job_runner.py:266} INFO - Task exited with return code 0
[2024-10-11T00:00:09.813+0000] {taskinstance.py:3900} INFO - 2 downstream tasks scheduled from follow-on schedule check
[2024-10-11T00:00:09.815+0000] {local_task_job_runner.py:245} INFO - ::endgroup::
