[2024-10-10T06:30:29.902+0000] {local_task_job_runner.py:123} INFO - ::group::Pre task execution logs
[2024-10-10T06:30:29.923+0000] {taskinstance.py:2612} INFO - Dependencies all met for dep_context=non-requeueable deps ti=<TaskInstance: stock_data_dag.extract manual__2024-10-10T06:30:27.892175+00:00 [queued]>
[2024-10-10T06:30:29.933+0000] {taskinstance.py:2612} INFO - Dependencies all met for dep_context=requeueable deps ti=<TaskInstance: stock_data_dag.extract manual__2024-10-10T06:30:27.892175+00:00 [queued]>
[2024-10-10T06:30:29.933+0000] {taskinstance.py:2865} INFO - Starting attempt 1 of 2
[2024-10-10T06:30:29.948+0000] {taskinstance.py:2888} INFO - Executing <Task(_PythonDecoratedOperator): extract> on 2024-10-10 06:30:27.892175+00:00
[2024-10-10T06:30:29.959+0000] {standard_task_runner.py:72} INFO - Started process 21552 to run task
[2024-10-10T06:30:29.967+0000] {standard_task_runner.py:104} INFO - Running: ['***', 'tasks', 'run', 'stock_data_dag', 'extract', 'manual__2024-10-10T06:30:27.892175+00:00', '--job-id', '114', '--raw', '--subdir', 'DAGS_FOLDER/stock_data_dag.py', '--cfg-path', '/tmp/tmpo0_hsjfq']
[2024-10-10T06:30:29.971+0000] {standard_task_runner.py:105} INFO - Job 114: Subtask extract
[2024-10-10T06:30:30.039+0000] {task_command.py:467} INFO - Running <TaskInstance: stock_data_dag.extract manual__2024-10-10T06:30:27.892175+00:00 [running]> on host 2a293f7fa826
[2024-10-10T06:30:30.141+0000] {taskinstance.py:3131} INFO - Exporting env vars: AIRFLOW_CTX_DAG_OWNER='***' AIRFLOW_CTX_DAG_ID='stock_data_dag' AIRFLOW_CTX_TASK_ID='extract' AIRFLOW_CTX_EXECUTION_DATE='2024-10-10T06:30:27.892175+00:00' AIRFLOW_CTX_TRY_NUMBER='1' AIRFLOW_CTX_DAG_RUN_ID='manual__2024-10-10T06:30:27.892175+00:00'
[2024-10-10T06:30:30.143+0000] {taskinstance.py:731} INFO - ::endgroup::
[2024-10-10T06:30:30.147+0000] {logging_mixin.py:190} INFO - Start extracting from CAFE
[2024-10-10T06:30:30.161+0000] {cafe.py:35} INFO - Start downloading data symbols ['AAA'] from CAFEF, start: 10/10/2024, end: 10/10/2024!
[2024-10-10T06:30:30.556+0000] {warnings.py:109} WARNING - /opt/***/dags/../lib/stock/data/loader/cafe.py:86: FutureWarning: DataFrame.fillna with 'method' is deprecated and will raise in a future version. Use obj.ffill() or obj.bfill() instead.
  stock_data.fillna(method='ffill', inplace=True)

[2024-10-10T06:30:30.574+0000] {cafe.py:95} INFO - data AAA from 2024-10-10 to 2024-10-10 have already cloned!
[2024-10-10T06:30:30.601+0000] {logging_mixin.py:190} INFO - Add AAA to data
[2024-10-10T06:30:30.602+0000] {cafe.py:35} INFO - Start downloading data symbols ['AAAI'] from CAFEF, start: 10/10/2024, end: 10/10/2024!
[2024-10-10T06:30:30.744+0000] {cafe.py:60} ERROR - Data of the symbol AAAI is not available
[2024-10-10T06:30:30.745+0000] {logging_mixin.py:190} INFO - AAAI not found
[2024-10-10T06:30:30.745+0000] {cafe.py:35} INFO - Start downloading data symbols ['AACORP'] from CAFEF, start: 10/10/2024, end: 10/10/2024!
[2024-10-10T06:30:30.869+0000] {cafe.py:60} ERROR - Data of the symbol AACORP is not available
[2024-10-10T06:30:30.870+0000] {logging_mixin.py:190} INFO - AACORP not found
[2024-10-10T06:30:30.871+0000] {cafe.py:35} INFO - Start downloading data symbols ['AAM'] from CAFEF, start: 10/10/2024, end: 10/10/2024!
[2024-10-10T06:30:31.036+0000] {warnings.py:109} WARNING - /opt/***/dags/../lib/stock/data/loader/cafe.py:86: FutureWarning: DataFrame.fillna with 'method' is deprecated and will raise in a future version. Use obj.ffill() or obj.bfill() instead.
  stock_data.fillna(method='ffill', inplace=True)

[2024-10-10T06:30:31.039+0000] {cafe.py:95} INFO - data AAM from 2024-10-10 to 2024-10-10 have already cloned!
[2024-10-10T06:30:31.050+0000] {logging_mixin.py:190} INFO - Add AAM to data
[2024-10-10T06:30:31.051+0000] {cafe.py:35} INFO - Start downloading data symbols ['AAS'] from CAFEF, start: 10/10/2024, end: 10/10/2024!
[2024-10-10T06:30:31.180+0000] {warnings.py:109} WARNING - /opt/***/dags/../lib/stock/data/loader/cafe.py:86: FutureWarning: DataFrame.fillna with 'method' is deprecated and will raise in a future version. Use obj.ffill() or obj.bfill() instead.
  stock_data.fillna(method='ffill', inplace=True)

[2024-10-10T06:30:31.183+0000] {cafe.py:95} INFO - data AAS from 2024-10-10 to 2024-10-10 have already cloned!
[2024-10-10T06:30:31.195+0000] {logging_mixin.py:190} INFO - Add AAS to data
[2024-10-10T06:30:31.195+0000] {cafe.py:35} INFO - Start downloading data symbols ['ABB'] from CAFEF, start: 10/10/2024, end: 10/10/2024!
[2024-10-10T06:30:31.335+0000] {warnings.py:109} WARNING - /opt/***/dags/../lib/stock/data/loader/cafe.py:86: FutureWarning: DataFrame.fillna with 'method' is deprecated and will raise in a future version. Use obj.ffill() or obj.bfill() instead.
  stock_data.fillna(method='ffill', inplace=True)

[2024-10-10T06:30:31.338+0000] {cafe.py:95} INFO - data ABB from 2024-10-10 to 2024-10-10 have already cloned!
[2024-10-10T06:30:31.352+0000] {logging_mixin.py:190} INFO - Add ABB to data
[2024-10-10T06:30:31.353+0000] {cafe.py:35} INFO - Start downloading data symbols ['ABC'] from CAFEF, start: 10/10/2024, end: 10/10/2024!
[2024-10-10T06:30:31.538+0000] {warnings.py:109} WARNING - /opt/***/dags/../lib/stock/data/loader/cafe.py:86: FutureWarning: DataFrame.fillna with 'method' is deprecated and will raise in a future version. Use obj.ffill() or obj.bfill() instead.
  stock_data.fillna(method='ffill', inplace=True)

[2024-10-10T06:30:31.541+0000] {cafe.py:95} INFO - data ABC from 2024-10-10 to 2024-10-10 have already cloned!
[2024-10-10T06:30:31.553+0000] {logging_mixin.py:190} INFO - Add ABC to data
[2024-10-10T06:30:31.554+0000] {cafe.py:35} INFO - Start downloading data symbols ['ABF'] from CAFEF, start: 10/10/2024, end: 10/10/2024!
[2024-10-10T06:30:31.675+0000] {cafe.py:60} ERROR - Data of the symbol ABF is not available
[2024-10-10T06:30:31.676+0000] {logging_mixin.py:190} INFO - ABF not found
[2024-10-10T06:30:31.677+0000] {cafe.py:35} INFO - Start downloading data symbols ['ABI'] from CAFEF, start: 10/10/2024, end: 10/10/2024!
[2024-10-10T06:30:31.889+0000] {warnings.py:109} WARNING - /opt/***/dags/../lib/stock/data/loader/cafe.py:86: FutureWarning: DataFrame.fillna with 'method' is deprecated and will raise in a future version. Use obj.ffill() or obj.bfill() instead.
  stock_data.fillna(method='ffill', inplace=True)

[2024-10-10T06:30:31.892+0000] {cafe.py:95} INFO - data ABI from 2024-10-10 to 2024-10-10 have already cloned!
[2024-10-10T06:30:31.904+0000] {logging_mixin.py:190} INFO - Add ABI to data
[2024-10-10T06:30:31.904+0000] {cafe.py:35} INFO - Start downloading data symbols ['ABS'] from CAFEF, start: 10/10/2024, end: 10/10/2024!
[2024-10-10T06:30:32.037+0000] {warnings.py:109} WARNING - /opt/***/dags/../lib/stock/data/loader/cafe.py:86: FutureWarning: DataFrame.fillna with 'method' is deprecated and will raise in a future version. Use obj.ffill() or obj.bfill() instead.
  stock_data.fillna(method='ffill', inplace=True)

[2024-10-10T06:30:32.040+0000] {cafe.py:95} INFO - data ABS from 2024-10-10 to 2024-10-10 have already cloned!
[2024-10-10T06:30:32.051+0000] {logging_mixin.py:190} INFO - Add ABS to data
[2024-10-10T06:30:32.051+0000] {logging_mixin.py:190} INFO - Extracting successfully
[2024-10-10T06:30:32.052+0000] {python.py:240} INFO - Done. Returned value was: Attributes Symbols code   high  ...  adjust  volume_match   value_match
date                            ...                                    
2024-10-10     AAA  AAA   9.64  ...    9.59     1224400.0  1.175600e+10
2024-10-10     AAM  AAM   7.45  ...    7.43        5800.0  4.200000e+07
2024-10-10     AAS  AAS   7.40  ...    7.30     6429230.0  5.580600e+08
2024-10-10     ABB  ABB   7.90  ...    7.90      903707.0  7.046870e+09
2024-10-10     ABC  ABC  10.60  ...   10.40        7044.0  7.193000e+07
2024-10-10     ABI  ABI  26.00  ...   25.80      168078.0  4.325190e+09
2024-10-10     ABS  ABS   4.20  ...    4.16       54200.0  2.250000e+08

[7 rows x 9 columns]
[2024-10-10T06:30:32.147+0000] {taskinstance.py:340} INFO - ::group::Post task execution logs
[2024-10-10T06:30:32.148+0000] {taskinstance.py:352} INFO - Marking task as SUCCESS. dag_id=stock_data_dag, task_id=extract, run_id=manual__2024-10-10T06:30:27.892175+00:00, execution_date=20241010T063027, start_date=20241010T063029, end_date=20241010T063032
[2024-10-10T06:30:32.189+0000] {local_task_job_runner.py:266} INFO - Task exited with return code 0
[2024-10-10T06:30:32.238+0000] {taskinstance.py:3900} INFO - 2 downstream tasks scheduled from follow-on schedule check
[2024-10-10T06:30:32.241+0000] {local_task_job_runner.py:245} INFO - ::endgroup::
